[ 2015-05-11T11:14:58+08:00 ] 0.0.0.0 /hello/
INFO: [ app_begin ] --START--
INFO: ReadHtmlCache Behavior ::run [ RunTime:0.000957s ]
INFO: [ app_begin ] --END-- [ RunTime:0.003215s ]
INFO: [ view_parse ] --START--
NOTIC: [2] Missing argument 2 for TagLib::parseXmlAttr(), called in /Library/WebServer/Documents/hello/Index/Modules/Index/TagLib/TagLibYeni.class.php on line 15 and defined /Library/WebServer/Documents/hello/ThinkPHP/Lib/Template/TagLib.class.php 第 80 行.
NOTIC: [8] Undefined variable: tag /Library/WebServer/Documents/hello/ThinkPHP/Lib/Template/TagLib.class.php 第 91 行.
NOTIC: [8] Undefined index:  /Library/WebServer/Documents/hello/ThinkPHP/Lib/Template/TagLib.class.php 第 91 行.
NOTIC: [8] Undefined variable: tag /Library/WebServer/Documents/hello/ThinkPHP/Lib/Template/TagLib.class.php 第 92 行.
NOTIC: [2] mysql_connect(): Connection refused /Library/WebServer/Documents/hello/ThinkPHP/Lib/Driver/Db/DbMysql.class.php 第 55 行.
ERR: Connection refused

[ 2015-05-11T11:15:01+08:00 ] 0.0.0.0 /hello/
INFO: [ app_begin ] --START--
INFO: ReadHtmlCache Behavior ::run [ RunTime:0.000766s ]
INFO: [ app_begin ] --END-- [ RunTime:0.000975s ]
INFO: [ view_parse ] --START--
NOTIC: [2] Missing argument 2 for TagLib::parseXmlAttr(), called in /Library/WebServer/Documents/hello/Index/Modules/Index/TagLib/TagLibYeni.class.php on line 15 and defined /Library/WebServer/Documents/hello/ThinkPHP/Lib/Template/TagLib.class.php 第 80 行.
NOTIC: [8] Undefined variable: tag /Library/WebServer/Documents/hello/ThinkPHP/Lib/Template/TagLib.class.php 第 91 行.
NOTIC: [8] Undefined index:  /Library/WebServer/Documents/hello/ThinkPHP/Lib/Template/TagLib.class.php 第 91 行.
NOTIC: [8] Undefined variable: tag /Library/WebServer/Documents/hello/ThinkPHP/Lib/Template/TagLib.class.php 第 92 行.
NOTIC: [2] mysql_connect(): Connection refused /Library/WebServer/Documents/hello/ThinkPHP/Lib/Driver/Db/DbMysql.class.php 第 55 行.
ERR: Connection refused

[ 2015-05-11T11:16:34+08:00 ] 0.0.0.0 /hello/
INFO: [ app_begin ] --START--
INFO: ReadHtmlCache Behavior ::run [ RunTime:0.000492s ]
INFO: [ app_begin ] --END-- [ RunTime:0.000628s ]
INFO: [ view_parse ] --START--
NOTIC: [2] Missing argument 2 for TagLib::parseXmlAttr(), called in /Library/WebServer/Documents/hello/Index/Modules/Index/TagLib/TagLibYeni.class.php on line 15 and defined /Library/WebServer/Documents/hello/ThinkPHP/Lib/Template/TagLib.class.php 第 80 行.
NOTIC: [8] Undefined variable: tag /Library/WebServer/Documents/hello/ThinkPHP/Lib/Template/TagLib.class.php 第 91 行.
NOTIC: [8] Undefined index:  /Library/WebServer/Documents/hello/ThinkPHP/Lib/Template/TagLib.class.php 第 91 行.
NOTIC: [8] Undefined variable: tag /Library/WebServer/Documents/hello/ThinkPHP/Lib/Template/TagLib.class.php 第 92 行.
SQL: SHOW COLUMNS FROM `hd_cate` [ RunTime:0.009435s ]
SQL: SELECT * FROM `hd_cate` ORDER BY sort ASC  [ RunTime:0.001958s ]
INFO: ParseTemplate Behavior ::run [ RunTime:0.053333s ]
INFO: [ view_parse ] --END-- [ RunTime:0.053396s ]
INFO: [ view_filter ] --START--
INFO: ContentReplace Behavior ::run [ RunTime:0.006320s ]
INFO: TokenBuild Behavior ::run [ RunTime:0.005214s ]
INFO: WriteHtmlCache Behavior ::run [ RunTime:0.000562s ]
INFO: ShowRuntime Behavior ::run [ RunTime:0.000549s ]
INFO: [ view_filter ] --END-- [ RunTime:0.012840s ]
INFO: [ view_end ] --START--
INFO: ShowPageTrace Behavior ::run [ RunTime:0.000570s ]
INFO: [ view_end ] --END-- [ RunTime:0.000611s ]

[ 2015-05-11T14:09:03+08:00 ] 0.0.0.0 /hello/
INFO: [ app_begin ] --START--
INFO: ReadHtmlCache Behavior ::run [ RunTime:0.000984s ]
INFO: [ app_begin ] --END-- [ RunTime:0.003147s ]
INFO: [ view_parse ] --START--
NOTIC: [2] Missing argument 2 for TagLib::parseXmlAttr(), called in /Library/WebServer/Documents/hello/Index/Modules/Index/TagLib/TagLibYeni.class.php on line 15 and defined /Library/WebServer/Documents/hello/ThinkPHP/Lib/Template/TagLib.class.php 第 80 行.
NOTIC: [8] Undefined variable: tag /Library/WebServer/Documents/hello/ThinkPHP/Lib/Template/TagLib.class.php 第 91 行.
NOTIC: [8] Undefined index:  /Library/WebServer/Documents/hello/ThinkPHP/Lib/Template/TagLib.class.php 第 91 行.
NOTIC: [8] Undefined variable: tag /Library/WebServer/Documents/hello/ThinkPHP/Lib/Template/TagLib.class.php 第 92 行.
SQL: SHOW COLUMNS FROM `hd_cate` [ RunTime:0.008368s ]
SQL: SELECT * FROM `hd_cate` ORDER BY sort ASC  [ RunTime:0.005833s ]
INFO: ParseTemplate Behavior ::run [ RunTime:0.075822s ]
INFO: [ view_parse ] --END-- [ RunTime:0.075913s ]
INFO: [ view_filter ] --START--
INFO: ContentReplace Behavior ::run [ RunTime:0.006671s ]
INFO: TokenBuild Behavior ::run [ RunTime:0.005726s ]
INFO: WriteHtmlCache Behavior ::run [ RunTime:0.000630s ]
INFO: ShowRuntime Behavior ::run [ RunTime:0.000866s ]
INFO: [ view_filter ] --END-- [ RunTime:0.014187s ]
INFO: [ view_end ] --START--
INFO: ShowPageTrace Behavior ::run [ RunTime:0.000654s ]
INFO: [ view_end ] --END-- [ RunTime:0.000707s ]

[ 2015-05-11T14:09:08+08:00 ] 0.0.0.0 /hello/index.php/c_6.html
INFO: [ route_check ] --START--
INFO: CheckRoute Behavior ::run [ RunTime:0.001226s ]
INFO: [ route_check ] --END-- [ RunTime:0.001352s ]
INFO: [ app_begin ] --START--
INFO: ReadHtmlCache Behavior ::run [ RunTime:0.000309s ]
INFO: [ app_begin ] --END-- [ RunTime:0.000386s ]
SQL: SHOW COLUMNS FROM `hd_cate` [ RunTime:0.001535s ]
SQL: SELECT * FROM `hd_cate` ORDER BY sort  [ RunTime:0.000511s ]
SQL: SHOW COLUMNS FROM `hd_blog` [ RunTime:0.004163s ]
SQL: SELECT COUNT(*) AS tp_count FROM `hd_blog` WHERE ( `cid` IN ('9','10','11',6) ) LIMIT 1   [ RunTime:0.002692s ]
SQL: SELECT blog.id AS id,blog.title AS title,blog.time AS time,blog.click AS click,blog.summary AS summary,cate.name AS name FROM hd_blog blog LEFT JOIN hd_cate cate ON blog.cid = cate.id WHERE ( `cid` IN ('9','10','11',6) ) LIMIT 0,6   [ RunTime:0.001985s ]
INFO: [ view_parse ] --START--
NOTIC: [2] Missing argument 2 for TagLib::parseXmlAttr(), called in /Library/WebServer/Documents/hello/Index/Modules/Index/TagLib/TagLibYeni.class.php on line 15 and defined /Library/WebServer/Documents/hello/ThinkPHP/Lib/Template/TagLib.class.php 第 80 行.
NOTIC: [8] Undefined variable: tag /Library/WebServer/Documents/hello/ThinkPHP/Lib/Template/TagLib.class.php 第 91 行.
NOTIC: [8] Undefined index:  /Library/WebServer/Documents/hello/ThinkPHP/Lib/Template/TagLib.class.php 第 91 行.
NOTIC: [8] Undefined variable: tag /Library/WebServer/Documents/hello/ThinkPHP/Lib/Template/TagLib.class.php 第 92 行.
SQL: SELECT * FROM `hd_cate` ORDER BY sort ASC  [ RunTime:0.000851s ]
SQL: SELECT `id`,`title`,`click` FROM `hd_blog` ORDER BY click DESC LIMIT 4   [ RunTime:0.000637s ]
SQL: SELECT `id`,`title`,`click` FROM `hd_blog` ORDER BY time DESC LIMIT 5   [ RunTime:0.000411s ]
INFO: ParseTemplate Behavior ::run [ RunTime:0.040782s ]
INFO: [ view_parse ] --END-- [ RunTime:0.040863s ]
INFO: [ view_filter ] --START--
INFO: ContentReplace Behavior ::run [ RunTime:0.000271s ]
INFO: TokenBuild Behavior ::run [ RunTime:0.000207s ]
INFO: WriteHtmlCache Behavior ::run [ RunTime:0.000128s ]
INFO: ShowRuntime Behavior ::run [ RunTime:0.000301s ]
INFO: [ view_filter ] --END-- [ RunTime:0.001015s ]
INFO: [ view_end ] --START--
INFO: ShowPageTrace Behavior ::run [ RunTime:0.000521s ]
INFO: [ view_end ] --END-- [ RunTime:0.000585s ]

[ 2015-05-11T14:09:13+08:00 ] 0.0.0.0 /hello/index.php/7.html
INFO: [ route_check ] --START--
INFO: CheckRoute Behavior ::run [ RunTime:0.001040s ]
INFO: [ route_check ] --END-- [ RunTime:0.001265s ]
INFO: [ app_begin ] --START--
INFO: ReadHtmlCache Behavior ::run [ RunTime:0.000567s ]
INFO: [ app_begin ] --END-- [ RunTime:0.000672s ]
SQL: SHOW COLUMNS FROM `hd_blog` [ RunTime:0.001450s ]
SQL: SELECT `title`,`time`,`content`,`cid` FROM `hd_blog` WHERE ( `id` = 7 ) LIMIT 1   [ RunTime:0.000711s ]
INFO: [ view_parse ] --START--
NOTIC: [2] Missing argument 2 for TagLib::parseXmlAttr(), called in /Library/WebServer/Documents/hello/Index/Modules/Index/TagLib/TagLibYeni.class.php on line 15 and defined /Library/WebServer/Documents/hello/ThinkPHP/Lib/Template/TagLib.class.php 第 80 行.
NOTIC: [8] Undefined variable: tag /Library/WebServer/Documents/hello/ThinkPHP/Lib/Template/TagLib.class.php 第 91 行.
NOTIC: [8] Undefined index:  /Library/WebServer/Documents/hello/ThinkPHP/Lib/Template/TagLib.class.php 第 91 行.
NOTIC: [8] Undefined variable: tag /Library/WebServer/Documents/hello/ThinkPHP/Lib/Template/TagLib.class.php 第 92 行.
SQL: SHOW COLUMNS FROM `hd_cate` [ RunTime:0.001325s ]
SQL: SELECT * FROM `hd_cate` ORDER BY sort ASC  [ RunTime:0.000380s ]
NOTIC: [8] Undefined index: id /Library/WebServer/Documents/hello/Index/Runtime/Cache/Index/0cf5e6e53a3d17af19ad892a59c1fe31.php 第 111 行.
NOTIC: [8] Undefined index: title /Library/WebServer/Documents/hello/Index/Runtime/Cache/Index/0cf5e6e53a3d17af19ad892a59c1fe31.php 第 111 行.
SQL: SELECT `id`,`title`,`click` FROM `hd_blog` ORDER BY click DESC LIMIT 4   [ RunTime:0.000288s ]
SQL: SELECT `id`,`title`,`click` FROM `hd_blog` ORDER BY time DESC LIMIT 5   [ RunTime:0.000448s ]
INFO: ParseTemplate Behavior ::run [ RunTime:0.044521s ]
INFO: [ view_parse ] --END-- [ RunTime:0.044598s ]
INFO: [ view_filter ] --START--
INFO: ContentReplace Behavior ::run [ RunTime:0.000291s ]
INFO: TokenBuild Behavior ::run [ RunTime:0.000194s ]
INFO: WriteHtmlCache Behavior ::run [ RunTime:0.000119s ]
INFO: ShowRuntime Behavior ::run [ RunTime:0.000267s ]
INFO: [ view_filter ] --END-- [ RunTime:0.000968s ]
INFO: [ view_end ] --START--
INFO: ShowPageTrace Behavior ::run [ RunTime:0.000364s ]
INFO: [ view_end ] --END-- [ RunTime:0.000413s ]

[ 2015-05-11T14:09:32+08:00 ] 0.0.0.0 /hello/index.php/c_11.html
INFO: [ route_check ] --START--
INFO: CheckRoute Behavior ::run [ RunTime:0.000502s ]
INFO: [ route_check ] --END-- [ RunTime:0.000560s ]
INFO: [ app_begin ] --START--
INFO: ReadHtmlCache Behavior ::run [ RunTime:0.000270s ]
INFO: [ app_begin ] --END-- [ RunTime:0.000314s ]
SQL: SHOW COLUMNS FROM `hd_cate` [ RunTime:0.001215s ]
SQL: SELECT * FROM `hd_cate` ORDER BY sort  [ RunTime:0.000290s ]
SQL: SHOW COLUMNS FROM `hd_blog` [ RunTime:0.001124s ]
SQL: SELECT COUNT(*) AS tp_count FROM `hd_blog` WHERE ( `cid` IN (11) ) LIMIT 1   [ RunTime:0.001617s ]
SQL: SELECT blog.id AS id,blog.title AS title,blog.time AS time,blog.click AS click,blog.summary AS summary,cate.name AS name FROM hd_blog blog LEFT JOIN hd_cate cate ON blog.cid = cate.id WHERE ( `cid` IN (11) ) LIMIT 0,6   [ RunTime:0.000664s ]
INFO: [ view_parse ] --START--
NOTIC: [2] Missing argument 2 for TagLib::parseXmlAttr(), called in /Library/WebServer/Documents/hello/Index/Modules/Index/TagLib/TagLibYeni.class.php on line 15 and defined /Library/WebServer/Documents/hello/ThinkPHP/Lib/Template/TagLib.class.php 第 80 行.
NOTIC: [8] Undefined variable: tag /Library/WebServer/Documents/hello/ThinkPHP/Lib/Template/TagLib.class.php 第 91 行.
NOTIC: [8] Undefined index:  /Library/WebServer/Documents/hello/ThinkPHP/Lib/Template/TagLib.class.php 第 91 行.
NOTIC: [8] Undefined variable: tag /Library/WebServer/Documents/hello/ThinkPHP/Lib/Template/TagLib.class.php 第 92 行.
SQL: SELECT * FROM `hd_cate` ORDER BY sort ASC  [ RunTime:0.000530s ]
SQL: SELECT `id`,`title`,`click` FROM `hd_blog` ORDER BY click DESC LIMIT 4   [ RunTime:0.000305s ]
SQL: SELECT `id`,`title`,`click` FROM `hd_blog` ORDER BY time DESC LIMIT 5   [ RunTime:0.000329s ]
INFO: ParseTemplate Behavior ::run [ RunTime:0.027998s ]
INFO: [ view_parse ] --END-- [ RunTime:0.028049s ]
INFO: [ view_filter ] --START--
INFO: ContentReplace Behavior ::run [ RunTime:0.000231s ]
INFO: TokenBuild Behavior ::run [ RunTime:0.000196s ]
INFO: WriteHtmlCache Behavior ::run [ RunTime:0.000118s ]
INFO: ShowRuntime Behavior ::run [ RunTime:0.000252s ]
INFO: [ view_filter ] --END-- [ RunTime:0.000897s ]
INFO: [ view_end ] --START--
INFO: ShowPageTrace Behavior ::run [ RunTime:0.000329s ]
INFO: [ view_end ] --END-- [ RunTime:0.000369s ]

[ 2015-05-11T14:09:38+08:00 ] 0.0.0.0 /hello/index.php/c_10.html
INFO: [ route_check ] --START--
INFO: CheckRoute Behavior ::run [ RunTime:0.000474s ]
INFO: [ route_check ] --END-- [ RunTime:0.000561s ]
INFO: [ app_begin ] --START--
INFO: ReadHtmlCache Behavior ::run [ RunTime:0.000269s ]
INFO: [ app_begin ] --END-- [ RunTime:0.000314s ]
SQL: SHOW COLUMNS FROM `hd_cate` [ RunTime:0.001100s ]
SQL: SELECT * FROM `hd_cate` ORDER BY sort  [ RunTime:0.000281s ]
SQL: SHOW COLUMNS FROM `hd_blog` [ RunTime:0.001073s ]
SQL: SELECT COUNT(*) AS tp_count FROM `hd_blog` WHERE ( `cid` IN (10) ) LIMIT 1   [ RunTime:0.000298s ]
SQL: SELECT blog.id AS id,blog.title AS title,blog.time AS time,blog.click AS click,blog.summary AS summary,cate.name AS name FROM hd_blog blog LEFT JOIN hd_cate cate ON blog.cid = cate.id WHERE ( `cid` IN (10) ) LIMIT 0,6   [ RunTime:0.000557s ]
INFO: [ view_parse ] --START--
NOTIC: [2] Missing argument 2 for TagLib::parseXmlAttr(), called in /Library/WebServer/Documents/hello/Index/Modules/Index/TagLib/TagLibYeni.class.php on line 15 and defined /Library/WebServer/Documents/hello/ThinkPHP/Lib/Template/TagLib.class.php 第 80 行.
NOTIC: [8] Undefined variable: tag /Library/WebServer/Documents/hello/ThinkPHP/Lib/Template/TagLib.class.php 第 91 行.
NOTIC: [8] Undefined index:  /Library/WebServer/Documents/hello/ThinkPHP/Lib/Template/TagLib.class.php 第 91 行.
NOTIC: [8] Undefined variable: tag /Library/WebServer/Documents/hello/ThinkPHP/Lib/Template/TagLib.class.php 第 92 行.
SQL: SELECT * FROM `hd_cate` ORDER BY sort ASC  [ RunTime:0.000612s ]
SQL: SELECT `id`,`title`,`click` FROM `hd_blog` ORDER BY click DESC LIMIT 4   [ RunTime:0.000457s ]
SQL: SELECT `id`,`title`,`click` FROM `hd_blog` ORDER BY time DESC LIMIT 5   [ RunTime:0.000422s ]
INFO: ParseTemplate Behavior ::run [ RunTime:0.026198s ]
INFO: [ view_parse ] --END-- [ RunTime:0.026255s ]
INFO: [ view_filter ] --START--
INFO: ContentReplace Behavior ::run [ RunTime:0.000218s ]
INFO: TokenBuild Behavior ::run [ RunTime:0.000194s ]
INFO: WriteHtmlCache Behavior ::run [ RunTime:0.000116s ]
INFO: ShowRuntime Behavior ::run [ RunTime:0.000226s ]
INFO: [ view_filter ] --END-- [ RunTime:0.000854s ]
INFO: [ view_end ] --START--
INFO: ShowPageTrace Behavior ::run [ RunTime:0.000440s ]
INFO: [ view_end ] --END-- [ RunTime:0.000475s ]

[ 2015-05-11T14:09:43+08:00 ] 0.0.0.0 /hello/index.php/c_5.html
INFO: [ route_check ] --START--
INFO: CheckRoute Behavior ::run [ RunTime:0.000480s ]
INFO: [ route_check ] --END-- [ RunTime:0.000536s ]
INFO: [ app_begin ] --START--
INFO: ReadHtmlCache Behavior ::run [ RunTime:0.000467s ]
INFO: [ app_begin ] --END-- [ RunTime:0.000534s ]
SQL: SHOW COLUMNS FROM `hd_cate` [ RunTime:0.001628s ]
SQL: SELECT * FROM `hd_cate` ORDER BY sort  [ RunTime:0.000347s ]
SQL: SHOW COLUMNS FROM `hd_blog` [ RunTime:0.001320s ]
SQL: SELECT COUNT(*) AS tp_count FROM `hd_blog` WHERE ( `cid` IN ('12','13','14',5) ) LIMIT 1   [ RunTime:0.000252s ]
SQL: SELECT blog.id AS id,blog.title AS title,blog.time AS time,blog.click AS click,blog.summary AS summary,cate.name AS name FROM hd_blog blog LEFT JOIN hd_cate cate ON blog.cid = cate.id WHERE ( `cid` IN ('12','13','14',5) ) LIMIT 0,6   [ RunTime:0.000366s ]
INFO: [ view_parse ] --START--
NOTIC: [2] Missing argument 2 for TagLib::parseXmlAttr(), called in /Library/WebServer/Documents/hello/Index/Modules/Index/TagLib/TagLibYeni.class.php on line 15 and defined /Library/WebServer/Documents/hello/ThinkPHP/Lib/Template/TagLib.class.php 第 80 行.
NOTIC: [8] Undefined variable: tag /Library/WebServer/Documents/hello/ThinkPHP/Lib/Template/TagLib.class.php 第 91 行.
NOTIC: [8] Undefined index:  /Library/WebServer/Documents/hello/ThinkPHP/Lib/Template/TagLib.class.php 第 91 行.
NOTIC: [8] Undefined variable: tag /Library/WebServer/Documents/hello/ThinkPHP/Lib/Template/TagLib.class.php 第 92 行.
SQL: SELECT * FROM `hd_cate` ORDER BY sort ASC  [ RunTime:0.000856s ]
SQL: SELECT `id`,`title`,`click` FROM `hd_blog` ORDER BY click DESC LIMIT 4   [ RunTime:0.000435s ]
SQL: SELECT `id`,`title`,`click` FROM `hd_blog` ORDER BY time DESC LIMIT 5   [ RunTime:0.000732s ]
INFO: ParseTemplate Behavior ::run [ RunTime:0.028261s ]
INFO: [ view_parse ] --END-- [ RunTime:0.028325s ]
INFO: [ view_filter ] --START--
INFO: ContentReplace Behavior ::run [ RunTime:0.000362s ]
INFO: TokenBuild Behavior ::run [ RunTime:0.000304s ]
INFO: WriteHtmlCache Behavior ::run [ RunTime:0.000124s ]
INFO: ShowRuntime Behavior ::run [ RunTime:0.000241s ]
INFO: [ view_filter ] --END-- [ RunTime:0.001160s ]
INFO: [ view_end ] --START--
INFO: ShowPageTrace Behavior ::run [ RunTime:0.000341s ]
INFO: [ view_end ] --END-- [ RunTime:0.000378s ]

[ 2015-05-11T14:09:44+08:00 ] 0.0.0.0 /hello/index.php/c_6.html
INFO: [ route_check ] --START--
INFO: CheckRoute Behavior ::run [ RunTime:0.000526s ]
INFO: [ route_check ] --END-- [ RunTime:0.000585s ]
INFO: [ app_begin ] --START--
INFO: ReadHtmlCache Behavior ::run [ RunTime:0.000270s ]
INFO: [ app_begin ] --END-- [ RunTime:0.000315s ]
SQL: SHOW COLUMNS FROM `hd_cate` [ RunTime:0.003722s ]
SQL: SELECT * FROM `hd_cate` ORDER BY sort  [ RunTime:0.000281s ]
SQL: SHOW COLUMNS FROM `hd_blog` [ RunTime:0.001136s ]
SQL: SELECT COUNT(*) AS tp_count FROM `hd_blog` WHERE ( `cid` IN ('9','10','11',6) ) LIMIT 1   [ RunTime:0.000235s ]
SQL: SELECT blog.id AS id,blog.title AS title,blog.time AS time,blog.click AS click,blog.summary AS summary,cate.name AS name FROM hd_blog blog LEFT JOIN hd_cate cate ON blog.cid = cate.id WHERE ( `cid` IN ('9','10','11',6) ) LIMIT 0,6   [ RunTime:0.000349s ]
INFO: [ view_parse ] --START--
NOTIC: [2] Missing argument 2 for TagLib::parseXmlAttr(), called in /Library/WebServer/Documents/hello/Index/Modules/Index/TagLib/TagLibYeni.class.php on line 15 and defined /Library/WebServer/Documents/hello/ThinkPHP/Lib/Template/TagLib.class.php 第 80 行.
NOTIC: [8] Undefined variable: tag /Library/WebServer/Documents/hello/ThinkPHP/Lib/Template/TagLib.class.php 第 91 行.
NOTIC: [8] Undefined index:  /Library/WebServer/Documents/hello/ThinkPHP/Lib/Template/TagLib.class.php 第 91 行.
NOTIC: [8] Undefined variable: tag /Library/WebServer/Documents/hello/ThinkPHP/Lib/Template/TagLib.class.php 第 92 行.
SQL: SELECT * FROM `hd_cate` ORDER BY sort ASC  [ RunTime:0.000481s ]
SQL: SELECT `id`,`title`,`click` FROM `hd_blog` ORDER BY click DESC LIMIT 4   [ RunTime:0.000359s ]
SQL: SELECT `id`,`title`,`click` FROM `hd_blog` ORDER BY time DESC LIMIT 5   [ RunTime:0.000397s ]
INFO: ParseTemplate Behavior ::run [ RunTime:0.025337s ]
INFO: [ view_parse ] --END-- [ RunTime:0.025384s ]
INFO: [ view_filter ] --START--
INFO: ContentReplace Behavior ::run [ RunTime:0.000219s ]
INFO: TokenBuild Behavior ::run [ RunTime:0.000196s ]
INFO: WriteHtmlCache Behavior ::run [ RunTime:0.000118s ]
INFO: ShowRuntime Behavior ::run [ RunTime:0.000226s ]
INFO: [ view_filter ] --END-- [ RunTime:0.000858s ]
INFO: [ view_end ] --START--
INFO: ShowPageTrace Behavior ::run [ RunTime:0.000356s ]
INFO: [ view_end ] --END-- [ RunTime:0.000397s ]

[ 2015-05-11T14:09:48+08:00 ] 0.0.0.0 /hello/index.php/c_5.html
INFO: [ route_check ] --START--
INFO: CheckRoute Behavior ::run [ RunTime:0.000481s ]
INFO: [ route_check ] --END-- [ RunTime:0.000540s ]
INFO: [ app_begin ] --START--
INFO: ReadHtmlCache Behavior ::run [ RunTime:0.000272s ]
INFO: [ app_begin ] --END-- [ RunTime:0.000316s ]
SQL: SHOW COLUMNS FROM `hd_cate` [ RunTime:0.003617s ]
SQL: SELECT * FROM `hd_cate` ORDER BY sort  [ RunTime:0.000371s ]
SQL: SHOW COLUMNS FROM `hd_blog` [ RunTime:0.001126s ]
SQL: SELECT COUNT(*) AS tp_count FROM `hd_blog` WHERE ( `cid` IN ('12','13','14',5) ) LIMIT 1   [ RunTime:0.000255s ]
SQL: SELECT blog.id AS id,blog.title AS title,blog.time AS time,blog.click AS click,blog.summary AS summary,cate.name AS name FROM hd_blog blog LEFT JOIN hd_cate cate ON blog.cid = cate.id WHERE ( `cid` IN ('12','13','14',5) ) LIMIT 0,6   [ RunTime:0.000355s ]
INFO: [ view_parse ] --START--
NOTIC: [2] Missing argument 2 for TagLib::parseXmlAttr(), called in /Library/WebServer/Documents/hello/Index/Modules/Index/TagLib/TagLibYeni.class.php on line 15 and defined /Library/WebServer/Documents/hello/ThinkPHP/Lib/Template/TagLib.class.php 第 80 行.
NOTIC: [8] Undefined variable: tag /Library/WebServer/Documents/hello/ThinkPHP/Lib/Template/TagLib.class.php 第 91 行.
NOTIC: [8] Undefined index:  /Library/WebServer/Documents/hello/ThinkPHP/Lib/Template/TagLib.class.php 第 91 行.
NOTIC: [8] Undefined variable: tag /Library/WebServer/Documents/hello/ThinkPHP/Lib/Template/TagLib.class.php 第 92 行.
SQL: SELECT * FROM `hd_cate` ORDER BY sort ASC  [ RunTime:0.000477s ]
SQL: SELECT `id`,`title`,`click` FROM `hd_blog` ORDER BY click DESC LIMIT 4   [ RunTime:0.000368s ]
SQL: SELECT `id`,`title`,`click` FROM `hd_blog` ORDER BY time DESC LIMIT 5   [ RunTime:0.000407s ]
INFO: ParseTemplate Behavior ::run [ RunTime:0.024994s ]
INFO: [ view_parse ] --END-- [ RunTime:0.025038s ]
INFO: [ view_filter ] --START--
INFO: ContentReplace Behavior ::run [ RunTime:0.000217s ]
INFO: TokenBuild Behavior ::run [ RunTime:0.000195s ]
INFO: WriteHtmlCache Behavior ::run [ RunTime:0.000118s ]
INFO: ShowRuntime Behavior ::run [ RunTime:0.000256s ]
INFO: [ view_filter ] --END-- [ RunTime:0.000897s ]
INFO: [ view_end ] --START--
INFO: ShowPageTrace Behavior ::run [ RunTime:0.000400s ]
INFO: [ view_end ] --END-- [ RunTime:0.000451s ]

[ 2015-05-11T14:09:50+08:00 ] 0.0.0.0 /hello/index.php/c_6.html
INFO: [ route_check ] --START--
INFO: CheckRoute Behavior ::run [ RunTime:0.000514s ]
INFO: [ route_check ] --END-- [ RunTime:0.000577s ]
INFO: [ app_begin ] --START--
INFO: ReadHtmlCache Behavior ::run [ RunTime:0.000349s ]
INFO: [ app_begin ] --END-- [ RunTime:0.000410s ]
SQL: SHOW COLUMNS FROM `hd_cate` [ RunTime:0.003612s ]
SQL: SELECT * FROM `hd_cate` ORDER BY sort  [ RunTime:0.000382s ]
SQL: SHOW COLUMNS FROM `hd_blog` [ RunTime:0.001209s ]
SQL: SELECT COUNT(*) AS tp_count FROM `hd_blog` WHERE ( `cid` IN ('9','10','11',6) ) LIMIT 1   [ RunTime:0.000256s ]
SQL: SELECT blog.id AS id,blog.title AS title,blog.time AS time,blog.click AS click,blog.summary AS summary,cate.name AS name FROM hd_blog blog LEFT JOIN hd_cate cate ON blog.cid = cate.id WHERE ( `cid` IN ('9','10','11',6) ) LIMIT 0,6   [ RunTime:0.000356s ]
INFO: [ view_parse ] --START--
NOTIC: [2] Missing argument 2 for TagLib::parseXmlAttr(), called in /Library/WebServer/Documents/hello/Index/Modules/Index/TagLib/TagLibYeni.class.php on line 15 and defined /Library/WebServer/Documents/hello/ThinkPHP/Lib/Template/TagLib.class.php 第 80 行.
NOTIC: [8] Undefined variable: tag /Library/WebServer/Documents/hello/ThinkPHP/Lib/Template/TagLib.class.php 第 91 行.
NOTIC: [8] Undefined index:  /Library/WebServer/Documents/hello/ThinkPHP/Lib/Template/TagLib.class.php 第 91 行.
NOTIC: [8] Undefined variable: tag /Library/WebServer/Documents/hello/ThinkPHP/Lib/Template/TagLib.class.php 第 92 行.
SQL: SELECT * FROM `hd_cate` ORDER BY sort ASC  [ RunTime:0.000406s ]
SQL: SELECT `id`,`title`,`click` FROM `hd_blog` ORDER BY click DESC LIMIT 4   [ RunTime:0.000267s ]
SQL: SELECT `id`,`title`,`click` FROM `hd_blog` ORDER BY time DESC LIMIT 5   [ RunTime:0.000384s ]
INFO: ParseTemplate Behavior ::run [ RunTime:0.029079s ]
INFO: [ view_parse ] --END-- [ RunTime:0.029125s ]
INFO: [ view_filter ] --START--
INFO: ContentReplace Behavior ::run [ RunTime:0.000218s ]
INFO: TokenBuild Behavior ::run [ RunTime:0.000193s ]
INFO: WriteHtmlCache Behavior ::run [ RunTime:0.000117s ]
INFO: ShowRuntime Behavior ::run [ RunTime:0.000224s ]
INFO: [ view_filter ] --END-- [ RunTime:0.000851s ]
INFO: [ view_end ] --START--
INFO: ShowPageTrace Behavior ::run [ RunTime:0.000363s ]
INFO: [ view_end ] --END-- [ RunTime:0.000402s ]

[ 2015-05-11T14:48:27+08:00 ] 0.0.0.0 /hello/index.php/c_6.html
INFO: [ route_check ] --START--
INFO: CheckRoute Behavior ::run [ RunTime:0.001362s ]
INFO: [ route_check ] --END-- [ RunTime:0.001525s ]
INFO: [ app_begin ] --START--
INFO: ReadHtmlCache Behavior ::run [ RunTime:0.000719s ]
INFO: [ app_begin ] --END-- [ RunTime:0.000839s ]
SQL: SHOW COLUMNS FROM `hd_cate` [ RunTime:0.001361s ]
SQL: SELECT * FROM `hd_cate` ORDER BY sort  [ RunTime:0.000352s ]
SQL: SHOW COLUMNS FROM `hd_blog` [ RunTime:0.002090s ]
SQL: SELECT COUNT(*) AS tp_count FROM `hd_blog` WHERE ( `cid` IN ('9','10','11',6) ) LIMIT 1   [ RunTime:0.000303s ]
SQL: SELECT blog.id AS id,blog.title AS title,blog.time AS time,blog.click AS click,blog.summary AS summary,cate.name AS name FROM hd_blog blog LEFT JOIN hd_cate cate ON blog.cid = cate.id WHERE ( `cid` IN ('9','10','11',6) ) LIMIT 0,6   [ RunTime:0.000476s ]
INFO: [ view_parse ] --START--
NOTIC: [2] Missing argument 2 for TagLib::parseXmlAttr(), called in /Library/WebServer/Documents/hello/Index/Modules/Index/TagLib/TagLibYeni.class.php on line 15 and defined /Library/WebServer/Documents/hello/ThinkPHP/Lib/Template/TagLib.class.php 第 80 行.
NOTIC: [8] Undefined variable: tag /Library/WebServer/Documents/hello/ThinkPHP/Lib/Template/TagLib.class.php 第 91 行.
NOTIC: [8] Undefined index:  /Library/WebServer/Documents/hello/ThinkPHP/Lib/Template/TagLib.class.php 第 91 行.
NOTIC: [8] Undefined variable: tag /Library/WebServer/Documents/hello/ThinkPHP/Lib/Template/TagLib.class.php 第 92 行.
SQL: SELECT * FROM `hd_cate` ORDER BY sort ASC  [ RunTime:0.000365s ]
SQL: SELECT `id`,`title`,`click` FROM `hd_blog` ORDER BY click DESC LIMIT 4   [ RunTime:0.000308s ]
SQL: SELECT `id`,`title`,`click` FROM `hd_blog` ORDER BY time DESC LIMIT 5   [ RunTime:0.000372s ]
INFO: ParseTemplate Behavior ::run [ RunTime:0.023166s ]
INFO: [ view_parse ] --END-- [ RunTime:0.023230s ]
INFO: [ view_filter ] --START--
INFO: ContentReplace Behavior ::run [ RunTime:0.000650s ]
INFO: TokenBuild Behavior ::run [ RunTime:0.000563s ]
INFO: WriteHtmlCache Behavior ::run [ RunTime:0.000407s ]
INFO: ShowRuntime Behavior ::run [ RunTime:0.000581s ]
INFO: [ view_filter ] --END-- [ RunTime:0.002385s ]
INFO: [ view_end ] --START--
INFO: ShowPageTrace Behavior ::run [ RunTime:0.000680s ]
INFO: [ view_end ] --END-- [ RunTime:0.000765s ]

[ 2015-05-11T16:38:46+08:00 ] 0.0.0.0 /hello/index.php/c_6.html
INFO: [ route_check ] --START--
INFO: CheckRoute Behavior ::run [ RunTime:0.001595s ]
INFO: [ route_check ] --END-- [ RunTime:0.004632s ]
INFO: [ app_begin ] --START--
INFO: ReadHtmlCache Behavior ::run [ RunTime:0.000511s ]
INFO: [ app_begin ] --END-- [ RunTime:0.000593s ]
NOTIC: [2] mysql_connect(): Connection refused /Library/WebServer/Documents/hello/ThinkPHP/Lib/Driver/Db/DbMysql.class.php 第 55 行.
ERR: Connection refused

