[ 2015-04-29T15:20:05+08:00 ] 0.0.0.0 /hello/index.php
INFO: [ app_begin ] --START--
INFO: ReadHtmlCache Behavior ::run [ RunTime:0.000777s ]
INFO: [ app_begin ] --END-- [ RunTime:0.000912s ]
INFO: [ view_parse ] --START--
NOTIC: [2] Missing argument 2 for TagLib::parseXmlAttr(), called in /Library/WebServer/Documents/hello/Index/Modules/Index/TagLib/TagLibYeni.class.php on line 15 and defined /Library/WebServer/Documents/hello/ThinkPHP/Lib/Template/TagLib.class.php 第 80 行.
NOTIC: [8] Undefined variable: tag /Library/WebServer/Documents/hello/ThinkPHP/Lib/Template/TagLib.class.php 第 91 行.
NOTIC: [8] Undefined index:  /Library/WebServer/Documents/hello/ThinkPHP/Lib/Template/TagLib.class.php 第 91 行.
NOTIC: [8] Undefined variable: tag /Library/WebServer/Documents/hello/ThinkPHP/Lib/Template/TagLib.class.php 第 92 行.
SQL: SHOW COLUMNS FROM `hd_cate` [ RunTime:0.001197s ]
SQL: SELECT * FROM `hd_cate` ORDER BY sort ASC  [ RunTime:0.000369s ]
INFO: ParseTemplate Behavior ::run [ RunTime:0.043404s ]
INFO: [ view_parse ] --END-- [ RunTime:0.043492s ]
INFO: [ view_filter ] --START--
INFO: ContentReplace Behavior ::run [ RunTime:0.006469s ]
INFO: TokenBuild Behavior ::run [ RunTime:0.005277s ]
INFO: WriteHtmlCache Behavior ::run [ RunTime:0.000596s ]
INFO: ShowRuntime Behavior ::run [ RunTime:0.000710s ]
INFO: [ view_filter ] --END-- [ RunTime:0.013233s ]
INFO: [ view_end ] --START--
INFO: ShowPageTrace Behavior ::run [ RunTime:0.000777s ]
INFO: [ view_end ] --END-- [ RunTime:0.000833s ]

[ 2015-04-29T15:20:08+08:00 ] 0.0.0.0 /hello/index.php/c_6.html
INFO: [ route_check ] --START--
INFO: CheckRoute Behavior ::run [ RunTime:0.001799s ]
INFO: [ route_check ] --END-- [ RunTime:0.002054s ]
INFO: [ app_begin ] --START--
INFO: ReadHtmlCache Behavior ::run [ RunTime:0.000688s ]
INFO: [ app_begin ] --END-- [ RunTime:0.000851s ]
SQL: SHOW COLUMNS FROM `hd_cate` [ RunTime:0.001245s ]
SQL: SELECT * FROM `hd_cate` ORDER BY sort  [ RunTime:0.001341s ]
SQL: SHOW COLUMNS FROM `hd_blog` [ RunTime:0.001619s ]
SQL: SELECT COUNT(*) AS tp_count FROM `hd_blog` WHERE ( `cid` IN ('9','10','11',6) ) LIMIT 1   [ RunTime:0.000364s ]
SQL: SELECT blog.id AS id,blog.title AS title,blog.time AS time,blog.click AS click,blog.summary AS summary,cate.name AS name FROM hd_blog blog LEFT JOIN hd_cate cate ON blog.cid = cate.id WHERE ( `cid` IN ('9','10','11',6) ) LIMIT 0,6   [ RunTime:0.000509s ]
INFO: [ view_parse ] --START--
NOTIC: [2] Missing argument 2 for TagLib::parseXmlAttr(), called in /Library/WebServer/Documents/hello/Index/Modules/Index/TagLib/TagLibYeni.class.php on line 15 and defined /Library/WebServer/Documents/hello/ThinkPHP/Lib/Template/TagLib.class.php 第 80 行.
NOTIC: [8] Undefined variable: tag /Library/WebServer/Documents/hello/ThinkPHP/Lib/Template/TagLib.class.php 第 91 行.
NOTIC: [8] Undefined index:  /Library/WebServer/Documents/hello/ThinkPHP/Lib/Template/TagLib.class.php 第 91 行.
NOTIC: [8] Undefined variable: tag /Library/WebServer/Documents/hello/ThinkPHP/Lib/Template/TagLib.class.php 第 92 行.
SQL: SELECT * FROM `hd_cate` ORDER BY sort ASC  [ RunTime:0.000444s ]
SQL: SELECT `id`,`title`,`click` FROM `hd_blog` ORDER BY click DESC LIMIT 4   [ RunTime:0.000332s ]
SQL: SELECT `id`,`title`,`click` FROM `hd_blog` ORDER BY time DESC LIMIT 5   [ RunTime:0.000370s ]
INFO: ParseTemplate Behavior ::run [ RunTime:0.022158s ]
INFO: [ view_parse ] --END-- [ RunTime:0.022228s ]
INFO: [ view_filter ] --START--
INFO: ContentReplace Behavior ::run [ RunTime:0.000269s ]
INFO: TokenBuild Behavior ::run [ RunTime:0.000214s ]
INFO: WriteHtmlCache Behavior ::run [ RunTime:0.000128s ]
INFO: ShowRuntime Behavior ::run [ RunTime:0.000286s ]
INFO: [ view_filter ] --END-- [ RunTime:0.001013s ]
INFO: [ view_end ] --START--
INFO: ShowPageTrace Behavior ::run [ RunTime:0.000796s ]
INFO: [ view_end ] --END-- [ RunTime:0.000928s ]

[ 2015-04-29T15:20:10+08:00 ] 0.0.0.0 /hello/index.php/23.html
INFO: [ route_check ] --START--
INFO: CheckRoute Behavior ::run [ RunTime:0.000501s ]
INFO: [ route_check ] --END-- [ RunTime:0.000563s ]
INFO: [ app_begin ] --START--
INFO: ReadHtmlCache Behavior ::run [ RunTime:0.000296s ]
INFO: [ app_begin ] --END-- [ RunTime:0.000343s ]
SQL: SHOW COLUMNS FROM `hd_blog` [ RunTime:0.001496s ]
SQL: SELECT `title`,`time`,`content`,`cid` FROM `hd_blog` WHERE ( `id` = 23 ) LIMIT 1   [ RunTime:0.001630s ]
INFO: [ view_parse ] --START--
NOTIC: [2] Missing argument 2 for TagLib::parseXmlAttr(), called in /Library/WebServer/Documents/hello/Index/Modules/Index/TagLib/TagLibYeni.class.php on line 15 and defined /Library/WebServer/Documents/hello/ThinkPHP/Lib/Template/TagLib.class.php 第 80 行.
NOTIC: [8] Undefined variable: tag /Library/WebServer/Documents/hello/ThinkPHP/Lib/Template/TagLib.class.php 第 91 行.
NOTIC: [8] Undefined index:  /Library/WebServer/Documents/hello/ThinkPHP/Lib/Template/TagLib.class.php 第 91 行.
NOTIC: [8] Undefined variable: tag /Library/WebServer/Documents/hello/ThinkPHP/Lib/Template/TagLib.class.php 第 92 行.
SQL: SHOW COLUMNS FROM `hd_cate` [ RunTime:0.001221s ]
SQL: SELECT * FROM `hd_cate` ORDER BY sort ASC  [ RunTime:0.000257s ]
NOTIC: [8] Undefined index: id /Library/WebServer/Documents/hello/Index/Runtime/Cache/Index/0cf5e6e53a3d17af19ad892a59c1fe31.php 第 111 行.
NOTIC: [8] Undefined index: title /Library/WebServer/Documents/hello/Index/Runtime/Cache/Index/0cf5e6e53a3d17af19ad892a59c1fe31.php 第 111 行.
SQL: SELECT `id`,`title`,`click` FROM `hd_blog` ORDER BY click DESC LIMIT 4   [ RunTime:0.000254s ]
SQL: SELECT `id`,`title`,`click` FROM `hd_blog` ORDER BY time DESC LIMIT 5   [ RunTime:0.000477s ]
INFO: ParseTemplate Behavior ::run [ RunTime:0.041977s ]
INFO: [ view_parse ] --END-- [ RunTime:0.042060s ]
INFO: [ view_filter ] --START--
INFO: ContentReplace Behavior ::run [ RunTime:0.000333s ]
INFO: TokenBuild Behavior ::run [ RunTime:0.000213s ]
INFO: WriteHtmlCache Behavior ::run [ RunTime:0.000132s ]
INFO: ShowRuntime Behavior ::run [ RunTime:0.000249s ]
INFO: [ view_filter ] --END-- [ RunTime:0.001058s ]
INFO: [ view_end ] --START--
INFO: ShowPageTrace Behavior ::run [ RunTime:0.000354s ]
INFO: [ view_end ] --END-- [ RunTime:0.000396s ]

[ 2015-04-29T15:32:09+08:00 ] 0.0.0.0 /hello/index.php/c_5.html
INFO: [ route_check ] --START--
INFO: CheckRoute Behavior ::run [ RunTime:0.000874s ]
INFO: [ route_check ] --END-- [ RunTime:0.001027s ]
INFO: [ app_begin ] --START--
INFO: ReadHtmlCache Behavior ::run [ RunTime:0.000371s ]
INFO: [ app_begin ] --END-- [ RunTime:0.000450s ]
SQL: SHOW COLUMNS FROM `hd_cate` [ RunTime:0.001542s ]
SQL: SELECT * FROM `hd_cate` ORDER BY sort  [ RunTime:0.000353s ]
SQL: SHOW COLUMNS FROM `hd_blog` [ RunTime:0.001287s ]
SQL: SELECT COUNT(*) AS tp_count FROM `hd_blog` WHERE ( `cid` IN ('12','13','14',5) ) LIMIT 1   [ RunTime:0.000311s ]
SQL: SELECT blog.id AS id,blog.title AS title,blog.time AS time,blog.click AS click,blog.summary AS summary,cate.name AS name FROM hd_blog blog LEFT JOIN hd_cate cate ON blog.cid = cate.id WHERE ( `cid` IN ('12','13','14',5) ) LIMIT 0,6   [ RunTime:0.000419s ]
INFO: [ view_parse ] --START--
NOTIC: [2] Missing argument 2 for TagLib::parseXmlAttr(), called in /Library/WebServer/Documents/hello/Index/Modules/Index/TagLib/TagLibYeni.class.php on line 15 and defined /Library/WebServer/Documents/hello/ThinkPHP/Lib/Template/TagLib.class.php 第 80 行.
NOTIC: [8] Undefined variable: tag /Library/WebServer/Documents/hello/ThinkPHP/Lib/Template/TagLib.class.php 第 91 行.
NOTIC: [8] Undefined index:  /Library/WebServer/Documents/hello/ThinkPHP/Lib/Template/TagLib.class.php 第 91 行.
NOTIC: [8] Undefined variable: tag /Library/WebServer/Documents/hello/ThinkPHP/Lib/Template/TagLib.class.php 第 92 行.
SQL: SELECT * FROM `hd_cate` ORDER BY sort ASC  [ RunTime:0.000455s ]
SQL: SELECT `id`,`title`,`click` FROM `hd_blog` ORDER BY click DESC LIMIT 4   [ RunTime:0.000335s ]
SQL: SELECT `id`,`title`,`click` FROM `hd_blog` ORDER BY time DESC LIMIT 5   [ RunTime:0.000567s ]
INFO: ParseTemplate Behavior ::run [ RunTime:0.029035s ]
INFO: [ view_parse ] --END-- [ RunTime:0.029207s ]
INFO: [ view_filter ] --START--
INFO: ContentReplace Behavior ::run [ RunTime:0.000595s ]
INFO: TokenBuild Behavior ::run [ RunTime:0.000420s ]
INFO: WriteHtmlCache Behavior ::run [ RunTime:0.000254s ]
INFO: ShowRuntime Behavior ::run [ RunTime:0.000801s ]
INFO: [ view_filter ] --END-- [ RunTime:0.002310s ]
INFO: [ view_end ] --START--
INFO: ShowPageTrace Behavior ::run [ RunTime:0.000416s ]
INFO: [ view_end ] --END-- [ RunTime:0.000493s ]

[ 2015-04-29T15:32:12+08:00 ] 0.0.0.0 /hello/index.php/c_6.html
INFO: [ route_check ] --START--
INFO: CheckRoute Behavior ::run [ RunTime:0.000494s ]
INFO: [ route_check ] --END-- [ RunTime:0.000554s ]
INFO: [ app_begin ] --START--
INFO: ReadHtmlCache Behavior ::run [ RunTime:0.000269s ]
INFO: [ app_begin ] --END-- [ RunTime:0.000312s ]
SQL: SHOW COLUMNS FROM `hd_cate` [ RunTime:0.003529s ]
SQL: SELECT * FROM `hd_cate` ORDER BY sort  [ RunTime:0.000576s ]
SQL: SHOW COLUMNS FROM `hd_blog` [ RunTime:0.001657s ]
SQL: SELECT COUNT(*) AS tp_count FROM `hd_blog` WHERE ( `cid` IN ('9','10','11',6) ) LIMIT 1   [ RunTime:0.000346s ]
SQL: SELECT blog.id AS id,blog.title AS title,blog.time AS time,blog.click AS click,blog.summary AS summary,cate.name AS name FROM hd_blog blog LEFT JOIN hd_cate cate ON blog.cid = cate.id WHERE ( `cid` IN ('9','10','11',6) ) LIMIT 0,6   [ RunTime:0.000461s ]
INFO: [ view_parse ] --START--
NOTIC: [2] Missing argument 2 for TagLib::parseXmlAttr(), called in /Library/WebServer/Documents/hello/Index/Modules/Index/TagLib/TagLibYeni.class.php on line 15 and defined /Library/WebServer/Documents/hello/ThinkPHP/Lib/Template/TagLib.class.php 第 80 行.
NOTIC: [8] Undefined variable: tag /Library/WebServer/Documents/hello/ThinkPHP/Lib/Template/TagLib.class.php 第 91 行.
NOTIC: [8] Undefined index:  /Library/WebServer/Documents/hello/ThinkPHP/Lib/Template/TagLib.class.php 第 91 行.
NOTIC: [8] Undefined variable: tag /Library/WebServer/Documents/hello/ThinkPHP/Lib/Template/TagLib.class.php 第 92 行.
SQL: SELECT * FROM `hd_cate` ORDER BY sort ASC  [ RunTime:0.000521s ]
SQL: SELECT `id`,`title`,`click` FROM `hd_blog` ORDER BY click DESC LIMIT 4   [ RunTime:0.000473s ]
SQL: SELECT `id`,`title`,`click` FROM `hd_blog` ORDER BY time DESC LIMIT 5   [ RunTime:0.000379s ]
INFO: ParseTemplate Behavior ::run [ RunTime:0.024920s ]
INFO: [ view_parse ] --END-- [ RunTime:0.024989s ]
INFO: [ view_filter ] --START--
INFO: ContentReplace Behavior ::run [ RunTime:0.000390s ]
INFO: TokenBuild Behavior ::run [ RunTime:0.000288s ]
INFO: WriteHtmlCache Behavior ::run [ RunTime:0.000203s ]
INFO: ShowRuntime Behavior ::run [ RunTime:0.000427s ]
INFO: [ view_filter ] --END-- [ RunTime:0.001507s ]
INFO: [ view_end ] --START--
INFO: ShowPageTrace Behavior ::run [ RunTime:0.000703s ]
INFO: [ view_end ] --END-- [ RunTime:0.000811s ]

[ 2015-04-29T21:18:11+08:00 ] 0.0.0.0 /hello/index.php/send
INFO: [ route_check ] --START--
INFO: CheckRoute Behavior ::run [ RunTime:0.002724s ]
INFO: [ route_check ] --END-- [ RunTime:0.004618s ]
INFO: [ app_begin ] --START--
INFO: ReadHtmlCache Behavior ::run [ RunTime:0.000765s ]
INFO: [ app_begin ] --END-- [ RunTime:0.000868s ]
INFO: [ view_parse ] --START--
INFO: ParseTemplate Behavior ::run [ RunTime:0.011233s ]
INFO: [ view_parse ] --END-- [ RunTime:0.011317s ]
INFO: [ view_filter ] --START--
INFO: ContentReplace Behavior ::run [ RunTime:0.000473s ]
INFO: TokenBuild Behavior ::run [ RunTime:0.000480s ]
INFO: WriteHtmlCache Behavior ::run [ RunTime:0.000437s ]
INFO: ShowRuntime Behavior ::run [ RunTime:0.000606s ]
INFO: [ view_filter ] --END-- [ RunTime:0.002136s ]
INFO: [ view_end ] --START--
INFO: ShowPageTrace Behavior ::run [ RunTime:0.000713s ]
INFO: [ view_end ] --END-- [ RunTime:0.000767s ]

