[ 2015-05-03T17:13:17+08:00 ] 0.0.0.0 /hello/index.php/Admin/Login/login
INFO: [ route_check ] --START--
INFO: CheckRoute Behavior ::run [ RunTime:0.002644s ]
INFO: [ route_check ] --END-- [ RunTime:0.004334s ]
INFO: [ app_begin ] --START--
INFO: ReadHtmlCache Behavior ::run [ RunTime:0.000734s ]
INFO: [ app_begin ] --END-- [ RunTime:0.000823s ]
SQL: SHOW COLUMNS FROM `hd_users` [ RunTime:0.007839s ]
SQL: SELECT * FROM `hd_users` WHERE ( `username` = 'admin' ) LIMIT 1   [ RunTime:0.002025s ]
SQL: UPDATE `hd_users` SET `logintime`=1430644397,`loginip`='0.0.0.0' WHERE ( `id` = 1 ) [ RunTime:0.002158s ]

[ 2015-05-03T17:13:17+08:00 ] 0.0.0.0 /hello/index.php/Admin/Index/index
INFO: [ route_check ] --START--
INFO: CheckRoute Behavior ::run [ RunTime:0.000430s ]
INFO: [ route_check ] --END-- [ RunTime:0.000481s ]
INFO: [ app_begin ] --START--
INFO: ReadHtmlCache Behavior ::run [ RunTime:0.000285s ]
INFO: [ app_begin ] --END-- [ RunTime:0.000333s ]
INFO: [ view_parse ] --START--
INFO: ParseTemplate Behavior ::run [ RunTime:0.014315s ]
INFO: [ view_parse ] --END-- [ RunTime:0.014376s ]
INFO: [ view_filter ] --START--
INFO: ContentReplace Behavior ::run [ RunTime:0.000550s ]
INFO: TokenBuild Behavior ::run [ RunTime:0.000484s ]
INFO: WriteHtmlCache Behavior ::run [ RunTime:0.000385s ]
INFO: ShowRuntime Behavior ::run [ RunTime:0.000564s ]
INFO: [ view_filter ] --END-- [ RunTime:0.002095s ]
INFO: [ view_end ] --START--
INFO: ShowPageTrace Behavior ::run [ RunTime:0.000598s ]
INFO: [ view_end ] --END-- [ RunTime:0.000633s ]

[ 2015-05-03T17:13:20+08:00 ] 0.0.0.0 /hello/index.php/Admin/Blog/index
INFO: [ route_check ] --START--
INFO: CheckRoute Behavior ::run [ RunTime:0.000653s ]
INFO: [ route_check ] --END-- [ RunTime:0.000788s ]
INFO: [ app_begin ] --START--
INFO: ReadHtmlCache Behavior ::run [ RunTime:0.000385s ]
INFO: [ app_begin ] --END-- [ RunTime:0.000464s ]
SQL: SHOW COLUMNS FROM `hd_blog` [ RunTime:0.002161s ]
NOTIC: [8] Undefined variable: field /Library/WebServer/Documents/hello/Index/Lib/Model/BlogRelationModel.class.php 第 23 行.
NOTIC: [8] Undefined variable: field /Library/WebServer/Documents/hello/Index/Lib/Model/BlogRelationModel.class.php 第 25 行.
NOTIC: [2] array_diff(): Argument #2 is not an array /Library/WebServer/Documents/hello/ThinkPHP/Lib/Core/Model.class.php 第 1432 行.
SQL: SELECT * FROM `hd_blog` WHERE ( `del` = 0 )  [ RunTime:0.006766s ]
SQL: SHOW COLUMNS FROM `hd_attr` [ RunTime:0.001110s ]
NOTIC: [8] Undefined index: mapping_order /Library/WebServer/Documents/hello/ThinkPHP/Extend/Model/RelationModel.class.php 第 188 行.
NOTIC: [8] Undefined index: mapping_limit /Library/WebServer/Documents/hello/ThinkPHP/Extend/Model/RelationModel.class.php 第 189 行.
SQL: SELECT b.* FROM hd_blog_attr AS a, hd_attr AS b WHERE a.aid = b.id AND a. bid='7' [ RunTime:0.001454s ]
SQL: SHOW COLUMNS FROM `hd_cate` [ RunTime:0.001052s ]
SQL: SELECT `name` FROM `hd_cate` WHERE ( 1=1 AND id='11' ) LIMIT 1   [ RunTime:0.000331s ]
NOTIC: [8] Undefined index: mapping_order /Library/WebServer/Documents/hello/ThinkPHP/Extend/Model/RelationModel.class.php 第 188 行.
NOTIC: [8] Undefined index: mapping_limit /Library/WebServer/Documents/hello/ThinkPHP/Extend/Model/RelationModel.class.php 第 189 行.
SQL: SELECT b.* FROM hd_blog_attr AS a, hd_attr AS b WHERE a.aid = b.id AND a. bid='23' [ RunTime:0.000227s ]
SQL: SELECT `name` FROM `hd_cate` WHERE ( 1=1 AND id='9' ) LIMIT 1   [ RunTime:0.000214s ]
INFO: [ view_parse ] --START--
INFO: ParseTemplate Behavior ::run [ RunTime:0.020877s ]
INFO: [ view_parse ] --END-- [ RunTime:0.020935s ]
INFO: [ view_filter ] --START--
INFO: ContentReplace Behavior ::run [ RunTime:0.000244s ]
INFO: TokenBuild Behavior ::run [ RunTime:0.000217s ]
INFO: WriteHtmlCache Behavior ::run [ RunTime:0.000120s ]
INFO: ShowRuntime Behavior ::run [ RunTime:0.000303s ]
INFO: [ view_filter ] --END-- [ RunTime:0.001031s ]
INFO: [ view_end ] --START--
INFO: ShowPageTrace Behavior ::run [ RunTime:0.000422s ]
INFO: [ view_end ] --END-- [ RunTime:0.000475s ]

[ 2015-05-03T17:20:45+08:00 ] 0.0.0.0 /hello/index.php/Admin/Blog/index
INFO: [ route_check ] --START--
INFO: CheckRoute Behavior ::run [ RunTime:0.001134s ]
INFO: [ route_check ] --END-- [ RunTime:0.001365s ]
INFO: [ app_begin ] --START--
INFO: ReadHtmlCache Behavior ::run [ RunTime:0.000407s ]
INFO: [ app_begin ] --END-- [ RunTime:0.000511s ]
SQL: SHOW COLUMNS FROM `hd_blog` [ RunTime:0.001399s ]
NOTIC: [8] Undefined variable: field /Library/WebServer/Documents/hello/Index/Lib/Model/BlogRelationModel.class.php 第 23 行.
NOTIC: [8] Undefined variable: field /Library/WebServer/Documents/hello/Index/Lib/Model/BlogRelationModel.class.php 第 25 行.
NOTIC: [2] array_diff(): Argument #2 is not an array /Library/WebServer/Documents/hello/ThinkPHP/Lib/Core/Model.class.php 第 1432 行.
SQL: SELECT * FROM `hd_blog` WHERE ( `del` = 0 )  [ RunTime:0.000417s ]
SQL: SHOW COLUMNS FROM `hd_attr` [ RunTime:0.001120s ]
NOTIC: [8] Undefined index: mapping_order /Library/WebServer/Documents/hello/ThinkPHP/Extend/Model/RelationModel.class.php 第 188 行.
NOTIC: [8] Undefined index: mapping_limit /Library/WebServer/Documents/hello/ThinkPHP/Extend/Model/RelationModel.class.php 第 189 行.
SQL: SELECT b.* FROM hd_blog_attr AS a, hd_attr AS b WHERE a.aid = b.id AND a. bid='7' [ RunTime:0.000338s ]
SQL: SHOW COLUMNS FROM `hd_cate` [ RunTime:0.001013s ]
SQL: SELECT `name` FROM `hd_cate` WHERE ( 1=1 AND id='11' ) LIMIT 1   [ RunTime:0.000247s ]
NOTIC: [8] Undefined index: mapping_order /Library/WebServer/Documents/hello/ThinkPHP/Extend/Model/RelationModel.class.php 第 188 行.
NOTIC: [8] Undefined index: mapping_limit /Library/WebServer/Documents/hello/ThinkPHP/Extend/Model/RelationModel.class.php 第 189 行.
SQL: SELECT b.* FROM hd_blog_attr AS a, hd_attr AS b WHERE a.aid = b.id AND a. bid='23' [ RunTime:0.000244s ]
SQL: SELECT `name` FROM `hd_cate` WHERE ( 1=1 AND id='9' ) LIMIT 1   [ RunTime:0.000168s ]
INFO: [ view_parse ] --START--
INFO: ParseTemplate Behavior ::run [ RunTime:0.013774s ]
INFO: [ view_parse ] --END-- [ RunTime:0.013835s ]
INFO: [ view_filter ] --START--
INFO: ContentReplace Behavior ::run [ RunTime:0.000285s ]
INFO: TokenBuild Behavior ::run [ RunTime:0.000232s ]
INFO: WriteHtmlCache Behavior ::run [ RunTime:0.000136s ]
INFO: ShowRuntime Behavior ::run [ RunTime:0.000305s ]
INFO: [ view_filter ] --END-- [ RunTime:0.001093s ]
INFO: [ view_end ] --START--
INFO: ShowPageTrace Behavior ::run [ RunTime:0.000446s ]
INFO: [ view_end ] --END-- [ RunTime:0.000494s ]

[ 2015-05-03T17:20:49+08:00 ] 0.0.0.0 /hello/index.php/Admin/Blog/blog
INFO: [ route_check ] --START--
INFO: CheckRoute Behavior ::run [ RunTime:0.000436s ]
INFO: [ route_check ] --END-- [ RunTime:0.000490s ]
INFO: [ app_begin ] --START--
INFO: ReadHtmlCache Behavior ::run [ RunTime:0.000269s ]
INFO: [ app_begin ] --END-- [ RunTime:0.000311s ]
SQL: SHOW COLUMNS FROM `hd_cate` [ RunTime:0.001332s ]
SQL: SELECT * FROM `hd_cate` ORDER BY sort  [ RunTime:0.000387s ]
SQL: SHOW COLUMNS FROM `hd_attr` [ RunTime:0.000907s ]
SQL: SELECT * FROM `hd_attr`  [ RunTime:0.000218s ]
INFO: [ view_parse ] --START--
INFO: ParseTemplate Behavior ::run [ RunTime:0.019386s ]
INFO: [ view_parse ] --END-- [ RunTime:0.019459s ]
INFO: [ view_filter ] --START--
INFO: ContentReplace Behavior ::run [ RunTime:0.000262s ]
INFO: TokenBuild Behavior ::run [ RunTime:0.000203s ]
INFO: WriteHtmlCache Behavior ::run [ RunTime:0.000129s ]
INFO: ShowRuntime Behavior ::run [ RunTime:0.000296s ]
INFO: [ view_filter ] --END-- [ RunTime:0.001002s ]
INFO: [ view_end ] --START--
INFO: ShowPageTrace Behavior ::run [ RunTime:0.000348s ]
INFO: [ view_end ] --END-- [ RunTime:0.000384s ]

[ 2015-05-03T17:20:49+08:00 ] 0.0.0.0 /hello/index.php/Admin/Blog/index
INFO: [ route_check ] --START--
INFO: CheckRoute Behavior ::run [ RunTime:0.000443s ]
INFO: [ route_check ] --END-- [ RunTime:0.000498s ]
INFO: [ app_begin ] --START--
INFO: ReadHtmlCache Behavior ::run [ RunTime:0.000302s ]
INFO: [ app_begin ] --END-- [ RunTime:0.000359s ]
SQL: SHOW COLUMNS FROM `hd_blog` [ RunTime:0.003071s ]
NOTIC: [8] Undefined variable: field /Library/WebServer/Documents/hello/Index/Lib/Model/BlogRelationModel.class.php 第 23 行.
NOTIC: [8] Undefined variable: field /Library/WebServer/Documents/hello/Index/Lib/Model/BlogRelationModel.class.php 第 25 行.
NOTIC: [2] array_diff(): Argument #2 is not an array /Library/WebServer/Documents/hello/ThinkPHP/Lib/Core/Model.class.php 第 1432 行.
SQL: SELECT * FROM `hd_blog` WHERE ( `del` = 0 )  [ RunTime:0.000307s ]
SQL: SHOW COLUMNS FROM `hd_attr` [ RunTime:0.000892s ]
NOTIC: [8] Undefined index: mapping_order /Library/WebServer/Documents/hello/ThinkPHP/Extend/Model/RelationModel.class.php 第 188 行.
NOTIC: [8] Undefined index: mapping_limit /Library/WebServer/Documents/hello/ThinkPHP/Extend/Model/RelationModel.class.php 第 189 行.
SQL: SELECT b.* FROM hd_blog_attr AS a, hd_attr AS b WHERE a.aid = b.id AND a. bid='7' [ RunTime:0.000295s ]
SQL: SHOW COLUMNS FROM `hd_cate` [ RunTime:0.000930s ]
SQL: SELECT `name` FROM `hd_cate` WHERE ( 1=1 AND id='11' ) LIMIT 1   [ RunTime:0.000212s ]
NOTIC: [8] Undefined index: mapping_order /Library/WebServer/Documents/hello/ThinkPHP/Extend/Model/RelationModel.class.php 第 188 行.
NOTIC: [8] Undefined index: mapping_limit /Library/WebServer/Documents/hello/ThinkPHP/Extend/Model/RelationModel.class.php 第 189 行.
SQL: SELECT b.* FROM hd_blog_attr AS a, hd_attr AS b WHERE a.aid = b.id AND a. bid='23' [ RunTime:0.000228s ]
SQL: SELECT `name` FROM `hd_cate` WHERE ( 1=1 AND id='9' ) LIMIT 1   [ RunTime:0.000221s ]
INFO: [ view_parse ] --START--
INFO: ParseTemplate Behavior ::run [ RunTime:0.012627s ]
INFO: [ view_parse ] --END-- [ RunTime:0.012688s ]
INFO: [ view_filter ] --START--
INFO: ContentReplace Behavior ::run [ RunTime:0.000245s ]
INFO: TokenBuild Behavior ::run [ RunTime:0.000193s ]
INFO: WriteHtmlCache Behavior ::run [ RunTime:0.000119s ]
INFO: ShowRuntime Behavior ::run [ RunTime:0.000244s ]
INFO: [ view_filter ] --END-- [ RunTime:0.000898s ]
INFO: [ view_end ] --START--
INFO: ShowPageTrace Behavior ::run [ RunTime:0.000337s ]
INFO: [ view_end ] --END-- [ RunTime:0.000370s ]

[ 2015-05-03T17:34:20+08:00 ] 0.0.0.0 /hello/index.php/Admin/MsgManage/index
INFO: [ route_check ] --START--
INFO: CheckRoute Behavior ::run [ RunTime:0.001020s ]
INFO: [ route_check ] --END-- [ RunTime:0.001171s ]
INFO: [ app_begin ] --START--
INFO: ReadHtmlCache Behavior ::run [ RunTime:0.000635s ]
INFO: [ app_begin ] --END-- [ RunTime:0.000756s ]
SQL: SHOW COLUMNS FROM `hd_blog` [ RunTime:0.002105s ]
NOTIC: [8] Undefined variable: field /Library/WebServer/Documents/hello/Index/Lib/Model/BlogRelationModel.class.php 第 23 行.
NOTIC: [8] Undefined variable: field /Library/WebServer/Documents/hello/Index/Lib/Model/BlogRelationModel.class.php 第 25 行.
NOTIC: [2] array_diff(): Argument #2 is not an array /Library/WebServer/Documents/hello/ThinkPHP/Lib/Core/Model.class.php 第 1432 行.
SQL: SELECT * FROM `hd_blog` WHERE ( `del` = 0 )  [ RunTime:0.000486s ]
SQL: SHOW COLUMNS FROM `hd_attr` [ RunTime:0.001031s ]
NOTIC: [8] Undefined index: mapping_order /Library/WebServer/Documents/hello/ThinkPHP/Extend/Model/RelationModel.class.php 第 188 行.
NOTIC: [8] Undefined index: mapping_limit /Library/WebServer/Documents/hello/ThinkPHP/Extend/Model/RelationModel.class.php 第 189 行.
SQL: SELECT b.* FROM hd_blog_attr AS a, hd_attr AS b WHERE a.aid = b.id AND a. bid='7' [ RunTime:0.000314s ]
SQL: SHOW COLUMNS FROM `hd_cate` [ RunTime:0.001022s ]
SQL: SELECT `name` FROM `hd_cate` WHERE ( 1=1 AND id='11' ) LIMIT 1   [ RunTime:0.000253s ]
NOTIC: [8] Undefined index: mapping_order /Library/WebServer/Documents/hello/ThinkPHP/Extend/Model/RelationModel.class.php 第 188 行.
NOTIC: [8] Undefined index: mapping_limit /Library/WebServer/Documents/hello/ThinkPHP/Extend/Model/RelationModel.class.php 第 189 行.
SQL: SELECT b.* FROM hd_blog_attr AS a, hd_attr AS b WHERE a.aid = b.id AND a. bid='23' [ RunTime:0.000278s ]
SQL: SELECT `name` FROM `hd_cate` WHERE ( 1=1 AND id='9' ) LIMIT 1   [ RunTime:0.000201s ]
SQL: SHOW COLUMNS FROM `hd_userblogs` [ RunTime:0.001251s ]
SQL: SELECT COUNT(*) AS tp_count FROM `hd_userblogs` LIMIT 1   [ RunTime:0.002353s ]
SQL: SELECT * FROM `hd_userblogs` ORDER BY time DESC LIMIT 0,1   [ RunTime:0.000468s ]
INFO: [ view_parse ] --START--
INFO: ParseTemplate Behavior ::run [ RunTime:0.029258s ]
INFO: [ view_parse ] --END-- [ RunTime:0.029327s ]
INFO: [ view_filter ] --START--
INFO: ContentReplace Behavior ::run [ RunTime:0.000650s ]
INFO: TokenBuild Behavior ::run [ RunTime:0.000424s ]
INFO: WriteHtmlCache Behavior ::run [ RunTime:0.000432s ]
INFO: ShowRuntime Behavior ::run [ RunTime:0.000575s ]
INFO: [ view_filter ] --END-- [ RunTime:0.002225s ]
INFO: [ view_end ] --START--
INFO: ShowPageTrace Behavior ::run [ RunTime:0.000613s ]
INFO: [ view_end ] --END-- [ RunTime:0.000661s ]

[ 2015-05-03T17:48:09+08:00 ] 0.0.0.0 /hello/index.php/Admin/Attribute/index
INFO: [ route_check ] --START--
INFO: CheckRoute Behavior ::run [ RunTime:0.003844s ]
INFO: [ route_check ] --END-- [ RunTime:0.006301s ]
INFO: [ app_begin ] --START--
INFO: ReadHtmlCache Behavior ::run [ RunTime:0.000653s ]
INFO: [ app_begin ] --END-- [ RunTime:0.000752s ]
SQL: SHOW COLUMNS FROM `hd_attr` [ RunTime:0.008193s ]
SQL: SELECT * FROM `hd_attr`  [ RunTime:0.006071s ]
INFO: [ view_parse ] --START--
INFO: ParseTemplate Behavior ::run [ RunTime:0.030569s ]
INFO: [ view_parse ] --END-- [ RunTime:0.030657s ]
INFO: [ view_filter ] --START--
INFO: ContentReplace Behavior ::run [ RunTime:0.000515s ]
INFO: TokenBuild Behavior ::run [ RunTime:0.000482s ]
INFO: WriteHtmlCache Behavior ::run [ RunTime:0.000402s ]
INFO: ShowRuntime Behavior ::run [ RunTime:0.000603s ]
INFO: [ view_filter ] --END-- [ RunTime:0.002161s ]
INFO: [ view_end ] --START--
INFO: ShowPageTrace Behavior ::run [ RunTime:0.000740s ]
INFO: [ view_end ] --END-- [ RunTime:0.000779s ]

[ 2015-05-03T17:48:10+08:00 ] 0.0.0.0 /hello/index.php/Admin/Attribute/addAttr
INFO: [ route_check ] --START--
INFO: CheckRoute Behavior ::run [ RunTime:0.000545s ]
INFO: [ route_check ] --END-- [ RunTime:0.000606s ]
INFO: [ app_begin ] --START--
INFO: ReadHtmlCache Behavior ::run [ RunTime:0.000275s ]
INFO: [ app_begin ] --END-- [ RunTime:0.000320s ]
INFO: [ view_parse ] --START--
INFO: ParseTemplate Behavior ::run [ RunTime:0.004951s ]
INFO: [ view_parse ] --END-- [ RunTime:0.005003s ]
INFO: [ view_filter ] --START--
INFO: ContentReplace Behavior ::run [ RunTime:0.000182s ]
INFO: TokenBuild Behavior ::run [ RunTime:0.000265s ]
INFO: WriteHtmlCache Behavior ::run [ RunTime:0.000176s ]
INFO: ShowRuntime Behavior ::run [ RunTime:0.000223s ]
INFO: [ view_filter ] --END-- [ RunTime:0.000976s ]
INFO: [ view_end ] --START--
INFO: ShowPageTrace Behavior ::run [ RunTime:0.000411s ]
INFO: [ view_end ] --END-- [ RunTime:0.000474s ]

[ 2015-05-03T17:48:12+08:00 ] 0.0.0.0 /hello/index.php/Admin/Attribute/index
INFO: [ route_check ] --START--
INFO: CheckRoute Behavior ::run [ RunTime:0.000449s ]
INFO: [ route_check ] --END-- [ RunTime:0.000507s ]
INFO: [ app_begin ] --START--
INFO: ReadHtmlCache Behavior ::run [ RunTime:0.000274s ]
INFO: [ app_begin ] --END-- [ RunTime:0.000319s ]
SQL: SHOW COLUMNS FROM `hd_attr` [ RunTime:0.001860s ]
SQL: SELECT * FROM `hd_attr`  [ RunTime:0.000415s ]
INFO: [ view_parse ] --START--
INFO: ParseTemplate Behavior ::run [ RunTime:0.006660s ]
INFO: [ view_parse ] --END-- [ RunTime:0.006731s ]
INFO: [ view_filter ] --START--
INFO: ContentReplace Behavior ::run [ RunTime:0.000191s ]
INFO: TokenBuild Behavior ::run [ RunTime:0.000233s ]
INFO: WriteHtmlCache Behavior ::run [ RunTime:0.000122s ]
INFO: ShowRuntime Behavior ::run [ RunTime:0.000237s ]
INFO: [ view_filter ] --END-- [ RunTime:0.000894s ]
INFO: [ view_end ] --START--
INFO: ShowPageTrace Behavior ::run [ RunTime:0.000322s ]
INFO: [ view_end ] --END-- [ RunTime:0.000355s ]

[ 2015-05-03T17:48:16+08:00 ] 0.0.0.0 /hello/index.php/Admin/Category/index
INFO: [ route_check ] --START--
INFO: CheckRoute Behavior ::run [ RunTime:0.000489s ]
INFO: [ route_check ] --END-- [ RunTime:0.000563s ]
INFO: [ app_begin ] --START--
INFO: ReadHtmlCache Behavior ::run [ RunTime:0.000272s ]
INFO: [ app_begin ] --END-- [ RunTime:0.000316s ]
SQL: SHOW COLUMNS FROM `hd_cate` [ RunTime:0.002389s ]
SQL: SELECT * FROM `hd_cate` ORDER BY sort ASC  [ RunTime:0.000852s ]
INFO: [ view_parse ] --START--
INFO: ParseTemplate Behavior ::run [ RunTime:0.021541s ]
INFO: [ view_parse ] --END-- [ RunTime:0.021637s ]
INFO: [ view_filter ] --START--
INFO: ContentReplace Behavior ::run [ RunTime:0.000252s ]
INFO: TokenBuild Behavior ::run [ RunTime:0.000205s ]
INFO: WriteHtmlCache Behavior ::run [ RunTime:0.000129s ]
INFO: ShowRuntime Behavior ::run [ RunTime:0.000267s ]
INFO: [ view_filter ] --END-- [ RunTime:0.000997s ]
INFO: [ view_end ] --START--
INFO: ShowPageTrace Behavior ::run [ RunTime:0.000430s ]
INFO: [ view_end ] --END-- [ RunTime:0.000478s ]

[ 2015-05-03T17:48:20+08:00 ] 0.0.0.0 /hello/index.php/Admin/Attribute/index
INFO: [ route_check ] --START--
INFO: CheckRoute Behavior ::run [ RunTime:0.000570s ]
INFO: [ route_check ] --END-- [ RunTime:0.000678s ]
INFO: [ app_begin ] --START--
INFO: ReadHtmlCache Behavior ::run [ RunTime:0.000370s ]
INFO: [ app_begin ] --END-- [ RunTime:0.000438s ]
SQL: SHOW COLUMNS FROM `hd_attr` [ RunTime:0.003382s ]
SQL: SELECT * FROM `hd_attr`  [ RunTime:0.000288s ]
INFO: [ view_parse ] --START--
INFO: ParseTemplate Behavior ::run [ RunTime:0.010929s ]
INFO: [ view_parse ] --END-- [ RunTime:0.010997s ]
INFO: [ view_filter ] --START--
INFO: ContentReplace Behavior ::run [ RunTime:0.000224s ]
INFO: TokenBuild Behavior ::run [ RunTime:0.000199s ]
INFO: WriteHtmlCache Behavior ::run [ RunTime:0.000118s ]
INFO: ShowRuntime Behavior ::run [ RunTime:0.000220s ]
INFO: [ view_filter ] --END-- [ RunTime:0.000862s ]
INFO: [ view_end ] --START--
INFO: ShowPageTrace Behavior ::run [ RunTime:0.000317s ]
INFO: [ view_end ] --END-- [ RunTime:0.000350s ]

[ 2015-05-03T18:00:20+08:00 ] 0.0.0.0 /hello/index.php/Admin/Category/index
INFO: [ route_check ] --START--
INFO: CheckRoute Behavior ::run [ RunTime:0.000946s ]
INFO: [ route_check ] --END-- [ RunTime:0.001085s ]
INFO: [ app_begin ] --START--
INFO: ReadHtmlCache Behavior ::run [ RunTime:0.000750s ]
INFO: [ app_begin ] --END-- [ RunTime:0.000858s ]
SQL: SHOW COLUMNS FROM `hd_cate` [ RunTime:0.002366s ]
SQL: SELECT * FROM `hd_cate` ORDER BY sort ASC  [ RunTime:0.000511s ]
INFO: [ view_parse ] --START--
INFO: ParseTemplate Behavior ::run [ RunTime:0.032329s ]
INFO: [ view_parse ] --END-- [ RunTime:0.032414s ]
INFO: [ view_filter ] --START--
INFO: ContentReplace Behavior ::run [ RunTime:0.000457s ]
INFO: TokenBuild Behavior ::run [ RunTime:0.000467s ]
INFO: WriteHtmlCache Behavior ::run [ RunTime:0.000399s ]
INFO: ShowRuntime Behavior ::run [ RunTime:0.000710s ]
INFO: [ view_filter ] --END-- [ RunTime:0.002196s ]
INFO: [ view_end ] --START--
INFO: ShowPageTrace Behavior ::run [ RunTime:0.000948s ]
INFO: [ view_end ] --END-- [ RunTime:0.001020s ]

