[ 2015-04-03T14:42:41+08:00 ] 0.0.0.0 /hello/index.php/blog
INFO: [ route_check ] --START--
INFO: CheckRoute Behavior ::run [ RunTime:0.001680s ]
INFO: [ route_check ] --END-- [ RunTime:0.001968s ]
INFO: [ app_begin ] --START--
INFO: ReadHtmlCache Behavior ::run [ RunTime:0.000782s ]
INFO: [ app_begin ] --END-- [ RunTime:0.000902s ]
NOTIC: [2] mysql_connect(): Connection refused /Library/WebServer/Documents/hello/ThinkPHP/Extend/Driver/Session/SessionDb.class.php 第 100 行.
NOTIC: [2] mysql_select_db() expects parameter 2 to be resource, boolean given /Library/WebServer/Documents/hello/ThinkPHP/Extend/Driver/Session/SessionDb.class.php 第 103 行.
NOTIC: [8] Undefined offset: 1 /Library/WebServer/Documents/hello/ThinkPHP/Extend/Driver/Session/SessionDb.class.php 第 129 行.
NOTIC: [2] mysql_query() expects parameter 2 to be resource, null given /Library/WebServer/Documents/hello/ThinkPHP/Extend/Driver/Session/SessionDb.class.php 第 130 行.
NOTIC: [8] Use of undefined constant index - assumed 'index' /Library/WebServer/Documents/hello/Index/Modules/Index/Action/blogAction.class.php 第 6 行.
INFO: [ view_parse ] --START--
INFO: ParseTemplate Behavior ::run [ RunTime:0.012553s ]
INFO: [ view_parse ] --END-- [ RunTime:0.012648s ]
INFO: [ view_filter ] --START--
INFO: ContentReplace Behavior ::run [ RunTime:0.000527s ]
INFO: TokenBuild Behavior ::run [ RunTime:0.000677s ]
INFO: WriteHtmlCache Behavior ::run [ RunTime:0.000368s ]
INFO: ShowRuntime Behavior ::run [ RunTime:0.000545s ]
INFO: [ view_filter ] --END-- [ RunTime:0.002291s ]
INFO: [ view_end ] --START--
INFO: ShowPageTrace Behavior ::run [ RunTime:0.000772s ]
INFO: [ view_end ] --END-- [ RunTime:0.000855s ]

[ 2015-04-03T14:42:44+08:00 ] 0.0.0.0 /hello/index.php/scripts/yoxview/yoxview.css
INFO: [ route_check ] --START--
INFO: CheckRoute Behavior ::run [ RunTime:0.000951s ]
INFO: [ route_check ] --END-- [ RunTime:0.001149s ]
INFO: [ app_begin ] --START--
INFO: ReadHtmlCache Behavior ::run [ RunTime:0.000361s ]
INFO: [ app_begin ] --END-- [ RunTime:0.000431s ]
NOTIC: [2] mysql_connect(): Connection refused /Library/WebServer/Documents/hello/ThinkPHP/Extend/Driver/Session/SessionDb.class.php 第 100 行.
NOTIC: [2] mysql_select_db() expects parameter 2 to be resource, boolean given /Library/WebServer/Documents/hello/ThinkPHP/Extend/Driver/Session/SessionDb.class.php 第 103 行.
NOTIC: [8] Undefined offset: 1 /Library/WebServer/Documents/hello/ThinkPHP/Extend/Driver/Session/SessionDb.class.php 第 129 行.
NOTIC: [2] mysql_query() expects parameter 2 to be resource, null given /Library/WebServer/Documents/hello/ThinkPHP/Extend/Driver/Session/SessionDb.class.php 第 130 行.
ERR: 无法加载模块:scripts

[ 2015-04-03T14:51:13+08:00 ] 0.0.0.0 /hello/index.php/blog
INFO: [ route_check ] --START--
INFO: CheckRoute Behavior ::run [ RunTime:0.000857s ]
INFO: [ route_check ] --END-- [ RunTime:0.001047s ]
INFO: [ app_begin ] --START--
INFO: ReadHtmlCache Behavior ::run [ RunTime:0.000589s ]
INFO: [ app_begin ] --END-- [ RunTime:0.000683s ]
NOTIC: [2] mysql_connect(): Connection refused /Library/WebServer/Documents/hello/ThinkPHP/Extend/Driver/Session/SessionDb.class.php 第 100 行.
NOTIC: [2] mysql_select_db() expects parameter 2 to be resource, boolean given /Library/WebServer/Documents/hello/ThinkPHP/Extend/Driver/Session/SessionDb.class.php 第 103 行.
NOTIC: [8] Undefined offset: 1 /Library/WebServer/Documents/hello/ThinkPHP/Extend/Driver/Session/SessionDb.class.php 第 129 行.
NOTIC: [2] mysql_query() expects parameter 2 to be resource, null given /Library/WebServer/Documents/hello/ThinkPHP/Extend/Driver/Session/SessionDb.class.php 第 130 行.
NOTIC: [8] Use of undefined constant index - assumed 'index' /Library/WebServer/Documents/hello/Index/Modules/Index/Action/blogAction.class.php 第 6 行.
INFO: [ view_parse ] --START--
INFO: ParseTemplate Behavior ::run [ RunTime:0.013240s ]
INFO: [ view_parse ] --END-- [ RunTime:0.013341s ]
INFO: [ view_filter ] --START--
INFO: ContentReplace Behavior ::run [ RunTime:0.000395s ]
INFO: TokenBuild Behavior ::run [ RunTime:0.000427s ]
INFO: WriteHtmlCache Behavior ::run [ RunTime:0.000151s ]
INFO: ShowRuntime Behavior ::run [ RunTime:0.000288s ]
INFO: [ view_filter ] --END-- [ RunTime:0.001411s ]
INFO: [ view_end ] --START--
INFO: ShowPageTrace Behavior ::run [ RunTime:0.000684s ]
INFO: [ view_end ] --END-- [ RunTime:0.000784s ]

[ 2015-04-03T14:51:13+08:00 ] 0.0.0.0 /hello/index.php/style.css
INFO: [ route_check ] --START--
INFO: CheckRoute Behavior ::run [ RunTime:0.000693s ]
INFO: [ route_check ] --END-- [ RunTime:0.000785s ]
INFO: [ app_begin ] --START--
INFO: ReadHtmlCache Behavior ::run [ RunTime:0.000440s ]
INFO: [ app_begin ] --END-- [ RunTime:0.000513s ]
NOTIC: [2] mysql_connect(): Connection refused /Library/WebServer/Documents/hello/ThinkPHP/Extend/Driver/Session/SessionDb.class.php 第 100 行.
NOTIC: [2] mysql_select_db() expects parameter 2 to be resource, boolean given /Library/WebServer/Documents/hello/ThinkPHP/Extend/Driver/Session/SessionDb.class.php 第 103 行.
NOTIC: [8] Undefined offset: 1 /Library/WebServer/Documents/hello/ThinkPHP/Extend/Driver/Session/SessionDb.class.php 第 129 行.
NOTIC: [2] mysql_query() expects parameter 2 to be resource, null given /Library/WebServer/Documents/hello/ThinkPHP/Extend/Driver/Session/SessionDb.class.php 第 130 行.
NOTIC: [8] Undefined variable: group /Library/WebServer/Documents/hello/ThinkPHP/Lib/Core/App.class.php 第 102 行.
ERR: 无法加载模块:style.css

[ 2015-04-03T14:51:13+08:00 ] 0.0.0.0 /hello/index.php/style/js/jquery.prettyPhoto.js
INFO: [ route_check ] --START--
INFO: CheckRoute Behavior ::run [ RunTime:0.000866s ]
INFO: [ route_check ] --END-- [ RunTime:0.001034s ]
INFO: [ app_begin ] --START--
INFO: ReadHtmlCache Behavior ::run [ RunTime:0.000489s ]
INFO: [ app_begin ] --END-- [ RunTime:0.000579s ]
NOTIC: [2] mysql_connect(): Connection refused /Library/WebServer/Documents/hello/ThinkPHP/Extend/Driver/Session/SessionDb.class.php 第 100 行.
NOTIC: [2] mysql_select_db() expects parameter 2 to be resource, boolean given /Library/WebServer/Documents/hello/ThinkPHP/Extend/Driver/Session/SessionDb.class.php 第 103 行.
NOTIC: [8] Undefined offset: 1 /Library/WebServer/Documents/hello/ThinkPHP/Extend/Driver/Session/SessionDb.class.php 第 129 行.
NOTIC: [2] mysql_query() expects parameter 2 to be resource, null given /Library/WebServer/Documents/hello/ThinkPHP/Extend/Driver/Session/SessionDb.class.php 第 130 行.
ERR: 无法加载模块:style

[ 2015-04-03T14:51:13+08:00 ] 0.0.0.0 /hello/index.php/style/js/ddsmoothmenu.js
INFO: [ route_check ] --START--
INFO: CheckRoute Behavior ::run [ RunTime:0.000754s ]
INFO: [ route_check ] --END-- [ RunTime:0.000844s ]
INFO: [ app_begin ] --START--
INFO: ReadHtmlCache Behavior ::run [ RunTime:0.000491s ]
INFO: [ app_begin ] --END-- [ RunTime:0.000569s ]
NOTIC: [2] mysql_connect(): Connection refused /Library/WebServer/Documents/hello/ThinkPHP/Extend/Driver/Session/SessionDb.class.php 第 100 行.
NOTIC: [2] mysql_select_db() expects parameter 2 to be resource, boolean given /Library/WebServer/Documents/hello/ThinkPHP/Extend/Driver/Session/SessionDb.class.php 第 103 行.
NOTIC: [8] Undefined offset: 1 /Library/WebServer/Documents/hello/ThinkPHP/Extend/Driver/Session/SessionDb.class.php 第 129 行.
NOTIC: [2] mysql_query() expects parameter 2 to be resource, null given /Library/WebServer/Documents/hello/ThinkPHP/Extend/Driver/Session/SessionDb.class.php 第 130 行.
ERR: 无法加载模块:style

[ 2015-04-03T14:51:13+08:00 ] 0.0.0.0 /hello/index.php/style/js/jquery.jcarousel.js
INFO: [ route_check ] --START--
INFO: CheckRoute Behavior ::run [ RunTime:0.000817s ]
INFO: [ route_check ] --END-- [ RunTime:0.001021s ]
INFO: [ app_begin ] --START--
INFO: ReadHtmlCache Behavior ::run [ RunTime:0.000502s ]
INFO: [ app_begin ] --END-- [ RunTime:0.000598s ]
NOTIC: [2] mysql_connect(): Connection refused /Library/WebServer/Documents/hello/ThinkPHP/Extend/Driver/Session/SessionDb.class.php 第 100 行.
NOTIC: [2] mysql_select_db() expects parameter 2 to be resource, boolean given /Library/WebServer/Documents/hello/ThinkPHP/Extend/Driver/Session/SessionDb.class.php 第 103 行.
NOTIC: [8] Undefined offset: 1 /Library/WebServer/Documents/hello/ThinkPHP/Extend/Driver/Session/SessionDb.class.php 第 129 行.
NOTIC: [2] mysql_query() expects parameter 2 to be resource, null given /Library/WebServer/Documents/hello/ThinkPHP/Extend/Driver/Session/SessionDb.class.php 第 130 行.
ERR: 无法加载模块:style

[ 2015-04-03T14:51:13+08:00 ] 0.0.0.0 /hello/index.php/style/js/carousel.js
INFO: [ route_check ] --START--
INFO: CheckRoute Behavior ::run [ RunTime:0.001032s ]
INFO: [ route_check ] --END-- [ RunTime:0.001210s ]
INFO: [ app_begin ] --START--
INFO: ReadHtmlCache Behavior ::run [ RunTime:0.000909s ]
INFO: [ app_begin ] --END-- [ RunTime:0.001008s ]
NOTIC: [2] mysql_connect(): Connection refused /Library/WebServer/Documents/hello/ThinkPHP/Extend/Driver/Session/SessionDb.class.php 第 100 行.
NOTIC: [2] mysql_select_db() expects parameter 2 to be resource, boolean given /Library/WebServer/Documents/hello/ThinkPHP/Extend/Driver/Session/SessionDb.class.php 第 103 行.
NOTIC: [8] Undefined offset: 1 /Library/WebServer/Documents/hello/ThinkPHP/Extend/Driver/Session/SessionDb.class.php 第 129 行.
NOTIC: [2] mysql_query() expects parameter 2 to be resource, null given /Library/WebServer/Documents/hello/ThinkPHP/Extend/Driver/Session/SessionDb.class.php 第 130 行.
ERR: 无法加载模块:style

[ 2015-04-03T14:51:13+08:00 ] 0.0.0.0 /hello/index.php/style/js/jquery-1.6.4.min.js
INFO: [ route_check ] --START--
INFO: CheckRoute Behavior ::run [ RunTime:0.000799s ]
INFO: [ route_check ] --END-- [ RunTime:0.000986s ]
INFO: [ app_begin ] --START--
INFO: ReadHtmlCache Behavior ::run [ RunTime:0.000497s ]
INFO: [ app_begin ] --END-- [ RunTime:0.000589s ]
NOTIC: [2] mysql_connect(): Connection refused /Library/WebServer/Documents/hello/ThinkPHP/Extend/Driver/Session/SessionDb.class.php 第 100 行.
NOTIC: [2] mysql_select_db() expects parameter 2 to be resource, boolean given /Library/WebServer/Documents/hello/ThinkPHP/Extend/Driver/Session/SessionDb.class.php 第 103 行.
NOTIC: [8] Undefined offset: 1 /Library/WebServer/Documents/hello/ThinkPHP/Extend/Driver/Session/SessionDb.class.php 第 129 行.
NOTIC: [2] mysql_query() expects parameter 2 to be resource, null given /Library/WebServer/Documents/hello/ThinkPHP/Extend/Driver/Session/SessionDb.class.php 第 130 行.
ERR: 无法加载模块:style

[ 2015-04-03T14:51:13+08:00 ] 0.0.0.0 /hello/index.php/style/js/jquery.flexslider-min.js
INFO: [ route_check ] --START--
INFO: CheckRoute Behavior ::run [ RunTime:0.000743s ]
INFO: [ route_check ] --END-- [ RunTime:0.000837s ]
INFO: [ app_begin ] --START--
INFO: ReadHtmlCache Behavior ::run [ RunTime:0.000497s ]
INFO: [ app_begin ] --END-- [ RunTime:0.000578s ]
NOTIC: [2] mysql_connect(): Connection refused /Library/WebServer/Documents/hello/ThinkPHP/Extend/Driver/Session/SessionDb.class.php 第 100 行.
NOTIC: [2] mysql_select_db() expects parameter 2 to be resource, boolean given /Library/WebServer/Documents/hello/ThinkPHP/Extend/Driver/Session/SessionDb.class.php 第 103 行.
NOTIC: [8] Undefined offset: 1 /Library/WebServer/Documents/hello/ThinkPHP/Extend/Driver/Session/SessionDb.class.php 第 129 行.
NOTIC: [2] mysql_query() expects parameter 2 to be resource, null given /Library/WebServer/Documents/hello/ThinkPHP/Extend/Driver/Session/SessionDb.class.php 第 130 行.
ERR: 无法加载模块:style

[ 2015-04-03T14:51:13+08:00 ] 0.0.0.0 /hello/index.php/style/js/jquery.masonry.min.js
INFO: [ route_check ] --START--
INFO: CheckRoute Behavior ::run [ RunTime:0.000953s ]
INFO: [ route_check ] --END-- [ RunTime:0.001054s ]
INFO: [ app_begin ] --START--
INFO: ReadHtmlCache Behavior ::run [ RunTime:0.000516s ]
INFO: [ app_begin ] --END-- [ RunTime:0.000599s ]
NOTIC: [2] mysql_connect(): Connection refused /Library/WebServer/Documents/hello/ThinkPHP/Extend/Driver/Session/SessionDb.class.php 第 100 行.
NOTIC: [2] mysql_select_db() expects parameter 2 to be resource, boolean given /Library/WebServer/Documents/hello/ThinkPHP/Extend/Driver/Session/SessionDb.class.php 第 103 行.
NOTIC: [8] Undefined offset: 1 /Library/WebServer/Documents/hello/ThinkPHP/Extend/Driver/Session/SessionDb.class.php 第 129 行.
NOTIC: [2] mysql_query() expects parameter 2 to be resource, null given /Library/WebServer/Documents/hello/ThinkPHP/Extend/Driver/Session/SessionDb.class.php 第 130 行.
ERR: 无法加载模块:style

[ 2015-04-03T14:51:13+08:00 ] 0.0.0.0 /hello/index.php/style/js/jquery.slickforms.js
INFO: [ route_check ] --START--
INFO: CheckRoute Behavior ::run [ RunTime:0.000707s ]
INFO: [ route_check ] --END-- [ RunTime:0.000797s ]
INFO: [ app_begin ] --START--
INFO: ReadHtmlCache Behavior ::run [ RunTime:0.000459s ]
INFO: [ app_begin ] --END-- [ RunTime:0.000534s ]
NOTIC: [2] mysql_connect(): Connection refused /Library/WebServer/Documents/hello/ThinkPHP/Extend/Driver/Session/SessionDb.class.php 第 100 行.
NOTIC: [2] mysql_select_db() expects parameter 2 to be resource, boolean given /Library/WebServer/Documents/hello/ThinkPHP/Extend/Driver/Session/SessionDb.class.php 第 103 行.
NOTIC: [8] Undefined offset: 1 /Library/WebServer/Documents/hello/ThinkPHP/Extend/Driver/Session/SessionDb.class.php 第 129 行.
NOTIC: [2] mysql_query() expects parameter 2 to be resource, null given /Library/WebServer/Documents/hello/ThinkPHP/Extend/Driver/Session/SessionDb.class.php 第 130 行.
ERR: 无法加载模块:style

[ 2015-04-03T14:51:13+08:00 ] 0.0.0.0 /hello/index.php/style/js/scripts.js
INFO: [ route_check ] --START--
INFO: CheckRoute Behavior ::run [ RunTime:0.000707s ]
INFO: [ route_check ] --END-- [ RunTime:0.000793s ]
INFO: [ app_begin ] --START--
INFO: ReadHtmlCache Behavior ::run [ RunTime:0.000453s ]
INFO: [ app_begin ] --END-- [ RunTime:0.000525s ]
NOTIC: [2] mysql_connect(): Connection refused /Library/WebServer/Documents/hello/ThinkPHP/Extend/Driver/Session/SessionDb.class.php 第 100 行.
NOTIC: [2] mysql_select_db() expects parameter 2 to be resource, boolean given /Library/WebServer/Documents/hello/ThinkPHP/Extend/Driver/Session/SessionDb.class.php 第 103 行.
NOTIC: [8] Undefined offset: 1 /Library/WebServer/Documents/hello/ThinkPHP/Extend/Driver/Session/SessionDb.class.php 第 129 行.
NOTIC: [2] mysql_query() expects parameter 2 to be resource, null given /Library/WebServer/Documents/hello/ThinkPHP/Extend/Driver/Session/SessionDb.class.php 第 130 行.
ERR: 无法加载模块:style

[ 2015-04-03T14:51:13+08:00 ] 0.0.0.0 /hello/index.php/style/js/jquery.corner.js
INFO: [ route_check ] --START--
INFO: CheckRoute Behavior ::run [ RunTime:0.000702s ]
INFO: [ route_check ] --END-- [ RunTime:0.000783s ]
INFO: [ app_begin ] --START--
INFO: ReadHtmlCache Behavior ::run [ RunTime:0.000478s ]
INFO: [ app_begin ] --END-- [ RunTime:0.000563s ]
NOTIC: [2] mysql_connect(): Connection refused /Library/WebServer/Documents/hello/ThinkPHP/Extend/Driver/Session/SessionDb.class.php 第 100 行.
NOTIC: [2] mysql_select_db() expects parameter 2 to be resource, boolean given /Library/WebServer/Documents/hello/ThinkPHP/Extend/Driver/Session/SessionDb.class.php 第 103 行.
NOTIC: [8] Undefined offset: 1 /Library/WebServer/Documents/hello/ThinkPHP/Extend/Driver/Session/SessionDb.class.php 第 129 行.
NOTIC: [2] mysql_query() expects parameter 2 to be resource, null given /Library/WebServer/Documents/hello/ThinkPHP/Extend/Driver/Session/SessionDb.class.php 第 130 行.
ERR: 无法加载模块:style

[ 2015-04-03T14:57:19+08:00 ] 0.0.0.0 /hello/index.php/blog
INFO: [ route_check ] --START--
INFO: CheckRoute Behavior ::run [ RunTime:0.000541s ]
INFO: [ route_check ] --END-- [ RunTime:0.000675s ]
INFO: [ app_begin ] --START--
INFO: ReadHtmlCache Behavior ::run [ RunTime:0.000327s ]
INFO: [ app_begin ] --END-- [ RunTime:0.000389s ]
NOTIC: [2] mysql_connect(): Connection refused /Library/WebServer/Documents/hello/ThinkPHP/Extend/Driver/Session/SessionDb.class.php 第 100 行.
NOTIC: [2] mysql_select_db() expects parameter 2 to be resource, boolean given /Library/WebServer/Documents/hello/ThinkPHP/Extend/Driver/Session/SessionDb.class.php 第 103 行.
NOTIC: [8] Undefined offset: 1 /Library/WebServer/Documents/hello/ThinkPHP/Extend/Driver/Session/SessionDb.class.php 第 129 行.
NOTIC: [2] mysql_query() expects parameter 2 to be resource, null given /Library/WebServer/Documents/hello/ThinkPHP/Extend/Driver/Session/SessionDb.class.php 第 130 行.
NOTIC: [8] Use of undefined constant index - assumed 'index' /Library/WebServer/Documents/hello/Index/Modules/Index/Action/blogAction.class.php 第 6 行.
INFO: [ view_parse ] --START--
INFO: ParseTemplate Behavior ::run [ RunTime:0.011386s ]
INFO: [ view_parse ] --END-- [ RunTime:0.011471s ]
INFO: [ view_filter ] --START--
INFO: ContentReplace Behavior ::run [ RunTime:0.000369s ]
INFO: TokenBuild Behavior ::run [ RunTime:0.000491s ]
INFO: WriteHtmlCache Behavior ::run [ RunTime:0.000212s ]
INFO: ShowRuntime Behavior ::run [ RunTime:0.000445s ]
INFO: [ view_filter ] --END-- [ RunTime:0.001694s ]
INFO: [ view_end ] --START--
INFO: ShowPageTrace Behavior ::run [ RunTime:0.000569s ]
INFO: [ view_end ] --END-- [ RunTime:0.000634s ]

[ 2015-04-03T14:57:19+08:00 ] 0.0.0.0 /hello/index.php/style.css
INFO: [ route_check ] --START--
INFO: CheckRoute Behavior ::run [ RunTime:0.000770s ]
INFO: [ route_check ] --END-- [ RunTime:0.000872s ]
INFO: [ app_begin ] --START--
INFO: ReadHtmlCache Behavior ::run [ RunTime:0.000510s ]
INFO: [ app_begin ] --END-- [ RunTime:0.000594s ]
NOTIC: [2] mysql_connect(): Connection refused /Library/WebServer/Documents/hello/ThinkPHP/Extend/Driver/Session/SessionDb.class.php 第 100 行.
NOTIC: [2] mysql_select_db() expects parameter 2 to be resource, boolean given /Library/WebServer/Documents/hello/ThinkPHP/Extend/Driver/Session/SessionDb.class.php 第 103 行.
NOTIC: [8] Undefined offset: 1 /Library/WebServer/Documents/hello/ThinkPHP/Extend/Driver/Session/SessionDb.class.php 第 129 行.
NOTIC: [2] mysql_query() expects parameter 2 to be resource, null given /Library/WebServer/Documents/hello/ThinkPHP/Extend/Driver/Session/SessionDb.class.php 第 130 行.
NOTIC: [8] Undefined variable: group /Library/WebServer/Documents/hello/ThinkPHP/Lib/Core/App.class.php 第 102 行.
ERR: 无法加载模块:style.css

[ 2015-04-03T14:57:19+08:00 ] 0.0.0.0 /hello/index.php/style/js/scripts.js
INFO: [ route_check ] --START--
INFO: CheckRoute Behavior ::run [ RunTime:0.000768s ]
INFO: [ route_check ] --END-- [ RunTime:0.000869s ]
INFO: [ app_begin ] --START--
INFO: ReadHtmlCache Behavior ::run [ RunTime:0.000659s ]
INFO: [ app_begin ] --END-- [ RunTime:0.000769s ]
NOTIC: [2] mysql_connect(): Connection refused /Library/WebServer/Documents/hello/ThinkPHP/Extend/Driver/Session/SessionDb.class.php 第 100 行.
NOTIC: [2] mysql_select_db() expects parameter 2 to be resource, boolean given /Library/WebServer/Documents/hello/ThinkPHP/Extend/Driver/Session/SessionDb.class.php 第 103 行.
NOTIC: [8] Undefined offset: 1 /Library/WebServer/Documents/hello/ThinkPHP/Extend/Driver/Session/SessionDb.class.php 第 129 行.
NOTIC: [2] mysql_query() expects parameter 2 to be resource, null given /Library/WebServer/Documents/hello/ThinkPHP/Extend/Driver/Session/SessionDb.class.php 第 130 行.
ERR: 无法加载模块:style

[ 2015-04-03T14:57:19+08:00 ] 0.0.0.0 /hello/index.php/style/js/jquery.corner.js
INFO: [ route_check ] --START--
INFO: CheckRoute Behavior ::run [ RunTime:0.000774s ]
INFO: [ route_check ] --END-- [ RunTime:0.000877s ]
INFO: [ app_begin ] --START--
INFO: ReadHtmlCache Behavior ::run [ RunTime:0.000517s ]
INFO: [ app_begin ] --END-- [ RunTime:0.000598s ]
NOTIC: [2] mysql_connect(): Connection refused /Library/WebServer/Documents/hello/ThinkPHP/Extend/Driver/Session/SessionDb.class.php 第 100 行.
NOTIC: [2] mysql_select_db() expects parameter 2 to be resource, boolean given /Library/WebServer/Documents/hello/ThinkPHP/Extend/Driver/Session/SessionDb.class.php 第 103 行.
NOTIC: [8] Undefined offset: 1 /Library/WebServer/Documents/hello/ThinkPHP/Extend/Driver/Session/SessionDb.class.php 第 129 行.
NOTIC: [2] mysql_query() expects parameter 2 to be resource, null given /Library/WebServer/Documents/hello/ThinkPHP/Extend/Driver/Session/SessionDb.class.php 第 130 行.
ERR: 无法加载模块:style

[ 2015-04-03T15:01:48+08:00 ] 0.0.0.0 /hello/index.php/blog
INFO: [ route_check ] --START--
INFO: CheckRoute Behavior ::run [ RunTime:0.000730s ]
INFO: [ route_check ] --END-- [ RunTime:0.000902s ]
INFO: [ app_begin ] --START--
INFO: ReadHtmlCache Behavior ::run [ RunTime:0.000683s ]
INFO: [ app_begin ] --END-- [ RunTime:0.000761s ]
NOTIC: [2] mysql_connect(): Connection refused /Library/WebServer/Documents/hello/ThinkPHP/Extend/Driver/Session/SessionDb.class.php 第 100 行.
NOTIC: [2] mysql_select_db() expects parameter 2 to be resource, boolean given /Library/WebServer/Documents/hello/ThinkPHP/Extend/Driver/Session/SessionDb.class.php 第 103 行.
NOTIC: [8] Undefined offset: 1 /Library/WebServer/Documents/hello/ThinkPHP/Extend/Driver/Session/SessionDb.class.php 第 129 行.
NOTIC: [2] mysql_query() expects parameter 2 to be resource, null given /Library/WebServer/Documents/hello/ThinkPHP/Extend/Driver/Session/SessionDb.class.php 第 130 行.
NOTIC: [8] Use of undefined constant index - assumed 'index' /Library/WebServer/Documents/hello/Index/Modules/Index/Action/blogAction.class.php 第 6 行.
INFO: [ view_parse ] --START--
INFO: ParseTemplate Behavior ::run [ RunTime:0.010727s ]
INFO: [ view_parse ] --END-- [ RunTime:0.010803s ]
INFO: [ view_filter ] --START--
INFO: ContentReplace Behavior ::run [ RunTime:0.000331s ]
INFO: TokenBuild Behavior ::run [ RunTime:0.000441s ]
INFO: WriteHtmlCache Behavior ::run [ RunTime:0.000198s ]
INFO: ShowRuntime Behavior ::run [ RunTime:0.000397s ]
INFO: [ view_filter ] --END-- [ RunTime:0.001538s ]
INFO: [ view_end ] --START--
INFO: ShowPageTrace Behavior ::run [ RunTime:0.000663s ]
INFO: [ view_end ] --END-- [ RunTime:0.000738s ]

[ 2015-04-03T15:01:48+08:00 ] 0.0.0.0 /hello/index.php/style.css
INFO: [ route_check ] --START--
INFO: CheckRoute Behavior ::run [ RunTime:0.000790s ]
INFO: [ route_check ] --END-- [ RunTime:0.000890s ]
INFO: [ app_begin ] --START--
INFO: ReadHtmlCache Behavior ::run [ RunTime:0.000496s ]
INFO: [ app_begin ] --END-- [ RunTime:0.000574s ]
NOTIC: [2] mysql_connect(): Connection refused /Library/WebServer/Documents/hello/ThinkPHP/Extend/Driver/Session/SessionDb.class.php 第 100 行.
NOTIC: [2] mysql_select_db() expects parameter 2 to be resource, boolean given /Library/WebServer/Documents/hello/ThinkPHP/Extend/Driver/Session/SessionDb.class.php 第 103 行.
NOTIC: [8] Undefined offset: 1 /Library/WebServer/Documents/hello/ThinkPHP/Extend/Driver/Session/SessionDb.class.php 第 129 行.
NOTIC: [2] mysql_query() expects parameter 2 to be resource, null given /Library/WebServer/Documents/hello/ThinkPHP/Extend/Driver/Session/SessionDb.class.php 第 130 行.
NOTIC: [8] Undefined variable: group /Library/WebServer/Documents/hello/ThinkPHP/Lib/Core/App.class.php 第 102 行.
ERR: 无法加载模块:style.css

[ 2015-04-03T15:07:05+08:00 ] 0.0.0.0 /hello/index.php/blog
INFO: [ route_check ] --START--
INFO: CheckRoute Behavior ::run [ RunTime:0.000507s ]
INFO: [ route_check ] --END-- [ RunTime:0.000571s ]
INFO: [ app_begin ] --START--
INFO: ReadHtmlCache Behavior ::run [ RunTime:0.000301s ]
INFO: [ app_begin ] --END-- [ RunTime:0.000349s ]
NOTIC: [2] mysql_connect(): Connection refused /Library/WebServer/Documents/hello/ThinkPHP/Extend/Driver/Session/SessionDb.class.php 第 100 行.
NOTIC: [2] mysql_select_db() expects parameter 2 to be resource, boolean given /Library/WebServer/Documents/hello/ThinkPHP/Extend/Driver/Session/SessionDb.class.php 第 103 行.
NOTIC: [8] Undefined offset: 1 /Library/WebServer/Documents/hello/ThinkPHP/Extend/Driver/Session/SessionDb.class.php 第 129 行.
NOTIC: [2] mysql_query() expects parameter 2 to be resource, null given /Library/WebServer/Documents/hello/ThinkPHP/Extend/Driver/Session/SessionDb.class.php 第 130 行.
NOTIC: [8] Use of undefined constant index - assumed 'index' /Library/WebServer/Documents/hello/Index/Modules/Index/Action/blogAction.class.php 第 6 行.
INFO: [ view_parse ] --START--
INFO: ParseTemplate Behavior ::run [ RunTime:0.015875s ]
INFO: [ view_parse ] --END-- [ RunTime:0.016002s ]
INFO: [ view_filter ] --START--
INFO: ContentReplace Behavior ::run [ RunTime:0.000389s ]
INFO: TokenBuild Behavior ::run [ RunTime:0.000545s ]
INFO: WriteHtmlCache Behavior ::run [ RunTime:0.000212s ]
INFO: ShowRuntime Behavior ::run [ RunTime:0.000446s ]
INFO: [ view_filter ] --END-- [ RunTime:0.001772s ]
INFO: [ view_end ] --START--
INFO: ShowPageTrace Behavior ::run [ RunTime:0.000550s ]
INFO: [ view_end ] --END-- [ RunTime:0.000620s ]

[ 2015-04-03T15:14:06+08:00 ] 0.0.0.0 /hello/index.php/blog
INFO: [ route_check ] --START--
INFO: CheckRoute Behavior ::run [ RunTime:0.000492s ]
INFO: [ route_check ] --END-- [ RunTime:0.000564s ]
INFO: [ app_begin ] --START--
INFO: ReadHtmlCache Behavior ::run [ RunTime:0.000506s ]
INFO: [ app_begin ] --END-- [ RunTime:0.000595s ]
NOTIC: [2] mysql_connect(): Connection refused /Library/WebServer/Documents/hello/ThinkPHP/Extend/Driver/Session/SessionDb.class.php 第 100 行.
NOTIC: [2] mysql_select_db() expects parameter 2 to be resource, boolean given /Library/WebServer/Documents/hello/ThinkPHP/Extend/Driver/Session/SessionDb.class.php 第 103 行.
NOTIC: [8] Undefined offset: 1 /Library/WebServer/Documents/hello/ThinkPHP/Extend/Driver/Session/SessionDb.class.php 第 129 行.
NOTIC: [2] mysql_query() expects parameter 2 to be resource, null given /Library/WebServer/Documents/hello/ThinkPHP/Extend/Driver/Session/SessionDb.class.php 第 130 行.
NOTIC: [8] Use of undefined constant index - assumed 'index' /Library/WebServer/Documents/hello/Index/Modules/Index/Action/blogAction.class.php 第 6 行.
INFO: [ view_parse ] --START--
INFO: ParseTemplate Behavior ::run [ RunTime:0.012267s ]
INFO: [ view_parse ] --END-- [ RunTime:0.012349s ]
INFO: [ view_filter ] --START--
INFO: ContentReplace Behavior ::run [ RunTime:0.000271s ]
INFO: TokenBuild Behavior ::run [ RunTime:0.000328s ]
INFO: WriteHtmlCache Behavior ::run [ RunTime:0.000146s ]
INFO: ShowRuntime Behavior ::run [ RunTime:0.000324s ]
INFO: [ view_filter ] --END-- [ RunTime:0.001183s ]
INFO: [ view_end ] --START--
INFO: ShowPageTrace Behavior ::run [ RunTime:0.000650s ]
INFO: [ view_end ] --END-- [ RunTime:0.000737s ]

[ 2015-04-03T15:16:09+08:00 ] 0.0.0.0 /hello/index.php/index.html
INFO: [ route_check ] --START--
INFO: CheckRoute Behavior ::run [ RunTime:0.000456s ]
INFO: [ route_check ] --END-- [ RunTime:0.000520s ]
INFO: [ app_begin ] --START--
INFO: ReadHtmlCache Behavior ::run [ RunTime:0.000295s ]
INFO: [ app_begin ] --END-- [ RunTime:0.000342s ]
NOTIC: [2] mysql_connect(): Connection refused /Library/WebServer/Documents/hello/ThinkPHP/Extend/Driver/Session/SessionDb.class.php 第 100 行.
NOTIC: [2] mysql_select_db() expects parameter 2 to be resource, boolean given /Library/WebServer/Documents/hello/ThinkPHP/Extend/Driver/Session/SessionDb.class.php 第 103 行.
NOTIC: [8] Undefined offset: 1 /Library/WebServer/Documents/hello/ThinkPHP/Extend/Driver/Session/SessionDb.class.php 第 129 行.
NOTIC: [2] mysql_query() expects parameter 2 to be resource, null given /Library/WebServer/Documents/hello/ThinkPHP/Extend/Driver/Session/SessionDb.class.php 第 130 行.
ERR: 无法加载模块:Index

[ 2015-04-03T15:16:11+08:00 ] 0.0.0.0 /hello/index.php/index.html
INFO: [ route_check ] --START--
INFO: CheckRoute Behavior ::run [ RunTime:0.000568s ]
INFO: [ route_check ] --END-- [ RunTime:0.000641s ]
INFO: [ app_begin ] --START--
INFO: ReadHtmlCache Behavior ::run [ RunTime:0.000290s ]
INFO: [ app_begin ] --END-- [ RunTime:0.000335s ]
NOTIC: [2] mysql_connect(): Connection refused /Library/WebServer/Documents/hello/ThinkPHP/Extend/Driver/Session/SessionDb.class.php 第 100 行.
NOTIC: [2] mysql_select_db() expects parameter 2 to be resource, boolean given /Library/WebServer/Documents/hello/ThinkPHP/Extend/Driver/Session/SessionDb.class.php 第 103 行.
NOTIC: [8] Undefined offset: 1 /Library/WebServer/Documents/hello/ThinkPHP/Extend/Driver/Session/SessionDb.class.php 第 129 行.
NOTIC: [2] mysql_query() expects parameter 2 to be resource, null given /Library/WebServer/Documents/hello/ThinkPHP/Extend/Driver/Session/SessionDb.class.php 第 130 行.
ERR: 无法加载模块:Index

[ 2015-04-03T15:21:50+08:00 ] 0.0.0.0 /hello/index.php/blog
INFO: [ route_check ] --START--
INFO: CheckRoute Behavior ::run [ RunTime:0.000480s ]
INFO: [ route_check ] --END-- [ RunTime:0.000544s ]
INFO: [ app_begin ] --START--
INFO: ReadHtmlCache Behavior ::run [ RunTime:0.000419s ]
INFO: [ app_begin ] --END-- [ RunTime:0.000483s ]
NOTIC: [2] mysql_connect(): Connection refused /Library/WebServer/Documents/hello/ThinkPHP/Extend/Driver/Session/SessionDb.class.php 第 100 行.
NOTIC: [2] mysql_select_db() expects parameter 2 to be resource, boolean given /Library/WebServer/Documents/hello/ThinkPHP/Extend/Driver/Session/SessionDb.class.php 第 103 行.
NOTIC: [8] Undefined offset: 1 /Library/WebServer/Documents/hello/ThinkPHP/Extend/Driver/Session/SessionDb.class.php 第 129 行.
NOTIC: [2] mysql_query() expects parameter 2 to be resource, null given /Library/WebServer/Documents/hello/ThinkPHP/Extend/Driver/Session/SessionDb.class.php 第 130 行.
NOTIC: [8] Use of undefined constant index - assumed 'index' /Library/WebServer/Documents/hello/Index/Modules/Index/Action/blogAction.class.php 第 6 行.
INFO: [ view_parse ] --START--
INFO: ParseTemplate Behavior ::run [ RunTime:0.011797s ]
INFO: [ view_parse ] --END-- [ RunTime:0.011888s ]
INFO: [ view_filter ] --START--
INFO: ContentReplace Behavior ::run [ RunTime:0.000373s ]
INFO: TokenBuild Behavior ::run [ RunTime:0.000329s ]
INFO: WriteHtmlCache Behavior ::run [ RunTime:0.000196s ]
INFO: ShowRuntime Behavior ::run [ RunTime:0.000400s ]
INFO: [ view_filter ] --END-- [ RunTime:0.001473s ]
INFO: [ view_end ] --START--
INFO: ShowPageTrace Behavior ::run [ RunTime:0.000547s ]
INFO: [ view_end ] --END-- [ RunTime:0.000615s ]

[ 2015-04-03T15:22:23+08:00 ] 0.0.0.0 /hello/index.php/blog
INFO: [ route_check ] --START--
INFO: CheckRoute Behavior ::run [ RunTime:0.000766s ]
INFO: [ route_check ] --END-- [ RunTime:0.001044s ]
INFO: [ app_begin ] --START--
INFO: ReadHtmlCache Behavior ::run [ RunTime:0.000517s ]
INFO: [ app_begin ] --END-- [ RunTime:0.000598s ]
NOTIC: [2] mysql_connect(): Connection refused /Library/WebServer/Documents/hello/ThinkPHP/Extend/Driver/Session/SessionDb.class.php 第 100 行.
NOTIC: [2] mysql_select_db() expects parameter 2 to be resource, boolean given /Library/WebServer/Documents/hello/ThinkPHP/Extend/Driver/Session/SessionDb.class.php 第 103 行.
NOTIC: [8] Undefined offset: 1 /Library/WebServer/Documents/hello/ThinkPHP/Extend/Driver/Session/SessionDb.class.php 第 129 行.
NOTIC: [2] mysql_query() expects parameter 2 to be resource, null given /Library/WebServer/Documents/hello/ThinkPHP/Extend/Driver/Session/SessionDb.class.php 第 130 行.
NOTIC: [8] Use of undefined constant index - assumed 'index' /Library/WebServer/Documents/hello/Index/Modules/Index/Action/blogAction.class.php 第 6 行.
INFO: [ view_parse ] --START--
INFO: ParseTemplate Behavior ::run [ RunTime:0.011668s ]
INFO: [ view_parse ] --END-- [ RunTime:0.011769s ]
INFO: [ view_filter ] --START--
INFO: ContentReplace Behavior ::run [ RunTime:0.000357s ]
INFO: TokenBuild Behavior ::run [ RunTime:0.000348s ]
INFO: WriteHtmlCache Behavior ::run [ RunTime:0.000200s ]
INFO: ShowRuntime Behavior ::run [ RunTime:0.000422s ]
INFO: [ view_filter ] --END-- [ RunTime:0.001504s ]
INFO: [ view_end ] --START--
INFO: ShowPageTrace Behavior ::run [ RunTime:0.000591s ]
INFO: [ view_end ] --END-- [ RunTime:0.000662s ]

[ 2015-04-03T15:25:29+08:00 ] 0.0.0.0 /hello/index.php/blog
INFO: [ route_check ] --START--
INFO: CheckRoute Behavior ::run [ RunTime:0.000766s ]
INFO: [ route_check ] --END-- [ RunTime:0.000862s ]
INFO: [ app_begin ] --START--
INFO: ReadHtmlCache Behavior ::run [ RunTime:0.000298s ]
INFO: [ app_begin ] --END-- [ RunTime:0.000346s ]
NOTIC: [2] mysql_connect(): Connection refused /Library/WebServer/Documents/hello/ThinkPHP/Extend/Driver/Session/SessionDb.class.php 第 100 行.
NOTIC: [2] mysql_select_db() expects parameter 2 to be resource, boolean given /Library/WebServer/Documents/hello/ThinkPHP/Extend/Driver/Session/SessionDb.class.php 第 103 行.
NOTIC: [8] Undefined offset: 1 /Library/WebServer/Documents/hello/ThinkPHP/Extend/Driver/Session/SessionDb.class.php 第 129 行.
NOTIC: [2] mysql_query() expects parameter 2 to be resource, null given /Library/WebServer/Documents/hello/ThinkPHP/Extend/Driver/Session/SessionDb.class.php 第 130 行.
NOTIC: [8] Use of undefined constant index - assumed 'index' /Library/WebServer/Documents/hello/Index/Modules/Index/Action/blogAction.class.php 第 6 行.
INFO: [ view_parse ] --START--
INFO: ParseTemplate Behavior ::run [ RunTime:0.012768s ]
INFO: [ view_parse ] --END-- [ RunTime:0.012854s ]
INFO: [ view_filter ] --START--
INFO: ContentReplace Behavior ::run [ RunTime:0.000374s ]
INFO: TokenBuild Behavior ::run [ RunTime:0.000346s ]
INFO: WriteHtmlCache Behavior ::run [ RunTime:0.000200s ]
INFO: ShowRuntime Behavior ::run [ RunTime:0.000402s ]
INFO: [ view_filter ] --END-- [ RunTime:0.001504s ]
INFO: [ view_end ] --START--
INFO: ShowPageTrace Behavior ::run [ RunTime:0.000545s ]
INFO: [ view_end ] --END-- [ RunTime:0.000610s ]

[ 2015-04-03T15:26:08+08:00 ] 0.0.0.0 /hello/index.php/blog
INFO: [ route_check ] --START--
INFO: CheckRoute Behavior ::run [ RunTime:0.000803s ]
INFO: [ route_check ] --END-- [ RunTime:0.000908s ]
INFO: [ app_begin ] --START--
INFO: ReadHtmlCache Behavior ::run [ RunTime:0.000642s ]
INFO: [ app_begin ] --END-- [ RunTime:0.000752s ]
NOTIC: [2] mysql_connect(): Connection refused /Library/WebServer/Documents/hello/ThinkPHP/Extend/Driver/Session/SessionDb.class.php 第 100 行.
NOTIC: [2] mysql_select_db() expects parameter 2 to be resource, boolean given /Library/WebServer/Documents/hello/ThinkPHP/Extend/Driver/Session/SessionDb.class.php 第 103 行.
NOTIC: [8] Undefined offset: 1 /Library/WebServer/Documents/hello/ThinkPHP/Extend/Driver/Session/SessionDb.class.php 第 129 行.
NOTIC: [2] mysql_query() expects parameter 2 to be resource, null given /Library/WebServer/Documents/hello/ThinkPHP/Extend/Driver/Session/SessionDb.class.php 第 130 行.
NOTIC: [8] Use of undefined constant index - assumed 'index' /Library/WebServer/Documents/hello/Index/Modules/Index/Action/blogAction.class.php 第 6 行.
INFO: [ view_parse ] --START--
INFO: ParseTemplate Behavior ::run [ RunTime:0.012893s ]
INFO: [ view_parse ] --END-- [ RunTime:0.012991s ]
INFO: [ view_filter ] --START--
INFO: ContentReplace Behavior ::run [ RunTime:0.000358s ]
INFO: TokenBuild Behavior ::run [ RunTime:0.000306s ]
INFO: WriteHtmlCache Behavior ::run [ RunTime:0.000197s ]
INFO: ShowRuntime Behavior ::run [ RunTime:0.000402s ]
INFO: [ view_filter ] --END-- [ RunTime:0.001438s ]
INFO: [ view_end ] --START--
INFO: ShowPageTrace Behavior ::run [ RunTime:0.000589s ]
INFO: [ view_end ] --END-- [ RunTime:0.000663s ]

[ 2015-04-03T15:26:11+08:00 ] 0.0.0.0 /hello/index.php/index.html
INFO: [ route_check ] --START--
INFO: CheckRoute Behavior ::run [ RunTime:0.000754s ]
INFO: [ route_check ] --END-- [ RunTime:0.000850s ]
INFO: [ app_begin ] --START--
INFO: ReadHtmlCache Behavior ::run [ RunTime:0.000485s ]
INFO: [ app_begin ] --END-- [ RunTime:0.000560s ]
NOTIC: [2] mysql_connect(): Connection refused /Library/WebServer/Documents/hello/ThinkPHP/Extend/Driver/Session/SessionDb.class.php 第 100 行.
NOTIC: [2] mysql_select_db() expects parameter 2 to be resource, boolean given /Library/WebServer/Documents/hello/ThinkPHP/Extend/Driver/Session/SessionDb.class.php 第 103 行.
NOTIC: [8] Undefined offset: 1 /Library/WebServer/Documents/hello/ThinkPHP/Extend/Driver/Session/SessionDb.class.php 第 129 行.
NOTIC: [2] mysql_query() expects parameter 2 to be resource, null given /Library/WebServer/Documents/hello/ThinkPHP/Extend/Driver/Session/SessionDb.class.php 第 130 行.
ERR: 无法加载模块:Index

[ 2015-04-03T15:26:49+08:00 ] 0.0.0.0 /hello/index.php/blog
INFO: [ route_check ] --START--
INFO: CheckRoute Behavior ::run [ RunTime:0.000790s ]
INFO: [ route_check ] --END-- [ RunTime:0.000892s ]
INFO: [ app_begin ] --START--
INFO: ReadHtmlCache Behavior ::run [ RunTime:0.000519s ]
INFO: [ app_begin ] --END-- [ RunTime:0.000607s ]
NOTIC: [2] mysql_connect(): Connection refused /Library/WebServer/Documents/hello/ThinkPHP/Extend/Driver/Session/SessionDb.class.php 第 100 行.
NOTIC: [2] mysql_select_db() expects parameter 2 to be resource, boolean given /Library/WebServer/Documents/hello/ThinkPHP/Extend/Driver/Session/SessionDb.class.php 第 103 行.
NOTIC: [8] Undefined offset: 1 /Library/WebServer/Documents/hello/ThinkPHP/Extend/Driver/Session/SessionDb.class.php 第 129 行.
NOTIC: [2] mysql_query() expects parameter 2 to be resource, null given /Library/WebServer/Documents/hello/ThinkPHP/Extend/Driver/Session/SessionDb.class.php 第 130 行.
NOTIC: [8] Use of undefined constant index - assumed 'index' /Library/WebServer/Documents/hello/Index/Modules/Index/Action/blogAction.class.php 第 6 行.
INFO: [ view_parse ] --START--
INFO: ParseTemplate Behavior ::run [ RunTime:0.012808s ]
INFO: [ view_parse ] --END-- [ RunTime:0.012911s ]
INFO: [ view_filter ] --START--
INFO: ContentReplace Behavior ::run [ RunTime:0.000352s ]
INFO: TokenBuild Behavior ::run [ RunTime:0.000333s ]
INFO: WriteHtmlCache Behavior ::run [ RunTime:0.000197s ]
INFO: ShowRuntime Behavior ::run [ RunTime:0.000408s ]
INFO: [ view_filter ] --END-- [ RunTime:0.001482s ]
INFO: [ view_end ] --START--
INFO: ShowPageTrace Behavior ::run [ RunTime:0.000567s ]
INFO: [ view_end ] --END-- [ RunTime:0.000636s ]

[ 2015-04-03T15:29:49+08:00 ] 0.0.0.0 /hello/index.php/blog
INFO: [ route_check ] --START--
INFO: CheckRoute Behavior ::run [ RunTime:0.000792s ]
INFO: [ route_check ] --END-- [ RunTime:0.000887s ]
INFO: [ app_begin ] --START--
INFO: ReadHtmlCache Behavior ::run [ RunTime:0.000478s ]
INFO: [ app_begin ] --END-- [ RunTime:0.000558s ]
NOTIC: [2] mysql_connect(): Connection refused /Library/WebServer/Documents/hello/ThinkPHP/Extend/Driver/Session/SessionDb.class.php 第 100 行.
NOTIC: [2] mysql_select_db() expects parameter 2 to be resource, boolean given /Library/WebServer/Documents/hello/ThinkPHP/Extend/Driver/Session/SessionDb.class.php 第 103 行.
NOTIC: [8] Undefined offset: 1 /Library/WebServer/Documents/hello/ThinkPHP/Extend/Driver/Session/SessionDb.class.php 第 129 行.
NOTIC: [2] mysql_query() expects parameter 2 to be resource, null given /Library/WebServer/Documents/hello/ThinkPHP/Extend/Driver/Session/SessionDb.class.php 第 130 行.
NOTIC: [8] Use of undefined constant index - assumed 'index' /Library/WebServer/Documents/hello/Index/Modules/Index/Action/blogAction.class.php 第 6 行.
INFO: [ view_parse ] --START--
INFO: ParseTemplate Behavior ::run [ RunTime:0.012839s ]
INFO: [ view_parse ] --END-- [ RunTime:0.012927s ]
INFO: [ view_filter ] --START--
INFO: ContentReplace Behavior ::run [ RunTime:0.000368s ]
INFO: TokenBuild Behavior ::run [ RunTime:0.000335s ]
INFO: WriteHtmlCache Behavior ::run [ RunTime:0.000201s ]
INFO: ShowRuntime Behavior ::run [ RunTime:0.000389s ]
INFO: [ view_filter ] --END-- [ RunTime:0.001475s ]
INFO: [ view_end ] --START--
INFO: ShowPageTrace Behavior ::run [ RunTime:0.000556s ]
INFO: [ view_end ] --END-- [ RunTime:0.000622s ]

[ 2015-04-03T15:33:56+08:00 ] 0.0.0.0 /hello/index.php/blog
INFO: [ route_check ] --START--
INFO: CheckRoute Behavior ::run [ RunTime:0.000793s ]
INFO: [ route_check ] --END-- [ RunTime:0.000897s ]
INFO: [ app_begin ] --START--
INFO: ReadHtmlCache Behavior ::run [ RunTime:0.000504s ]
INFO: [ app_begin ] --END-- [ RunTime:0.000586s ]
NOTIC: [2] mysql_connect(): Connection refused /Library/WebServer/Documents/hello/ThinkPHP/Extend/Driver/Session/SessionDb.class.php 第 100 行.
NOTIC: [2] mysql_select_db() expects parameter 2 to be resource, boolean given /Library/WebServer/Documents/hello/ThinkPHP/Extend/Driver/Session/SessionDb.class.php 第 103 行.
NOTIC: [8] Undefined offset: 1 /Library/WebServer/Documents/hello/ThinkPHP/Extend/Driver/Session/SessionDb.class.php 第 129 行.
NOTIC: [2] mysql_query() expects parameter 2 to be resource, null given /Library/WebServer/Documents/hello/ThinkPHP/Extend/Driver/Session/SessionDb.class.php 第 130 行.
NOTIC: [8] Use of undefined constant index - assumed 'index' /Library/WebServer/Documents/hello/Index/Modules/Index/Action/blogAction.class.php 第 6 行.
INFO: [ view_parse ] --START--
INFO: ParseTemplate Behavior ::run [ RunTime:0.011955s ]
INFO: [ view_parse ] --END-- [ RunTime:0.012040s ]
INFO: [ view_filter ] --START--
INFO: ContentReplace Behavior ::run [ RunTime:0.000272s ]
INFO: TokenBuild Behavior ::run [ RunTime:0.000230s ]
INFO: WriteHtmlCache Behavior ::run [ RunTime:0.000139s ]
INFO: ShowRuntime Behavior ::run [ RunTime:0.000255s ]
INFO: [ view_filter ] --END-- [ RunTime:0.001012s ]
INFO: [ view_end ] --START--
INFO: ShowPageTrace Behavior ::run [ RunTime:0.000560s ]
INFO: [ view_end ] --END-- [ RunTime:0.000638s ]

[ 2015-04-03T15:34:03+08:00 ] 0.0.0.0 /hello/index.php/blog
INFO: [ route_check ] --START--
INFO: CheckRoute Behavior ::run [ RunTime:0.000817s ]
INFO: [ route_check ] --END-- [ RunTime:0.000923s ]
INFO: [ app_begin ] --START--
INFO: ReadHtmlCache Behavior ::run [ RunTime:0.000548s ]
INFO: [ app_begin ] --END-- [ RunTime:0.000638s ]
NOTIC: [2] mysql_connect(): Connection refused /Library/WebServer/Documents/hello/ThinkPHP/Extend/Driver/Session/SessionDb.class.php 第 100 行.
NOTIC: [2] mysql_select_db() expects parameter 2 to be resource, boolean given /Library/WebServer/Documents/hello/ThinkPHP/Extend/Driver/Session/SessionDb.class.php 第 103 行.
NOTIC: [8] Undefined offset: 1 /Library/WebServer/Documents/hello/ThinkPHP/Extend/Driver/Session/SessionDb.class.php 第 129 行.
NOTIC: [2] mysql_query() expects parameter 2 to be resource, null given /Library/WebServer/Documents/hello/ThinkPHP/Extend/Driver/Session/SessionDb.class.php 第 130 行.
NOTIC: [8] Use of undefined constant index - assumed 'index' /Library/WebServer/Documents/hello/Index/Modules/Index/Action/blogAction.class.php 第 6 行.
INFO: [ view_parse ] --START--
INFO: ParseTemplate Behavior ::run [ RunTime:0.011710s ]
INFO: [ view_parse ] --END-- [ RunTime:0.011793s ]
INFO: [ view_filter ] --START--
INFO: ContentReplace Behavior ::run [ RunTime:0.000320s ]
INFO: TokenBuild Behavior ::run [ RunTime:0.000326s ]
INFO: WriteHtmlCache Behavior ::run [ RunTime:0.000147s ]
INFO: ShowRuntime Behavior ::run [ RunTime:0.000393s ]
INFO: [ view_filter ] --END-- [ RunTime:0.001317s ]
INFO: [ view_end ] --START--
INFO: ShowPageTrace Behavior ::run [ RunTime:0.000627s ]
INFO: [ view_end ] --END-- [ RunTime:0.000709s ]

[ 2015-04-03T15:40:36+08:00 ] 0.0.0.0 /hello/index.php/blog
INFO: [ route_check ] --START--
INFO: CheckRoute Behavior ::run [ RunTime:0.000883s ]
INFO: [ route_check ] --END-- [ RunTime:0.001082s ]
INFO: [ app_begin ] --START--
INFO: ReadHtmlCache Behavior ::run [ RunTime:0.000805s ]
INFO: [ app_begin ] --END-- [ RunTime:0.000910s ]
NOTIC: [2] mysql_connect(): Connection refused /Library/WebServer/Documents/hello/ThinkPHP/Extend/Driver/Session/SessionDb.class.php 第 100 行.
NOTIC: [2] mysql_select_db() expects parameter 2 to be resource, boolean given /Library/WebServer/Documents/hello/ThinkPHP/Extend/Driver/Session/SessionDb.class.php 第 103 行.
NOTIC: [8] Undefined offset: 1 /Library/WebServer/Documents/hello/ThinkPHP/Extend/Driver/Session/SessionDb.class.php 第 129 行.
NOTIC: [2] mysql_query() expects parameter 2 to be resource, null given /Library/WebServer/Documents/hello/ThinkPHP/Extend/Driver/Session/SessionDb.class.php 第 130 行.
NOTIC: [8] Use of undefined constant index - assumed 'index' /Library/WebServer/Documents/hello/Index/Modules/Index/Action/blogAction.class.php 第 6 行.
INFO: [ view_parse ] --START--
INFO: ParseTemplate Behavior ::run [ RunTime:0.012137s ]
INFO: [ view_parse ] --END-- [ RunTime:0.012199s ]
INFO: [ view_filter ] --START--
INFO: ContentReplace Behavior ::run [ RunTime:0.000802s ]
INFO: TokenBuild Behavior ::run [ RunTime:0.000916s ]
INFO: WriteHtmlCache Behavior ::run [ RunTime:0.000494s ]
INFO: ShowRuntime Behavior ::run [ RunTime:0.000721s ]
INFO: [ view_filter ] --END-- [ RunTime:0.003147s ]
INFO: [ view_end ] --START--
INFO: ShowPageTrace Behavior ::run [ RunTime:0.000857s ]
INFO: [ view_end ] --END-- [ RunTime:0.000961s ]

[ 2015-04-03T15:46:58+08:00 ] 0.0.0.0 /hello/index.php/blog
INFO: [ route_check ] --START--
INFO: CheckRoute Behavior ::run [ RunTime:0.000514s ]
INFO: [ route_check ] --END-- [ RunTime:0.000667s ]
INFO: [ app_begin ] --START--
INFO: ReadHtmlCache Behavior ::run [ RunTime:0.000308s ]
INFO: [ app_begin ] --END-- [ RunTime:0.000368s ]
NOTIC: [2] mysql_connect(): Connection refused /Library/WebServer/Documents/hello/ThinkPHP/Extend/Driver/Session/SessionDb.class.php 第 100 行.
NOTIC: [2] mysql_select_db() expects parameter 2 to be resource, boolean given /Library/WebServer/Documents/hello/ThinkPHP/Extend/Driver/Session/SessionDb.class.php 第 103 行.
NOTIC: [8] Undefined offset: 1 /Library/WebServer/Documents/hello/ThinkPHP/Extend/Driver/Session/SessionDb.class.php 第 129 行.
NOTIC: [2] mysql_query() expects parameter 2 to be resource, null given /Library/WebServer/Documents/hello/ThinkPHP/Extend/Driver/Session/SessionDb.class.php 第 130 行.
NOTIC: [8] Use of undefined constant index - assumed 'index' /Library/WebServer/Documents/hello/Index/Modules/Index/Action/blogAction.class.php 第 6 行.
INFO: [ view_parse ] --START--
INFO: ParseTemplate Behavior ::run [ RunTime:0.010841s ]
INFO: [ view_parse ] --END-- [ RunTime:0.010917s ]
INFO: [ view_filter ] --START--
INFO: ContentReplace Behavior ::run [ RunTime:0.000301s ]
INFO: TokenBuild Behavior ::run [ RunTime:0.000355s ]
INFO: WriteHtmlCache Behavior ::run [ RunTime:0.000143s ]
INFO: ShowRuntime Behavior ::run [ RunTime:0.000276s ]
INFO: [ view_filter ] --END-- [ RunTime:0.001195s ]
INFO: [ view_end ] --START--
INFO: ShowPageTrace Behavior ::run [ RunTime:0.000633s ]
INFO: [ view_end ] --END-- [ RunTime:0.000707s ]

[ 2015-04-03T15:57:33+08:00 ] 0.0.0.0 /hello/index.php/blog
INFO: [ route_check ] --START--
INFO: CheckRoute Behavior ::run [ RunTime:0.000646s ]
INFO: [ route_check ] --END-- [ RunTime:0.000783s ]
INFO: [ app_begin ] --START--
INFO: ReadHtmlCache Behavior ::run [ RunTime:0.000351s ]
INFO: [ app_begin ] --END-- [ RunTime:0.000422s ]
NOTIC: [2] mysql_connect(): Connection refused /Library/WebServer/Documents/hello/ThinkPHP/Extend/Driver/Session/SessionDb.class.php 第 100 行.
NOTIC: [2] mysql_select_db() expects parameter 2 to be resource, boolean given /Library/WebServer/Documents/hello/ThinkPHP/Extend/Driver/Session/SessionDb.class.php 第 103 行.
NOTIC: [8] Undefined offset: 1 /Library/WebServer/Documents/hello/ThinkPHP/Extend/Driver/Session/SessionDb.class.php 第 129 行.
NOTIC: [2] mysql_query() expects parameter 2 to be resource, null given /Library/WebServer/Documents/hello/ThinkPHP/Extend/Driver/Session/SessionDb.class.php 第 130 行.
NOTIC: [8] Use of undefined constant index - assumed 'index' /Library/WebServer/Documents/hello/Index/Modules/Index/Action/blogAction.class.php 第 6 行.
INFO: [ view_parse ] --START--
INFO: ParseTemplate Behavior ::run [ RunTime:0.010129s ]
INFO: [ view_parse ] --END-- [ RunTime:0.010213s ]
INFO: [ view_filter ] --START--
INFO: ContentReplace Behavior ::run [ RunTime:0.000355s ]
INFO: TokenBuild Behavior ::run [ RunTime:0.000455s ]
INFO: WriteHtmlCache Behavior ::run [ RunTime:0.000176s ]
INFO: ShowRuntime Behavior ::run [ RunTime:0.000385s ]
INFO: [ view_filter ] --END-- [ RunTime:0.001534s ]
INFO: [ view_end ] --START--
INFO: ShowPageTrace Behavior ::run [ RunTime:0.000612s ]
INFO: [ view_end ] --END-- [ RunTime:0.000691s ]

[ 2015-04-03T16:01:58+08:00 ] 0.0.0.0 /hello/index.php/blog
INFO: [ route_check ] --START--
INFO: CheckRoute Behavior ::run [ RunTime:0.000929s ]
INFO: [ route_check ] --END-- [ RunTime:0.001123s ]
INFO: [ app_begin ] --START--
INFO: ReadHtmlCache Behavior ::run [ RunTime:0.000371s ]
INFO: [ app_begin ] --END-- [ RunTime:0.000456s ]
NOTIC: [2] mysql_connect(): Connection refused /Library/WebServer/Documents/hello/ThinkPHP/Extend/Driver/Session/SessionDb.class.php 第 100 行.
NOTIC: [2] mysql_select_db() expects parameter 2 to be resource, boolean given /Library/WebServer/Documents/hello/ThinkPHP/Extend/Driver/Session/SessionDb.class.php 第 103 行.
NOTIC: [8] Undefined offset: 1 /Library/WebServer/Documents/hello/ThinkPHP/Extend/Driver/Session/SessionDb.class.php 第 129 行.
NOTIC: [2] mysql_query() expects parameter 2 to be resource, null given /Library/WebServer/Documents/hello/ThinkPHP/Extend/Driver/Session/SessionDb.class.php 第 130 行.
NOTIC: [8] Use of undefined constant index - assumed 'index' /Library/WebServer/Documents/hello/Index/Modules/Index/Action/blogAction.class.php 第 6 行.
INFO: [ view_parse ] --START--
INFO: ParseTemplate Behavior ::run [ RunTime:0.011026s ]
INFO: [ view_parse ] --END-- [ RunTime:0.011113s ]
INFO: [ view_filter ] --START--
INFO: ContentReplace Behavior ::run [ RunTime:0.000271s ]
INFO: TokenBuild Behavior ::run [ RunTime:0.000397s ]
INFO: WriteHtmlCache Behavior ::run [ RunTime:0.000131s ]
INFO: ShowRuntime Behavior ::run [ RunTime:0.000265s ]
INFO: [ view_filter ] --END-- [ RunTime:0.001176s ]
INFO: [ view_end ] --START--
INFO: ShowPageTrace Behavior ::run [ RunTime:0.000667s ]
INFO: [ view_end ] --END-- [ RunTime:0.000746s ]

[ 2015-04-03T16:02:19+08:00 ] 0.0.0.0 /hello/index.php/blog
INFO: [ route_check ] --START--
INFO: CheckRoute Behavior ::run [ RunTime:0.000586s ]
INFO: [ route_check ] --END-- [ RunTime:0.000685s ]
INFO: [ app_begin ] --START--
INFO: ReadHtmlCache Behavior ::run [ RunTime:0.000479s ]
INFO: [ app_begin ] --END-- [ RunTime:0.000560s ]
NOTIC: [2] mysql_connect(): Connection refused /Library/WebServer/Documents/hello/ThinkPHP/Extend/Driver/Session/SessionDb.class.php 第 100 行.
NOTIC: [2] mysql_select_db() expects parameter 2 to be resource, boolean given /Library/WebServer/Documents/hello/ThinkPHP/Extend/Driver/Session/SessionDb.class.php 第 103 行.
NOTIC: [8] Undefined offset: 1 /Library/WebServer/Documents/hello/ThinkPHP/Extend/Driver/Session/SessionDb.class.php 第 129 行.
NOTIC: [2] mysql_query() expects parameter 2 to be resource, null given /Library/WebServer/Documents/hello/ThinkPHP/Extend/Driver/Session/SessionDb.class.php 第 130 行.
NOTIC: [8] Use of undefined constant index - assumed 'index' /Library/WebServer/Documents/hello/Index/Modules/Index/Action/blogAction.class.php 第 6 行.
INFO: [ view_parse ] --START--
INFO: ParseTemplate Behavior ::run [ RunTime:0.008791s ]
INFO: [ view_parse ] --END-- [ RunTime:0.008875s ]
INFO: [ view_filter ] --START--
INFO: ContentReplace Behavior ::run [ RunTime:0.000284s ]
INFO: TokenBuild Behavior ::run [ RunTime:0.000242s ]
INFO: WriteHtmlCache Behavior ::run [ RunTime:0.000143s ]
INFO: ShowRuntime Behavior ::run [ RunTime:0.000263s ]
INFO: [ view_filter ] --END-- [ RunTime:0.001053s ]
INFO: [ view_end ] --START--
INFO: ShowPageTrace Behavior ::run [ RunTime:0.000564s ]
INFO: [ view_end ] --END-- [ RunTime:0.000629s ]

[ 2015-04-03T16:02:45+08:00 ] 0.0.0.0 /hello/index.php/index.html
INFO: [ route_check ] --START--
INFO: CheckRoute Behavior ::run [ RunTime:0.000500s ]
INFO: [ route_check ] --END-- [ RunTime:0.000642s ]
INFO: [ app_begin ] --START--
INFO: ReadHtmlCache Behavior ::run [ RunTime:0.000305s ]
INFO: [ app_begin ] --END-- [ RunTime:0.000363s ]
NOTIC: [2] mysql_connect(): Connection refused /Library/WebServer/Documents/hello/ThinkPHP/Extend/Driver/Session/SessionDb.class.php 第 100 行.
NOTIC: [2] mysql_select_db() expects parameter 2 to be resource, boolean given /Library/WebServer/Documents/hello/ThinkPHP/Extend/Driver/Session/SessionDb.class.php 第 103 行.
NOTIC: [8] Undefined offset: 1 /Library/WebServer/Documents/hello/ThinkPHP/Extend/Driver/Session/SessionDb.class.php 第 129 行.
NOTIC: [2] mysql_query() expects parameter 2 to be resource, null given /Library/WebServer/Documents/hello/ThinkPHP/Extend/Driver/Session/SessionDb.class.php 第 130 行.
ERR: 无法加载模块:Index

[ 2015-04-03T16:08:10+08:00 ] 0.0.0.0 /hello/index.php/blog
INFO: [ route_check ] --START--
INFO: CheckRoute Behavior ::run [ RunTime:0.000517s ]
INFO: [ route_check ] --END-- [ RunTime:0.000672s ]
INFO: [ app_begin ] --START--
INFO: ReadHtmlCache Behavior ::run [ RunTime:0.000312s ]
INFO: [ app_begin ] --END-- [ RunTime:0.000373s ]
NOTIC: [2] mysql_connect(): Connection refused /Library/WebServer/Documents/hello/ThinkPHP/Extend/Driver/Session/SessionDb.class.php 第 100 行.
NOTIC: [2] mysql_select_db() expects parameter 2 to be resource, boolean given /Library/WebServer/Documents/hello/ThinkPHP/Extend/Driver/Session/SessionDb.class.php 第 103 行.
NOTIC: [8] Undefined offset: 1 /Library/WebServer/Documents/hello/ThinkPHP/Extend/Driver/Session/SessionDb.class.php 第 129 行.
NOTIC: [2] mysql_query() expects parameter 2 to be resource, null given /Library/WebServer/Documents/hello/ThinkPHP/Extend/Driver/Session/SessionDb.class.php 第 130 行.
NOTIC: [8] Use of undefined constant index - assumed 'index' /Library/WebServer/Documents/hello/Index/Modules/Index/Action/blogAction.class.php 第 6 行.
INFO: [ view_parse ] --START--
INFO: ParseTemplate Behavior ::run [ RunTime:0.009738s ]
INFO: [ view_parse ] --END-- [ RunTime:0.009804s ]
INFO: [ view_filter ] --START--
INFO: ContentReplace Behavior ::run [ RunTime:0.000277s ]
INFO: TokenBuild Behavior ::run [ RunTime:0.000367s ]
INFO: WriteHtmlCache Behavior ::run [ RunTime:0.000147s ]
INFO: ShowRuntime Behavior ::run [ RunTime:0.000299s ]
INFO: [ view_filter ] --END-- [ RunTime:0.001212s ]
INFO: [ view_end ] --START--
INFO: ShowPageTrace Behavior ::run [ RunTime:0.000657s ]
INFO: [ view_end ] --END-- [ RunTime:0.000739s ]

[ 2015-04-03T16:10:11+08:00 ] 0.0.0.0 /hello/index.php/blog
INFO: [ route_check ] --START--
INFO: CheckRoute Behavior ::run [ RunTime:0.000779s ]
INFO: [ route_check ] --END-- [ RunTime:0.000878s ]
INFO: [ app_begin ] --START--
INFO: ReadHtmlCache Behavior ::run [ RunTime:0.000467s ]
INFO: [ app_begin ] --END-- [ RunTime:0.000535s ]
NOTIC: [2] mysql_connect(): Connection refused /Library/WebServer/Documents/hello/ThinkPHP/Extend/Driver/Session/SessionDb.class.php 第 100 行.
NOTIC: [2] mysql_select_db() expects parameter 2 to be resource, boolean given /Library/WebServer/Documents/hello/ThinkPHP/Extend/Driver/Session/SessionDb.class.php 第 103 行.
NOTIC: [8] Undefined offset: 1 /Library/WebServer/Documents/hello/ThinkPHP/Extend/Driver/Session/SessionDb.class.php 第 129 行.
NOTIC: [2] mysql_query() expects parameter 2 to be resource, null given /Library/WebServer/Documents/hello/ThinkPHP/Extend/Driver/Session/SessionDb.class.php 第 130 行.
NOTIC: [8] Use of undefined constant index - assumed 'index' /Library/WebServer/Documents/hello/Index/Modules/Index/Action/blogAction.class.php 第 6 行.
INFO: [ view_parse ] --START--
INFO: ParseTemplate Behavior ::run [ RunTime:0.011074s ]
INFO: [ view_parse ] --END-- [ RunTime:0.011151s ]
INFO: [ view_filter ] --START--
INFO: ContentReplace Behavior ::run [ RunTime:0.000291s ]
INFO: TokenBuild Behavior ::run [ RunTime:0.000248s ]
INFO: WriteHtmlCache Behavior ::run [ RunTime:0.000144s ]
INFO: ShowRuntime Behavior ::run [ RunTime:0.000270s ]
INFO: [ view_filter ] --END-- [ RunTime:0.001091s ]
INFO: [ view_end ] --START--
INFO: ShowPageTrace Behavior ::run [ RunTime:0.000645s ]
INFO: [ view_end ] --END-- [ RunTime:0.000720s ]

[ 2015-04-03T16:13:03+08:00 ] 0.0.0.0 /hello/index.php/blog
INFO: [ route_check ] --START--
INFO: CheckRoute Behavior ::run [ RunTime:0.000804s ]
INFO: [ route_check ] --END-- [ RunTime:0.000916s ]
INFO: [ app_begin ] --START--
INFO: ReadHtmlCache Behavior ::run [ RunTime:0.000522s ]
INFO: [ app_begin ] --END-- [ RunTime:0.000602s ]
NOTIC: [2] mysql_connect(): Connection refused /Library/WebServer/Documents/hello/ThinkPHP/Extend/Driver/Session/SessionDb.class.php 第 100 行.
NOTIC: [2] mysql_select_db() expects parameter 2 to be resource, boolean given /Library/WebServer/Documents/hello/ThinkPHP/Extend/Driver/Session/SessionDb.class.php 第 103 行.
NOTIC: [8] Undefined offset: 1 /Library/WebServer/Documents/hello/ThinkPHP/Extend/Driver/Session/SessionDb.class.php 第 129 行.
NOTIC: [2] mysql_query() expects parameter 2 to be resource, null given /Library/WebServer/Documents/hello/ThinkPHP/Extend/Driver/Session/SessionDb.class.php 第 130 行.
NOTIC: [8] Use of undefined constant index - assumed 'index' /Library/WebServer/Documents/hello/Index/Modules/Index/Action/blogAction.class.php 第 6 行.
INFO: [ view_parse ] --START--
INFO: ParseTemplate Behavior ::run [ RunTime:0.009206s ]
INFO: [ view_parse ] --END-- [ RunTime:0.009279s ]
INFO: [ view_filter ] --START--
INFO: ContentReplace Behavior ::run [ RunTime:0.000258s ]
INFO: TokenBuild Behavior ::run [ RunTime:0.000230s ]
INFO: WriteHtmlCache Behavior ::run [ RunTime:0.000126s ]
INFO: ShowRuntime Behavior ::run [ RunTime:0.000234s ]
INFO: [ view_filter ] --END-- [ RunTime:0.000955s ]
INFO: [ view_end ] --START--
INFO: ShowPageTrace Behavior ::run [ RunTime:0.000365s ]
INFO: [ view_end ] --END-- [ RunTime:0.000405s ]

[ 2015-04-03T16:16:29+08:00 ] 0.0.0.0 /hello/index.php/blog
INFO: [ route_check ] --START--
INFO: CheckRoute Behavior ::run [ RunTime:0.000706s ]
INFO: [ route_check ] --END-- [ RunTime:0.000859s ]
INFO: [ app_begin ] --START--
INFO: ReadHtmlCache Behavior ::run [ RunTime:0.000487s ]
INFO: [ app_begin ] --END-- [ RunTime:0.000580s ]
NOTIC: [2] mysql_connect(): Connection refused /Library/WebServer/Documents/hello/ThinkPHP/Extend/Driver/Session/SessionDb.class.php 第 100 行.
NOTIC: [2] mysql_select_db() expects parameter 2 to be resource, boolean given /Library/WebServer/Documents/hello/ThinkPHP/Extend/Driver/Session/SessionDb.class.php 第 103 行.
NOTIC: [8] Undefined offset: 1 /Library/WebServer/Documents/hello/ThinkPHP/Extend/Driver/Session/SessionDb.class.php 第 129 行.
NOTIC: [2] mysql_query() expects parameter 2 to be resource, null given /Library/WebServer/Documents/hello/ThinkPHP/Extend/Driver/Session/SessionDb.class.php 第 130 行.
NOTIC: [8] Use of undefined constant index - assumed 'index' /Library/WebServer/Documents/hello/Index/Modules/Index/Action/blogAction.class.php 第 6 行.
INFO: [ view_parse ] --START--
INFO: ParseTemplate Behavior ::run [ RunTime:0.008225s ]
INFO: [ view_parse ] --END-- [ RunTime:0.008285s ]
INFO: [ view_filter ] --START--
INFO: ContentReplace Behavior ::run [ RunTime:0.000225s ]
INFO: TokenBuild Behavior ::run [ RunTime:0.000331s ]
INFO: WriteHtmlCache Behavior ::run [ RunTime:0.000127s ]
INFO: ShowRuntime Behavior ::run [ RunTime:0.000274s ]
INFO: [ view_filter ] --END-- [ RunTime:0.001061s ]
INFO: [ view_end ] --START--
INFO: ShowPageTrace Behavior ::run [ RunTime:0.000595s ]
INFO: [ view_end ] --END-- [ RunTime:0.000675s ]

[ 2015-04-03T16:17:24+08:00 ] 0.0.0.0 /hello/index.php/blog
INFO: [ route_check ] --START--
INFO: CheckRoute Behavior ::run [ RunTime:0.000516s ]
INFO: [ route_check ] --END-- [ RunTime:0.000652s ]
INFO: [ app_begin ] --START--
INFO: ReadHtmlCache Behavior ::run [ RunTime:0.000297s ]
INFO: [ app_begin ] --END-- [ RunTime:0.000356s ]
NOTIC: [2] mysql_connect(): Connection refused /Library/WebServer/Documents/hello/ThinkPHP/Extend/Driver/Session/SessionDb.class.php 第 100 行.
NOTIC: [2] mysql_select_db() expects parameter 2 to be resource, boolean given /Library/WebServer/Documents/hello/ThinkPHP/Extend/Driver/Session/SessionDb.class.php 第 103 行.
NOTIC: [8] Undefined offset: 1 /Library/WebServer/Documents/hello/ThinkPHP/Extend/Driver/Session/SessionDb.class.php 第 129 行.
NOTIC: [2] mysql_query() expects parameter 2 to be resource, null given /Library/WebServer/Documents/hello/ThinkPHP/Extend/Driver/Session/SessionDb.class.php 第 130 行.
NOTIC: [8] Use of undefined constant index - assumed 'index' /Library/WebServer/Documents/hello/Index/Modules/Index/Action/blogAction.class.php 第 6 行.
INFO: [ view_parse ] --START--
INFO: ParseTemplate Behavior ::run [ RunTime:0.011582s ]
INFO: [ view_parse ] --END-- [ RunTime:0.011679s ]
INFO: [ view_filter ] --START--
INFO: ContentReplace Behavior ::run [ RunTime:0.000268s ]
INFO: TokenBuild Behavior ::run [ RunTime:0.000347s ]
INFO: WriteHtmlCache Behavior ::run [ RunTime:0.000140s ]
INFO: ShowRuntime Behavior ::run [ RunTime:0.000259s ]
INFO: [ view_filter ] --END-- [ RunTime:0.001135s ]
INFO: [ view_end ] --START--
INFO: ShowPageTrace Behavior ::run [ RunTime:0.000495s ]
INFO: [ view_end ] --END-- [ RunTime:0.000548s ]

[ 2015-04-03T16:22:15+08:00 ] 0.0.0.0 /hello/index.php/blog
INFO: [ route_check ] --START--
INFO: CheckRoute Behavior ::run [ RunTime:0.000659s ]
INFO: [ route_check ] --END-- [ RunTime:0.000741s ]
INFO: [ app_begin ] --START--
INFO: ReadHtmlCache Behavior ::run [ RunTime:0.000317s ]
INFO: [ app_begin ] --END-- [ RunTime:0.000371s ]
NOTIC: [2] mysql_connect(): Connection refused /Library/WebServer/Documents/hello/ThinkPHP/Extend/Driver/Session/SessionDb.class.php 第 100 行.
NOTIC: [2] mysql_select_db() expects parameter 2 to be resource, boolean given /Library/WebServer/Documents/hello/ThinkPHP/Extend/Driver/Session/SessionDb.class.php 第 103 行.
NOTIC: [8] Undefined offset: 1 /Library/WebServer/Documents/hello/ThinkPHP/Extend/Driver/Session/SessionDb.class.php 第 129 行.
NOTIC: [2] mysql_query() expects parameter 2 to be resource, null given /Library/WebServer/Documents/hello/ThinkPHP/Extend/Driver/Session/SessionDb.class.php 第 130 行.
NOTIC: [8] Use of undefined constant index - assumed 'index' /Library/WebServer/Documents/hello/Index/Modules/Index/Action/blogAction.class.php 第 6 行.
INFO: [ view_parse ] --START--
INFO: ParseTemplate Behavior ::run [ RunTime:0.009944s ]
INFO: [ view_parse ] --END-- [ RunTime:0.010011s ]
INFO: [ view_filter ] --START--
INFO: ContentReplace Behavior ::run [ RunTime:0.000262s ]
INFO: TokenBuild Behavior ::run [ RunTime:0.000402s ]
INFO: WriteHtmlCache Behavior ::run [ RunTime:0.000204s ]
INFO: ShowRuntime Behavior ::run [ RunTime:0.000369s ]
INFO: [ view_filter ] --END-- [ RunTime:0.001401s ]
INFO: [ view_end ] --START--
INFO: ShowPageTrace Behavior ::run [ RunTime:0.000581s ]
INFO: [ view_end ] --END-- [ RunTime:0.000652s ]

[ 2015-04-03T16:28:28+08:00 ] 0.0.0.0 /hello/index.php/blog
INFO: [ route_check ] --START--
INFO: CheckRoute Behavior ::run [ RunTime:0.000632s ]
INFO: [ route_check ] --END-- [ RunTime:0.000711s ]
INFO: [ app_begin ] --START--
INFO: ReadHtmlCache Behavior ::run [ RunTime:0.000336s ]
INFO: [ app_begin ] --END-- [ RunTime:0.000388s ]
NOTIC: [2] mysql_connect(): Connection refused /Library/WebServer/Documents/hello/ThinkPHP/Extend/Driver/Session/SessionDb.class.php 第 100 行.
NOTIC: [2] mysql_select_db() expects parameter 2 to be resource, boolean given /Library/WebServer/Documents/hello/ThinkPHP/Extend/Driver/Session/SessionDb.class.php 第 103 行.
NOTIC: [8] Undefined offset: 1 /Library/WebServer/Documents/hello/ThinkPHP/Extend/Driver/Session/SessionDb.class.php 第 129 行.
NOTIC: [2] mysql_query() expects parameter 2 to be resource, null given /Library/WebServer/Documents/hello/ThinkPHP/Extend/Driver/Session/SessionDb.class.php 第 130 行.
NOTIC: [8] Use of undefined constant index - assumed 'index' /Library/WebServer/Documents/hello/Index/Modules/Index/Action/blogAction.class.php 第 6 行.
INFO: [ view_parse ] --START--
INFO: ParseTemplate Behavior ::run [ RunTime:0.007369s ]
INFO: [ view_parse ] --END-- [ RunTime:0.007425s ]
INFO: [ view_filter ] --START--
INFO: ContentReplace Behavior ::run [ RunTime:0.000215s ]
INFO: TokenBuild Behavior ::run [ RunTime:0.000198s ]
INFO: WriteHtmlCache Behavior ::run [ RunTime:0.000124s ]
INFO: ShowRuntime Behavior ::run [ RunTime:0.000237s ]
INFO: [ view_filter ] --END-- [ RunTime:0.000877s ]
INFO: [ view_end ] --START--
INFO: ShowPageTrace Behavior ::run [ RunTime:0.000473s ]
INFO: [ view_end ] --END-- [ RunTime:0.000551s ]

[ 2015-04-03T16:34:12+08:00 ] 0.0.0.0 /hello/index.php/blog
INFO: [ route_check ] --START--
INFO: CheckRoute Behavior ::run [ RunTime:0.000706s ]
INFO: [ route_check ] --END-- [ RunTime:0.000790s ]
INFO: [ app_begin ] --START--
INFO: ReadHtmlCache Behavior ::run [ RunTime:0.000422s ]
INFO: [ app_begin ] --END-- [ RunTime:0.000485s ]
NOTIC: [2] mysql_connect(): Connection refused /Library/WebServer/Documents/hello/ThinkPHP/Extend/Driver/Session/SessionDb.class.php 第 100 行.
NOTIC: [2] mysql_select_db() expects parameter 2 to be resource, boolean given /Library/WebServer/Documents/hello/ThinkPHP/Extend/Driver/Session/SessionDb.class.php 第 103 行.
NOTIC: [8] Undefined offset: 1 /Library/WebServer/Documents/hello/ThinkPHP/Extend/Driver/Session/SessionDb.class.php 第 129 行.
NOTIC: [2] mysql_query() expects parameter 2 to be resource, null given /Library/WebServer/Documents/hello/ThinkPHP/Extend/Driver/Session/SessionDb.class.php 第 130 行.
NOTIC: [8] Use of undefined constant index - assumed 'index' /Library/WebServer/Documents/hello/Index/Modules/Index/Action/blogAction.class.php 第 6 行.
INFO: [ view_parse ] --START--
INFO: ParseTemplate Behavior ::run [ RunTime:0.010311s ]
INFO: [ view_parse ] --END-- [ RunTime:0.010377s ]
INFO: [ view_filter ] --START--
INFO: ContentReplace Behavior ::run [ RunTime:0.000257s ]
INFO: TokenBuild Behavior ::run [ RunTime:0.000222s ]
INFO: WriteHtmlCache Behavior ::run [ RunTime:0.000137s ]
INFO: ShowRuntime Behavior ::run [ RunTime:0.000261s ]
INFO: [ view_filter ] --END-- [ RunTime:0.000991s ]
INFO: [ view_end ] --START--
INFO: ShowPageTrace Behavior ::run [ RunTime:0.000513s ]
INFO: [ view_end ] --END-- [ RunTime:0.000561s ]

[ 2015-04-03T16:41:24+08:00 ] 0.0.0.0 /hello/index.php/blog
INFO: [ route_check ] --START--
INFO: CheckRoute Behavior ::run [ RunTime:0.000774s ]
INFO: [ route_check ] --END-- [ RunTime:0.000874s ]
INFO: [ app_begin ] --START--
INFO: ReadHtmlCache Behavior ::run [ RunTime:0.000542s ]
INFO: [ app_begin ] --END-- [ RunTime:0.000635s ]
NOTIC: [2] mysql_connect(): Connection refused /Library/WebServer/Documents/hello/ThinkPHP/Extend/Driver/Session/SessionDb.class.php 第 100 行.
NOTIC: [2] mysql_select_db() expects parameter 2 to be resource, boolean given /Library/WebServer/Documents/hello/ThinkPHP/Extend/Driver/Session/SessionDb.class.php 第 103 行.
NOTIC: [8] Undefined offset: 1 /Library/WebServer/Documents/hello/ThinkPHP/Extend/Driver/Session/SessionDb.class.php 第 129 行.
NOTIC: [2] mysql_query() expects parameter 2 to be resource, null given /Library/WebServer/Documents/hello/ThinkPHP/Extend/Driver/Session/SessionDb.class.php 第 130 行.
NOTIC: [8] Use of undefined constant index - assumed 'index' /Library/WebServer/Documents/hello/Index/Modules/Index/Action/blogAction.class.php 第 6 行.
INFO: [ view_parse ] --START--
INFO: ParseTemplate Behavior ::run [ RunTime:0.007573s ]
INFO: [ view_parse ] --END-- [ RunTime:0.007668s ]
INFO: [ view_filter ] --START--
INFO: ContentReplace Behavior ::run [ RunTime:0.000285s ]
INFO: TokenBuild Behavior ::run [ RunTime:0.000219s ]
INFO: WriteHtmlCache Behavior ::run [ RunTime:0.000145s ]
INFO: ShowRuntime Behavior ::run [ RunTime:0.000240s ]
INFO: [ view_filter ] --END-- [ RunTime:0.001019s ]
INFO: [ view_end ] --START--
INFO: ShowPageTrace Behavior ::run [ RunTime:0.000612s ]
INFO: [ view_end ] --END-- [ RunTime:0.000687s ]

[ 2015-04-03T16:56:06+08:00 ] 0.0.0.0 /hello/index.php/blog
INFO: [ route_check ] --START--
INFO: CheckRoute Behavior ::run [ RunTime:0.000751s ]
INFO: [ route_check ] --END-- [ RunTime:0.000822s ]
INFO: [ app_begin ] --START--
INFO: ReadHtmlCache Behavior ::run [ RunTime:0.000725s ]
INFO: [ app_begin ] --END-- [ RunTime:0.000819s ]
NOTIC: [2] mysql_connect(): Connection refused /Library/WebServer/Documents/hello/ThinkPHP/Extend/Driver/Session/SessionDb.class.php 第 100 行.
NOTIC: [2] mysql_select_db() expects parameter 2 to be resource, boolean given /Library/WebServer/Documents/hello/ThinkPHP/Extend/Driver/Session/SessionDb.class.php 第 103 行.
NOTIC: [8] Undefined offset: 1 /Library/WebServer/Documents/hello/ThinkPHP/Extend/Driver/Session/SessionDb.class.php 第 129 行.
NOTIC: [2] mysql_query() expects parameter 2 to be resource, null given /Library/WebServer/Documents/hello/ThinkPHP/Extend/Driver/Session/SessionDb.class.php 第 130 行.
NOTIC: [8] Use of undefined constant index - assumed 'index' /Library/WebServer/Documents/hello/Index/Modules/Index/Action/blogAction.class.php 第 6 行.
INFO: [ view_parse ] --START--
INFO: ParseTemplate Behavior ::run [ RunTime:0.010674s ]
INFO: [ view_parse ] --END-- [ RunTime:0.010735s ]
INFO: [ view_filter ] --START--
INFO: ContentReplace Behavior ::run [ RunTime:0.000422s ]
INFO: TokenBuild Behavior ::run [ RunTime:0.000380s ]
INFO: WriteHtmlCache Behavior ::run [ RunTime:0.000295s ]
INFO: ShowRuntime Behavior ::run [ RunTime:0.000385s ]
INFO: [ view_filter ] --END-- [ RunTime:0.001592s ]
INFO: [ view_end ] --START--
INFO: ShowPageTrace Behavior ::run [ RunTime:0.000664s ]
INFO: [ view_end ] --END-- [ RunTime:0.000730s ]

[ 2015-04-03T16:56:24+08:00 ] 0.0.0.0 /hello/index.php/index.html
INFO: [ route_check ] --START--
INFO: CheckRoute Behavior ::run [ RunTime:0.001001s ]
INFO: [ route_check ] --END-- [ RunTime:0.001113s ]
INFO: [ app_begin ] --START--
INFO: ReadHtmlCache Behavior ::run [ RunTime:0.000777s ]
INFO: [ app_begin ] --END-- [ RunTime:0.000870s ]
NOTIC: [2] mysql_connect(): Connection refused /Library/WebServer/Documents/hello/ThinkPHP/Extend/Driver/Session/SessionDb.class.php 第 100 行.
NOTIC: [2] mysql_select_db() expects parameter 2 to be resource, boolean given /Library/WebServer/Documents/hello/ThinkPHP/Extend/Driver/Session/SessionDb.class.php 第 103 行.
NOTIC: [8] Undefined offset: 1 /Library/WebServer/Documents/hello/ThinkPHP/Extend/Driver/Session/SessionDb.class.php 第 129 行.
NOTIC: [2] mysql_query() expects parameter 2 to be resource, null given /Library/WebServer/Documents/hello/ThinkPHP/Extend/Driver/Session/SessionDb.class.php 第 130 行.
ERR: 无法加载模块:Index

[ 2015-04-03T16:57:36+08:00 ] 0.0.0.0 /hello/index.php/blog
INFO: [ route_check ] --START--
INFO: CheckRoute Behavior ::run [ RunTime:0.000698s ]
INFO: [ route_check ] --END-- [ RunTime:0.000784s ]
INFO: [ app_begin ] --START--
INFO: ReadHtmlCache Behavior ::run [ RunTime:0.000568s ]
INFO: [ app_begin ] --END-- [ RunTime:0.000627s ]
NOTIC: [2] mysql_connect(): Connection refused /Library/WebServer/Documents/hello/ThinkPHP/Extend/Driver/Session/SessionDb.class.php 第 100 行.
NOTIC: [2] mysql_select_db() expects parameter 2 to be resource, boolean given /Library/WebServer/Documents/hello/ThinkPHP/Extend/Driver/Session/SessionDb.class.php 第 103 行.
NOTIC: [8] Undefined offset: 1 /Library/WebServer/Documents/hello/ThinkPHP/Extend/Driver/Session/SessionDb.class.php 第 129 行.
NOTIC: [2] mysql_query() expects parameter 2 to be resource, null given /Library/WebServer/Documents/hello/ThinkPHP/Extend/Driver/Session/SessionDb.class.php 第 130 行.
NOTIC: [8] Use of undefined constant index - assumed 'index' /Library/WebServer/Documents/hello/Index/Modules/Index/Action/blogAction.class.php 第 6 行.
INFO: [ view_parse ] --START--
INFO: ParseTemplate Behavior ::run [ RunTime:0.011026s ]
INFO: [ view_parse ] --END-- [ RunTime:0.011087s ]
INFO: [ view_filter ] --START--
INFO: ContentReplace Behavior ::run [ RunTime:0.000388s ]
INFO: TokenBuild Behavior ::run [ RunTime:0.000344s ]
INFO: WriteHtmlCache Behavior ::run [ RunTime:0.000282s ]
INFO: ShowRuntime Behavior ::run [ RunTime:0.000371s ]
INFO: [ view_filter ] --END-- [ RunTime:0.001506s ]
INFO: [ view_end ] --START--
INFO: ShowPageTrace Behavior ::run [ RunTime:0.001061s ]
INFO: [ view_end ] --END-- [ RunTime:0.001295s ]

[ 2015-04-03T17:14:58+08:00 ] 0.0.0.0 /hello/index.php/blog
INFO: [ route_check ] --START--
INFO: CheckRoute Behavior ::run [ RunTime:0.001217s ]
INFO: [ route_check ] --END-- [ RunTime:0.001372s ]
INFO: [ app_begin ] --START--
INFO: ReadHtmlCache Behavior ::run [ RunTime:0.000593s ]
INFO: [ app_begin ] --END-- [ RunTime:0.000666s ]
NOTIC: [2] mysql_connect(): Connection refused /Library/WebServer/Documents/hello/ThinkPHP/Extend/Driver/Session/SessionDb.class.php 第 100 行.
NOTIC: [2] mysql_select_db() expects parameter 2 to be resource, boolean given /Library/WebServer/Documents/hello/ThinkPHP/Extend/Driver/Session/SessionDb.class.php 第 103 行.
NOTIC: [8] Undefined offset: 1 /Library/WebServer/Documents/hello/ThinkPHP/Extend/Driver/Session/SessionDb.class.php 第 129 行.
NOTIC: [2] mysql_query() expects parameter 2 to be resource, null given /Library/WebServer/Documents/hello/ThinkPHP/Extend/Driver/Session/SessionDb.class.php 第 130 行.
NOTIC: [8] Use of undefined constant index - assumed 'index' /Library/WebServer/Documents/hello/Index/Modules/Index/Action/blogAction.class.php 第 6 行.
INFO: [ view_parse ] --START--
INFO: ParseTemplate Behavior ::run [ RunTime:0.011194s ]
INFO: [ view_parse ] --END-- [ RunTime:0.011267s ]
INFO: [ view_filter ] --START--
INFO: ContentReplace Behavior ::run [ RunTime:0.000550s ]
INFO: TokenBuild Behavior ::run [ RunTime:0.000461s ]
INFO: WriteHtmlCache Behavior ::run [ RunTime:0.000352s ]
INFO: ShowRuntime Behavior ::run [ RunTime:0.000407s ]
INFO: [ view_filter ] --END-- [ RunTime:0.001946s ]
INFO: [ view_end ] --START--
INFO: ShowPageTrace Behavior ::run [ RunTime:0.001337s ]
INFO: [ view_end ] --END-- [ RunTime:0.001458s ]

[ 2015-04-03T17:15:35+08:00 ] 0.0.0.0 /hello/index.php/blog
INFO: [ route_check ] --START--
INFO: CheckRoute Behavior ::run [ RunTime:0.000749s ]
INFO: [ route_check ] --END-- [ RunTime:0.000862s ]
INFO: [ app_begin ] --START--
INFO: ReadHtmlCache Behavior ::run [ RunTime:0.000296s ]
INFO: [ app_begin ] --END-- [ RunTime:0.000341s ]
NOTIC: [2] mysql_connect(): Connection refused /Library/WebServer/Documents/hello/ThinkPHP/Extend/Driver/Session/SessionDb.class.php 第 100 行.
NOTIC: [2] mysql_select_db() expects parameter 2 to be resource, boolean given /Library/WebServer/Documents/hello/ThinkPHP/Extend/Driver/Session/SessionDb.class.php 第 103 行.
NOTIC: [8] Undefined offset: 1 /Library/WebServer/Documents/hello/ThinkPHP/Extend/Driver/Session/SessionDb.class.php 第 129 行.
NOTIC: [2] mysql_query() expects parameter 2 to be resource, null given /Library/WebServer/Documents/hello/ThinkPHP/Extend/Driver/Session/SessionDb.class.php 第 130 行.
NOTIC: [8] Use of undefined constant index - assumed 'index' /Library/WebServer/Documents/hello/Index/Modules/Index/Action/blogAction.class.php 第 6 行.
INFO: [ view_parse ] --START--
INFO: ParseTemplate Behavior ::run [ RunTime:0.012479s ]
INFO: [ view_parse ] --END-- [ RunTime:0.012558s ]
INFO: [ view_filter ] --START--
INFO: ContentReplace Behavior ::run [ RunTime:0.000246s ]
INFO: TokenBuild Behavior ::run [ RunTime:0.000199s ]
INFO: WriteHtmlCache Behavior ::run [ RunTime:0.000123s ]
INFO: ShowRuntime Behavior ::run [ RunTime:0.000235s ]
INFO: [ view_filter ] --END-- [ RunTime:0.000904s ]
INFO: [ view_end ] --START--
INFO: ShowPageTrace Behavior ::run [ RunTime:0.000427s ]
INFO: [ view_end ] --END-- [ RunTime:0.000472s ]

[ 2015-04-03T23:31:50+08:00 ] 0.0.0.0 /hello/index.php/blog
INFO: [ route_check ] --START--
INFO: CheckRoute Behavior ::run [ RunTime:0.000983s ]
INFO: [ route_check ] --END-- [ RunTime:0.003130s ]
INFO: [ app_begin ] --START--
INFO: ReadHtmlCache Behavior ::run [ RunTime:0.000918s ]
INFO: [ app_begin ] --END-- [ RunTime:0.001062s ]
NOTIC: [2] mysql_connect(): Connection refused /Library/WebServer/Documents/hello/ThinkPHP/Extend/Driver/Session/SessionDb.class.php 第 100 行.
NOTIC: [2] mysql_select_db() expects parameter 2 to be resource, boolean given /Library/WebServer/Documents/hello/ThinkPHP/Extend/Driver/Session/SessionDb.class.php 第 103 行.
NOTIC: [8] Undefined offset: 1 /Library/WebServer/Documents/hello/ThinkPHP/Extend/Driver/Session/SessionDb.class.php 第 129 行.
NOTIC: [2] mysql_query() expects parameter 2 to be resource, null given /Library/WebServer/Documents/hello/ThinkPHP/Extend/Driver/Session/SessionDb.class.php 第 130 行.
NOTIC: [8] Use of undefined constant index - assumed 'index' /Library/WebServer/Documents/hello/Index/Modules/Index/Action/blogAction.class.php 第 6 行.
INFO: [ view_parse ] --START--
INFO: ParseTemplate Behavior ::run [ RunTime:0.012980s ]
INFO: [ view_parse ] --END-- [ RunTime:0.013075s ]
INFO: [ view_filter ] --START--
INFO: ContentReplace Behavior ::run [ RunTime:0.000532s ]
INFO: TokenBuild Behavior ::run [ RunTime:0.000416s ]
INFO: WriteHtmlCache Behavior ::run [ RunTime:0.000365s ]
INFO: ShowRuntime Behavior ::run [ RunTime:0.000539s ]
INFO: [ view_filter ] --END-- [ RunTime:0.001992s ]
INFO: [ view_end ] --START--
INFO: ShowPageTrace Behavior ::run [ RunTime:0.000727s ]
INFO: [ view_end ] --END-- [ RunTime:0.000806s ]

[ 2015-04-03T23:31:55+08:00 ] 0.0.0.0 /hello/index.php/index.html
INFO: [ route_check ] --START--
INFO: CheckRoute Behavior ::run [ RunTime:0.000448s ]
INFO: [ route_check ] --END-- [ RunTime:0.000509s ]
INFO: [ app_begin ] --START--
INFO: ReadHtmlCache Behavior ::run [ RunTime:0.000295s ]
INFO: [ app_begin ] --END-- [ RunTime:0.000340s ]
NOTIC: [2] mysql_connect(): Connection refused /Library/WebServer/Documents/hello/ThinkPHP/Extend/Driver/Session/SessionDb.class.php 第 100 行.
NOTIC: [2] mysql_select_db() expects parameter 2 to be resource, boolean given /Library/WebServer/Documents/hello/ThinkPHP/Extend/Driver/Session/SessionDb.class.php 第 103 行.
NOTIC: [8] Undefined offset: 1 /Library/WebServer/Documents/hello/ThinkPHP/Extend/Driver/Session/SessionDb.class.php 第 129 行.
NOTIC: [2] mysql_query() expects parameter 2 to be resource, null given /Library/WebServer/Documents/hello/ThinkPHP/Extend/Driver/Session/SessionDb.class.php 第 130 行.
ERR: 无法加载模块:Index

[ 2015-04-03T23:33:06+08:00 ] 0.0.0.0 /hello/index.php/blog
INFO: [ route_check ] --START--
INFO: CheckRoute Behavior ::run [ RunTime:0.000873s ]
INFO: [ route_check ] --END-- [ RunTime:0.001100s ]
INFO: [ app_begin ] --START--
INFO: ReadHtmlCache Behavior ::run [ RunTime:0.000376s ]
INFO: [ app_begin ] --END-- [ RunTime:0.000453s ]
NOTIC: [2] mysql_connect(): Connection refused /Library/WebServer/Documents/hello/ThinkPHP/Extend/Driver/Session/SessionDb.class.php 第 100 行.
NOTIC: [2] mysql_select_db() expects parameter 2 to be resource, boolean given /Library/WebServer/Documents/hello/ThinkPHP/Extend/Driver/Session/SessionDb.class.php 第 103 行.
NOTIC: [8] Undefined offset: 1 /Library/WebServer/Documents/hello/ThinkPHP/Extend/Driver/Session/SessionDb.class.php 第 129 行.
NOTIC: [2] mysql_query() expects parameter 2 to be resource, null given /Library/WebServer/Documents/hello/ThinkPHP/Extend/Driver/Session/SessionDb.class.php 第 130 行.
NOTIC: [8] Use of undefined constant index - assumed 'index' /Library/WebServer/Documents/hello/Index/Modules/Index/Action/blogAction.class.php 第 6 行.
INFO: [ view_parse ] --START--
INFO: ParseTemplate Behavior ::run [ RunTime:0.010281s ]
INFO: [ view_parse ] --END-- [ RunTime:0.010370s ]
INFO: [ view_filter ] --START--
INFO: ContentReplace Behavior ::run [ RunTime:0.000294s ]
INFO: TokenBuild Behavior ::run [ RunTime:0.000214s ]
INFO: WriteHtmlCache Behavior ::run [ RunTime:0.000123s ]
INFO: ShowRuntime Behavior ::run [ RunTime:0.000305s ]
INFO: [ view_filter ] --END-- [ RunTime:0.001044s ]
INFO: [ view_end ] --START--
INFO: ShowPageTrace Behavior ::run [ RunTime:0.000549s ]
INFO: [ view_end ] --END-- [ RunTime:0.000612s ]

[ 2015-04-03T23:33:23+08:00 ] 0.0.0.0 /hello/index.php/blog
INFO: [ route_check ] --START--
INFO: CheckRoute Behavior ::run [ RunTime:0.001293s ]
INFO: [ route_check ] --END-- [ RunTime:0.001507s ]
INFO: [ app_begin ] --START--
INFO: ReadHtmlCache Behavior ::run [ RunTime:0.000601s ]
INFO: [ app_begin ] --END-- [ RunTime:0.000698s ]
NOTIC: [2] mysql_connect(): Connection refused /Library/WebServer/Documents/hello/ThinkPHP/Extend/Driver/Session/SessionDb.class.php 第 100 行.
NOTIC: [2] mysql_select_db() expects parameter 2 to be resource, boolean given /Library/WebServer/Documents/hello/ThinkPHP/Extend/Driver/Session/SessionDb.class.php 第 103 行.
NOTIC: [8] Undefined offset: 1 /Library/WebServer/Documents/hello/ThinkPHP/Extend/Driver/Session/SessionDb.class.php 第 129 行.
NOTIC: [2] mysql_query() expects parameter 2 to be resource, null given /Library/WebServer/Documents/hello/ThinkPHP/Extend/Driver/Session/SessionDb.class.php 第 130 行.
NOTIC: [8] Use of undefined constant index - assumed 'index' /Library/WebServer/Documents/hello/Index/Modules/Index/Action/blogAction.class.php 第 6 行.
INFO: [ view_parse ] --START--
INFO: ParseTemplate Behavior ::run [ RunTime:0.011597s ]
INFO: [ view_parse ] --END-- [ RunTime:0.011671s ]
INFO: [ view_filter ] --START--
INFO: ContentReplace Behavior ::run [ RunTime:0.000575s ]
INFO: TokenBuild Behavior ::run [ RunTime:0.000387s ]
INFO: WriteHtmlCache Behavior ::run [ RunTime:0.000310s ]
INFO: ShowRuntime Behavior ::run [ RunTime:0.000504s ]
INFO: [ view_filter ] --END-- [ RunTime:0.001898s ]
INFO: [ view_end ] --START--
INFO: ShowPageTrace Behavior ::run [ RunTime:0.005975s ]
INFO: [ view_end ] --END-- [ RunTime:0.006057s ]

[ 2015-04-03T23:37:16+08:00 ] 0.0.0.0 /hello/index.php/blog
INFO: [ route_check ] --START--
INFO: CheckRoute Behavior ::run [ RunTime:0.000690s ]
INFO: [ route_check ] --END-- [ RunTime:0.000868s ]
INFO: [ app_begin ] --START--
INFO: ReadHtmlCache Behavior ::run [ RunTime:0.000986s ]
INFO: [ app_begin ] --END-- [ RunTime:0.001136s ]
NOTIC: [2] mysql_connect(): Connection refused /Library/WebServer/Documents/hello/ThinkPHP/Extend/Driver/Session/SessionDb.class.php 第 100 行.
NOTIC: [2] mysql_select_db() expects parameter 2 to be resource, boolean given /Library/WebServer/Documents/hello/ThinkPHP/Extend/Driver/Session/SessionDb.class.php 第 103 行.
NOTIC: [8] Undefined offset: 1 /Library/WebServer/Documents/hello/ThinkPHP/Extend/Driver/Session/SessionDb.class.php 第 129 行.
NOTIC: [2] mysql_query() expects parameter 2 to be resource, null given /Library/WebServer/Documents/hello/ThinkPHP/Extend/Driver/Session/SessionDb.class.php 第 130 行.
NOTIC: [8] Use of undefined constant index - assumed 'index' /Library/WebServer/Documents/hello/Index/Modules/Index/Action/blogAction.class.php 第 6 行.
INFO: [ view_parse ] --START--
INFO: ParseTemplate Behavior ::run [ RunTime:0.013759s ]
INFO: [ view_parse ] --END-- [ RunTime:0.013864s ]
INFO: [ view_filter ] --START--
INFO: ContentReplace Behavior ::run [ RunTime:0.000515s ]
INFO: TokenBuild Behavior ::run [ RunTime:0.001195s ]
INFO: WriteHtmlCache Behavior ::run [ RunTime:0.000901s ]
INFO: ShowRuntime Behavior ::run [ RunTime:0.000709s ]
INFO: [ view_filter ] --END-- [ RunTime:0.003616s ]
INFO: [ view_end ] --START--
INFO: ShowPageTrace Behavior ::run [ RunTime:0.000797s ]
INFO: [ view_end ] --END-- [ RunTime:0.000936s ]

[ 2015-04-03T23:37:19+08:00 ] 0.0.0.0 /hello/index.php/Admin
INFO: [ route_check ] --START--
INFO: CheckRoute Behavior ::run [ RunTime:0.000520s ]
INFO: [ route_check ] --END-- [ RunTime:0.000606s ]
INFO: [ app_begin ] --START--
INFO: ReadHtmlCache Behavior ::run [ RunTime:0.000675s ]
INFO: [ app_begin ] --END-- [ RunTime:0.000802s ]
NOTIC: [2] mysql_connect(): Connection refused /Library/WebServer/Documents/hello/ThinkPHP/Extend/Driver/Session/SessionDb.class.php 第 100 行.
NOTIC: [2] mysql_select_db() expects parameter 2 to be resource, boolean given /Library/WebServer/Documents/hello/ThinkPHP/Extend/Driver/Session/SessionDb.class.php 第 103 行.
NOTIC: [8] Undefined offset: 1 /Library/WebServer/Documents/hello/ThinkPHP/Extend/Driver/Session/SessionDb.class.php 第 129 行.
NOTIC: [2] mysql_query() expects parameter 2 to be resource, null given /Library/WebServer/Documents/hello/ThinkPHP/Extend/Driver/Session/SessionDb.class.php 第 130 行.

[ 2015-04-03T23:37:36+08:00 ] 0.0.0.0 /hello/index.php/Admin
INFO: [ route_check ] --START--
INFO: CheckRoute Behavior ::run [ RunTime:0.001070s ]
INFO: [ route_check ] --END-- [ RunTime:0.001259s ]
INFO: [ app_begin ] --START--
INFO: ReadHtmlCache Behavior ::run [ RunTime:0.000424s ]
INFO: [ app_begin ] --END-- [ RunTime:0.000507s ]
NOTIC: [2] mysql_connect(): Connection refused /Library/WebServer/Documents/hello/ThinkPHP/Extend/Driver/Session/SessionDb.class.php 第 100 行.
NOTIC: [2] mysql_select_db() expects parameter 2 to be resource, boolean given /Library/WebServer/Documents/hello/ThinkPHP/Extend/Driver/Session/SessionDb.class.php 第 103 行.
NOTIC: [8] Undefined offset: 1 /Library/WebServer/Documents/hello/ThinkPHP/Extend/Driver/Session/SessionDb.class.php 第 129 行.
NOTIC: [2] mysql_query() expects parameter 2 to be resource, null given /Library/WebServer/Documents/hello/ThinkPHP/Extend/Driver/Session/SessionDb.class.php 第 130 行.

