[ 2015-04-04T00:00:35+08:00 ] 0.0.0.0 /hello/index.php/Admin
INFO: [ route_check ] --START--
INFO: CheckRoute Behavior ::run [ RunTime:0.000628s ]
INFO: [ route_check ] --END-- [ RunTime:0.000771s ]
INFO: [ app_begin ] --START--
INFO: ReadHtmlCache Behavior ::run [ RunTime:0.000442s ]
INFO: [ app_begin ] --END-- [ RunTime:0.000537s ]
NOTIC: [2] mysql_connect(): Connection refused /Library/WebServer/Documents/hello/ThinkPHP/Extend/Driver/Session/SessionDb.class.php 第 100 行.
NOTIC: [2] mysql_select_db() expects parameter 2 to be resource, boolean given /Library/WebServer/Documents/hello/ThinkPHP/Extend/Driver/Session/SessionDb.class.php 第 103 行.
NOTIC: [8] Undefined offset: 1 /Library/WebServer/Documents/hello/ThinkPHP/Extend/Driver/Session/SessionDb.class.php 第 129 行.
NOTIC: [2] mysql_query() expects parameter 2 to be resource, null given /Library/WebServer/Documents/hello/ThinkPHP/Extend/Driver/Session/SessionDb.class.php 第 130 行.

[ 2015-04-04T00:00:52+08:00 ] 0.0.0.0 /hello/index.php/Admin
INFO: [ route_check ] --START--
INFO: CheckRoute Behavior ::run [ RunTime:0.000738s ]
INFO: [ route_check ] --END-- [ RunTime:0.000833s ]
INFO: [ app_begin ] --START--
INFO: ReadHtmlCache Behavior ::run [ RunTime:0.000478s ]
INFO: [ app_begin ] --END-- [ RunTime:0.000555s ]
NOTIC: [2] mysql_connect(): Connection refused /Library/WebServer/Documents/hello/ThinkPHP/Extend/Driver/Session/SessionDb.class.php 第 100 行.
NOTIC: [2] mysql_select_db() expects parameter 2 to be resource, boolean given /Library/WebServer/Documents/hello/ThinkPHP/Extend/Driver/Session/SessionDb.class.php 第 103 行.
NOTIC: [8] Undefined offset: 1 /Library/WebServer/Documents/hello/ThinkPHP/Extend/Driver/Session/SessionDb.class.php 第 129 行.
NOTIC: [2] mysql_query() expects parameter 2 to be resource, null given /Library/WebServer/Documents/hello/ThinkPHP/Extend/Driver/Session/SessionDb.class.php 第 130 行.
INFO: [ view_parse ] --START--
INFO: ParseTemplate Behavior ::run [ RunTime:0.012678s ]
INFO: [ view_parse ] --END-- [ RunTime:0.012743s ]
INFO: [ view_filter ] --START--
INFO: ContentReplace Behavior ::run [ RunTime:0.000283s ]
INFO: TokenBuild Behavior ::run [ RunTime:0.000311s ]
INFO: WriteHtmlCache Behavior ::run [ RunTime:0.000184s ]
INFO: ShowRuntime Behavior ::run [ RunTime:0.000270s ]
INFO: [ view_filter ] --END-- [ RunTime:0.001178s ]
INFO: [ view_end ] --START--
INFO: ShowPageTrace Behavior ::run [ RunTime:0.000389s ]
INFO: [ view_end ] --END-- [ RunTime:0.000436s ]

[ 2015-04-04T00:00:58+08:00 ] 0.0.0.0 /hello/index.php/Admin/login
INFO: [ route_check ] --START--
INFO: CheckRoute Behavior ::run [ RunTime:0.000780s ]
INFO: [ route_check ] --END-- [ RunTime:0.000875s ]
INFO: [ app_begin ] --START--
INFO: ReadHtmlCache Behavior ::run [ RunTime:0.000521s ]
INFO: [ app_begin ] --END-- [ RunTime:0.000601s ]
NOTIC: [2] mysql_connect(): Connection refused /Library/WebServer/Documents/hello/ThinkPHP/Extend/Driver/Session/SessionDb.class.php 第 100 行.
NOTIC: [2] mysql_select_db() expects parameter 2 to be resource, boolean given /Library/WebServer/Documents/hello/ThinkPHP/Extend/Driver/Session/SessionDb.class.php 第 103 行.
NOTIC: [8] Undefined offset: 1 /Library/WebServer/Documents/hello/ThinkPHP/Extend/Driver/Session/SessionDb.class.php 第 129 行.
NOTIC: [2] mysql_query() expects parameter 2 to be resource, null given /Library/WebServer/Documents/hello/ThinkPHP/Extend/Driver/Session/SessionDb.class.php 第 130 行.
INFO: [ view_parse ] --START--
INFO: ParseTemplate Behavior ::run [ RunTime:0.011308s ]
INFO: [ view_parse ] --END-- [ RunTime:0.011376s ]
INFO: [ view_filter ] --START--
INFO: ContentReplace Behavior ::run [ RunTime:0.000210s ]
INFO: TokenBuild Behavior ::run [ RunTime:0.000215s ]
INFO: WriteHtmlCache Behavior ::run [ RunTime:0.000121s ]
INFO: ShowRuntime Behavior ::run [ RunTime:0.000222s ]
INFO: [ view_filter ] --END-- [ RunTime:0.000871s ]
INFO: [ view_end ] --START--
INFO: ShowPageTrace Behavior ::run [ RunTime:0.000320s ]
INFO: [ view_end ] --END-- [ RunTime:0.000354s ]

[ 2015-04-04T00:00:58+08:00 ] 0.0.0.0 /hello/index.php/Admin/Login/verify
INFO: [ route_check ] --START--
INFO: CheckRoute Behavior ::run [ RunTime:0.000565s ]
INFO: [ route_check ] --END-- [ RunTime:0.000633s ]
INFO: [ app_begin ] --START--
INFO: ReadHtmlCache Behavior ::run [ RunTime:0.000562s ]
INFO: [ app_begin ] --END-- [ RunTime:0.000656s ]
NOTIC: [2] mysql_connect(): Connection refused /Library/WebServer/Documents/hello/ThinkPHP/Extend/Driver/Session/SessionDb.class.php 第 100 行.
NOTIC: [2] mysql_select_db() expects parameter 2 to be resource, boolean given /Library/WebServer/Documents/hello/ThinkPHP/Extend/Driver/Session/SessionDb.class.php 第 103 行.
NOTIC: [8] Undefined offset: 1 /Library/WebServer/Documents/hello/ThinkPHP/Extend/Driver/Session/SessionDb.class.php 第 129 行.
NOTIC: [2] mysql_query() expects parameter 2 to be resource, null given /Library/WebServer/Documents/hello/ThinkPHP/Extend/Driver/Session/SessionDb.class.php 第 130 行.
ERR: 非法操作:verify

[ 2015-04-04T00:11:08+08:00 ] 0.0.0.0 /hello/index.php/Admin/login
INFO: [ route_check ] --START--
INFO: CheckRoute Behavior ::run [ RunTime:0.000859s ]
INFO: [ route_check ] --END-- [ RunTime:0.001020s ]
INFO: [ app_begin ] --START--
INFO: ReadHtmlCache Behavior ::run [ RunTime:0.000894s ]
INFO: [ app_begin ] --END-- [ RunTime:0.001028s ]
NOTIC: [2] mysql_connect(): Connection refused /Library/WebServer/Documents/hello/ThinkPHP/Extend/Driver/Session/SessionDb.class.php 第 100 行.
NOTIC: [2] mysql_select_db() expects parameter 2 to be resource, boolean given /Library/WebServer/Documents/hello/ThinkPHP/Extend/Driver/Session/SessionDb.class.php 第 103 行.
NOTIC: [8] Undefined offset: 1 /Library/WebServer/Documents/hello/ThinkPHP/Extend/Driver/Session/SessionDb.class.php 第 129 行.
NOTIC: [2] mysql_query() expects parameter 2 to be resource, null given /Library/WebServer/Documents/hello/ThinkPHP/Extend/Driver/Session/SessionDb.class.php 第 130 行.
INFO: [ view_parse ] --START--
INFO: ParseTemplate Behavior ::run [ RunTime:0.009094s ]
INFO: [ view_parse ] --END-- [ RunTime:0.009189s ]
INFO: [ view_filter ] --START--
INFO: ContentReplace Behavior ::run [ RunTime:0.000478s ]
INFO: TokenBuild Behavior ::run [ RunTime:0.000375s ]
INFO: WriteHtmlCache Behavior ::run [ RunTime:0.000340s ]
INFO: ShowRuntime Behavior ::run [ RunTime:0.000633s ]
INFO: [ view_filter ] --END-- [ RunTime:0.002025s ]
INFO: [ view_end ] --START--
INFO: ShowPageTrace Behavior ::run [ RunTime:0.000891s ]
INFO: [ view_end ] --END-- [ RunTime:0.000959s ]

[ 2015-04-04T00:11:08+08:00 ] 0.0.0.0 /hello/index.php/Admin/Login/verify
INFO: [ route_check ] --START--
INFO: CheckRoute Behavior ::run [ RunTime:0.001162s ]
INFO: [ route_check ] --END-- [ RunTime:0.001260s ]
INFO: [ app_begin ] --START--
INFO: ReadHtmlCache Behavior ::run [ RunTime:0.000520s ]
INFO: [ app_begin ] --END-- [ RunTime:0.000606s ]
NOTIC: [2] mysql_connect(): Connection refused /Library/WebServer/Documents/hello/ThinkPHP/Extend/Driver/Session/SessionDb.class.php 第 100 行.
NOTIC: [2] mysql_select_db() expects parameter 2 to be resource, boolean given /Library/WebServer/Documents/hello/ThinkPHP/Extend/Driver/Session/SessionDb.class.php 第 103 行.
NOTIC: [8] Undefined offset: 1 /Library/WebServer/Documents/hello/ThinkPHP/Extend/Driver/Session/SessionDb.class.php 第 129 行.
NOTIC: [2] mysql_query() expects parameter 2 to be resource, null given /Library/WebServer/Documents/hello/ThinkPHP/Extend/Driver/Session/SessionDb.class.php 第 130 行.

[ 2015-04-04T00:11:12+08:00 ] 0.0.0.0 /hello/index.php/Admin/Login/login
INFO: [ route_check ] --START--
INFO: CheckRoute Behavior ::run [ RunTime:0.000641s ]
INFO: [ route_check ] --END-- [ RunTime:0.000715s ]
INFO: [ app_begin ] --START--
INFO: ReadHtmlCache Behavior ::run [ RunTime:0.000414s ]
INFO: [ app_begin ] --END-- [ RunTime:0.000474s ]
NOTIC: [2] mysql_connect(): Connection refused /Library/WebServer/Documents/hello/ThinkPHP/Extend/Driver/Session/SessionDb.class.php 第 100 行.
NOTIC: [2] mysql_select_db() expects parameter 2 to be resource, boolean given /Library/WebServer/Documents/hello/ThinkPHP/Extend/Driver/Session/SessionDb.class.php 第 103 行.
NOTIC: [8] Undefined offset: 1 /Library/WebServer/Documents/hello/ThinkPHP/Extend/Driver/Session/SessionDb.class.php 第 129 行.
NOTIC: [2] mysql_query() expects parameter 2 to be resource, null given /Library/WebServer/Documents/hello/ThinkPHP/Extend/Driver/Session/SessionDb.class.php 第 130 行.
INFO: [ view_parse ] --START--
INFO: ParseTemplate Behavior ::run [ RunTime:0.014558s ]
INFO: [ view_parse ] --END-- [ RunTime:0.014633s ]
INFO: [ view_filter ] --START--
INFO: ContentReplace Behavior ::run [ RunTime:0.000218s ]
INFO: TokenBuild Behavior ::run [ RunTime:0.000212s ]
INFO: WriteHtmlCache Behavior ::run [ RunTime:0.000119s ]
INFO: ShowRuntime Behavior ::run [ RunTime:0.000236s ]
INFO: [ view_filter ] --END-- [ RunTime:0.000902s ]
INFO: [ view_end ] --START--
INFO: ShowPageTrace Behavior ::run [ RunTime:0.000577s ]
INFO: [ view_end ] --END-- [ RunTime:0.000631s ]

[ 2015-04-04T00:12:18+08:00 ] 0.0.0.0 /hello/index.php/Admin/Login/login
INFO: [ route_check ] --START--
INFO: CheckRoute Behavior ::run [ RunTime:0.000864s ]
INFO: [ route_check ] --END-- [ RunTime:0.001023s ]
INFO: [ app_begin ] --START--
INFO: ReadHtmlCache Behavior ::run [ RunTime:0.000590s ]
INFO: [ app_begin ] --END-- [ RunTime:0.000669s ]
NOTIC: [2] mysql_connect(): Connection refused /Library/WebServer/Documents/hello/ThinkPHP/Extend/Driver/Session/SessionDb.class.php 第 100 行.
NOTIC: [2] mysql_select_db() expects parameter 2 to be resource, boolean given /Library/WebServer/Documents/hello/ThinkPHP/Extend/Driver/Session/SessionDb.class.php 第 103 行.
NOTIC: [8] Undefined offset: 1 /Library/WebServer/Documents/hello/ThinkPHP/Extend/Driver/Session/SessionDb.class.php 第 129 行.
NOTIC: [2] mysql_query() expects parameter 2 to be resource, null given /Library/WebServer/Documents/hello/ThinkPHP/Extend/Driver/Session/SessionDb.class.php 第 130 行.
INFO: [ view_parse ] --START--
INFO: ParseTemplate Behavior ::run [ RunTime:0.012001s ]
INFO: [ view_parse ] --END-- [ RunTime:0.012119s ]
INFO: [ view_filter ] --START--
INFO: ContentReplace Behavior ::run [ RunTime:0.000570s ]
INFO: TokenBuild Behavior ::run [ RunTime:0.000481s ]
INFO: WriteHtmlCache Behavior ::run [ RunTime:0.000375s ]
INFO: ShowRuntime Behavior ::run [ RunTime:0.000478s ]
INFO: [ view_filter ] --END-- [ RunTime:0.002048s ]
INFO: [ view_end ] --START--
INFO: ShowPageTrace Behavior ::run [ RunTime:0.000604s ]
INFO: [ view_end ] --END-- [ RunTime:0.000642s ]

[ 2015-04-04T00:12:23+08:00 ] 0.0.0.0 /hello/index.php/Admin/login
INFO: [ route_check ] --START--
INFO: CheckRoute Behavior ::run [ RunTime:0.000703s ]
INFO: [ route_check ] --END-- [ RunTime:0.000797s ]
INFO: [ app_begin ] --START--
INFO: ReadHtmlCache Behavior ::run [ RunTime:0.000503s ]
INFO: [ app_begin ] --END-- [ RunTime:0.000584s ]
NOTIC: [2] mysql_connect(): Connection refused /Library/WebServer/Documents/hello/ThinkPHP/Extend/Driver/Session/SessionDb.class.php 第 100 行.
NOTIC: [2] mysql_select_db() expects parameter 2 to be resource, boolean given /Library/WebServer/Documents/hello/ThinkPHP/Extend/Driver/Session/SessionDb.class.php 第 103 行.
NOTIC: [8] Undefined offset: 1 /Library/WebServer/Documents/hello/ThinkPHP/Extend/Driver/Session/SessionDb.class.php 第 129 行.
NOTIC: [2] mysql_query() expects parameter 2 to be resource, null given /Library/WebServer/Documents/hello/ThinkPHP/Extend/Driver/Session/SessionDb.class.php 第 130 行.
INFO: [ view_parse ] --START--
INFO: ParseTemplate Behavior ::run [ RunTime:0.005390s ]
INFO: [ view_parse ] --END-- [ RunTime:0.005472s ]
INFO: [ view_filter ] --START--
INFO: ContentReplace Behavior ::run [ RunTime:0.000339s ]
INFO: TokenBuild Behavior ::run [ RunTime:0.000331s ]
INFO: WriteHtmlCache Behavior ::run [ RunTime:0.000198s ]
INFO: ShowRuntime Behavior ::run [ RunTime:0.000271s ]
INFO: [ view_filter ] --END-- [ RunTime:0.001298s ]
INFO: [ view_end ] --START--
INFO: ShowPageTrace Behavior ::run [ RunTime:0.000360s ]
INFO: [ view_end ] --END-- [ RunTime:0.000400s ]

[ 2015-04-04T00:12:23+08:00 ] 0.0.0.0 /hello/index.php/Admin/Login/verify
INFO: [ route_check ] --START--
INFO: CheckRoute Behavior ::run [ RunTime:0.000915s ]
INFO: [ route_check ] --END-- [ RunTime:0.001030s ]
INFO: [ app_begin ] --START--
INFO: ReadHtmlCache Behavior ::run [ RunTime:0.000567s ]
INFO: [ app_begin ] --END-- [ RunTime:0.000660s ]
NOTIC: [2] mysql_connect(): Connection refused /Library/WebServer/Documents/hello/ThinkPHP/Extend/Driver/Session/SessionDb.class.php 第 100 行.
NOTIC: [2] mysql_select_db() expects parameter 2 to be resource, boolean given /Library/WebServer/Documents/hello/ThinkPHP/Extend/Driver/Session/SessionDb.class.php 第 103 行.
NOTIC: [8] Undefined offset: 1 /Library/WebServer/Documents/hello/ThinkPHP/Extend/Driver/Session/SessionDb.class.php 第 129 行.
NOTIC: [2] mysql_query() expects parameter 2 to be resource, null given /Library/WebServer/Documents/hello/ThinkPHP/Extend/Driver/Session/SessionDb.class.php 第 130 行.

[ 2015-04-04T00:12:28+08:00 ] 0.0.0.0 /hello/index.php/Admin/Login/login
INFO: [ route_check ] --START--
INFO: CheckRoute Behavior ::run [ RunTime:0.000723s ]
INFO: [ route_check ] --END-- [ RunTime:0.000827s ]
INFO: [ app_begin ] --START--
INFO: ReadHtmlCache Behavior ::run [ RunTime:0.000333s ]
INFO: [ app_begin ] --END-- [ RunTime:0.000385s ]
NOTIC: [2] mysql_connect(): Connection refused /Library/WebServer/Documents/hello/ThinkPHP/Extend/Driver/Session/SessionDb.class.php 第 100 行.
NOTIC: [2] mysql_select_db() expects parameter 2 to be resource, boolean given /Library/WebServer/Documents/hello/ThinkPHP/Extend/Driver/Session/SessionDb.class.php 第 103 行.
NOTIC: [8] Undefined offset: 1 /Library/WebServer/Documents/hello/ThinkPHP/Extend/Driver/Session/SessionDb.class.php 第 129 行.
NOTIC: [2] mysql_query() expects parameter 2 to be resource, null given /Library/WebServer/Documents/hello/ThinkPHP/Extend/Driver/Session/SessionDb.class.php 第 130 行.
INFO: [ view_parse ] --START--
INFO: ParseTemplate Behavior ::run [ RunTime:0.010920s ]
INFO: [ view_parse ] --END-- [ RunTime:0.011009s ]
INFO: [ view_filter ] --START--
INFO: ContentReplace Behavior ::run [ RunTime:0.000289s ]
INFO: TokenBuild Behavior ::run [ RunTime:0.000231s ]
INFO: WriteHtmlCache Behavior ::run [ RunTime:0.000134s ]
INFO: ShowRuntime Behavior ::run [ RunTime:0.000281s ]
INFO: [ view_filter ] --END-- [ RunTime:0.001052s ]
INFO: [ view_end ] --START--
INFO: ShowPageTrace Behavior ::run [ RunTime:0.000365s ]
INFO: [ view_end ] --END-- [ RunTime:0.000400s ]

[ 2015-04-04T00:12:33+08:00 ] 0.0.0.0 /hello/index.php/Admin/login
INFO: [ route_check ] --START--
INFO: CheckRoute Behavior ::run [ RunTime:0.000731s ]
INFO: [ route_check ] --END-- [ RunTime:0.000818s ]
INFO: [ app_begin ] --START--
INFO: ReadHtmlCache Behavior ::run [ RunTime:0.000339s ]
INFO: [ app_begin ] --END-- [ RunTime:0.000396s ]
NOTIC: [2] mysql_connect(): Connection refused /Library/WebServer/Documents/hello/ThinkPHP/Extend/Driver/Session/SessionDb.class.php 第 100 行.
NOTIC: [2] mysql_select_db() expects parameter 2 to be resource, boolean given /Library/WebServer/Documents/hello/ThinkPHP/Extend/Driver/Session/SessionDb.class.php 第 103 行.
NOTIC: [8] Undefined offset: 1 /Library/WebServer/Documents/hello/ThinkPHP/Extend/Driver/Session/SessionDb.class.php 第 129 行.
NOTIC: [2] mysql_query() expects parameter 2 to be resource, null given /Library/WebServer/Documents/hello/ThinkPHP/Extend/Driver/Session/SessionDb.class.php 第 130 行.
INFO: [ view_parse ] --START--
INFO: ParseTemplate Behavior ::run [ RunTime:0.005952s ]
INFO: [ view_parse ] --END-- [ RunTime:0.006025s ]
INFO: [ view_filter ] --START--
INFO: ContentReplace Behavior ::run [ RunTime:0.000310s ]
INFO: TokenBuild Behavior ::run [ RunTime:0.000303s ]
INFO: WriteHtmlCache Behavior ::run [ RunTime:0.000243s ]
INFO: ShowRuntime Behavior ::run [ RunTime:0.000373s ]
INFO: [ view_filter ] --END-- [ RunTime:0.001410s ]
INFO: [ view_end ] --START--
INFO: ShowPageTrace Behavior ::run [ RunTime:0.000446s ]
INFO: [ view_end ] --END-- [ RunTime:0.000505s ]

[ 2015-04-04T00:12:33+08:00 ] 0.0.0.0 /hello/index.php/Admin/Login/verify
INFO: [ route_check ] --START--
INFO: CheckRoute Behavior ::run [ RunTime:0.000805s ]
INFO: [ route_check ] --END-- [ RunTime:0.000908s ]
INFO: [ app_begin ] --START--
INFO: ReadHtmlCache Behavior ::run [ RunTime:0.000527s ]
INFO: [ app_begin ] --END-- [ RunTime:0.000615s ]
NOTIC: [2] mysql_connect(): Connection refused /Library/WebServer/Documents/hello/ThinkPHP/Extend/Driver/Session/SessionDb.class.php 第 100 行.
NOTIC: [2] mysql_select_db() expects parameter 2 to be resource, boolean given /Library/WebServer/Documents/hello/ThinkPHP/Extend/Driver/Session/SessionDb.class.php 第 103 行.
NOTIC: [8] Undefined offset: 1 /Library/WebServer/Documents/hello/ThinkPHP/Extend/Driver/Session/SessionDb.class.php 第 129 行.
NOTIC: [2] mysql_query() expects parameter 2 to be resource, null given /Library/WebServer/Documents/hello/ThinkPHP/Extend/Driver/Session/SessionDb.class.php 第 130 行.

[ 2015-04-04T00:12:41+08:00 ] 0.0.0.0 /hello/index.php/Admin/Login/login
INFO: [ route_check ] --START--
INFO: CheckRoute Behavior ::run [ RunTime:0.000484s ]
INFO: [ route_check ] --END-- [ RunTime:0.000543s ]
INFO: [ app_begin ] --START--
INFO: ReadHtmlCache Behavior ::run [ RunTime:0.000284s ]
INFO: [ app_begin ] --END-- [ RunTime:0.000328s ]
NOTIC: [2] mysql_connect(): Connection refused /Library/WebServer/Documents/hello/ThinkPHP/Extend/Driver/Session/SessionDb.class.php 第 100 行.
NOTIC: [2] mysql_select_db() expects parameter 2 to be resource, boolean given /Library/WebServer/Documents/hello/ThinkPHP/Extend/Driver/Session/SessionDb.class.php 第 103 行.
NOTIC: [8] Undefined offset: 1 /Library/WebServer/Documents/hello/ThinkPHP/Extend/Driver/Session/SessionDb.class.php 第 129 行.
NOTIC: [2] mysql_query() expects parameter 2 to be resource, null given /Library/WebServer/Documents/hello/ThinkPHP/Extend/Driver/Session/SessionDb.class.php 第 130 行.
INFO: [ view_parse ] --START--
INFO: ParseTemplate Behavior ::run [ RunTime:0.010982s ]
INFO: [ view_parse ] --END-- [ RunTime:0.011066s ]
INFO: [ view_filter ] --START--
INFO: ContentReplace Behavior ::run [ RunTime:0.000274s ]
INFO: TokenBuild Behavior ::run [ RunTime:0.000217s ]
INFO: WriteHtmlCache Behavior ::run [ RunTime:0.000191s ]
INFO: ShowRuntime Behavior ::run [ RunTime:0.000269s ]
INFO: [ view_filter ] --END-- [ RunTime:0.001076s ]
INFO: [ view_end ] --START--
INFO: ShowPageTrace Behavior ::run [ RunTime:0.000328s ]
INFO: [ view_end ] --END-- [ RunTime:0.000367s ]

[ 2015-04-04T00:12:49+08:00 ] 0.0.0.0 /hello/index.php/Admin/login
INFO: [ route_check ] --START--
INFO: CheckRoute Behavior ::run [ RunTime:0.000769s ]
INFO: [ route_check ] --END-- [ RunTime:0.000855s ]
INFO: [ app_begin ] --START--
INFO: ReadHtmlCache Behavior ::run [ RunTime:0.000555s ]
INFO: [ app_begin ] --END-- [ RunTime:0.000652s ]
NOTIC: [2] mysql_connect(): Connection refused /Library/WebServer/Documents/hello/ThinkPHP/Extend/Driver/Session/SessionDb.class.php 第 100 行.
NOTIC: [2] mysql_select_db() expects parameter 2 to be resource, boolean given /Library/WebServer/Documents/hello/ThinkPHP/Extend/Driver/Session/SessionDb.class.php 第 103 行.
NOTIC: [8] Undefined offset: 1 /Library/WebServer/Documents/hello/ThinkPHP/Extend/Driver/Session/SessionDb.class.php 第 129 行.
NOTIC: [2] mysql_query() expects parameter 2 to be resource, null given /Library/WebServer/Documents/hello/ThinkPHP/Extend/Driver/Session/SessionDb.class.php 第 130 行.
INFO: [ view_parse ] --START--
INFO: ParseTemplate Behavior ::run [ RunTime:0.005686s ]
INFO: [ view_parse ] --END-- [ RunTime:0.005770s ]
INFO: [ view_filter ] --START--
INFO: ContentReplace Behavior ::run [ RunTime:0.000303s ]
INFO: TokenBuild Behavior ::run [ RunTime:0.000308s ]
INFO: WriteHtmlCache Behavior ::run [ RunTime:0.000184s ]
INFO: ShowRuntime Behavior ::run [ RunTime:0.000353s ]
INFO: [ view_filter ] --END-- [ RunTime:0.001305s ]
INFO: [ view_end ] --START--
INFO: ShowPageTrace Behavior ::run [ RunTime:0.000518s ]
INFO: [ view_end ] --END-- [ RunTime:0.000572s ]

[ 2015-04-04T00:12:49+08:00 ] 0.0.0.0 /hello/index.php/Admin/Login/verify
INFO: [ route_check ] --START--
INFO: CheckRoute Behavior ::run [ RunTime:0.000755s ]
INFO: [ route_check ] --END-- [ RunTime:0.000856s ]
INFO: [ app_begin ] --START--
INFO: ReadHtmlCache Behavior ::run [ RunTime:0.000513s ]
INFO: [ app_begin ] --END-- [ RunTime:0.000597s ]
NOTIC: [2] mysql_connect(): Connection refused /Library/WebServer/Documents/hello/ThinkPHP/Extend/Driver/Session/SessionDb.class.php 第 100 行.
NOTIC: [2] mysql_select_db() expects parameter 2 to be resource, boolean given /Library/WebServer/Documents/hello/ThinkPHP/Extend/Driver/Session/SessionDb.class.php 第 103 行.
NOTIC: [8] Undefined offset: 1 /Library/WebServer/Documents/hello/ThinkPHP/Extend/Driver/Session/SessionDb.class.php 第 129 行.
NOTIC: [2] mysql_query() expects parameter 2 to be resource, null given /Library/WebServer/Documents/hello/ThinkPHP/Extend/Driver/Session/SessionDb.class.php 第 130 行.

[ 2015-04-04T00:12:54+08:00 ] 0.0.0.0 /hello/index.php/Admin/Login/login
INFO: [ route_check ] --START--
INFO: CheckRoute Behavior ::run [ RunTime:0.000724s ]
INFO: [ route_check ] --END-- [ RunTime:0.000815s ]
INFO: [ app_begin ] --START--
INFO: ReadHtmlCache Behavior ::run [ RunTime:0.000447s ]
INFO: [ app_begin ] --END-- [ RunTime:0.000515s ]
NOTIC: [2] mysql_connect(): Connection refused /Library/WebServer/Documents/hello/ThinkPHP/Extend/Driver/Session/SessionDb.class.php 第 100 行.
NOTIC: [2] mysql_select_db() expects parameter 2 to be resource, boolean given /Library/WebServer/Documents/hello/ThinkPHP/Extend/Driver/Session/SessionDb.class.php 第 103 行.
NOTIC: [8] Undefined offset: 1 /Library/WebServer/Documents/hello/ThinkPHP/Extend/Driver/Session/SessionDb.class.php 第 129 行.
NOTIC: [2] mysql_query() expects parameter 2 to be resource, null given /Library/WebServer/Documents/hello/ThinkPHP/Extend/Driver/Session/SessionDb.class.php 第 130 行.
INFO: [ view_parse ] --START--
INFO: ParseTemplate Behavior ::run [ RunTime:0.005299s ]
INFO: [ view_parse ] --END-- [ RunTime:0.005358s ]
INFO: [ view_filter ] --START--
INFO: ContentReplace Behavior ::run [ RunTime:0.000205s ]
INFO: TokenBuild Behavior ::run [ RunTime:0.000186s ]
INFO: WriteHtmlCache Behavior ::run [ RunTime:0.000115s ]
INFO: ShowRuntime Behavior ::run [ RunTime:0.000218s ]
INFO: [ view_filter ] --END-- [ RunTime:0.000836s ]
INFO: [ view_end ] --START--
INFO: ShowPageTrace Behavior ::run [ RunTime:0.000313s ]
INFO: [ view_end ] --END-- [ RunTime:0.000345s ]

[ 2015-04-04T00:33:36+08:00 ] 0.0.0.0 /hello/index.php/Admin/login
INFO: [ route_check ] --START--
INFO: CheckRoute Behavior ::run [ RunTime:0.001161s ]
INFO: [ route_check ] --END-- [ RunTime:0.003210s ]
INFO: [ app_begin ] --START--
INFO: ReadHtmlCache Behavior ::run [ RunTime:0.000542s ]
INFO: [ app_begin ] --END-- [ RunTime:0.000598s ]
NOTIC: [2] mysql_connect(): Connection refused /Library/WebServer/Documents/hello/ThinkPHP/Extend/Driver/Session/SessionDb.class.php 第 100 行.
NOTIC: [2] mysql_select_db() expects parameter 2 to be resource, boolean given /Library/WebServer/Documents/hello/ThinkPHP/Extend/Driver/Session/SessionDb.class.php 第 103 行.
NOTIC: [8] Undefined offset: 1 /Library/WebServer/Documents/hello/ThinkPHP/Extend/Driver/Session/SessionDb.class.php 第 129 行.
NOTIC: [2] mysql_query() expects parameter 2 to be resource, null given /Library/WebServer/Documents/hello/ThinkPHP/Extend/Driver/Session/SessionDb.class.php 第 130 行.
INFO: [ view_parse ] --START--
INFO: ParseTemplate Behavior ::run [ RunTime:0.007849s ]
INFO: [ view_parse ] --END-- [ RunTime:0.007937s ]
INFO: [ view_filter ] --START--
INFO: ContentReplace Behavior ::run [ RunTime:0.000488s ]
INFO: TokenBuild Behavior ::run [ RunTime:0.000399s ]
INFO: WriteHtmlCache Behavior ::run [ RunTime:0.000357s ]
INFO: ShowRuntime Behavior ::run [ RunTime:0.000375s ]
INFO: [ view_filter ] --END-- [ RunTime:0.001770s ]
INFO: [ view_end ] --START--
INFO: ShowPageTrace Behavior ::run [ RunTime:0.000499s ]
INFO: [ view_end ] --END-- [ RunTime:0.000536s ]

[ 2015-04-04T00:33:37+08:00 ] 0.0.0.0 /hello/index.php/Admin/Login/verify
INFO: [ route_check ] --START--
INFO: CheckRoute Behavior ::run [ RunTime:0.000782s ]
INFO: [ route_check ] --END-- [ RunTime:0.000882s ]
INFO: [ app_begin ] --START--
INFO: ReadHtmlCache Behavior ::run [ RunTime:0.000520s ]
INFO: [ app_begin ] --END-- [ RunTime:0.000609s ]
NOTIC: [2] mysql_connect(): Connection refused /Library/WebServer/Documents/hello/ThinkPHP/Extend/Driver/Session/SessionDb.class.php 第 100 行.
NOTIC: [2] mysql_select_db() expects parameter 2 to be resource, boolean given /Library/WebServer/Documents/hello/ThinkPHP/Extend/Driver/Session/SessionDb.class.php 第 103 行.
NOTIC: [8] Undefined offset: 1 /Library/WebServer/Documents/hello/ThinkPHP/Extend/Driver/Session/SessionDb.class.php 第 129 行.
NOTIC: [2] mysql_query() expects parameter 2 to be resource, null given /Library/WebServer/Documents/hello/ThinkPHP/Extend/Driver/Session/SessionDb.class.php 第 130 行.

[ 2015-04-04T12:36:46+08:00 ] 0.0.0.0 /hello/index.php/Admin/Login/login
INFO: [ route_check ] --START--
INFO: CheckRoute Behavior ::run [ RunTime:0.012711s ]
INFO: [ route_check ] --END-- [ RunTime:0.012938s ]
INFO: [ app_begin ] --START--
INFO: ReadHtmlCache Behavior ::run [ RunTime:0.007291s ]
INFO: [ app_begin ] --END-- [ RunTime:0.007484s ]
NOTIC: [2] mysql_connect(): Connection refused /Library/WebServer/Documents/hello/ThinkPHP/Extend/Driver/Session/SessionDb.class.php 第 100 行.
NOTIC: [2] mysql_select_db() expects parameter 2 to be resource, boolean given /Library/WebServer/Documents/hello/ThinkPHP/Extend/Driver/Session/SessionDb.class.php 第 103 行.
NOTIC: [8] Undefined offset: 1 /Library/WebServer/Documents/hello/ThinkPHP/Extend/Driver/Session/SessionDb.class.php 第 129 行.
NOTIC: [2] mysql_query() expects parameter 2 to be resource, null given /Library/WebServer/Documents/hello/ThinkPHP/Extend/Driver/Session/SessionDb.class.php 第 130 行.
INFO: [ view_parse ] --START--
INFO: ParseTemplate Behavior ::run [ RunTime:0.107884s ]
INFO: [ view_parse ] --END-- [ RunTime:0.110746s ]
INFO: [ view_filter ] --START--
INFO: ContentReplace Behavior ::run [ RunTime:0.011824s ]
INFO: TokenBuild Behavior ::run [ RunTime:0.006595s ]
INFO: WriteHtmlCache Behavior ::run [ RunTime:0.006529s ]
INFO: ShowRuntime Behavior ::run [ RunTime:0.011842s ]
INFO: [ view_filter ] --END-- [ RunTime:0.037162s ]
INFO: [ view_end ] --START--
INFO: ShowPageTrace Behavior ::run [ RunTime:0.006046s ]
INFO: [ view_end ] --END-- [ RunTime:0.006114s ]

[ 2015-04-04T12:36:51+08:00 ] 0.0.0.0 /hello/index.php/Admin/login
INFO: [ route_check ] --START--
INFO: CheckRoute Behavior ::run [ RunTime:0.000783s ]
INFO: [ route_check ] --END-- [ RunTime:0.000890s ]
INFO: [ app_begin ] --START--
INFO: ReadHtmlCache Behavior ::run [ RunTime:0.000510s ]
INFO: [ app_begin ] --END-- [ RunTime:0.000598s ]
NOTIC: [2] mysql_connect(): Connection refused /Library/WebServer/Documents/hello/ThinkPHP/Extend/Driver/Session/SessionDb.class.php 第 100 行.
NOTIC: [2] mysql_select_db() expects parameter 2 to be resource, boolean given /Library/WebServer/Documents/hello/ThinkPHP/Extend/Driver/Session/SessionDb.class.php 第 103 行.
NOTIC: [8] Undefined offset: 1 /Library/WebServer/Documents/hello/ThinkPHP/Extend/Driver/Session/SessionDb.class.php 第 129 行.
NOTIC: [2] mysql_query() expects parameter 2 to be resource, null given /Library/WebServer/Documents/hello/ThinkPHP/Extend/Driver/Session/SessionDb.class.php 第 130 行.
INFO: [ view_parse ] --START--
INFO: ParseTemplate Behavior ::run [ RunTime:0.018708s ]
INFO: [ view_parse ] --END-- [ RunTime:0.018797s ]
INFO: [ view_filter ] --START--
INFO: ContentReplace Behavior ::run [ RunTime:0.000326s ]
INFO: TokenBuild Behavior ::run [ RunTime:0.000306s ]
INFO: WriteHtmlCache Behavior ::run [ RunTime:0.000199s ]
INFO: ShowRuntime Behavior ::run [ RunTime:0.000367s ]
INFO: [ view_filter ] --END-- [ RunTime:0.001369s ]
INFO: [ view_end ] --START--
INFO: ShowPageTrace Behavior ::run [ RunTime:0.000527s ]
INFO: [ view_end ] --END-- [ RunTime:0.000581s ]

[ 2015-04-04T12:36:51+08:00 ] 0.0.0.0 /hello/index.php/Admin/Login/verify
INFO: [ route_check ] --START--
INFO: CheckRoute Behavior ::run [ RunTime:0.000792s ]
INFO: [ route_check ] --END-- [ RunTime:0.000898s ]
INFO: [ app_begin ] --START--
INFO: ReadHtmlCache Behavior ::run [ RunTime:0.000510s ]
INFO: [ app_begin ] --END-- [ RunTime:0.000600s ]
NOTIC: [2] mysql_connect(): Connection refused /Library/WebServer/Documents/hello/ThinkPHP/Extend/Driver/Session/SessionDb.class.php 第 100 行.
NOTIC: [2] mysql_select_db() expects parameter 2 to be resource, boolean given /Library/WebServer/Documents/hello/ThinkPHP/Extend/Driver/Session/SessionDb.class.php 第 103 行.
NOTIC: [8] Undefined offset: 1 /Library/WebServer/Documents/hello/ThinkPHP/Extend/Driver/Session/SessionDb.class.php 第 129 行.
NOTIC: [2] mysql_query() expects parameter 2 to be resource, null given /Library/WebServer/Documents/hello/ThinkPHP/Extend/Driver/Session/SessionDb.class.php 第 130 行.

[ 2015-04-04T12:36:57+08:00 ] 0.0.0.0 /hello/index.php/Admin/login
INFO: [ route_check ] --START--
INFO: CheckRoute Behavior ::run [ RunTime:0.000695s ]
INFO: [ route_check ] --END-- [ RunTime:0.000785s ]
INFO: [ app_begin ] --START--
INFO: ReadHtmlCache Behavior ::run [ RunTime:0.000518s ]
INFO: [ app_begin ] --END-- [ RunTime:0.000608s ]
NOTIC: [2] mysql_connect(): Connection refused /Library/WebServer/Documents/hello/ThinkPHP/Extend/Driver/Session/SessionDb.class.php 第 100 行.
NOTIC: [2] mysql_select_db() expects parameter 2 to be resource, boolean given /Library/WebServer/Documents/hello/ThinkPHP/Extend/Driver/Session/SessionDb.class.php 第 103 行.
NOTIC: [8] Undefined offset: 1 /Library/WebServer/Documents/hello/ThinkPHP/Extend/Driver/Session/SessionDb.class.php 第 129 行.
NOTIC: [2] mysql_query() expects parameter 2 to be resource, null given /Library/WebServer/Documents/hello/ThinkPHP/Extend/Driver/Session/SessionDb.class.php 第 130 行.
INFO: [ view_parse ] --START--
INFO: ParseTemplate Behavior ::run [ RunTime:0.014025s ]
INFO: [ view_parse ] --END-- [ RunTime:0.014115s ]
INFO: [ view_filter ] --START--
INFO: ContentReplace Behavior ::run [ RunTime:0.000300s ]
INFO: TokenBuild Behavior ::run [ RunTime:0.000276s ]
INFO: WriteHtmlCache Behavior ::run [ RunTime:0.000164s ]
INFO: ShowRuntime Behavior ::run [ RunTime:0.000365s ]
INFO: [ view_filter ] --END-- [ RunTime:0.001259s ]
INFO: [ view_end ] --START--
INFO: ShowPageTrace Behavior ::run [ RunTime:0.000514s ]
INFO: [ view_end ] --END-- [ RunTime:0.000570s ]

[ 2015-04-04T12:36:57+08:00 ] 0.0.0.0 /hello/index.php/Admin/Login/verify
INFO: [ route_check ] --START--
INFO: CheckRoute Behavior ::run [ RunTime:0.000743s ]
INFO: [ route_check ] --END-- [ RunTime:0.000922s ]
INFO: [ app_begin ] --START--
INFO: ReadHtmlCache Behavior ::run [ RunTime:0.000546s ]
INFO: [ app_begin ] --END-- [ RunTime:0.000631s ]
NOTIC: [2] mysql_connect(): Connection refused /Library/WebServer/Documents/hello/ThinkPHP/Extend/Driver/Session/SessionDb.class.php 第 100 行.
NOTIC: [2] mysql_select_db() expects parameter 2 to be resource, boolean given /Library/WebServer/Documents/hello/ThinkPHP/Extend/Driver/Session/SessionDb.class.php 第 103 行.
NOTIC: [8] Undefined offset: 1 /Library/WebServer/Documents/hello/ThinkPHP/Extend/Driver/Session/SessionDb.class.php 第 129 行.
NOTIC: [2] mysql_query() expects parameter 2 to be resource, null given /Library/WebServer/Documents/hello/ThinkPHP/Extend/Driver/Session/SessionDb.class.php 第 130 行.

[ 2015-04-04T12:37:01+08:00 ] 0.0.0.0 /hello/index.php/Admin/Login/login
INFO: [ route_check ] --START--
INFO: CheckRoute Behavior ::run [ RunTime:0.000682s ]
INFO: [ route_check ] --END-- [ RunTime:0.000756s ]
INFO: [ app_begin ] --START--
INFO: ReadHtmlCache Behavior ::run [ RunTime:0.000285s ]
INFO: [ app_begin ] --END-- [ RunTime:0.000328s ]
NOTIC: [2] mysql_connect(): Connection refused /Library/WebServer/Documents/hello/ThinkPHP/Extend/Driver/Session/SessionDb.class.php 第 100 行.
NOTIC: [2] mysql_select_db() expects parameter 2 to be resource, boolean given /Library/WebServer/Documents/hello/ThinkPHP/Extend/Driver/Session/SessionDb.class.php 第 103 行.
NOTIC: [8] Undefined offset: 1 /Library/WebServer/Documents/hello/ThinkPHP/Extend/Driver/Session/SessionDb.class.php 第 129 行.
NOTIC: [2] mysql_query() expects parameter 2 to be resource, null given /Library/WebServer/Documents/hello/ThinkPHP/Extend/Driver/Session/SessionDb.class.php 第 130 行.
INFO: [ view_parse ] --START--
INFO: ParseTemplate Behavior ::run [ RunTime:0.009641s ]
INFO: [ view_parse ] --END-- [ RunTime:0.009706s ]
INFO: [ view_filter ] --START--
INFO: ContentReplace Behavior ::run [ RunTime:0.000228s ]
INFO: TokenBuild Behavior ::run [ RunTime:0.000212s ]
INFO: WriteHtmlCache Behavior ::run [ RunTime:0.000121s ]
INFO: ShowRuntime Behavior ::run [ RunTime:0.000226s ]
INFO: [ view_filter ] --END-- [ RunTime:0.000893s ]
INFO: [ view_end ] --START--
INFO: ShowPageTrace Behavior ::run [ RunTime:0.000323s ]
INFO: [ view_end ] --END-- [ RunTime:0.000357s ]

[ 2015-04-04T12:38:29+08:00 ] 0.0.0.0 /hello/index.php/Admin/login
INFO: [ route_check ] --START--
INFO: CheckRoute Behavior ::run [ RunTime:0.000709s ]
INFO: [ route_check ] --END-- [ RunTime:0.000889s ]
INFO: [ app_begin ] --START--
INFO: ReadHtmlCache Behavior ::run [ RunTime:0.000386s ]
INFO: [ app_begin ] --END-- [ RunTime:0.000466s ]
NOTIC: [2] mysql_connect(): Connection refused /Library/WebServer/Documents/hello/ThinkPHP/Extend/Driver/Session/SessionDb.class.php 第 100 行.
NOTIC: [2] mysql_select_db() expects parameter 2 to be resource, boolean given /Library/WebServer/Documents/hello/ThinkPHP/Extend/Driver/Session/SessionDb.class.php 第 103 行.
NOTIC: [8] Undefined offset: 1 /Library/WebServer/Documents/hello/ThinkPHP/Extend/Driver/Session/SessionDb.class.php 第 129 行.
NOTIC: [2] mysql_query() expects parameter 2 to be resource, null given /Library/WebServer/Documents/hello/ThinkPHP/Extend/Driver/Session/SessionDb.class.php 第 130 行.
INFO: [ view_parse ] --START--
INFO: ParseTemplate Behavior ::run [ RunTime:0.005644s ]
INFO: [ view_parse ] --END-- [ RunTime:0.005722s ]
INFO: [ view_filter ] --START--
INFO: ContentReplace Behavior ::run [ RunTime:0.000233s ]
INFO: TokenBuild Behavior ::run [ RunTime:0.000305s ]
INFO: WriteHtmlCache Behavior ::run [ RunTime:0.000139s ]
INFO: ShowRuntime Behavior ::run [ RunTime:0.000288s ]
INFO: [ view_filter ] --END-- [ RunTime:0.001114s ]
INFO: [ view_end ] --START--
INFO: ShowPageTrace Behavior ::run [ RunTime:0.000599s ]
INFO: [ view_end ] --END-- [ RunTime:0.000649s ]

[ 2015-04-04T12:38:29+08:00 ] 0.0.0.0 /hello/index.php/Admin/Login/verify
INFO: [ route_check ] --START--
INFO: CheckRoute Behavior ::run [ RunTime:0.002227s ]
INFO: [ route_check ] --END-- [ RunTime:0.002331s ]
INFO: [ app_begin ] --START--
INFO: ReadHtmlCache Behavior ::run [ RunTime:0.000568s ]
INFO: [ app_begin ] --END-- [ RunTime:0.000665s ]
NOTIC: [2] mysql_connect(): Connection refused /Library/WebServer/Documents/hello/ThinkPHP/Extend/Driver/Session/SessionDb.class.php 第 100 行.
NOTIC: [2] mysql_select_db() expects parameter 2 to be resource, boolean given /Library/WebServer/Documents/hello/ThinkPHP/Extend/Driver/Session/SessionDb.class.php 第 103 行.
NOTIC: [8] Undefined offset: 1 /Library/WebServer/Documents/hello/ThinkPHP/Extend/Driver/Session/SessionDb.class.php 第 129 行.
NOTIC: [2] mysql_query() expects parameter 2 to be resource, null given /Library/WebServer/Documents/hello/ThinkPHP/Extend/Driver/Session/SessionDb.class.php 第 130 行.

[ 2015-04-04T12:38:33+08:00 ] 0.0.0.0 /hello/index.php/Admin/Login/login
INFO: [ route_check ] --START--
INFO: CheckRoute Behavior ::run [ RunTime:0.000429s ]
INFO: [ route_check ] --END-- [ RunTime:0.000488s ]
INFO: [ app_begin ] --START--
INFO: ReadHtmlCache Behavior ::run [ RunTime:0.000298s ]
INFO: [ app_begin ] --END-- [ RunTime:0.000352s ]
NOTIC: [2] mysql_connect(): Connection refused /Library/WebServer/Documents/hello/ThinkPHP/Extend/Driver/Session/SessionDb.class.php 第 100 行.
NOTIC: [2] mysql_select_db() expects parameter 2 to be resource, boolean given /Library/WebServer/Documents/hello/ThinkPHP/Extend/Driver/Session/SessionDb.class.php 第 103 行.
NOTIC: [8] Undefined offset: 1 /Library/WebServer/Documents/hello/ThinkPHP/Extend/Driver/Session/SessionDb.class.php 第 129 行.
NOTIC: [2] mysql_query() expects parameter 2 to be resource, null given /Library/WebServer/Documents/hello/ThinkPHP/Extend/Driver/Session/SessionDb.class.php 第 130 行.
INFO: [ view_parse ] --START--
INFO: ParseTemplate Behavior ::run [ RunTime:0.015673s ]
INFO: [ view_parse ] --END-- [ RunTime:0.015747s ]
INFO: [ view_filter ] --START--
INFO: ContentReplace Behavior ::run [ RunTime:0.000254s ]
INFO: TokenBuild Behavior ::run [ RunTime:0.000194s ]
INFO: WriteHtmlCache Behavior ::run [ RunTime:0.000118s ]
INFO: ShowRuntime Behavior ::run [ RunTime:0.000239s ]
INFO: [ view_filter ] --END-- [ RunTime:0.000932s ]
INFO: [ view_end ] --START--
INFO: ShowPageTrace Behavior ::run [ RunTime:0.000421s ]
INFO: [ view_end ] --END-- [ RunTime:0.000455s ]

[ 2015-04-04T12:49:56+08:00 ] 0.0.0.0 /hello/index.php/Admin/login
INFO: [ route_check ] --START--
INFO: CheckRoute Behavior ::run [ RunTime:0.001095s ]
INFO: [ route_check ] --END-- [ RunTime:0.001359s ]
INFO: [ app_begin ] --START--
INFO: ReadHtmlCache Behavior ::run [ RunTime:0.000445s ]
INFO: [ app_begin ] --END-- [ RunTime:0.000549s ]
INFO: [ view_parse ] --START--
INFO: ParseTemplate Behavior ::run [ RunTime:0.019000s ]
INFO: [ view_parse ] --END-- [ RunTime:0.019115s ]
INFO: [ view_filter ] --START--
INFO: ContentReplace Behavior ::run [ RunTime:0.000276s ]
INFO: TokenBuild Behavior ::run [ RunTime:0.000239s ]
INFO: WriteHtmlCache Behavior ::run [ RunTime:0.000141s ]
INFO: ShowRuntime Behavior ::run [ RunTime:0.000386s ]
INFO: [ view_filter ] --END-- [ RunTime:0.001184s ]
INFO: [ view_end ] --START--
INFO: ShowPageTrace Behavior ::run [ RunTime:0.000493s ]
INFO: [ view_end ] --END-- [ RunTime:0.000542s ]

[ 2015-04-04T12:49:56+08:00 ] 0.0.0.0 /hello/index.php/Admin/Login/verify
INFO: [ route_check ] --START--
INFO: CheckRoute Behavior ::run [ RunTime:0.000818s ]
INFO: [ route_check ] --END-- [ RunTime:0.000918s ]
INFO: [ app_begin ] --START--
INFO: ReadHtmlCache Behavior ::run [ RunTime:0.000451s ]
INFO: [ app_begin ] --END-- [ RunTime:0.000533s ]

[ 2015-04-04T12:49:59+08:00 ] 0.0.0.0 /hello/index.php/Admin/Login/login
INFO: [ route_check ] --START--
INFO: CheckRoute Behavior ::run [ RunTime:0.000556s ]
INFO: [ route_check ] --END-- [ RunTime:0.000640s ]
INFO: [ app_begin ] --START--
INFO: ReadHtmlCache Behavior ::run [ RunTime:0.000305s ]
INFO: [ app_begin ] --END-- [ RunTime:0.000355s ]
SQL: SHOW COLUMNS FROM `hd_users` [ RunTime:0.003529s ]
SQL: SELECT * FROM `hd_users` WHERE ( `username` = 'admin' ) LIMIT 1   [ RunTime:0.001356s ]
SQL: UPDATE `hd_users` SET `logintime`=1428122999,`loginip`='0.0.0.0' WHERE ( `id` = 1 ) [ RunTime:0.001461s ]

[ 2015-04-04T12:49:59+08:00 ] 0.0.0.0 /hello/index.php/Admin/Index/index
INFO: [ route_check ] --START--
INFO: CheckRoute Behavior ::run [ RunTime:0.000630s ]
INFO: [ route_check ] --END-- [ RunTime:0.000708s ]
INFO: [ app_begin ] --START--
INFO: ReadHtmlCache Behavior ::run [ RunTime:0.000274s ]
INFO: [ app_begin ] --END-- [ RunTime:0.000323s ]
INFO: [ view_parse ] --START--
INFO: ParseTemplate Behavior ::run [ RunTime:0.012658s ]
INFO: [ view_parse ] --END-- [ RunTime:0.012742s ]
INFO: [ view_filter ] --START--
INFO: ContentReplace Behavior ::run [ RunTime:0.000404s ]
INFO: TokenBuild Behavior ::run [ RunTime:0.000362s ]
INFO: WriteHtmlCache Behavior ::run [ RunTime:0.000160s ]
INFO: ShowRuntime Behavior ::run [ RunTime:0.000253s ]
INFO: [ view_filter ] --END-- [ RunTime:0.001337s ]
INFO: [ view_end ] --START--
INFO: ShowPageTrace Behavior ::run [ RunTime:0.000529s ]
INFO: [ view_end ] --END-- [ RunTime:0.000586s ]

[ 2015-04-04T12:50:02+08:00 ] 0.0.0.0 /hello/index.php/Admin/Index/%EF%BC%83
INFO: [ route_check ] --START--
INFO: CheckRoute Behavior ::run [ RunTime:0.000430s ]
INFO: [ route_check ] --END-- [ RunTime:0.000485s ]
INFO: [ app_begin ] --START--
INFO: ReadHtmlCache Behavior ::run [ RunTime:0.000267s ]
INFO: [ app_begin ] --END-- [ RunTime:0.000309s ]
ERR: 非法操作:＃

[ 2015-04-04T12:50:03+08:00 ] 0.0.0.0 /hello/index.php/Admin/Index/index
INFO: [ route_check ] --START--
INFO: CheckRoute Behavior ::run [ RunTime:0.000418s ]
INFO: [ route_check ] --END-- [ RunTime:0.000477s ]
INFO: [ app_begin ] --START--
INFO: ReadHtmlCache Behavior ::run [ RunTime:0.000270s ]
INFO: [ app_begin ] --END-- [ RunTime:0.000313s ]
INFO: [ view_parse ] --START--
INFO: ParseTemplate Behavior ::run [ RunTime:0.005240s ]
INFO: [ view_parse ] --END-- [ RunTime:0.005295s ]
INFO: [ view_filter ] --START--
INFO: ContentReplace Behavior ::run [ RunTime:0.000187s ]
INFO: TokenBuild Behavior ::run [ RunTime:0.000182s ]
INFO: WriteHtmlCache Behavior ::run [ RunTime:0.000115s ]
INFO: ShowRuntime Behavior ::run [ RunTime:0.000218s ]
INFO: [ view_filter ] --END-- [ RunTime:0.000801s ]
INFO: [ view_end ] --START--
INFO: ShowPageTrace Behavior ::run [ RunTime:0.000359s ]
INFO: [ view_end ] --END-- [ RunTime:0.000395s ]

[ 2015-04-04T14:24:30+08:00 ] 0.0.0.0 /hello/index.php/Admin/login
INFO: [ route_check ] --START--
INFO: CheckRoute Behavior ::run [ RunTime:0.000986s ]
INFO: [ route_check ] --END-- [ RunTime:0.002834s ]
INFO: [ app_begin ] --START--
INFO: ReadHtmlCache Behavior ::run [ RunTime:0.000797s ]
INFO: [ app_begin ] --END-- [ RunTime:0.000891s ]
INFO: [ view_parse ] --START--
INFO: ParseTemplate Behavior ::run [ RunTime:0.032659s ]
INFO: [ view_parse ] --END-- [ RunTime:0.032779s ]
INFO: [ view_filter ] --START--
INFO: ContentReplace Behavior ::run [ RunTime:0.000633s ]
INFO: TokenBuild Behavior ::run [ RunTime:0.000536s ]
INFO: WriteHtmlCache Behavior ::run [ RunTime:0.000472s ]
INFO: ShowRuntime Behavior ::run [ RunTime:0.000648s ]
INFO: [ view_filter ] --END-- [ RunTime:0.002533s ]
INFO: [ view_end ] --START--
INFO: ShowPageTrace Behavior ::run [ RunTime:0.000872s ]
INFO: [ view_end ] --END-- [ RunTime:0.000936s ]

[ 2015-04-04T14:24:30+08:00 ] 0.0.0.0 /hello/index.php/Admin/Login/verify
INFO: [ route_check ] --START--
INFO: CheckRoute Behavior ::run [ RunTime:0.000698s ]
INFO: [ route_check ] --END-- [ RunTime:0.000770s ]
INFO: [ app_begin ] --START--
INFO: ReadHtmlCache Behavior ::run [ RunTime:0.000454s ]
INFO: [ app_begin ] --END-- [ RunTime:0.000525s ]

[ 2015-04-04T14:24:34+08:00 ] 0.0.0.0 /hello/index.php/Admin/login
INFO: [ route_check ] --START--
INFO: CheckRoute Behavior ::run [ RunTime:0.001296s ]
INFO: [ route_check ] --END-- [ RunTime:0.001460s ]
INFO: [ app_begin ] --START--
INFO: ReadHtmlCache Behavior ::run [ RunTime:0.000879s ]
INFO: [ app_begin ] --END-- [ RunTime:0.001058s ]
INFO: [ view_parse ] --START--
INFO: ParseTemplate Behavior ::run [ RunTime:0.004728s ]
INFO: [ view_parse ] --END-- [ RunTime:0.004805s ]
INFO: [ view_filter ] --START--
INFO: ContentReplace Behavior ::run [ RunTime:0.000307s ]
INFO: TokenBuild Behavior ::run [ RunTime:0.000323s ]
INFO: WriteHtmlCache Behavior ::run [ RunTime:0.000206s ]
INFO: ShowRuntime Behavior ::run [ RunTime:0.000392s ]
INFO: [ view_filter ] --END-- [ RunTime:0.001408s ]
INFO: [ view_end ] --START--
INFO: ShowPageTrace Behavior ::run [ RunTime:0.000582s ]
INFO: [ view_end ] --END-- [ RunTime:0.000651s ]

[ 2015-04-04T14:24:34+08:00 ] 0.0.0.0 /hello/index.php/Admin/Login/verify
INFO: [ route_check ] --START--
INFO: CheckRoute Behavior ::run [ RunTime:0.000720s ]
INFO: [ route_check ] --END-- [ RunTime:0.000821s ]
INFO: [ app_begin ] --START--
INFO: ReadHtmlCache Behavior ::run [ RunTime:0.000491s ]
INFO: [ app_begin ] --END-- [ RunTime:0.000579s ]

[ 2015-04-04T14:24:37+08:00 ] 0.0.0.0 /hello/index.php/Admin/Login/login
INFO: [ route_check ] --START--
INFO: CheckRoute Behavior ::run [ RunTime:0.000667s ]
INFO: [ route_check ] --END-- [ RunTime:0.000743s ]
INFO: [ app_begin ] --START--
INFO: ReadHtmlCache Behavior ::run [ RunTime:0.000429s ]
INFO: [ app_begin ] --END-- [ RunTime:0.000493s ]
INFO: [ view_parse ] --START--
INFO: ParseTemplate Behavior ::run [ RunTime:0.009064s ]
INFO: [ view_parse ] --END-- [ RunTime:0.009153s ]
INFO: [ view_filter ] --START--
INFO: ContentReplace Behavior ::run [ RunTime:0.000341s ]
INFO: TokenBuild Behavior ::run [ RunTime:0.000341s ]
INFO: WriteHtmlCache Behavior ::run [ RunTime:0.000200s ]
INFO: ShowRuntime Behavior ::run [ RunTime:0.000497s ]
INFO: [ view_filter ] --END-- [ RunTime:0.001583s ]
INFO: [ view_end ] --START--
INFO: ShowPageTrace Behavior ::run [ RunTime:0.000614s ]
INFO: [ view_end ] --END-- [ RunTime:0.000692s ]

[ 2015-04-04T14:25:00+08:00 ] 0.0.0.0 /hello/index.php/Admin/login
INFO: [ route_check ] --START--
INFO: CheckRoute Behavior ::run [ RunTime:0.001046s ]
INFO: [ route_check ] --END-- [ RunTime:0.001262s ]
INFO: [ app_begin ] --START--
INFO: ReadHtmlCache Behavior ::run [ RunTime:0.000489s ]
INFO: [ app_begin ] --END-- [ RunTime:0.000610s ]
INFO: [ view_parse ] --START--
INFO: ParseTemplate Behavior ::run [ RunTime:0.012148s ]
INFO: [ view_parse ] --END-- [ RunTime:0.012250s ]
INFO: [ view_filter ] --START--
INFO: ContentReplace Behavior ::run [ RunTime:0.000388s ]
INFO: TokenBuild Behavior ::run [ RunTime:0.000264s ]
INFO: WriteHtmlCache Behavior ::run [ RunTime:0.000153s ]
INFO: ShowRuntime Behavior ::run [ RunTime:0.000316s ]
INFO: [ view_filter ] --END-- [ RunTime:0.001268s ]
INFO: [ view_end ] --START--
INFO: ShowPageTrace Behavior ::run [ RunTime:0.000449s ]
INFO: [ view_end ] --END-- [ RunTime:0.000507s ]

[ 2015-04-04T14:25:01+08:00 ] 0.0.0.0 /hello/index.php/Admin/Login/verify
INFO: [ route_check ] --START--
INFO: CheckRoute Behavior ::run [ RunTime:0.000793s ]
INFO: [ route_check ] --END-- [ RunTime:0.000896s ]
INFO: [ app_begin ] --START--
INFO: ReadHtmlCache Behavior ::run [ RunTime:0.000516s ]
INFO: [ app_begin ] --END-- [ RunTime:0.000605s ]

[ 2015-04-04T14:25:05+08:00 ] 0.0.0.0 /hello/index.php/Admin/Login/login
INFO: [ route_check ] --START--
INFO: CheckRoute Behavior ::run [ RunTime:0.000653s ]
INFO: [ route_check ] --END-- [ RunTime:0.000738s ]
INFO: [ app_begin ] --START--
INFO: ReadHtmlCache Behavior ::run [ RunTime:0.000484s ]
INFO: [ app_begin ] --END-- [ RunTime:0.000545s ]
INFO: [ view_parse ] --START--
INFO: ParseTemplate Behavior ::run [ RunTime:0.010419s ]
INFO: [ view_parse ] --END-- [ RunTime:0.010495s ]
INFO: [ view_filter ] --START--
INFO: ContentReplace Behavior ::run [ RunTime:0.000254s ]
INFO: TokenBuild Behavior ::run [ RunTime:0.000207s ]
INFO: WriteHtmlCache Behavior ::run [ RunTime:0.000128s ]
INFO: ShowRuntime Behavior ::run [ RunTime:0.000332s ]
INFO: [ view_filter ] --END-- [ RunTime:0.001029s ]
INFO: [ view_end ] --START--
INFO: ShowPageTrace Behavior ::run [ RunTime:0.000362s ]
INFO: [ view_end ] --END-- [ RunTime:0.000405s ]

[ 2015-04-04T14:27:03+08:00 ] 0.0.0.0 /hello/index.php/Admin/login
INFO: [ route_check ] --START--
INFO: CheckRoute Behavior ::run [ RunTime:0.000988s ]
INFO: [ route_check ] --END-- [ RunTime:0.001141s ]
INFO: [ app_begin ] --START--
INFO: ReadHtmlCache Behavior ::run [ RunTime:0.000641s ]
INFO: [ app_begin ] --END-- [ RunTime:0.000725s ]
INFO: [ view_parse ] --START--
INFO: ParseTemplate Behavior ::run [ RunTime:0.008980s ]
INFO: [ view_parse ] --END-- [ RunTime:0.009074s ]
INFO: [ view_filter ] --START--
INFO: ContentReplace Behavior ::run [ RunTime:0.000510s ]
INFO: TokenBuild Behavior ::run [ RunTime:0.000407s ]
INFO: WriteHtmlCache Behavior ::run [ RunTime:0.000364s ]
INFO: ShowRuntime Behavior ::run [ RunTime:0.000462s ]
INFO: [ view_filter ] --END-- [ RunTime:0.001909s ]
INFO: [ view_end ] --START--
INFO: ShowPageTrace Behavior ::run [ RunTime:0.000628s ]
INFO: [ view_end ] --END-- [ RunTime:0.000680s ]

[ 2015-04-04T14:27:03+08:00 ] 0.0.0.0 /hello/index.php/Admin/Login/verify
INFO: [ route_check ] --START--
INFO: CheckRoute Behavior ::run [ RunTime:0.001087s ]
INFO: [ route_check ] --END-- [ RunTime:0.001331s ]
INFO: [ app_begin ] --START--
INFO: ReadHtmlCache Behavior ::run [ RunTime:0.000673s ]
INFO: [ app_begin ] --END-- [ RunTime:0.000818s ]

[ 2015-04-04T14:27:08+08:00 ] 0.0.0.0 /hello/index.php/Admin/Login/login
INFO: [ route_check ] --START--
INFO: CheckRoute Behavior ::run [ RunTime:0.000460s ]
INFO: [ route_check ] --END-- [ RunTime:0.000523s ]
INFO: [ app_begin ] --START--
INFO: ReadHtmlCache Behavior ::run [ RunTime:0.000293s ]
INFO: [ app_begin ] --END-- [ RunTime:0.000339s ]
INFO: [ view_parse ] --START--
INFO: ParseTemplate Behavior ::run [ RunTime:0.014412s ]
INFO: [ view_parse ] --END-- [ RunTime:0.014511s ]
INFO: [ view_filter ] --START--
INFO: ContentReplace Behavior ::run [ RunTime:0.000324s ]
INFO: TokenBuild Behavior ::run [ RunTime:0.000289s ]
INFO: WriteHtmlCache Behavior ::run [ RunTime:0.000190s ]
INFO: ShowRuntime Behavior ::run [ RunTime:0.000357s ]
INFO: [ view_filter ] --END-- [ RunTime:0.001421s ]
INFO: [ view_end ] --START--
INFO: ShowPageTrace Behavior ::run [ RunTime:0.000596s ]
INFO: [ view_end ] --END-- [ RunTime:0.000683s ]

[ 2015-04-04T14:31:21+08:00 ] 0.0.0.0 /hello/index.php/Admin/login
INFO: [ route_check ] --START--
INFO: CheckRoute Behavior ::run [ RunTime:0.000980s ]
INFO: [ route_check ] --END-- [ RunTime:0.001140s ]
INFO: [ app_begin ] --START--
INFO: ReadHtmlCache Behavior ::run [ RunTime:0.000750s ]
INFO: [ app_begin ] --END-- [ RunTime:0.000906s ]
INFO: [ view_parse ] --START--
INFO: ParseTemplate Behavior ::run [ RunTime:0.008842s ]
INFO: [ view_parse ] --END-- [ RunTime:0.008933s ]
INFO: [ view_filter ] --START--
INFO: ContentReplace Behavior ::run [ RunTime:0.000485s ]
INFO: TokenBuild Behavior ::run [ RunTime:0.000481s ]
INFO: WriteHtmlCache Behavior ::run [ RunTime:0.000350s ]
INFO: ShowRuntime Behavior ::run [ RunTime:0.000430s ]
INFO: [ view_filter ] --END-- [ RunTime:0.001971s ]
INFO: [ view_end ] --START--
INFO: ShowPageTrace Behavior ::run [ RunTime:0.000619s ]
INFO: [ view_end ] --END-- [ RunTime:0.000677s ]

[ 2015-04-04T14:31:21+08:00 ] 0.0.0.0 /hello/index.php/Admin/Login/verify
INFO: [ route_check ] --START--
INFO: CheckRoute Behavior ::run [ RunTime:0.000602s ]
INFO: [ route_check ] --END-- [ RunTime:0.000689s ]
INFO: [ app_begin ] --START--
INFO: ReadHtmlCache Behavior ::run [ RunTime:0.000958s ]
INFO: [ app_begin ] --END-- [ RunTime:0.001062s ]

[ 2015-04-04T14:31:25+08:00 ] 0.0.0.0 /hello/index.php/Admin/Login/login
INFO: [ route_check ] --START--
INFO: CheckRoute Behavior ::run [ RunTime:0.000451s ]
INFO: [ route_check ] --END-- [ RunTime:0.000509s ]
INFO: [ app_begin ] --START--
INFO: ReadHtmlCache Behavior ::run [ RunTime:0.000271s ]
INFO: [ app_begin ] --END-- [ RunTime:0.000314s ]
INFO: [ view_parse ] --START--
INFO: ParseTemplate Behavior ::run [ RunTime:0.012085s ]
INFO: [ view_parse ] --END-- [ RunTime:0.012162s ]
INFO: [ view_filter ] --START--
INFO: ContentReplace Behavior ::run [ RunTime:0.000215s ]
INFO: TokenBuild Behavior ::run [ RunTime:0.000225s ]
INFO: WriteHtmlCache Behavior ::run [ RunTime:0.000155s ]
INFO: ShowRuntime Behavior ::run [ RunTime:0.000235s ]
INFO: [ view_filter ] --END-- [ RunTime:0.000946s ]
INFO: [ view_end ] --START--
INFO: ShowPageTrace Behavior ::run [ RunTime:0.000340s ]
INFO: [ view_end ] --END-- [ RunTime:0.001816s ]

[ 2015-04-04T14:45:20+08:00 ] 0.0.0.0 /hello/index.php/Admin/login
INFO: [ route_check ] --START--
INFO: CheckRoute Behavior ::run [ RunTime:0.000861s ]
INFO: [ route_check ] --END-- [ RunTime:0.001051s ]
INFO: [ app_begin ] --START--
INFO: ReadHtmlCache Behavior ::run [ RunTime:0.000614s ]
INFO: [ app_begin ] --END-- [ RunTime:0.000685s ]
NOTIC: [2] mysql_connect(): Connection refused /Library/WebServer/Documents/hello/ThinkPHP/Extend/Driver/Session/SessionDb.class.php 第 100 行.
NOTIC: [2] mysql_select_db() expects parameter 2 to be resource, boolean given /Library/WebServer/Documents/hello/ThinkPHP/Extend/Driver/Session/SessionDb.class.php 第 103 行.
NOTIC: [8] Undefined offset: 1 /Library/WebServer/Documents/hello/ThinkPHP/Extend/Driver/Session/SessionDb.class.php 第 129 行.
NOTIC: [2] mysql_query() expects parameter 2 to be resource, null given /Library/WebServer/Documents/hello/ThinkPHP/Extend/Driver/Session/SessionDb.class.php 第 130 行.
INFO: [ view_parse ] --START--
INFO: ParseTemplate Behavior ::run [ RunTime:0.007109s ]
INFO: [ view_parse ] --END-- [ RunTime:0.007181s ]
INFO: [ view_filter ] --START--
INFO: ContentReplace Behavior ::run [ RunTime:0.000496s ]
INFO: TokenBuild Behavior ::run [ RunTime:0.000373s ]
INFO: WriteHtmlCache Behavior ::run [ RunTime:0.000352s ]
INFO: ShowRuntime Behavior ::run [ RunTime:0.000404s ]
INFO: [ view_filter ] --END-- [ RunTime:0.001751s ]
INFO: [ view_end ] --START--
INFO: ShowPageTrace Behavior ::run [ RunTime:0.000552s ]
INFO: [ view_end ] --END-- [ RunTime:0.000592s ]

[ 2015-04-04T14:45:20+08:00 ] 0.0.0.0 /hello/index.php/Admin/Login/verify
INFO: [ route_check ] --START--
INFO: CheckRoute Behavior ::run [ RunTime:0.000455s ]
INFO: [ route_check ] --END-- [ RunTime:0.000522s ]
INFO: [ app_begin ] --START--
INFO: ReadHtmlCache Behavior ::run [ RunTime:0.000541s ]
INFO: [ app_begin ] --END-- [ RunTime:0.000609s ]
NOTIC: [2] mysql_connect(): Connection refused /Library/WebServer/Documents/hello/ThinkPHP/Extend/Driver/Session/SessionDb.class.php 第 100 行.
NOTIC: [2] mysql_select_db() expects parameter 2 to be resource, boolean given /Library/WebServer/Documents/hello/ThinkPHP/Extend/Driver/Session/SessionDb.class.php 第 103 行.
NOTIC: [8] Undefined offset: 1 /Library/WebServer/Documents/hello/ThinkPHP/Extend/Driver/Session/SessionDb.class.php 第 129 行.
NOTIC: [2] mysql_query() expects parameter 2 to be resource, null given /Library/WebServer/Documents/hello/ThinkPHP/Extend/Driver/Session/SessionDb.class.php 第 130 行.

[ 2015-04-04T14:45:24+08:00 ] 0.0.0.0 /hello/index.php/Admin/Login/login
INFO: [ route_check ] --START--
INFO: CheckRoute Behavior ::run [ RunTime:0.000425s ]
INFO: [ route_check ] --END-- [ RunTime:0.000484s ]
INFO: [ app_begin ] --START--
INFO: ReadHtmlCache Behavior ::run [ RunTime:0.000277s ]
INFO: [ app_begin ] --END-- [ RunTime:0.000321s ]
NOTIC: [2] mysql_connect(): Connection refused /Library/WebServer/Documents/hello/ThinkPHP/Extend/Driver/Session/SessionDb.class.php 第 100 行.
NOTIC: [2] mysql_select_db() expects parameter 2 to be resource, boolean given /Library/WebServer/Documents/hello/ThinkPHP/Extend/Driver/Session/SessionDb.class.php 第 103 行.
NOTIC: [8] Undefined offset: 1 /Library/WebServer/Documents/hello/ThinkPHP/Extend/Driver/Session/SessionDb.class.php 第 129 行.
NOTIC: [2] mysql_query() expects parameter 2 to be resource, null given /Library/WebServer/Documents/hello/ThinkPHP/Extend/Driver/Session/SessionDb.class.php 第 130 行.
INFO: [ view_parse ] --START--
INFO: ParseTemplate Behavior ::run [ RunTime:0.018396s ]
INFO: [ view_parse ] --END-- [ RunTime:0.018500s ]
INFO: [ view_filter ] --START--
INFO: ContentReplace Behavior ::run [ RunTime:0.000422s ]
INFO: TokenBuild Behavior ::run [ RunTime:0.000403s ]
INFO: WriteHtmlCache Behavior ::run [ RunTime:0.000198s ]
INFO: ShowRuntime Behavior ::run [ RunTime:0.000388s ]
INFO: [ view_filter ] --END-- [ RunTime:0.001615s ]
INFO: [ view_end ] --START--
INFO: ShowPageTrace Behavior ::run [ RunTime:0.000543s ]
INFO: [ view_end ] --END-- [ RunTime:0.000600s ]

[ 2015-04-04T14:45:54+08:00 ] 0.0.0.0 /hello/index.php/Admin/login
INFO: [ route_check ] --START--
INFO: CheckRoute Behavior ::run [ RunTime:0.000544s ]
INFO: [ route_check ] --END-- [ RunTime:0.000698s ]
INFO: [ app_begin ] --START--
INFO: ReadHtmlCache Behavior ::run [ RunTime:0.000374s ]
INFO: [ app_begin ] --END-- [ RunTime:0.000443s ]
NOTIC: [2] mysql_connect(): Connection refused /Library/WebServer/Documents/hello/ThinkPHP/Extend/Driver/Session/SessionDb.class.php 第 100 行.
NOTIC: [2] mysql_select_db() expects parameter 2 to be resource, boolean given /Library/WebServer/Documents/hello/ThinkPHP/Extend/Driver/Session/SessionDb.class.php 第 103 行.
NOTIC: [8] Undefined offset: 1 /Library/WebServer/Documents/hello/ThinkPHP/Extend/Driver/Session/SessionDb.class.php 第 129 行.
NOTIC: [2] mysql_query() expects parameter 2 to be resource, null given /Library/WebServer/Documents/hello/ThinkPHP/Extend/Driver/Session/SessionDb.class.php 第 130 行.
INFO: [ view_parse ] --START--
INFO: ParseTemplate Behavior ::run [ RunTime:0.005046s ]
INFO: [ view_parse ] --END-- [ RunTime:0.005117s ]
INFO: [ view_filter ] --START--
INFO: ContentReplace Behavior ::run [ RunTime:0.000198s ]
INFO: TokenBuild Behavior ::run [ RunTime:0.000193s ]
INFO: WriteHtmlCache Behavior ::run [ RunTime:0.000122s ]
INFO: ShowRuntime Behavior ::run [ RunTime:0.000231s ]
INFO: [ view_filter ] --END-- [ RunTime:0.000859s ]
INFO: [ view_end ] --START--
INFO: ShowPageTrace Behavior ::run [ RunTime:0.000349s ]
INFO: [ view_end ] --END-- [ RunTime:0.000386s ]

[ 2015-04-04T14:45:54+08:00 ] 0.0.0.0 /hello/index.php/Admin/Login/verify
INFO: [ route_check ] --START--
INFO: CheckRoute Behavior ::run [ RunTime:0.000732s ]
INFO: [ route_check ] --END-- [ RunTime:0.000839s ]
INFO: [ app_begin ] --START--
INFO: ReadHtmlCache Behavior ::run [ RunTime:0.000625s ]
INFO: [ app_begin ] --END-- [ RunTime:0.000743s ]
NOTIC: [2] mysql_connect(): Connection refused /Library/WebServer/Documents/hello/ThinkPHP/Extend/Driver/Session/SessionDb.class.php 第 100 行.
NOTIC: [2] mysql_select_db() expects parameter 2 to be resource, boolean given /Library/WebServer/Documents/hello/ThinkPHP/Extend/Driver/Session/SessionDb.class.php 第 103 行.
NOTIC: [8] Undefined offset: 1 /Library/WebServer/Documents/hello/ThinkPHP/Extend/Driver/Session/SessionDb.class.php 第 129 行.
NOTIC: [2] mysql_query() expects parameter 2 to be resource, null given /Library/WebServer/Documents/hello/ThinkPHP/Extend/Driver/Session/SessionDb.class.php 第 130 行.

[ 2015-04-04T14:46:02+08:00 ] 0.0.0.0 /hello/index.php/Admin/Login/verify
INFO: [ route_check ] --START--
INFO: CheckRoute Behavior ::run [ RunTime:0.000793s ]
INFO: [ route_check ] --END-- [ RunTime:0.000973s ]
INFO: [ app_begin ] --START--
INFO: ReadHtmlCache Behavior ::run [ RunTime:0.000459s ]
INFO: [ app_begin ] --END-- [ RunTime:0.000545s ]
NOTIC: [2] mysql_connect(): Connection refused /Library/WebServer/Documents/hello/ThinkPHP/Extend/Driver/Session/SessionDb.class.php 第 100 行.
NOTIC: [2] mysql_select_db() expects parameter 2 to be resource, boolean given /Library/WebServer/Documents/hello/ThinkPHP/Extend/Driver/Session/SessionDb.class.php 第 103 行.
NOTIC: [8] Undefined offset: 1 /Library/WebServer/Documents/hello/ThinkPHP/Extend/Driver/Session/SessionDb.class.php 第 129 行.
NOTIC: [2] mysql_query() expects parameter 2 to be resource, null given /Library/WebServer/Documents/hello/ThinkPHP/Extend/Driver/Session/SessionDb.class.php 第 130 行.

[ 2015-04-04T14:46:13+08:00 ] 0.0.0.0 /hello/index.php/Admin/Login/login
INFO: [ route_check ] --START--
INFO: CheckRoute Behavior ::run [ RunTime:0.000481s ]
INFO: [ route_check ] --END-- [ RunTime:0.000612s ]
INFO: [ app_begin ] --START--
INFO: ReadHtmlCache Behavior ::run [ RunTime:0.000287s ]
INFO: [ app_begin ] --END-- [ RunTime:0.000346s ]
NOTIC: [2] mysql_connect(): Connection refused /Library/WebServer/Documents/hello/ThinkPHP/Extend/Driver/Session/SessionDb.class.php 第 100 行.
NOTIC: [2] mysql_select_db() expects parameter 2 to be resource, boolean given /Library/WebServer/Documents/hello/ThinkPHP/Extend/Driver/Session/SessionDb.class.php 第 103 行.
NOTIC: [8] Undefined offset: 1 /Library/WebServer/Documents/hello/ThinkPHP/Extend/Driver/Session/SessionDb.class.php 第 129 行.
NOTIC: [2] mysql_query() expects parameter 2 to be resource, null given /Library/WebServer/Documents/hello/ThinkPHP/Extend/Driver/Session/SessionDb.class.php 第 130 行.
INFO: [ view_parse ] --START--
INFO: ParseTemplate Behavior ::run [ RunTime:0.010950s ]
INFO: [ view_parse ] --END-- [ RunTime:0.011053s ]
INFO: [ view_filter ] --START--
INFO: ContentReplace Behavior ::run [ RunTime:0.000262s ]
INFO: TokenBuild Behavior ::run [ RunTime:0.000214s ]
INFO: WriteHtmlCache Behavior ::run [ RunTime:0.000139s ]
INFO: ShowRuntime Behavior ::run [ RunTime:0.000259s ]
INFO: [ view_filter ] --END-- [ RunTime:0.001007s ]
INFO: [ view_end ] --START--
INFO: ShowPageTrace Behavior ::run [ RunTime:0.000440s ]
INFO: [ view_end ] --END-- [ RunTime:0.000476s ]

[ 2015-04-04T14:46:18+08:00 ] 0.0.0.0 /hello/index.php/Admin/login
INFO: [ route_check ] --START--
INFO: CheckRoute Behavior ::run [ RunTime:0.000734s ]
INFO: [ route_check ] --END-- [ RunTime:0.000839s ]
INFO: [ app_begin ] --START--
INFO: ReadHtmlCache Behavior ::run [ RunTime:0.000488s ]
INFO: [ app_begin ] --END-- [ RunTime:0.000564s ]
NOTIC: [2] mysql_connect(): Connection refused /Library/WebServer/Documents/hello/ThinkPHP/Extend/Driver/Session/SessionDb.class.php 第 100 行.
NOTIC: [2] mysql_select_db() expects parameter 2 to be resource, boolean given /Library/WebServer/Documents/hello/ThinkPHP/Extend/Driver/Session/SessionDb.class.php 第 103 行.
NOTIC: [8] Undefined offset: 1 /Library/WebServer/Documents/hello/ThinkPHP/Extend/Driver/Session/SessionDb.class.php 第 129 行.
NOTIC: [2] mysql_query() expects parameter 2 to be resource, null given /Library/WebServer/Documents/hello/ThinkPHP/Extend/Driver/Session/SessionDb.class.php 第 130 行.
INFO: [ view_parse ] --START--
INFO: ParseTemplate Behavior ::run [ RunTime:0.004315s ]
INFO: [ view_parse ] --END-- [ RunTime:0.004372s ]
INFO: [ view_filter ] --START--
INFO: ContentReplace Behavior ::run [ RunTime:0.000182s ]
INFO: TokenBuild Behavior ::run [ RunTime:0.000184s ]
INFO: WriteHtmlCache Behavior ::run [ RunTime:0.000115s ]
INFO: ShowRuntime Behavior ::run [ RunTime:0.000257s ]
INFO: [ view_filter ] --END-- [ RunTime:0.000840s ]
INFO: [ view_end ] --START--
INFO: ShowPageTrace Behavior ::run [ RunTime:0.000314s ]
INFO: [ view_end ] --END-- [ RunTime:0.000347s ]

[ 2015-04-04T14:46:18+08:00 ] 0.0.0.0 /hello/index.php/Admin/Login/verify
INFO: [ route_check ] --START--
INFO: CheckRoute Behavior ::run [ RunTime:0.000465s ]
INFO: [ route_check ] --END-- [ RunTime:0.000530s ]
INFO: [ app_begin ] --START--
INFO: ReadHtmlCache Behavior ::run [ RunTime:0.000306s ]
INFO: [ app_begin ] --END-- [ RunTime:0.000356s ]
NOTIC: [2] mysql_connect(): Connection refused /Library/WebServer/Documents/hello/ThinkPHP/Extend/Driver/Session/SessionDb.class.php 第 100 行.
NOTIC: [2] mysql_select_db() expects parameter 2 to be resource, boolean given /Library/WebServer/Documents/hello/ThinkPHP/Extend/Driver/Session/SessionDb.class.php 第 103 行.
NOTIC: [8] Undefined offset: 1 /Library/WebServer/Documents/hello/ThinkPHP/Extend/Driver/Session/SessionDb.class.php 第 129 行.
NOTIC: [2] mysql_query() expects parameter 2 to be resource, null given /Library/WebServer/Documents/hello/ThinkPHP/Extend/Driver/Session/SessionDb.class.php 第 130 行.

[ 2015-04-04T14:46:22+08:00 ] 0.0.0.0 /hello/index.php/Admin/Login/login
INFO: [ route_check ] --START--
INFO: CheckRoute Behavior ::run [ RunTime:0.000469s ]
INFO: [ route_check ] --END-- [ RunTime:0.000530s ]
INFO: [ app_begin ] --START--
INFO: ReadHtmlCache Behavior ::run [ RunTime:0.000400s ]
INFO: [ app_begin ] --END-- [ RunTime:0.000468s ]
NOTIC: [2] mysql_connect(): Connection refused /Library/WebServer/Documents/hello/ThinkPHP/Extend/Driver/Session/SessionDb.class.php 第 100 行.
NOTIC: [2] mysql_select_db() expects parameter 2 to be resource, boolean given /Library/WebServer/Documents/hello/ThinkPHP/Extend/Driver/Session/SessionDb.class.php 第 103 行.
NOTIC: [8] Undefined offset: 1 /Library/WebServer/Documents/hello/ThinkPHP/Extend/Driver/Session/SessionDb.class.php 第 129 行.
NOTIC: [2] mysql_query() expects parameter 2 to be resource, null given /Library/WebServer/Documents/hello/ThinkPHP/Extend/Driver/Session/SessionDb.class.php 第 130 行.
INFO: [ view_parse ] --START--
INFO: ParseTemplate Behavior ::run [ RunTime:0.010132s ]
INFO: [ view_parse ] --END-- [ RunTime:0.010206s ]
INFO: [ view_filter ] --START--
INFO: ContentReplace Behavior ::run [ RunTime:0.000250s ]
INFO: TokenBuild Behavior ::run [ RunTime:0.000295s ]
INFO: WriteHtmlCache Behavior ::run [ RunTime:0.000147s ]
INFO: ShowRuntime Behavior ::run [ RunTime:0.000247s ]
INFO: [ view_filter ] --END-- [ RunTime:0.001058s ]
INFO: [ view_end ] --START--
INFO: ShowPageTrace Behavior ::run [ RunTime:0.000349s ]
INFO: [ view_end ] --END-- [ RunTime:0.000386s ]

[ 2015-04-04T14:49:07+08:00 ] 0.0.0.0 /hello/index.php/Admin/index
INFO: [ route_check ] --START--
INFO: CheckRoute Behavior ::run [ RunTime:0.000692s ]
INFO: [ route_check ] --END-- [ RunTime:0.000865s ]
INFO: [ app_begin ] --START--
INFO: ReadHtmlCache Behavior ::run [ RunTime:0.000336s ]
INFO: [ app_begin ] --END-- [ RunTime:0.000410s ]
NOTIC: [2] mysql_connect(): Connection refused /Library/WebServer/Documents/hello/ThinkPHP/Extend/Driver/Session/SessionDb.class.php 第 100 行.
NOTIC: [2] mysql_select_db() expects parameter 2 to be resource, boolean given /Library/WebServer/Documents/hello/ThinkPHP/Extend/Driver/Session/SessionDb.class.php 第 103 行.
NOTIC: [8] Undefined offset: 1 /Library/WebServer/Documents/hello/ThinkPHP/Extend/Driver/Session/SessionDb.class.php 第 129 行.
NOTIC: [2] mysql_query() expects parameter 2 to be resource, null given /Library/WebServer/Documents/hello/ThinkPHP/Extend/Driver/Session/SessionDb.class.php 第 130 行.

[ 2015-04-04T14:49:07+08:00 ] 0.0.0.0 /hello/index.php/Admin/Login/index
INFO: [ route_check ] --START--
INFO: CheckRoute Behavior ::run [ RunTime:0.000459s ]
INFO: [ route_check ] --END-- [ RunTime:0.000520s ]
INFO: [ app_begin ] --START--
INFO: ReadHtmlCache Behavior ::run [ RunTime:0.000294s ]
INFO: [ app_begin ] --END-- [ RunTime:0.000340s ]
NOTIC: [2] mysql_connect(): Connection refused /Library/WebServer/Documents/hello/ThinkPHP/Extend/Driver/Session/SessionDb.class.php 第 100 行.
NOTIC: [2] mysql_select_db() expects parameter 2 to be resource, boolean given /Library/WebServer/Documents/hello/ThinkPHP/Extend/Driver/Session/SessionDb.class.php 第 103 行.
NOTIC: [8] Undefined offset: 1 /Library/WebServer/Documents/hello/ThinkPHP/Extend/Driver/Session/SessionDb.class.php 第 129 行.
NOTIC: [2] mysql_query() expects parameter 2 to be resource, null given /Library/WebServer/Documents/hello/ThinkPHP/Extend/Driver/Session/SessionDb.class.php 第 130 行.
INFO: [ view_parse ] --START--
INFO: ParseTemplate Behavior ::run [ RunTime:0.005256s ]
INFO: [ view_parse ] --END-- [ RunTime:0.005319s ]
INFO: [ view_filter ] --START--
INFO: ContentReplace Behavior ::run [ RunTime:0.000201s ]
INFO: TokenBuild Behavior ::run [ RunTime:0.000196s ]
INFO: WriteHtmlCache Behavior ::run [ RunTime:0.000125s ]
INFO: ShowRuntime Behavior ::run [ RunTime:0.000233s ]
INFO: [ view_filter ] --END-- [ RunTime:0.000868s ]
INFO: [ view_end ] --START--
INFO: ShowPageTrace Behavior ::run [ RunTime:0.000349s ]
INFO: [ view_end ] --END-- [ RunTime:0.000388s ]

[ 2015-04-04T14:49:07+08:00 ] 0.0.0.0 /hello/index.php/Admin/Login/verify
INFO: [ route_check ] --START--
INFO: CheckRoute Behavior ::run [ RunTime:0.000792s ]
INFO: [ route_check ] --END-- [ RunTime:0.000883s ]
INFO: [ app_begin ] --START--
INFO: ReadHtmlCache Behavior ::run [ RunTime:0.000455s ]
INFO: [ app_begin ] --END-- [ RunTime:0.000529s ]
NOTIC: [2] mysql_connect(): Connection refused /Library/WebServer/Documents/hello/ThinkPHP/Extend/Driver/Session/SessionDb.class.php 第 100 行.
NOTIC: [2] mysql_select_db() expects parameter 2 to be resource, boolean given /Library/WebServer/Documents/hello/ThinkPHP/Extend/Driver/Session/SessionDb.class.php 第 103 行.
NOTIC: [8] Undefined offset: 1 /Library/WebServer/Documents/hello/ThinkPHP/Extend/Driver/Session/SessionDb.class.php 第 129 行.
NOTIC: [2] mysql_query() expects parameter 2 to be resource, null given /Library/WebServer/Documents/hello/ThinkPHP/Extend/Driver/Session/SessionDb.class.php 第 130 行.

[ 2015-04-04T14:49:12+08:00 ] 0.0.0.0 /hello/index.php/Admin/Login/index/index
INFO: [ route_check ] --START--
INFO: CheckRoute Behavior ::run [ RunTime:0.000676s ]
INFO: [ route_check ] --END-- [ RunTime:0.000761s ]
INFO: [ app_begin ] --START--
INFO: ReadHtmlCache Behavior ::run [ RunTime:0.000398s ]
INFO: [ app_begin ] --END-- [ RunTime:0.000457s ]
NOTIC: [2] mysql_connect(): Connection refused /Library/WebServer/Documents/hello/ThinkPHP/Extend/Driver/Session/SessionDb.class.php 第 100 行.
NOTIC: [2] mysql_select_db() expects parameter 2 to be resource, boolean given /Library/WebServer/Documents/hello/ThinkPHP/Extend/Driver/Session/SessionDb.class.php 第 103 行.
NOTIC: [8] Undefined offset: 1 /Library/WebServer/Documents/hello/ThinkPHP/Extend/Driver/Session/SessionDb.class.php 第 129 行.
NOTIC: [2] mysql_query() expects parameter 2 to be resource, null given /Library/WebServer/Documents/hello/ThinkPHP/Extend/Driver/Session/SessionDb.class.php 第 130 行.
INFO: [ view_parse ] --START--
INFO: ParseTemplate Behavior ::run [ RunTime:0.010665s ]
INFO: [ view_parse ] --END-- [ RunTime:0.010732s ]
INFO: [ view_filter ] --START--
INFO: ContentReplace Behavior ::run [ RunTime:0.000305s ]
INFO: TokenBuild Behavior ::run [ RunTime:0.000208s ]
INFO: WriteHtmlCache Behavior ::run [ RunTime:0.000119s ]
INFO: ShowRuntime Behavior ::run [ RunTime:0.000224s ]
INFO: [ view_filter ] --END-- [ RunTime:0.000971s ]
INFO: [ view_end ] --START--
INFO: ShowPageTrace Behavior ::run [ RunTime:0.000328s ]
INFO: [ view_end ] --END-- [ RunTime:0.000362s ]

[ 2015-04-04T14:49:12+08:00 ] 0.0.0.0 /hello/index.php/Admin/Login/verify
INFO: [ route_check ] --START--
INFO: CheckRoute Behavior ::run [ RunTime:0.000480s ]
INFO: [ route_check ] --END-- [ RunTime:0.000546s ]
INFO: [ app_begin ] --START--
INFO: ReadHtmlCache Behavior ::run [ RunTime:0.000360s ]
INFO: [ app_begin ] --END-- [ RunTime:0.000423s ]
NOTIC: [2] mysql_connect(): Connection refused /Library/WebServer/Documents/hello/ThinkPHP/Extend/Driver/Session/SessionDb.class.php 第 100 行.
NOTIC: [2] mysql_select_db() expects parameter 2 to be resource, boolean given /Library/WebServer/Documents/hello/ThinkPHP/Extend/Driver/Session/SessionDb.class.php 第 103 行.
NOTIC: [8] Undefined offset: 1 /Library/WebServer/Documents/hello/ThinkPHP/Extend/Driver/Session/SessionDb.class.php 第 129 行.
NOTIC: [2] mysql_query() expects parameter 2 to be resource, null given /Library/WebServer/Documents/hello/ThinkPHP/Extend/Driver/Session/SessionDb.class.php 第 130 行.

[ 2015-04-04T14:49:17+08:00 ] 0.0.0.0 /hello/index.php/Admin/index/index
INFO: [ route_check ] --START--
INFO: CheckRoute Behavior ::run [ RunTime:0.000784s ]
INFO: [ route_check ] --END-- [ RunTime:0.000948s ]
INFO: [ app_begin ] --START--
INFO: ReadHtmlCache Behavior ::run [ RunTime:0.000392s ]
INFO: [ app_begin ] --END-- [ RunTime:0.000474s ]
NOTIC: [2] mysql_connect(): Connection refused /Library/WebServer/Documents/hello/ThinkPHP/Extend/Driver/Session/SessionDb.class.php 第 100 行.
NOTIC: [2] mysql_select_db() expects parameter 2 to be resource, boolean given /Library/WebServer/Documents/hello/ThinkPHP/Extend/Driver/Session/SessionDb.class.php 第 103 行.
NOTIC: [8] Undefined offset: 1 /Library/WebServer/Documents/hello/ThinkPHP/Extend/Driver/Session/SessionDb.class.php 第 129 行.
NOTIC: [2] mysql_query() expects parameter 2 to be resource, null given /Library/WebServer/Documents/hello/ThinkPHP/Extend/Driver/Session/SessionDb.class.php 第 130 行.

[ 2015-04-04T14:49:17+08:00 ] 0.0.0.0 /hello/index.php/Admin/Login/index
INFO: [ route_check ] --START--
INFO: CheckRoute Behavior ::run [ RunTime:0.000439s ]
INFO: [ route_check ] --END-- [ RunTime:0.000497s ]
INFO: [ app_begin ] --START--
INFO: ReadHtmlCache Behavior ::run [ RunTime:0.000330s ]
INFO: [ app_begin ] --END-- [ RunTime:0.000376s ]
NOTIC: [2] mysql_connect(): Connection refused /Library/WebServer/Documents/hello/ThinkPHP/Extend/Driver/Session/SessionDb.class.php 第 100 行.
NOTIC: [2] mysql_select_db() expects parameter 2 to be resource, boolean given /Library/WebServer/Documents/hello/ThinkPHP/Extend/Driver/Session/SessionDb.class.php 第 103 行.
NOTIC: [8] Undefined offset: 1 /Library/WebServer/Documents/hello/ThinkPHP/Extend/Driver/Session/SessionDb.class.php 第 129 行.
NOTIC: [2] mysql_query() expects parameter 2 to be resource, null given /Library/WebServer/Documents/hello/ThinkPHP/Extend/Driver/Session/SessionDb.class.php 第 130 行.
INFO: [ view_parse ] --START--
INFO: ParseTemplate Behavior ::run [ RunTime:0.004942s ]
INFO: [ view_parse ] --END-- [ RunTime:0.005028s ]
INFO: [ view_filter ] --START--
INFO: ContentReplace Behavior ::run [ RunTime:0.000362s ]
INFO: TokenBuild Behavior ::run [ RunTime:0.000349s ]
INFO: WriteHtmlCache Behavior ::run [ RunTime:0.000219s ]
INFO: ShowRuntime Behavior ::run [ RunTime:0.000430s ]
INFO: [ view_filter ] --END-- [ RunTime:0.001570s ]
INFO: [ view_end ] --START--
INFO: ShowPageTrace Behavior ::run [ RunTime:0.000610s ]
INFO: [ view_end ] --END-- [ RunTime:0.000679s ]

[ 2015-04-04T14:49:17+08:00 ] 0.0.0.0 /hello/index.php/Admin/Login/verify
INFO: [ route_check ] --START--
INFO: CheckRoute Behavior ::run [ RunTime:0.000473s ]
INFO: [ route_check ] --END-- [ RunTime:0.000537s ]
INFO: [ app_begin ] --START--
INFO: ReadHtmlCache Behavior ::run [ RunTime:0.000311s ]
INFO: [ app_begin ] --END-- [ RunTime:0.000365s ]
NOTIC: [2] mysql_connect(): Connection refused /Library/WebServer/Documents/hello/ThinkPHP/Extend/Driver/Session/SessionDb.class.php 第 100 行.
NOTIC: [2] mysql_select_db() expects parameter 2 to be resource, boolean given /Library/WebServer/Documents/hello/ThinkPHP/Extend/Driver/Session/SessionDb.class.php 第 103 行.
NOTIC: [8] Undefined offset: 1 /Library/WebServer/Documents/hello/ThinkPHP/Extend/Driver/Session/SessionDb.class.php 第 129 行.
NOTIC: [2] mysql_query() expects parameter 2 to be resource, null given /Library/WebServer/Documents/hello/ThinkPHP/Extend/Driver/Session/SessionDb.class.php 第 130 行.

[ 2015-04-04T14:52:58+08:00 ] 0.0.0.0 /hello/index.php/Admin/Login/index
INFO: [ route_check ] --START--
INFO: CheckRoute Behavior ::run [ RunTime:0.000534s ]
INFO: [ route_check ] --END-- [ RunTime:0.000663s ]
INFO: [ app_begin ] --START--
INFO: ReadHtmlCache Behavior ::run [ RunTime:0.000353s ]
INFO: [ app_begin ] --END-- [ RunTime:0.000446s ]
NOTIC: [2] mysql_connect(): Connection refused /Library/WebServer/Documents/hello/ThinkPHP/Extend/Driver/Session/SessionDb.class.php 第 100 行.
NOTIC: [2] mysql_select_db() expects parameter 2 to be resource, boolean given /Library/WebServer/Documents/hello/ThinkPHP/Extend/Driver/Session/SessionDb.class.php 第 103 行.
NOTIC: [8] Undefined offset: 1 /Library/WebServer/Documents/hello/ThinkPHP/Extend/Driver/Session/SessionDb.class.php 第 129 行.
NOTIC: [2] mysql_query() expects parameter 2 to be resource, null given /Library/WebServer/Documents/hello/ThinkPHP/Extend/Driver/Session/SessionDb.class.php 第 130 行.
INFO: [ view_parse ] --START--
INFO: ParseTemplate Behavior ::run [ RunTime:0.006224s ]
INFO: [ view_parse ] --END-- [ RunTime:0.006301s ]
INFO: [ view_filter ] --START--
INFO: ContentReplace Behavior ::run [ RunTime:0.000228s ]
INFO: TokenBuild Behavior ::run [ RunTime:0.000208s ]
INFO: WriteHtmlCache Behavior ::run [ RunTime:0.000134s ]
INFO: ShowRuntime Behavior ::run [ RunTime:0.000266s ]
INFO: [ view_filter ] --END-- [ RunTime:0.000950s ]
INFO: [ view_end ] --START--
INFO: ShowPageTrace Behavior ::run [ RunTime:0.000367s ]
INFO: [ view_end ] --END-- [ RunTime:0.000405s ]

[ 2015-04-04T14:52:58+08:00 ] 0.0.0.0 /hello/index.php/Admin/Login/verify
INFO: [ route_check ] --START--
INFO: CheckRoute Behavior ::run [ RunTime:0.000767s ]
INFO: [ route_check ] --END-- [ RunTime:0.000860s ]
INFO: [ app_begin ] --START--
INFO: ReadHtmlCache Behavior ::run [ RunTime:0.000497s ]
INFO: [ app_begin ] --END-- [ RunTime:0.000577s ]
NOTIC: [2] mysql_connect(): Connection refused /Library/WebServer/Documents/hello/ThinkPHP/Extend/Driver/Session/SessionDb.class.php 第 100 行.
NOTIC: [2] mysql_select_db() expects parameter 2 to be resource, boolean given /Library/WebServer/Documents/hello/ThinkPHP/Extend/Driver/Session/SessionDb.class.php 第 103 行.
NOTIC: [8] Undefined offset: 1 /Library/WebServer/Documents/hello/ThinkPHP/Extend/Driver/Session/SessionDb.class.php 第 129 行.
NOTIC: [2] mysql_query() expects parameter 2 to be resource, null given /Library/WebServer/Documents/hello/ThinkPHP/Extend/Driver/Session/SessionDb.class.php 第 130 行.

[ 2015-04-04T14:53:01+08:00 ] 0.0.0.0 /hello/index.php/Admin/Login/login
INFO: [ route_check ] --START--
INFO: CheckRoute Behavior ::run [ RunTime:0.000431s ]
INFO: [ route_check ] --END-- [ RunTime:0.000490s ]
INFO: [ app_begin ] --START--
INFO: ReadHtmlCache Behavior ::run [ RunTime:0.000272s ]
INFO: [ app_begin ] --END-- [ RunTime:0.000316s ]
NOTIC: [2] mysql_connect(): Connection refused /Library/WebServer/Documents/hello/ThinkPHP/Extend/Driver/Session/SessionDb.class.php 第 100 行.
NOTIC: [2] mysql_select_db() expects parameter 2 to be resource, boolean given /Library/WebServer/Documents/hello/ThinkPHP/Extend/Driver/Session/SessionDb.class.php 第 103 行.
NOTIC: [8] Undefined offset: 1 /Library/WebServer/Documents/hello/ThinkPHP/Extend/Driver/Session/SessionDb.class.php 第 129 行.
NOTIC: [2] mysql_query() expects parameter 2 to be resource, null given /Library/WebServer/Documents/hello/ThinkPHP/Extend/Driver/Session/SessionDb.class.php 第 130 行.
INFO: [ view_parse ] --START--
INFO: ParseTemplate Behavior ::run [ RunTime:0.010420s ]
INFO: [ view_parse ] --END-- [ RunTime:0.010563s ]
INFO: [ view_filter ] --START--
INFO: ContentReplace Behavior ::run [ RunTime:0.000582s ]
INFO: TokenBuild Behavior ::run [ RunTime:0.000516s ]
INFO: WriteHtmlCache Behavior ::run [ RunTime:0.000514s ]
INFO: ShowRuntime Behavior ::run [ RunTime:0.000417s ]
INFO: [ view_filter ] --END-- [ RunTime:0.002324s ]
INFO: [ view_end ] --START--
INFO: ShowPageTrace Behavior ::run [ RunTime:0.000578s ]
INFO: [ view_end ] --END-- [ RunTime:0.000646s ]

[ 2015-04-04T14:53:14+08:00 ] 0.0.0.0 /hello/index.php/Admin/login
INFO: [ route_check ] --START--
INFO: CheckRoute Behavior ::run [ RunTime:0.000579s ]
INFO: [ route_check ] --END-- [ RunTime:0.000651s ]
INFO: [ app_begin ] --START--
INFO: ReadHtmlCache Behavior ::run [ RunTime:0.000382s ]
INFO: [ app_begin ] --END-- [ RunTime:0.000444s ]
NOTIC: [2] mysql_connect(): Connection refused /Library/WebServer/Documents/hello/ThinkPHP/Extend/Driver/Session/SessionDb.class.php 第 100 行.
NOTIC: [2] mysql_select_db() expects parameter 2 to be resource, boolean given /Library/WebServer/Documents/hello/ThinkPHP/Extend/Driver/Session/SessionDb.class.php 第 103 行.
NOTIC: [8] Undefined offset: 1 /Library/WebServer/Documents/hello/ThinkPHP/Extend/Driver/Session/SessionDb.class.php 第 129 行.
NOTIC: [2] mysql_query() expects parameter 2 to be resource, null given /Library/WebServer/Documents/hello/ThinkPHP/Extend/Driver/Session/SessionDb.class.php 第 130 行.
INFO: [ view_parse ] --START--
INFO: ParseTemplate Behavior ::run [ RunTime:0.006718s ]
INFO: [ view_parse ] --END-- [ RunTime:0.006790s ]
INFO: [ view_filter ] --START--
INFO: ContentReplace Behavior ::run [ RunTime:0.000216s ]
INFO: TokenBuild Behavior ::run [ RunTime:0.000213s ]
INFO: WriteHtmlCache Behavior ::run [ RunTime:0.000138s ]
INFO: ShowRuntime Behavior ::run [ RunTime:0.000248s ]
INFO: [ view_filter ] --END-- [ RunTime:0.000940s ]
INFO: [ view_end ] --START--
INFO: ShowPageTrace Behavior ::run [ RunTime:0.000410s ]
INFO: [ view_end ] --END-- [ RunTime:0.000451s ]

[ 2015-04-04T14:53:14+08:00 ] 0.0.0.0 /hello/index.php/Admin/Login/verify
INFO: [ route_check ] --START--
INFO: CheckRoute Behavior ::run [ RunTime:0.000651s ]
INFO: [ route_check ] --END-- [ RunTime:0.000734s ]
INFO: [ app_begin ] --START--
INFO: ReadHtmlCache Behavior ::run [ RunTime:0.000490s ]
INFO: [ app_begin ] --END-- [ RunTime:0.000566s ]
NOTIC: [2] mysql_connect(): Connection refused /Library/WebServer/Documents/hello/ThinkPHP/Extend/Driver/Session/SessionDb.class.php 第 100 行.
NOTIC: [2] mysql_select_db() expects parameter 2 to be resource, boolean given /Library/WebServer/Documents/hello/ThinkPHP/Extend/Driver/Session/SessionDb.class.php 第 103 行.
NOTIC: [8] Undefined offset: 1 /Library/WebServer/Documents/hello/ThinkPHP/Extend/Driver/Session/SessionDb.class.php 第 129 行.
NOTIC: [2] mysql_query() expects parameter 2 to be resource, null given /Library/WebServer/Documents/hello/ThinkPHP/Extend/Driver/Session/SessionDb.class.php 第 130 行.

[ 2015-04-04T14:53:17+08:00 ] 0.0.0.0 /hello/index.php/Admin/Login/login
INFO: [ route_check ] --START--
INFO: CheckRoute Behavior ::run [ RunTime:0.000437s ]
INFO: [ route_check ] --END-- [ RunTime:0.000496s ]
INFO: [ app_begin ] --START--
INFO: ReadHtmlCache Behavior ::run [ RunTime:0.000306s ]
INFO: [ app_begin ] --END-- [ RunTime:0.000352s ]
NOTIC: [2] mysql_connect(): Connection refused /Library/WebServer/Documents/hello/ThinkPHP/Extend/Driver/Session/SessionDb.class.php 第 100 行.
NOTIC: [2] mysql_select_db() expects parameter 2 to be resource, boolean given /Library/WebServer/Documents/hello/ThinkPHP/Extend/Driver/Session/SessionDb.class.php 第 103 行.
NOTIC: [8] Undefined offset: 1 /Library/WebServer/Documents/hello/ThinkPHP/Extend/Driver/Session/SessionDb.class.php 第 129 行.
NOTIC: [2] mysql_query() expects parameter 2 to be resource, null given /Library/WebServer/Documents/hello/ThinkPHP/Extend/Driver/Session/SessionDb.class.php 第 130 行.
INFO: [ view_parse ] --START--
INFO: ParseTemplate Behavior ::run [ RunTime:0.009965s ]
INFO: [ view_parse ] --END-- [ RunTime:0.010031s ]
INFO: [ view_filter ] --START--
INFO: ContentReplace Behavior ::run [ RunTime:0.000231s ]
INFO: TokenBuild Behavior ::run [ RunTime:0.000210s ]
INFO: WriteHtmlCache Behavior ::run [ RunTime:0.000133s ]
INFO: ShowRuntime Behavior ::run [ RunTime:0.000227s ]
INFO: [ view_filter ] --END-- [ RunTime:0.000918s ]
INFO: [ view_end ] --START--
INFO: ShowPageTrace Behavior ::run [ RunTime:0.000353s ]
INFO: [ view_end ] --END-- [ RunTime:0.000389s ]

[ 2015-04-04T14:54:12+08:00 ] 0.0.0.0 /hello/index.php/Admin/login
INFO: [ route_check ] --START--
INFO: CheckRoute Behavior ::run [ RunTime:0.000654s ]
INFO: [ route_check ] --END-- [ RunTime:0.000746s ]
INFO: [ app_begin ] --START--
INFO: ReadHtmlCache Behavior ::run [ RunTime:0.000377s ]
INFO: [ app_begin ] --END-- [ RunTime:0.000439s ]
NOTIC: [2] mysql_connect(): Connection refused /Library/WebServer/Documents/hello/ThinkPHP/Extend/Driver/Session/SessionDb.class.php 第 100 行.
NOTIC: [2] mysql_select_db() expects parameter 2 to be resource, boolean given /Library/WebServer/Documents/hello/ThinkPHP/Extend/Driver/Session/SessionDb.class.php 第 103 行.
NOTIC: [8] Undefined offset: 1 /Library/WebServer/Documents/hello/ThinkPHP/Extend/Driver/Session/SessionDb.class.php 第 129 行.
NOTIC: [2] mysql_query() expects parameter 2 to be resource, null given /Library/WebServer/Documents/hello/ThinkPHP/Extend/Driver/Session/SessionDb.class.php 第 130 行.
INFO: [ view_parse ] --START--
INFO: ParseTemplate Behavior ::run [ RunTime:0.004112s ]
INFO: [ view_parse ] --END-- [ RunTime:0.004157s ]
INFO: [ view_filter ] --START--
INFO: ContentReplace Behavior ::run [ RunTime:0.000210s ]
INFO: TokenBuild Behavior ::run [ RunTime:0.000186s ]
INFO: WriteHtmlCache Behavior ::run [ RunTime:0.000118s ]
INFO: ShowRuntime Behavior ::run [ RunTime:0.000222s ]
INFO: [ view_filter ] --END-- [ RunTime:0.000846s ]
INFO: [ view_end ] --START--
INFO: ShowPageTrace Behavior ::run [ RunTime:0.000334s ]
INFO: [ view_end ] --END-- [ RunTime:0.000369s ]

[ 2015-04-04T14:54:13+08:00 ] 0.0.0.0 /hello/index.php/Admin/Login/verify
INFO: [ route_check ] --START--
INFO: CheckRoute Behavior ::run [ RunTime:0.000798s ]
INFO: [ route_check ] --END-- [ RunTime:0.000897s ]
INFO: [ app_begin ] --START--
INFO: ReadHtmlCache Behavior ::run [ RunTime:0.000526s ]
INFO: [ app_begin ] --END-- [ RunTime:0.000608s ]
NOTIC: [2] mysql_connect(): Connection refused /Library/WebServer/Documents/hello/ThinkPHP/Extend/Driver/Session/SessionDb.class.php 第 100 行.
NOTIC: [2] mysql_select_db() expects parameter 2 to be resource, boolean given /Library/WebServer/Documents/hello/ThinkPHP/Extend/Driver/Session/SessionDb.class.php 第 103 行.
NOTIC: [8] Undefined offset: 1 /Library/WebServer/Documents/hello/ThinkPHP/Extend/Driver/Session/SessionDb.class.php 第 129 行.
NOTIC: [2] mysql_query() expects parameter 2 to be resource, null given /Library/WebServer/Documents/hello/ThinkPHP/Extend/Driver/Session/SessionDb.class.php 第 130 行.

[ 2015-04-04T14:54:15+08:00 ] 0.0.0.0 /hello/index.php/Admin/Login/login
INFO: [ route_check ] --START--
INFO: CheckRoute Behavior ::run [ RunTime:0.000442s ]
INFO: [ route_check ] --END-- [ RunTime:0.000500s ]
INFO: [ app_begin ] --START--
INFO: ReadHtmlCache Behavior ::run [ RunTime:0.000282s ]
INFO: [ app_begin ] --END-- [ RunTime:0.000327s ]
NOTIC: [2] mysql_connect(): Connection refused /Library/WebServer/Documents/hello/ThinkPHP/Extend/Driver/Session/SessionDb.class.php 第 100 行.
NOTIC: [2] mysql_select_db() expects parameter 2 to be resource, boolean given /Library/WebServer/Documents/hello/ThinkPHP/Extend/Driver/Session/SessionDb.class.php 第 103 行.
NOTIC: [8] Undefined offset: 1 /Library/WebServer/Documents/hello/ThinkPHP/Extend/Driver/Session/SessionDb.class.php 第 129 行.
NOTIC: [2] mysql_query() expects parameter 2 to be resource, null given /Library/WebServer/Documents/hello/ThinkPHP/Extend/Driver/Session/SessionDb.class.php 第 130 行.
INFO: [ view_parse ] --START--
INFO: ParseTemplate Behavior ::run [ RunTime:0.009946s ]
INFO: [ view_parse ] --END-- [ RunTime:0.010021s ]
INFO: [ view_filter ] --START--
INFO: ContentReplace Behavior ::run [ RunTime:0.000326s ]
INFO: TokenBuild Behavior ::run [ RunTime:0.000228s ]
INFO: WriteHtmlCache Behavior ::run [ RunTime:0.000119s ]
INFO: ShowRuntime Behavior ::run [ RunTime:0.000224s ]
INFO: [ view_filter ] --END-- [ RunTime:0.001015s ]
INFO: [ view_end ] --START--
INFO: ShowPageTrace Behavior ::run [ RunTime:0.000325s ]
INFO: [ view_end ] --END-- [ RunTime:0.000358s ]

[ 2015-04-04T14:54:31+08:00 ] 0.0.0.0 /hello/index.php/Admin/login
INFO: [ route_check ] --START--
INFO: CheckRoute Behavior ::run [ RunTime:0.000423s ]
INFO: [ route_check ] --END-- [ RunTime:0.000478s ]
INFO: [ app_begin ] --START--
INFO: ReadHtmlCache Behavior ::run [ RunTime:0.000270s ]
INFO: [ app_begin ] --END-- [ RunTime:0.000314s ]
NOTIC: [2] mysql_connect(): Connection refused /Library/WebServer/Documents/hello/ThinkPHP/Extend/Driver/Session/SessionDb.class.php 第 100 行.
NOTIC: [2] mysql_select_db() expects parameter 2 to be resource, boolean given /Library/WebServer/Documents/hello/ThinkPHP/Extend/Driver/Session/SessionDb.class.php 第 103 行.
NOTIC: [8] Undefined offset: 1 /Library/WebServer/Documents/hello/ThinkPHP/Extend/Driver/Session/SessionDb.class.php 第 129 行.
NOTIC: [2] mysql_query() expects parameter 2 to be resource, null given /Library/WebServer/Documents/hello/ThinkPHP/Extend/Driver/Session/SessionDb.class.php 第 130 行.
INFO: [ view_parse ] --START--
INFO: ParseTemplate Behavior ::run [ RunTime:0.004079s ]
INFO: [ view_parse ] --END-- [ RunTime:0.004132s ]
INFO: [ view_filter ] --START--
INFO: ContentReplace Behavior ::run [ RunTime:0.000238s ]
INFO: TokenBuild Behavior ::run [ RunTime:0.000210s ]
INFO: WriteHtmlCache Behavior ::run [ RunTime:0.000132s ]
INFO: ShowRuntime Behavior ::run [ RunTime:0.000244s ]
INFO: [ view_filter ] --END-- [ RunTime:0.000941s ]
INFO: [ view_end ] --START--
INFO: ShowPageTrace Behavior ::run [ RunTime:0.000356s ]
INFO: [ view_end ] --END-- [ RunTime:0.000394s ]

[ 2015-04-04T14:54:31+08:00 ] 0.0.0.0 /hello/index.php/Admin/Login/verify
INFO: [ route_check ] --START--
INFO: CheckRoute Behavior ::run [ RunTime:0.000738s ]
INFO: [ route_check ] --END-- [ RunTime:0.000831s ]
INFO: [ app_begin ] --START--
INFO: ReadHtmlCache Behavior ::run [ RunTime:0.000480s ]
INFO: [ app_begin ] --END-- [ RunTime:0.000557s ]
NOTIC: [2] mysql_connect(): Connection refused /Library/WebServer/Documents/hello/ThinkPHP/Extend/Driver/Session/SessionDb.class.php 第 100 行.
NOTIC: [2] mysql_select_db() expects parameter 2 to be resource, boolean given /Library/WebServer/Documents/hello/ThinkPHP/Extend/Driver/Session/SessionDb.class.php 第 103 行.
NOTIC: [8] Undefined offset: 1 /Library/WebServer/Documents/hello/ThinkPHP/Extend/Driver/Session/SessionDb.class.php 第 129 行.
NOTIC: [2] mysql_query() expects parameter 2 to be resource, null given /Library/WebServer/Documents/hello/ThinkPHP/Extend/Driver/Session/SessionDb.class.php 第 130 行.

[ 2015-04-04T14:54:36+08:00 ] 0.0.0.0 /hello/index.php/Admin/Login/login
INFO: [ route_check ] --START--
INFO: CheckRoute Behavior ::run [ RunTime:0.000701s ]
INFO: [ route_check ] --END-- [ RunTime:0.000792s ]
INFO: [ app_begin ] --START--
INFO: ReadHtmlCache Behavior ::run [ RunTime:0.000489s ]
INFO: [ app_begin ] --END-- [ RunTime:0.000571s ]
NOTIC: [2] mysql_connect(): Connection refused /Library/WebServer/Documents/hello/ThinkPHP/Extend/Driver/Session/SessionDb.class.php 第 100 行.
NOTIC: [2] mysql_select_db() expects parameter 2 to be resource, boolean given /Library/WebServer/Documents/hello/ThinkPHP/Extend/Driver/Session/SessionDb.class.php 第 103 行.
NOTIC: [8] Undefined offset: 1 /Library/WebServer/Documents/hello/ThinkPHP/Extend/Driver/Session/SessionDb.class.php 第 129 行.
NOTIC: [2] mysql_query() expects parameter 2 to be resource, null given /Library/WebServer/Documents/hello/ThinkPHP/Extend/Driver/Session/SessionDb.class.php 第 130 行.
INFO: [ view_parse ] --START--
INFO: ParseTemplate Behavior ::run [ RunTime:0.011125s ]
INFO: [ view_parse ] --END-- [ RunTime:0.011191s ]
INFO: [ view_filter ] --START--
INFO: ContentReplace Behavior ::run [ RunTime:0.000218s ]
INFO: TokenBuild Behavior ::run [ RunTime:0.000195s ]
INFO: WriteHtmlCache Behavior ::run [ RunTime:0.000120s ]
INFO: ShowRuntime Behavior ::run [ RunTime:0.000225s ]
INFO: [ view_filter ] --END-- [ RunTime:0.000862s ]
INFO: [ view_end ] --START--
INFO: ShowPageTrace Behavior ::run [ RunTime:0.000327s ]
INFO: [ view_end ] --END-- [ RunTime:0.000361s ]

[ 2015-04-04T14:55:59+08:00 ] 0.0.0.0 /hello/index.php/Admin/login
INFO: [ route_check ] --START--
INFO: CheckRoute Behavior ::run [ RunTime:0.000601s ]
INFO: [ route_check ] --END-- [ RunTime:0.000685s ]
INFO: [ app_begin ] --START--
INFO: ReadHtmlCache Behavior ::run [ RunTime:0.000482s ]
INFO: [ app_begin ] --END-- [ RunTime:0.000560s ]
INFO: [ view_parse ] --START--
INFO: ParseTemplate Behavior ::run [ RunTime:0.010788s ]
INFO: [ view_parse ] --END-- [ RunTime:0.010884s ]
INFO: [ view_filter ] --START--
INFO: ContentReplace Behavior ::run [ RunTime:0.000316s ]
INFO: TokenBuild Behavior ::run [ RunTime:0.000312s ]
INFO: WriteHtmlCache Behavior ::run [ RunTime:0.000140s ]
INFO: ShowRuntime Behavior ::run [ RunTime:0.000246s ]
INFO: [ view_filter ] --END-- [ RunTime:0.001140s ]
INFO: [ view_end ] --START--
INFO: ShowPageTrace Behavior ::run [ RunTime:0.000343s ]
INFO: [ view_end ] --END-- [ RunTime:0.000380s ]

[ 2015-04-04T14:55:59+08:00 ] 0.0.0.0 /hello/index.php/Admin/Login/verify
INFO: [ route_check ] --START--
INFO: CheckRoute Behavior ::run [ RunTime:0.001069s ]
INFO: [ route_check ] --END-- [ RunTime:0.001170s ]
INFO: [ app_begin ] --START--
INFO: ReadHtmlCache Behavior ::run [ RunTime:0.000503s ]
INFO: [ app_begin ] --END-- [ RunTime:0.000585s ]

[ 2015-04-04T14:56:02+08:00 ] 0.0.0.0 /hello/index.php/Admin/Login/login
INFO: [ route_check ] --START--
INFO: CheckRoute Behavior ::run [ RunTime:0.000696s ]
INFO: [ route_check ] --END-- [ RunTime:0.000792s ]
INFO: [ app_begin ] --START--
INFO: ReadHtmlCache Behavior ::run [ RunTime:0.000589s ]
INFO: [ app_begin ] --END-- [ RunTime:0.000682s ]
SQL: SHOW COLUMNS FROM `hd_users` [ RunTime:0.003001s ]
SQL: SELECT * FROM `hd_users` WHERE ( `username` = 'admin' ) LIMIT 1   [ RunTime:0.000554s ]
SQL: UPDATE `hd_users` SET `logintime`=1428130562,`loginip`='0.0.0.0' WHERE ( `id` = 1 ) [ RunTime:0.000653s ]

[ 2015-04-04T14:56:02+08:00 ] 0.0.0.0 /hello/index.php/Admin/Index/index
INFO: [ route_check ] --START--
INFO: CheckRoute Behavior ::run [ RunTime:0.000409s ]
INFO: [ route_check ] --END-- [ RunTime:0.000462s ]
INFO: [ app_begin ] --START--
INFO: ReadHtmlCache Behavior ::run [ RunTime:0.000280s ]
INFO: [ app_begin ] --END-- [ RunTime:0.000323s ]
INFO: [ view_parse ] --START--
INFO: ParseTemplate Behavior ::run [ RunTime:0.016495s ]
INFO: [ view_parse ] --END-- [ RunTime:0.016563s ]
INFO: [ view_filter ] --START--
INFO: ContentReplace Behavior ::run [ RunTime:0.000254s ]
INFO: TokenBuild Behavior ::run [ RunTime:0.000247s ]
INFO: WriteHtmlCache Behavior ::run [ RunTime:0.000139s ]
INFO: ShowRuntime Behavior ::run [ RunTime:0.000316s ]
INFO: [ view_filter ] --END-- [ RunTime:0.001068s ]
INFO: [ view_end ] --START--
INFO: ShowPageTrace Behavior ::run [ RunTime:0.000483s ]
INFO: [ view_end ] --END-- [ RunTime:0.000523s ]

[ 2015-04-04T19:56:02+08:00 ] 0.0.0.0 /hello/index.php/Admin/Index/index
INFO: [ route_check ] --START--
INFO: CheckRoute Behavior ::run [ RunTime:0.000775s ]
INFO: [ route_check ] --END-- [ RunTime:0.000867s ]
INFO: [ app_begin ] --START--
INFO: ReadHtmlCache Behavior ::run [ RunTime:0.000473s ]
INFO: [ app_begin ] --END-- [ RunTime:0.000543s ]

[ 2015-04-04T19:56:02+08:00 ] 0.0.0.0 /hello/index.php/Admin/Login/index
INFO: [ route_check ] --START--
INFO: CheckRoute Behavior ::run [ RunTime:0.000465s ]
INFO: [ route_check ] --END-- [ RunTime:0.000528s ]
INFO: [ app_begin ] --START--
INFO: ReadHtmlCache Behavior ::run [ RunTime:0.000298s ]
INFO: [ app_begin ] --END-- [ RunTime:0.000357s ]
INFO: [ view_parse ] --START--
INFO: ParseTemplate Behavior ::run [ RunTime:0.006653s ]
INFO: [ view_parse ] --END-- [ RunTime:0.006724s ]
INFO: [ view_filter ] --START--
INFO: ContentReplace Behavior ::run [ RunTime:0.000301s ]
INFO: TokenBuild Behavior ::run [ RunTime:0.000325s ]
INFO: WriteHtmlCache Behavior ::run [ RunTime:0.000202s ]
INFO: ShowRuntime Behavior ::run [ RunTime:0.000397s ]
INFO: [ view_filter ] --END-- [ RunTime:0.001387s ]
INFO: [ view_end ] --START--
INFO: ShowPageTrace Behavior ::run [ RunTime:0.000538s ]
INFO: [ view_end ] --END-- [ RunTime:0.000597s ]

[ 2015-04-04T19:56:02+08:00 ] 0.0.0.0 /hello/index.php/Admin/Login/verify
INFO: [ route_check ] --START--
INFO: CheckRoute Behavior ::run [ RunTime:0.000816s ]
INFO: [ route_check ] --END-- [ RunTime:0.000924s ]
INFO: [ app_begin ] --START--
INFO: ReadHtmlCache Behavior ::run [ RunTime:0.000557s ]
INFO: [ app_begin ] --END-- [ RunTime:0.000647s ]

[ 2015-04-04T19:56:06+08:00 ] 0.0.0.0 /hello/index.php/Admin/Login/login
INFO: [ route_check ] --START--
INFO: CheckRoute Behavior ::run [ RunTime:0.000423s ]
INFO: [ route_check ] --END-- [ RunTime:0.000480s ]
INFO: [ app_begin ] --START--
INFO: ReadHtmlCache Behavior ::run [ RunTime:0.000271s ]
INFO: [ app_begin ] --END-- [ RunTime:0.000313s ]
SQL: SHOW COLUMNS FROM `hd_users` [ RunTime:0.001373s ]
SQL: SELECT * FROM `hd_users` WHERE ( `username` = 'admin' ) LIMIT 1   [ RunTime:0.000220s ]
SQL: UPDATE `hd_users` SET `logintime`=1428148566,`loginip`='0.0.0.0' WHERE ( `id` = 1 ) [ RunTime:0.000240s ]

[ 2015-04-04T19:56:06+08:00 ] 0.0.0.0 /hello/index.php/Admin/Index/index
INFO: [ route_check ] --START--
INFO: CheckRoute Behavior ::run [ RunTime:0.000449s ]
INFO: [ route_check ] --END-- [ RunTime:0.000509s ]
INFO: [ app_begin ] --START--
INFO: ReadHtmlCache Behavior ::run [ RunTime:0.000290s ]
INFO: [ app_begin ] --END-- [ RunTime:0.000338s ]
INFO: [ view_parse ] --START--
INFO: ParseTemplate Behavior ::run [ RunTime:0.010955s ]
INFO: [ view_parse ] --END-- [ RunTime:0.011030s ]
INFO: [ view_filter ] --START--
INFO: ContentReplace Behavior ::run [ RunTime:0.000262s ]
INFO: TokenBuild Behavior ::run [ RunTime:0.000196s ]
INFO: WriteHtmlCache Behavior ::run [ RunTime:0.000118s ]
INFO: ShowRuntime Behavior ::run [ RunTime:0.000225s ]
INFO: [ view_filter ] --END-- [ RunTime:0.000899s ]
INFO: [ view_end ] --START--
INFO: ShowPageTrace Behavior ::run [ RunTime:0.000324s ]
INFO: [ view_end ] --END-- [ RunTime:0.000358s ]

[ 2015-04-04T19:56:08+08:00 ] 0.0.0.0 /hello/index.php/Admin/Index/logout
INFO: [ route_check ] --START--
INFO: CheckRoute Behavior ::run [ RunTime:0.000628s ]
INFO: [ route_check ] --END-- [ RunTime:0.000703s ]
INFO: [ app_begin ] --START--
INFO: ReadHtmlCache Behavior ::run [ RunTime:0.000414s ]
INFO: [ app_begin ] --END-- [ RunTime:0.000477s ]
ERR: 非法操作:logout

