[ 2015-03-23T13:27:51+08:00 ] 0.0.0.0 /hello/index.php/blog
INFO: [ route_check ] --START--
INFO: CheckRoute Behavior ::run [ RunTime:0.001397s ]
INFO: [ route_check ] --END-- [ RunTime:0.001647s ]
INFO: [ app_begin ] --START--
INFO: ReadHtmlCache Behavior ::run [ RunTime:0.000688s ]
INFO: [ app_begin ] --END-- [ RunTime:0.000785s ]
NOTIC: [2] mysql_connect(): Connection refused /Library/WebServer/Documents/hello/ThinkPHP/Extend/Driver/Session/SessionDb.class.php 第 100 行.
NOTIC: [2] mysql_select_db() expects parameter 2 to be resource, boolean given /Library/WebServer/Documents/hello/ThinkPHP/Extend/Driver/Session/SessionDb.class.php 第 103 行.
NOTIC: [8] Undefined offset: 1 /Library/WebServer/Documents/hello/ThinkPHP/Extend/Driver/Session/SessionDb.class.php 第 129 行.
NOTIC: [2] mysql_query() expects parameter 2 to be resource, null given /Library/WebServer/Documents/hello/ThinkPHP/Extend/Driver/Session/SessionDb.class.php 第 130 行.
NOTIC: [8] Use of undefined constant index - assumed 'index' /Library/WebServer/Documents/hello/Index/Modules/Index/Action/blogAction.class.php 第 6 行.
INFO: [ view_parse ] --START--
INFO: ParseTemplate Behavior ::run [ RunTime:0.017530s ]
INFO: [ view_parse ] --END-- [ RunTime:0.017622s ]
INFO: [ view_filter ] --START--
INFO: ContentReplace Behavior ::run [ RunTime:0.000615s ]
INFO: TokenBuild Behavior ::run [ RunTime:0.000436s ]
INFO: WriteHtmlCache Behavior ::run [ RunTime:0.000385s ]
INFO: ShowRuntime Behavior ::run [ RunTime:0.000445s ]
INFO: [ view_filter ] --END-- [ RunTime:0.001994s ]
INFO: [ view_end ] --START--
INFO: ShowPageTrace Behavior ::run [ RunTime:0.000947s ]
INFO: [ view_end ] --END-- [ RunTime:0.001015s ]

[ 2015-03-23T13:27:51+08:00 ] 0.0.0.0 /hello/index.php/scripts/yoxview/yoxview.css
INFO: [ route_check ] --START--
INFO: CheckRoute Behavior ::run [ RunTime:0.000787s ]
INFO: [ route_check ] --END-- [ RunTime:0.001168s ]
INFO: [ app_begin ] --START--
INFO: ReadHtmlCache Behavior ::run [ RunTime:0.000494s ]
INFO: [ app_begin ] --END-- [ RunTime:0.000577s ]
NOTIC: [2] mysql_connect(): Connection refused /Library/WebServer/Documents/hello/ThinkPHP/Extend/Driver/Session/SessionDb.class.php 第 100 行.
NOTIC: [2] mysql_select_db() expects parameter 2 to be resource, boolean given /Library/WebServer/Documents/hello/ThinkPHP/Extend/Driver/Session/SessionDb.class.php 第 103 行.
NOTIC: [8] Undefined offset: 1 /Library/WebServer/Documents/hello/ThinkPHP/Extend/Driver/Session/SessionDb.class.php 第 129 行.
NOTIC: [2] mysql_query() expects parameter 2 to be resource, null given /Library/WebServer/Documents/hello/ThinkPHP/Extend/Driver/Session/SessionDb.class.php 第 130 行.
ERR: 无法加载模块:scripts

[ 2015-03-23T13:27:51+08:00 ] 0.0.0.0 /hello/index.php/scripts/yoxview/yox.js
INFO: [ route_check ] --START--
INFO: CheckRoute Behavior ::run [ RunTime:0.001080s ]
INFO: [ route_check ] --END-- [ RunTime:0.001297s ]
INFO: [ app_begin ] --START--
INFO: ReadHtmlCache Behavior ::run [ RunTime:0.000637s ]
INFO: [ app_begin ] --END-- [ RunTime:0.000763s ]
NOTIC: [2] mysql_connect(): Connection refused /Library/WebServer/Documents/hello/ThinkPHP/Extend/Driver/Session/SessionDb.class.php 第 100 行.
NOTIC: [2] mysql_select_db() expects parameter 2 to be resource, boolean given /Library/WebServer/Documents/hello/ThinkPHP/Extend/Driver/Session/SessionDb.class.php 第 103 行.
NOTIC: [8] Undefined offset: 1 /Library/WebServer/Documents/hello/ThinkPHP/Extend/Driver/Session/SessionDb.class.php 第 129 行.
NOTIC: [2] mysql_query() expects parameter 2 to be resource, null given /Library/WebServer/Documents/hello/ThinkPHP/Extend/Driver/Session/SessionDb.class.php 第 130 行.
ERR: 无法加载模块:scripts

[ 2015-03-23T13:27:51+08:00 ] 0.0.0.0 /hello/index.php/scripts/yoxview/jquery.yoxview-2.21.js
INFO: [ route_check ] --START--
INFO: CheckRoute Behavior ::run [ RunTime:0.000945s ]
INFO: [ route_check ] --END-- [ RunTime:0.001132s ]
INFO: [ app_begin ] --START--
INFO: ReadHtmlCache Behavior ::run [ RunTime:0.001518s ]
INFO: [ app_begin ] --END-- [ RunTime:0.001647s ]
NOTIC: [2] mysql_connect(): Connection refused /Library/WebServer/Documents/hello/ThinkPHP/Extend/Driver/Session/SessionDb.class.php 第 100 行.
NOTIC: [2] mysql_select_db() expects parameter 2 to be resource, boolean given /Library/WebServer/Documents/hello/ThinkPHP/Extend/Driver/Session/SessionDb.class.php 第 103 行.
NOTIC: [8] Undefined offset: 1 /Library/WebServer/Documents/hello/ThinkPHP/Extend/Driver/Session/SessionDb.class.php 第 129 行.
NOTIC: [2] mysql_query() expects parameter 2 to be resource, null given /Library/WebServer/Documents/hello/ThinkPHP/Extend/Driver/Session/SessionDb.class.php 第 130 行.
ERR: 无法加载模块:scripts

