[ 2015-05-28T14:07:29+08:00 ] 0.0.0.0 /hello/
INFO: [ app_begin ] --START--
INFO: ReadHtmlCache Behavior ::run [ RunTime:0.016055s ]
INFO: [ app_begin ] --END-- [ RunTime:0.016684s ]
INFO: [ view_parse ] --START--
NOTIC: [2] Missing argument 2 for TagLib::parseXmlAttr(), called in /Library/WebServer/Documents/hello/Index/Modules/Index/TagLib/TagLibYeni.class.php on line 15 and defined /Library/WebServer/Documents/hello/ThinkPHP/Lib/Template/TagLib.class.php 第 80 行.
NOTIC: [8] Undefined variable: tag /Library/WebServer/Documents/hello/ThinkPHP/Lib/Template/TagLib.class.php 第 91 行.
NOTIC: [8] Undefined index:  /Library/WebServer/Documents/hello/ThinkPHP/Lib/Template/TagLib.class.php 第 91 行.
NOTIC: [8] Undefined variable: tag /Library/WebServer/Documents/hello/ThinkPHP/Lib/Template/TagLib.class.php 第 92 行.
NOTIC: [2] mysql_connect(): Connection refused /Library/WebServer/Documents/hello/ThinkPHP/Lib/Driver/Db/DbMysql.class.php 第 55 行.
ERR: Connection refused

[ 2015-05-28T14:07:42+08:00 ] 0.0.0.0 /hello/
INFO: [ app_begin ] --START--
INFO: ReadHtmlCache Behavior ::run [ RunTime:0.015275s ]
INFO: [ app_begin ] --END-- [ RunTime:0.016238s ]
INFO: [ view_parse ] --START--
NOTIC: [2] Missing argument 2 for TagLib::parseXmlAttr(), called in /Library/WebServer/Documents/hello/Index/Modules/Index/TagLib/TagLibYeni.class.php on line 15 and defined /Library/WebServer/Documents/hello/ThinkPHP/Lib/Template/TagLib.class.php 第 80 行.
NOTIC: [8] Undefined variable: tag /Library/WebServer/Documents/hello/ThinkPHP/Lib/Template/TagLib.class.php 第 91 行.
NOTIC: [8] Undefined index:  /Library/WebServer/Documents/hello/ThinkPHP/Lib/Template/TagLib.class.php 第 91 行.
NOTIC: [8] Undefined variable: tag /Library/WebServer/Documents/hello/ThinkPHP/Lib/Template/TagLib.class.php 第 92 行.
NOTIC: [2] mysql_connect(): Connection refused /Library/WebServer/Documents/hello/ThinkPHP/Lib/Driver/Db/DbMysql.class.php 第 55 行.
ERR: Connection refused

[ 2015-05-28T14:10:04+08:00 ] 127.0.0.1 /hello/
INFO: [ app_begin ] --START--
INFO: ReadHtmlCache Behavior ::run [ RunTime:0.001791s ]
INFO: [ app_begin ] --END-- [ RunTime:0.017731s ]
INFO: [ view_parse ] --START--
NOTIC: [2] Missing argument 2 for TagLib::parseXmlAttr(), called in /Library/WebServer/Documents/hello/Index/Modules/Index/TagLib/TagLibYeni.class.php on line 15 and defined /Library/WebServer/Documents/hello/ThinkPHP/Lib/Template/TagLib.class.php 第 80 行.
NOTIC: [8] Undefined variable: tag /Library/WebServer/Documents/hello/ThinkPHP/Lib/Template/TagLib.class.php 第 91 行.
NOTIC: [8] Undefined index:  /Library/WebServer/Documents/hello/ThinkPHP/Lib/Template/TagLib.class.php 第 91 行.
NOTIC: [8] Undefined variable: tag /Library/WebServer/Documents/hello/ThinkPHP/Lib/Template/TagLib.class.php 第 92 行.
SQL: SHOW COLUMNS FROM `hd_cate` [ RunTime:0.173505s ]
SQL: SELECT * FROM `hd_cate` ORDER BY sort ASC  [ RunTime:0.016607s ]
INFO: ParseTemplate Behavior ::run [ RunTime:0.604256s ]
INFO: [ view_parse ] --END-- [ RunTime:0.620226s ]
INFO: [ view_filter ] --START--
INFO: ContentReplace Behavior ::run [ RunTime:0.014994s ]
INFO: TokenBuild Behavior ::run [ RunTime:0.001135s ]
INFO: WriteHtmlCache Behavior ::run [ RunTime:0.000760s ]
INFO: ShowRuntime Behavior ::run [ RunTime:0.014989s ]
INFO: [ view_filter ] --END-- [ RunTime:0.032480s ]
INFO: [ view_end ] --START--
INFO: ShowPageTrace Behavior ::run [ RunTime:0.014611s ]
INFO: [ view_end ] --END-- [ RunTime:0.015093s ]

