[ 2015-05-13T15:18:15+08:00 ] 0.0.0.0 /hello/index.php
INFO: [ app_begin ] --START--
INFO: ReadHtmlCache Behavior ::run [ RunTime:0.000771s ]
INFO: [ app_begin ] --END-- [ RunTime:0.000904s ]
INFO: [ view_parse ] --START--
NOTIC: [2] Missing argument 2 for TagLib::parseXmlAttr(), called in /Library/WebServer/Documents/hello/Index/Modules/Index/TagLib/TagLibYeni.class.php on line 15 and defined /Library/WebServer/Documents/hello/ThinkPHP/Lib/Template/TagLib.class.php 第 80 行.
NOTIC: [8] Undefined variable: tag /Library/WebServer/Documents/hello/ThinkPHP/Lib/Template/TagLib.class.php 第 91 行.
NOTIC: [8] Undefined index:  /Library/WebServer/Documents/hello/ThinkPHP/Lib/Template/TagLib.class.php 第 91 行.
NOTIC: [8] Undefined variable: tag /Library/WebServer/Documents/hello/ThinkPHP/Lib/Template/TagLib.class.php 第 92 行.
SQL: SHOW COLUMNS FROM `hd_cate` [ RunTime:0.003026s ]
SQL: SELECT * FROM `hd_cate` ORDER BY sort ASC  [ RunTime:0.002930s ]
INFO: ParseTemplate Behavior ::run [ RunTime:0.053306s ]
INFO: [ view_parse ] --END-- [ RunTime:0.053428s ]
INFO: [ view_filter ] --START--
INFO: ContentReplace Behavior ::run [ RunTime:0.007019s ]
INFO: TokenBuild Behavior ::run [ RunTime:0.005285s ]
INFO: WriteHtmlCache Behavior ::run [ RunTime:0.000723s ]
INFO: ShowRuntime Behavior ::run [ RunTime:0.000804s ]
INFO: [ view_filter ] --END-- [ RunTime:0.014186s ]
INFO: [ view_end ] --START--
INFO: ShowPageTrace Behavior ::run [ RunTime:0.000898s ]
INFO: [ view_end ] --END-- [ RunTime:0.001002s ]

