[ 2015-03-24T10:25:10+08:00 ] 0.0.0.0 /hello/index.php/blog
INFO: [ route_check ] --START--
INFO: CheckRoute Behavior ::run [ RunTime:0.001256s ]
INFO: [ route_check ] --END-- [ RunTime:0.001529s ]
INFO: [ app_begin ] --START--
INFO: ReadHtmlCache Behavior ::run [ RunTime:0.000647s ]
INFO: [ app_begin ] --END-- [ RunTime:0.000745s ]
NOTIC: [2] mysql_connect(): Connection refused /Library/WebServer/Documents/hello/ThinkPHP/Extend/Driver/Session/SessionDb.class.php 第 100 行.
NOTIC: [2] mysql_select_db() expects parameter 2 to be resource, boolean given /Library/WebServer/Documents/hello/ThinkPHP/Extend/Driver/Session/SessionDb.class.php 第 103 行.
NOTIC: [8] Undefined offset: 1 /Library/WebServer/Documents/hello/ThinkPHP/Extend/Driver/Session/SessionDb.class.php 第 129 行.
NOTIC: [2] mysql_query() expects parameter 2 to be resource, null given /Library/WebServer/Documents/hello/ThinkPHP/Extend/Driver/Session/SessionDb.class.php 第 130 行.
NOTIC: [8] Use of undefined constant index - assumed 'index' /Library/WebServer/Documents/hello/Index/Modules/Index/Action/blogAction.class.php 第 6 行.
INFO: [ view_parse ] --START--
INFO: ParseTemplate Behavior ::run [ RunTime:0.015738s ]
INFO: [ view_parse ] --END-- [ RunTime:0.015817s ]
INFO: [ view_filter ] --START--
INFO: ContentReplace Behavior ::run [ RunTime:0.000714s ]
INFO: TokenBuild Behavior ::run [ RunTime:0.000495s ]
INFO: WriteHtmlCache Behavior ::run [ RunTime:0.000292s ]
INFO: ShowRuntime Behavior ::run [ RunTime:0.000424s ]
INFO: [ view_filter ] --END-- [ RunTime:0.002094s ]
INFO: [ view_end ] --START--
INFO: ShowPageTrace Behavior ::run [ RunTime:0.001024s ]
INFO: [ view_end ] --END-- [ RunTime:0.001182s ]

[ 2015-03-24T10:25:10+08:00 ] 0.0.0.0 /hello/index.php/scripts/yoxview/yox.js
INFO: [ route_check ] --START--
INFO: CheckRoute Behavior ::run [ RunTime:0.000544s ]
INFO: [ route_check ] --END-- [ RunTime:0.000620s ]
INFO: [ app_begin ] --START--
INFO: ReadHtmlCache Behavior ::run [ RunTime:0.000502s ]
INFO: [ app_begin ] --END-- [ RunTime:0.000583s ]
NOTIC: [2] mysql_connect(): Connection refused /Library/WebServer/Documents/hello/ThinkPHP/Extend/Driver/Session/SessionDb.class.php 第 100 行.
NOTIC: [2] mysql_select_db() expects parameter 2 to be resource, boolean given /Library/WebServer/Documents/hello/ThinkPHP/Extend/Driver/Session/SessionDb.class.php 第 103 行.
NOTIC: [8] Undefined offset: 1 /Library/WebServer/Documents/hello/ThinkPHP/Extend/Driver/Session/SessionDb.class.php 第 129 行.
NOTIC: [2] mysql_query() expects parameter 2 to be resource, null given /Library/WebServer/Documents/hello/ThinkPHP/Extend/Driver/Session/SessionDb.class.php 第 130 行.
ERR: 无法加载模块:scripts

[ 2015-03-24T10:25:10+08:00 ] 0.0.0.0 /hello/index.php/scripts/yoxview/jquery.yoxview-2.21.js
INFO: [ route_check ] --START--
INFO: CheckRoute Behavior ::run [ RunTime:0.000816s ]
INFO: [ route_check ] --END-- [ RunTime:0.000917s ]
INFO: [ app_begin ] --START--
INFO: ReadHtmlCache Behavior ::run [ RunTime:0.000488s ]
INFO: [ app_begin ] --END-- [ RunTime:0.000572s ]
NOTIC: [2] mysql_connect(): Connection refused /Library/WebServer/Documents/hello/ThinkPHP/Extend/Driver/Session/SessionDb.class.php 第 100 行.
NOTIC: [2] mysql_select_db() expects parameter 2 to be resource, boolean given /Library/WebServer/Documents/hello/ThinkPHP/Extend/Driver/Session/SessionDb.class.php 第 103 行.
NOTIC: [8] Undefined offset: 1 /Library/WebServer/Documents/hello/ThinkPHP/Extend/Driver/Session/SessionDb.class.php 第 129 行.
NOTIC: [2] mysql_query() expects parameter 2 to be resource, null given /Library/WebServer/Documents/hello/ThinkPHP/Extend/Driver/Session/SessionDb.class.php 第 130 行.
ERR: 无法加载模块:scripts

[ 2015-03-24T10:25:12+08:00 ] 0.0.0.0 /hello/index.php/scripts/yoxview/yoxview.css
INFO: [ route_check ] --START--
INFO: CheckRoute Behavior ::run [ RunTime:0.000798s ]
INFO: [ route_check ] --END-- [ RunTime:0.000969s ]
INFO: [ app_begin ] --START--
INFO: ReadHtmlCache Behavior ::run [ RunTime:0.000588s ]
INFO: [ app_begin ] --END-- [ RunTime:0.000707s ]
NOTIC: [2] mysql_connect(): Connection refused /Library/WebServer/Documents/hello/ThinkPHP/Extend/Driver/Session/SessionDb.class.php 第 100 行.
NOTIC: [2] mysql_select_db() expects parameter 2 to be resource, boolean given /Library/WebServer/Documents/hello/ThinkPHP/Extend/Driver/Session/SessionDb.class.php 第 103 行.
NOTIC: [8] Undefined offset: 1 /Library/WebServer/Documents/hello/ThinkPHP/Extend/Driver/Session/SessionDb.class.php 第 129 行.
NOTIC: [2] mysql_query() expects parameter 2 to be resource, null given /Library/WebServer/Documents/hello/ThinkPHP/Extend/Driver/Session/SessionDb.class.php 第 130 行.
ERR: 无法加载模块:scripts

[ 2015-03-24T10:27:32+08:00 ] 0.0.0.0 /hello/index.php/blog
INFO: [ route_check ] --START--
INFO: CheckRoute Behavior ::run [ RunTime:0.000755s ]
INFO: [ route_check ] --END-- [ RunTime:0.000923s ]
INFO: [ app_begin ] --START--
INFO: ReadHtmlCache Behavior ::run [ RunTime:0.000536s ]
INFO: [ app_begin ] --END-- [ RunTime:0.000635s ]
NOTIC: [2] mysql_connect(): Connection refused /Library/WebServer/Documents/hello/ThinkPHP/Extend/Driver/Session/SessionDb.class.php 第 100 行.
NOTIC: [2] mysql_select_db() expects parameter 2 to be resource, boolean given /Library/WebServer/Documents/hello/ThinkPHP/Extend/Driver/Session/SessionDb.class.php 第 103 行.
NOTIC: [8] Undefined offset: 1 /Library/WebServer/Documents/hello/ThinkPHP/Extend/Driver/Session/SessionDb.class.php 第 129 行.
NOTIC: [2] mysql_query() expects parameter 2 to be resource, null given /Library/WebServer/Documents/hello/ThinkPHP/Extend/Driver/Session/SessionDb.class.php 第 130 行.
NOTIC: [8] Use of undefined constant index - assumed 'index' /Library/WebServer/Documents/hello/Index/Modules/Index/Action/blogAction.class.php 第 6 行.
INFO: [ view_parse ] --START--
INFO: ParseTemplate Behavior ::run [ RunTime:0.014893s ]
INFO: [ view_parse ] --END-- [ RunTime:0.015011s ]
INFO: [ view_filter ] --START--
INFO: ContentReplace Behavior ::run [ RunTime:0.000413s ]
INFO: TokenBuild Behavior ::run [ RunTime:0.000557s ]
INFO: WriteHtmlCache Behavior ::run [ RunTime:0.000211s ]
INFO: ShowRuntime Behavior ::run [ RunTime:0.000423s ]
INFO: [ view_filter ] --END-- [ RunTime:0.001803s ]
INFO: [ view_end ] --START--
INFO: ShowPageTrace Behavior ::run [ RunTime:0.000632s ]
INFO: [ view_end ] --END-- [ RunTime:0.000709s ]

[ 2015-03-24T10:27:32+08:00 ] 0.0.0.0 /hello/index.php/scripts/yoxview/yoxview.css
INFO: [ route_check ] --START--
INFO: CheckRoute Behavior ::run [ RunTime:0.000769s ]
INFO: [ route_check ] --END-- [ RunTime:0.000871s ]
INFO: [ app_begin ] --START--
INFO: ReadHtmlCache Behavior ::run [ RunTime:0.000343s ]
INFO: [ app_begin ] --END-- [ RunTime:0.000401s ]
NOTIC: [2] mysql_connect(): Connection refused /Library/WebServer/Documents/hello/ThinkPHP/Extend/Driver/Session/SessionDb.class.php 第 100 行.
NOTIC: [2] mysql_select_db() expects parameter 2 to be resource, boolean given /Library/WebServer/Documents/hello/ThinkPHP/Extend/Driver/Session/SessionDb.class.php 第 103 行.
NOTIC: [8] Undefined offset: 1 /Library/WebServer/Documents/hello/ThinkPHP/Extend/Driver/Session/SessionDb.class.php 第 129 行.
NOTIC: [2] mysql_query() expects parameter 2 to be resource, null given /Library/WebServer/Documents/hello/ThinkPHP/Extend/Driver/Session/SessionDb.class.php 第 130 行.
ERR: 无法加载模块:scripts

