[ 2015-03-17T11:46:51+08:00 ] 0.0.0.0 /wish/index.php/Admin/Index/index
INFO: [ route_check ] --START--
INFO: CheckRoute Behavior ::run [ RunTime:0.001388s ]
INFO: [ route_check ] --END-- [ RunTime:0.003282s ]
INFO: [ app_begin ] --START--
INFO: ReadHtmlCache Behavior ::run [ RunTime:0.000664s ]
INFO: [ app_begin ] --END-- [ RunTime:0.000739s ]

[ 2015-03-17T11:46:51+08:00 ] 0.0.0.0 /wish/index.php/Admin/Login/index
INFO: [ route_check ] --START--
INFO: CheckRoute Behavior ::run [ RunTime:0.000841s ]
INFO: [ route_check ] --END-- [ RunTime:0.000934s ]
INFO: [ app_begin ] --START--
INFO: ReadHtmlCache Behavior ::run [ RunTime:0.003137s ]
INFO: [ app_begin ] --END-- [ RunTime:0.003224s ]
INFO: [ view_parse ] --START--
INFO: ParseTemplate Behavior ::run [ RunTime:0.023422s ]
INFO: [ view_parse ] --END-- [ RunTime:0.023503s ]
INFO: [ view_filter ] --START--
INFO: ContentReplace Behavior ::run [ RunTime:0.000356s ]
INFO: TokenBuild Behavior ::run [ RunTime:0.000346s ]
INFO: WriteHtmlCache Behavior ::run [ RunTime:0.000296s ]
INFO: ShowRuntime Behavior ::run [ RunTime:0.000476s ]
INFO: [ view_filter ] --END-- [ RunTime:0.001597s ]
INFO: [ view_end ] --START--
INFO: ShowPageTrace Behavior ::run [ RunTime:0.000623s ]
INFO: [ view_end ] --END-- [ RunTime:0.000664s ]

[ 2015-03-17T11:46:51+08:00 ] 0.0.0.0 /wish/index.php/Admin/Login/verify
INFO: [ route_check ] --START--
INFO: CheckRoute Behavior ::run [ RunTime:0.000489s ]
INFO: [ route_check ] --END-- [ RunTime:0.000595s ]
INFO: [ app_begin ] --START--
INFO: ReadHtmlCache Behavior ::run [ RunTime:0.000515s ]
INFO: [ app_begin ] --END-- [ RunTime:0.000590s ]

[ 2015-03-17T11:47:06+08:00 ] 0.0.0.0 /wish/index.php/Admin/Login/login
INFO: [ route_check ] --START--
INFO: CheckRoute Behavior ::run [ RunTime:0.000500s ]
INFO: [ route_check ] --END-- [ RunTime:0.000598s ]
INFO: [ app_begin ] --START--
INFO: ReadHtmlCache Behavior ::run [ RunTime:0.000285s ]
INFO: [ app_begin ] --END-- [ RunTime:0.000332s ]
SQL: SHOW COLUMNS FROM `hd_users` [ RunTime:0.001521s ]
SQL: SELECT * FROM `hd_users` WHERE ( `username` = 'admin' ) LIMIT 1   [ RunTime:0.000569s ]
SQL: UPDATE `hd_users` SET `logintime`=1426564026,`loginip`='0.0.0.0' WHERE ( `id` = 1 ) [ RunTime:0.002204s ]

[ 2015-03-17T11:47:06+08:00 ] 0.0.0.0 /wish/index.php/Admin/Index/index
INFO: [ route_check ] --START--
INFO: CheckRoute Behavior ::run [ RunTime:0.000435s ]
INFO: [ route_check ] --END-- [ RunTime:0.000489s ]
INFO: [ app_begin ] --START--
INFO: ReadHtmlCache Behavior ::run [ RunTime:0.000265s ]
INFO: [ app_begin ] --END-- [ RunTime:0.000309s ]
INFO: [ view_parse ] --START--
INFO: ParseTemplate Behavior ::run [ RunTime:0.012880s ]
INFO: [ view_parse ] --END-- [ RunTime:0.012948s ]
INFO: [ view_filter ] --START--
INFO: ContentReplace Behavior ::run [ RunTime:0.000214s ]
INFO: TokenBuild Behavior ::run [ RunTime:0.000234s ]
INFO: WriteHtmlCache Behavior ::run [ RunTime:0.000129s ]
INFO: ShowRuntime Behavior ::run [ RunTime:0.000235s ]
INFO: [ view_filter ] --END-- [ RunTime:0.000922s ]
INFO: [ view_end ] --START--
INFO: ShowPageTrace Behavior ::run [ RunTime:0.000326s ]
INFO: [ view_end ] --END-- [ RunTime:0.000364s ]

[ 2015-03-17T12:52:44+08:00 ] 0.0.0.0 /wish/index.php/Admin/Index/index
INFO: [ route_check ] --START--
INFO: CheckRoute Behavior ::run [ RunTime:0.001013s ]
INFO: [ route_check ] --END-- [ RunTime:0.001123s ]
INFO: [ app_begin ] --START--
INFO: ReadHtmlCache Behavior ::run [ RunTime:0.000657s ]
INFO: [ app_begin ] --END-- [ RunTime:0.000714s ]

[ 2015-03-17T12:52:44+08:00 ] 0.0.0.0 /wish/index.php/Admin/Login/index
INFO: [ route_check ] --START--
INFO: CheckRoute Behavior ::run [ RunTime:0.000479s ]
INFO: [ route_check ] --END-- [ RunTime:0.000536s ]
INFO: [ app_begin ] --START--
INFO: ReadHtmlCache Behavior ::run [ RunTime:0.000269s ]
INFO: [ app_begin ] --END-- [ RunTime:0.000310s ]
INFO: [ view_parse ] --START--
INFO: ParseTemplate Behavior ::run [ RunTime:0.012398s ]
INFO: [ view_parse ] --END-- [ RunTime:0.012474s ]
INFO: [ view_filter ] --START--
INFO: ContentReplace Behavior ::run [ RunTime:0.000511s ]
INFO: TokenBuild Behavior ::run [ RunTime:0.000462s ]
INFO: WriteHtmlCache Behavior ::run [ RunTime:0.000366s ]
INFO: ShowRuntime Behavior ::run [ RunTime:0.000484s ]
INFO: [ view_filter ] --END-- [ RunTime:0.001950s ]
INFO: [ view_end ] --START--
INFO: ShowPageTrace Behavior ::run [ RunTime:0.000606s ]
INFO: [ view_end ] --END-- [ RunTime:0.000654s ]

[ 2015-03-17T12:52:44+08:00 ] 0.0.0.0 /wish/index.php/Admin/Login/verify
INFO: [ route_check ] --START--
INFO: CheckRoute Behavior ::run [ RunTime:0.000739s ]
INFO: [ route_check ] --END-- [ RunTime:0.000833s ]
INFO: [ app_begin ] --START--
INFO: ReadHtmlCache Behavior ::run [ RunTime:0.000469s ]
INFO: [ app_begin ] --END-- [ RunTime:0.000542s ]

[ 2015-03-17T12:52:48+08:00 ] 0.0.0.0 /wish/index.php/Admin/Login/login
INFO: [ route_check ] --START--
INFO: CheckRoute Behavior ::run [ RunTime:0.000431s ]
INFO: [ route_check ] --END-- [ RunTime:0.000490s ]
INFO: [ app_begin ] --START--
INFO: ReadHtmlCache Behavior ::run [ RunTime:0.000304s ]
INFO: [ app_begin ] --END-- [ RunTime:0.000351s ]
SQL: SHOW COLUMNS FROM `hd_users` [ RunTime:0.013918s ]
SQL: SELECT * FROM `hd_users` WHERE ( `username` = 'admin' ) LIMIT 1   [ RunTime:0.001025s ]
SQL: UPDATE `hd_users` SET `logintime`=1426567968,`loginip`='0.0.0.0' WHERE ( `id` = 1 ) [ RunTime:0.000441s ]

[ 2015-03-17T12:52:48+08:00 ] 0.0.0.0 /wish/index.php/Admin/Index/index
INFO: [ route_check ] --START--
INFO: CheckRoute Behavior ::run [ RunTime:0.000413s ]
INFO: [ route_check ] --END-- [ RunTime:0.000472s ]
INFO: [ app_begin ] --START--
INFO: ReadHtmlCache Behavior ::run [ RunTime:0.000297s ]
INFO: [ app_begin ] --END-- [ RunTime:0.000351s ]
INFO: [ view_parse ] --START--
INFO: ParseTemplate Behavior ::run [ RunTime:0.013460s ]
INFO: [ view_parse ] --END-- [ RunTime:0.013539s ]
INFO: [ view_filter ] --START--
INFO: ContentReplace Behavior ::run [ RunTime:0.000327s ]
INFO: TokenBuild Behavior ::run [ RunTime:0.000312s ]
INFO: WriteHtmlCache Behavior ::run [ RunTime:0.000171s ]
INFO: ShowRuntime Behavior ::run [ RunTime:0.000291s ]
INFO: [ view_filter ] --END-- [ RunTime:0.001270s ]
INFO: [ view_end ] --START--
INFO: ShowPageTrace Behavior ::run [ RunTime:0.000394s ]
INFO: [ view_end ] --END-- [ RunTime:0.000437s ]

[ 2015-03-17T12:53:38+08:00 ] 0.0.0.0 /wish/index.php/Admin/Index/index
INFO: [ route_check ] --START--
INFO: CheckRoute Behavior ::run [ RunTime:0.000508s ]
INFO: [ route_check ] --END-- [ RunTime:0.000620s ]
INFO: [ app_begin ] --START--
INFO: ReadHtmlCache Behavior ::run [ RunTime:0.000276s ]
INFO: [ app_begin ] --END-- [ RunTime:0.000321s ]
INFO: [ view_parse ] --START--
INFO: ParseTemplate Behavior ::run [ RunTime:0.010837s ]
INFO: [ view_parse ] --END-- [ RunTime:0.010911s ]
INFO: [ view_filter ] --START--
INFO: ContentReplace Behavior ::run [ RunTime:0.000296s ]
INFO: TokenBuild Behavior ::run [ RunTime:0.000303s ]
INFO: WriteHtmlCache Behavior ::run [ RunTime:0.000168s ]
INFO: ShowRuntime Behavior ::run [ RunTime:0.000330s ]
INFO: [ view_filter ] --END-- [ RunTime:0.001268s ]
INFO: [ view_end ] --START--
INFO: ShowPageTrace Behavior ::run [ RunTime:0.000575s ]
INFO: [ view_end ] --END-- [ RunTime:0.000652s ]

[ 2015-03-17T12:53:40+08:00 ] 0.0.0.0 /wish/index.php/Admin/Rbac/role
INFO: [ route_check ] --START--
INFO: CheckRoute Behavior ::run [ RunTime:0.000447s ]
INFO: [ route_check ] --END-- [ RunTime:0.000519s ]
INFO: [ app_begin ] --START--
INFO: ReadHtmlCache Behavior ::run [ RunTime:0.000271s ]
INFO: [ app_begin ] --END-- [ RunTime:0.000316s ]
SQL: SHOW COLUMNS FROM `hd_role` [ RunTime:0.001163s ]
SQL: SELECT * FROM `hd_role`  [ RunTime:0.000530s ]
INFO: [ view_parse ] --START--
INFO: ParseTemplate Behavior ::run [ RunTime:0.027918s ]
INFO: [ view_parse ] --END-- [ RunTime:0.028005s ]
INFO: [ view_filter ] --START--
INFO: ContentReplace Behavior ::run [ RunTime:0.000226s ]
INFO: TokenBuild Behavior ::run [ RunTime:0.000205s ]
INFO: WriteHtmlCache Behavior ::run [ RunTime:0.000142s ]
INFO: ShowRuntime Behavior ::run [ RunTime:0.000259s ]
INFO: [ view_filter ] --END-- [ RunTime:0.000997s ]
INFO: [ view_end ] --START--
INFO: ShowPageTrace Behavior ::run [ RunTime:0.000405s ]
INFO: [ view_end ] --END-- [ RunTime:0.000458s ]

[ 2015-03-17T12:53:42+08:00 ] 0.0.0.0 /wish/index.php/Admin/Index/%EF%BC%83
INFO: [ route_check ] --START--
INFO: CheckRoute Behavior ::run [ RunTime:0.000452s ]
INFO: [ route_check ] --END-- [ RunTime:0.000510s ]
INFO: [ app_begin ] --START--
INFO: ReadHtmlCache Behavior ::run [ RunTime:0.000269s ]
INFO: [ app_begin ] --END-- [ RunTime:0.000312s ]
ERR: 非法操作:＃

[ 2015-03-17T12:53:43+08:00 ] 0.0.0.0 /wish/index.php/Admin/Rbac/addRole
INFO: [ route_check ] --START--
INFO: CheckRoute Behavior ::run [ RunTime:0.000452s ]
INFO: [ route_check ] --END-- [ RunTime:0.000507s ]
INFO: [ app_begin ] --START--
INFO: ReadHtmlCache Behavior ::run [ RunTime:0.000267s ]
INFO: [ app_begin ] --END-- [ RunTime:0.000311s ]
INFO: [ view_parse ] --START--
NOTIC: [8] Undefined variable: type /Library/WebServer/Documents/wish/Index/Runtime/Cache/Admin/28b5a1f102c9fd0732c4ebc86e2d4e11.php 第 16 行.
NOTIC: [8] Undefined variable: type /Library/WebServer/Documents/wish/Index/Runtime/Cache/Admin/28b5a1f102c9fd0732c4ebc86e2d4e11.php 第 21 行.
NOTIC: [8] Undefined variable: pid /Library/WebServer/Documents/wish/Index/Runtime/Cache/Admin/28b5a1f102c9fd0732c4ebc86e2d4e11.php 第 28 行.
NOTIC: [8] Undefined variable: level /Library/WebServer/Documents/wish/Index/Runtime/Cache/Admin/28b5a1f102c9fd0732c4ebc86e2d4e11.php 第 30 行.
INFO: ParseTemplate Behavior ::run [ RunTime:0.006701s ]
INFO: [ view_parse ] --END-- [ RunTime:0.006752s ]
INFO: [ view_filter ] --START--
INFO: ContentReplace Behavior ::run [ RunTime:0.000195s ]
INFO: TokenBuild Behavior ::run [ RunTime:0.000191s ]
INFO: WriteHtmlCache Behavior ::run [ RunTime:0.000118s ]
INFO: ShowRuntime Behavior ::run [ RunTime:0.000234s ]
INFO: [ view_filter ] --END-- [ RunTime:0.000840s ]
INFO: [ view_end ] --START--
INFO: ShowPageTrace Behavior ::run [ RunTime:0.000375s ]
INFO: [ view_end ] --END-- [ RunTime:0.000410s ]

[ 2015-03-17T12:55:50+08:00 ] 0.0.0.0 /wish/index.php/Admin/Index/index
INFO: [ route_check ] --START--
INFO: CheckRoute Behavior ::run [ RunTime:0.000656s ]
INFO: [ route_check ] --END-- [ RunTime:0.000817s ]
INFO: [ app_begin ] --START--
INFO: ReadHtmlCache Behavior ::run [ RunTime:0.000337s ]
INFO: [ app_begin ] --END-- [ RunTime:0.000415s ]
INFO: [ view_parse ] --START--
INFO: ParseTemplate Behavior ::run [ RunTime:0.009850s ]
INFO: [ view_parse ] --END-- [ RunTime:0.009968s ]
INFO: [ view_filter ] --START--
INFO: ContentReplace Behavior ::run [ RunTime:0.000555s ]
INFO: TokenBuild Behavior ::run [ RunTime:0.000329s ]
INFO: WriteHtmlCache Behavior ::run [ RunTime:0.000193s ]
INFO: ShowRuntime Behavior ::run [ RunTime:0.000376s ]
INFO: [ view_filter ] --END-- [ RunTime:0.001697s ]
INFO: [ view_end ] --START--
INFO: ShowPageTrace Behavior ::run [ RunTime:0.000510s ]
INFO: [ view_end ] --END-- [ RunTime:0.000565s ]

[ 2015-03-17T12:55:55+08:00 ] 0.0.0.0 /wish/index.php/Admin/Rbac/addNode
INFO: [ route_check ] --START--
INFO: CheckRoute Behavior ::run [ RunTime:0.000413s ]
INFO: [ route_check ] --END-- [ RunTime:0.000470s ]
INFO: [ app_begin ] --START--
INFO: ReadHtmlCache Behavior ::run [ RunTime:0.000272s ]
INFO: [ app_begin ] --END-- [ RunTime:0.000317s ]
INFO: [ view_parse ] --START--
INFO: ParseTemplate Behavior ::run [ RunTime:0.007604s ]
INFO: [ view_parse ] --END-- [ RunTime:0.007680s ]
INFO: [ view_filter ] --START--
INFO: ContentReplace Behavior ::run [ RunTime:0.000250s ]
INFO: TokenBuild Behavior ::run [ RunTime:0.000260s ]
INFO: WriteHtmlCache Behavior ::run [ RunTime:0.000133s ]
INFO: ShowRuntime Behavior ::run [ RunTime:0.000252s ]
INFO: [ view_filter ] --END-- [ RunTime:0.001020s ]
INFO: [ view_end ] --START--
INFO: ShowPageTrace Behavior ::run [ RunTime:0.000358s ]
INFO: [ view_end ] --END-- [ RunTime:0.000407s ]

[ 2015-03-17T12:55:56+08:00 ] 0.0.0.0 /wish/index.php/Admin/Index/index
INFO: [ route_check ] --START--
INFO: CheckRoute Behavior ::run [ RunTime:0.000681s ]
INFO: [ route_check ] --END-- [ RunTime:0.000768s ]
INFO: [ app_begin ] --START--
INFO: ReadHtmlCache Behavior ::run [ RunTime:0.000491s ]
INFO: [ app_begin ] --END-- [ RunTime:0.000566s ]
INFO: [ view_parse ] --START--
INFO: ParseTemplate Behavior ::run [ RunTime:0.006723s ]
INFO: [ view_parse ] --END-- [ RunTime:0.006796s ]
INFO: [ view_filter ] --START--
INFO: ContentReplace Behavior ::run [ RunTime:0.000211s ]
INFO: TokenBuild Behavior ::run [ RunTime:0.000192s ]
INFO: WriteHtmlCache Behavior ::run [ RunTime:0.000117s ]
INFO: ShowRuntime Behavior ::run [ RunTime:0.000223s ]
INFO: [ view_filter ] --END-- [ RunTime:0.000850s ]
INFO: [ view_end ] --START--
INFO: ShowPageTrace Behavior ::run [ RunTime:0.000320s ]
INFO: [ view_end ] --END-- [ RunTime:0.000357s ]

[ 2015-03-17T12:57:41+08:00 ] 0.0.0.0 /wish/index.php/Admin/Index/index
INFO: [ route_check ] --START--
INFO: CheckRoute Behavior ::run [ RunTime:0.000483s ]
INFO: [ route_check ] --END-- [ RunTime:0.000560s ]
INFO: [ app_begin ] --START--
INFO: ReadHtmlCache Behavior ::run [ RunTime:0.000485s ]
INFO: [ app_begin ] --END-- [ RunTime:0.000566s ]
INFO: [ view_parse ] --START--
INFO: ParseTemplate Behavior ::run [ RunTime:0.006895s ]
INFO: [ view_parse ] --END-- [ RunTime:0.006966s ]
INFO: [ view_filter ] --START--
INFO: ContentReplace Behavior ::run [ RunTime:0.000224s ]
INFO: TokenBuild Behavior ::run [ RunTime:0.000266s ]
INFO: WriteHtmlCache Behavior ::run [ RunTime:0.000183s ]
INFO: ShowRuntime Behavior ::run [ RunTime:0.000361s ]
INFO: [ view_filter ] --END-- [ RunTime:0.001233s ]
INFO: [ view_end ] --START--
INFO: ShowPageTrace Behavior ::run [ RunTime:0.000504s ]
INFO: [ view_end ] --END-- [ RunTime:0.000564s ]

[ 2015-03-17T12:57:52+08:00 ] 0.0.0.0 /wish/index.php/Admin/Index/index
INFO: [ route_check ] --START--
INFO: CheckRoute Behavior ::run [ RunTime:0.000715s ]
INFO: [ route_check ] --END-- [ RunTime:0.000804s ]
INFO: [ app_begin ] --START--
INFO: ReadHtmlCache Behavior ::run [ RunTime:0.000341s ]
INFO: [ app_begin ] --END-- [ RunTime:0.000400s ]
INFO: [ view_parse ] --START--
INFO: ParseTemplate Behavior ::run [ RunTime:0.005312s ]
INFO: [ view_parse ] --END-- [ RunTime:0.005369s ]
INFO: [ view_filter ] --START--
INFO: ContentReplace Behavior ::run [ RunTime:0.000258s ]
INFO: TokenBuild Behavior ::run [ RunTime:0.000201s ]
INFO: WriteHtmlCache Behavior ::run [ RunTime:0.000126s ]
INFO: ShowRuntime Behavior ::run [ RunTime:0.000229s ]
INFO: [ view_filter ] --END-- [ RunTime:0.000928s ]
INFO: [ view_end ] --START--
INFO: ShowPageTrace Behavior ::run [ RunTime:0.000341s ]
INFO: [ view_end ] --END-- [ RunTime:0.000380s ]

[ 2015-03-17T12:58:09+08:00 ] 0.0.0.0 /wish/index.php/Admin/Index/index
INFO: [ route_check ] --START--
INFO: CheckRoute Behavior ::run [ RunTime:0.000593s ]
INFO: [ route_check ] --END-- [ RunTime:0.000738s ]
INFO: [ app_begin ] --START--
INFO: ReadHtmlCache Behavior ::run [ RunTime:0.000333s ]
INFO: [ app_begin ] --END-- [ RunTime:0.000405s ]
INFO: [ view_parse ] --START--
INFO: ParseTemplate Behavior ::run [ RunTime:0.008473s ]
INFO: [ view_parse ] --END-- [ RunTime:0.008553s ]
INFO: [ view_filter ] --START--
INFO: ContentReplace Behavior ::run [ RunTime:0.000249s ]
INFO: TokenBuild Behavior ::run [ RunTime:0.000195s ]
INFO: WriteHtmlCache Behavior ::run [ RunTime:0.000167s ]
INFO: ShowRuntime Behavior ::run [ RunTime:0.000402s ]
INFO: [ view_filter ] --END-- [ RunTime:0.001171s ]
INFO: [ view_end ] --START--
INFO: ShowPageTrace Behavior ::run [ RunTime:0.000434s ]
INFO: [ view_end ] --END-- [ RunTime:0.000486s ]

[ 2015-03-17T12:58:26+08:00 ] 0.0.0.0 /wish/index.php/Admin/Index/index
INFO: [ route_check ] --START--
INFO: CheckRoute Behavior ::run [ RunTime:0.000690s ]
INFO: [ route_check ] --END-- [ RunTime:0.000769s ]
INFO: [ app_begin ] --START--
INFO: ReadHtmlCache Behavior ::run [ RunTime:0.000323s ]
INFO: [ app_begin ] --END-- [ RunTime:0.000374s ]
INFO: [ view_parse ] --START--
INFO: ParseTemplate Behavior ::run [ RunTime:0.010939s ]
INFO: [ view_parse ] --END-- [ RunTime:0.011094s ]
INFO: [ view_filter ] --START--
INFO: ContentReplace Behavior ::run [ RunTime:0.000292s ]
INFO: TokenBuild Behavior ::run [ RunTime:0.000231s ]
INFO: WriteHtmlCache Behavior ::run [ RunTime:0.000133s ]
INFO: ShowRuntime Behavior ::run [ RunTime:0.000247s ]
INFO: [ view_filter ] --END-- [ RunTime:0.001037s ]
INFO: [ view_end ] --START--
INFO: ShowPageTrace Behavior ::run [ RunTime:0.000544s ]
INFO: [ view_end ] --END-- [ RunTime:0.000601s ]

[ 2015-03-17T12:59:57+08:00 ] 0.0.0.0 /wish/index.php/Admin/Index/index
INFO: [ route_check ] --START--
INFO: CheckRoute Behavior ::run [ RunTime:0.000575s ]
INFO: [ route_check ] --END-- [ RunTime:0.000654s ]
INFO: [ app_begin ] --START--
INFO: ReadHtmlCache Behavior ::run [ RunTime:0.000312s ]
INFO: [ app_begin ] --END-- [ RunTime:0.000361s ]
INFO: [ view_parse ] --START--
INFO: ParseTemplate Behavior ::run [ RunTime:0.004708s ]
INFO: [ view_parse ] --END-- [ RunTime:0.004761s ]
INFO: [ view_filter ] --START--
INFO: ContentReplace Behavior ::run [ RunTime:0.000184s ]
INFO: TokenBuild Behavior ::run [ RunTime:0.000188s ]
INFO: WriteHtmlCache Behavior ::run [ RunTime:0.000117s ]
INFO: ShowRuntime Behavior ::run [ RunTime:0.000231s ]
INFO: [ view_filter ] --END-- [ RunTime:0.000826s ]
INFO: [ view_end ] --START--
INFO: ShowPageTrace Behavior ::run [ RunTime:0.000315s ]
INFO: [ view_end ] --END-- [ RunTime:0.000352s ]

[ 2015-03-17T13:00:00+08:00 ] 0.0.0.0 /wish/index.php/Admin/Index/index
INFO: [ route_check ] --START--
INFO: CheckRoute Behavior ::run [ RunTime:0.000464s ]
INFO: [ route_check ] --END-- [ RunTime:0.000528s ]
INFO: [ app_begin ] --START--
INFO: ReadHtmlCache Behavior ::run [ RunTime:0.000307s ]
INFO: [ app_begin ] --END-- [ RunTime:0.000360s ]
INFO: [ view_parse ] --START--
INFO: ParseTemplate Behavior ::run [ RunTime:0.011028s ]
INFO: [ view_parse ] --END-- [ RunTime:0.011119s ]
INFO: [ view_filter ] --START--
INFO: ContentReplace Behavior ::run [ RunTime:0.000311s ]
INFO: TokenBuild Behavior ::run [ RunTime:0.000217s ]
INFO: WriteHtmlCache Behavior ::run [ RunTime:0.000128s ]
INFO: ShowRuntime Behavior ::run [ RunTime:0.000243s ]
INFO: [ view_filter ] --END-- [ RunTime:0.001029s ]
INFO: [ view_end ] --START--
INFO: ShowPageTrace Behavior ::run [ RunTime:0.000368s ]
INFO: [ view_end ] --END-- [ RunTime:0.000409s ]

[ 2015-03-17T13:00:24+08:00 ] 0.0.0.0 /wish/index.php/Admin/Index/index
INFO: [ route_check ] --START--
INFO: CheckRoute Behavior ::run [ RunTime:0.001087s ]
INFO: [ route_check ] --END-- [ RunTime:0.001168s ]
INFO: [ app_begin ] --START--
INFO: ReadHtmlCache Behavior ::run [ RunTime:0.000569s ]
INFO: [ app_begin ] --END-- [ RunTime:0.000630s ]
INFO: [ view_parse ] --START--
INFO: ParseTemplate Behavior ::run [ RunTime:0.007332s ]
INFO: [ view_parse ] --END-- [ RunTime:0.007420s ]
INFO: [ view_filter ] --START--
INFO: ContentReplace Behavior ::run [ RunTime:0.000469s ]
INFO: TokenBuild Behavior ::run [ RunTime:0.000364s ]
INFO: WriteHtmlCache Behavior ::run [ RunTime:0.000288s ]
INFO: ShowRuntime Behavior ::run [ RunTime:0.000491s ]
INFO: [ view_filter ] --END-- [ RunTime:0.001769s ]
INFO: [ view_end ] --START--
INFO: ShowPageTrace Behavior ::run [ RunTime:0.000627s ]
INFO: [ view_end ] --END-- [ RunTime:0.000680s ]

[ 2015-03-17T13:00:40+08:00 ] 0.0.0.0 /wish/index.php/Admin/Index/index
INFO: [ route_check ] --START--
INFO: CheckRoute Behavior ::run [ RunTime:0.000473s ]
INFO: [ route_check ] --END-- [ RunTime:0.000541s ]
INFO: [ app_begin ] --START--
INFO: ReadHtmlCache Behavior ::run [ RunTime:0.000276s ]
INFO: [ app_begin ] --END-- [ RunTime:0.000320s ]
INFO: [ view_parse ] --START--
INFO: ParseTemplate Behavior ::run [ RunTime:0.004801s ]
INFO: [ view_parse ] --END-- [ RunTime:0.004850s ]
INFO: [ view_filter ] --START--
INFO: ContentReplace Behavior ::run [ RunTime:0.000187s ]
INFO: TokenBuild Behavior ::run [ RunTime:0.000210s ]
INFO: WriteHtmlCache Behavior ::run [ RunTime:0.000122s ]
INFO: ShowRuntime Behavior ::run [ RunTime:0.000239s ]
INFO: [ view_filter ] --END-- [ RunTime:0.000909s ]
INFO: [ view_end ] --START--
INFO: ShowPageTrace Behavior ::run [ RunTime:0.000757s ]
INFO: [ view_end ] --END-- [ RunTime:0.000825s ]

[ 2015-03-17T13:00:53+08:00 ] 0.0.0.0 /wish/index.php/Admin/Index/index
INFO: [ route_check ] --START--
INFO: CheckRoute Behavior ::run [ RunTime:0.000700s ]
INFO: [ route_check ] --END-- [ RunTime:0.000792s ]
INFO: [ app_begin ] --START--
INFO: ReadHtmlCache Behavior ::run [ RunTime:0.000437s ]
INFO: [ app_begin ] --END-- [ RunTime:0.000510s ]
INFO: [ view_parse ] --START--
INFO: ParseTemplate Behavior ::run [ RunTime:0.005681s ]
INFO: [ view_parse ] --END-- [ RunTime:0.005745s ]
INFO: [ view_filter ] --START--
INFO: ContentReplace Behavior ::run [ RunTime:0.000193s ]
INFO: TokenBuild Behavior ::run [ RunTime:0.000213s ]
INFO: WriteHtmlCache Behavior ::run [ RunTime:0.000130s ]
INFO: ShowRuntime Behavior ::run [ RunTime:0.000247s ]
INFO: [ view_filter ] --END-- [ RunTime:0.000909s ]
INFO: [ view_end ] --START--
INFO: ShowPageTrace Behavior ::run [ RunTime:0.000355s ]
INFO: [ view_end ] --END-- [ RunTime:0.000406s ]

[ 2015-03-17T13:03:59+08:00 ] 0.0.0.0 /wish/index.php/Admin/Index/index
INFO: [ route_check ] --START--
INFO: CheckRoute Behavior ::run [ RunTime:0.000450s ]
INFO: [ route_check ] --END-- [ RunTime:0.000520s ]
INFO: [ app_begin ] --START--
INFO: ReadHtmlCache Behavior ::run [ RunTime:0.000332s ]
INFO: [ app_begin ] --END-- [ RunTime:0.000414s ]
INFO: [ view_parse ] --START--
INFO: ParseTemplate Behavior ::run [ RunTime:0.006111s ]
INFO: [ view_parse ] --END-- [ RunTime:0.006185s ]
INFO: [ view_filter ] --START--
INFO: ContentReplace Behavior ::run [ RunTime:0.000258s ]
INFO: TokenBuild Behavior ::run [ RunTime:0.000221s ]
INFO: WriteHtmlCache Behavior ::run [ RunTime:0.000138s ]
INFO: ShowRuntime Behavior ::run [ RunTime:0.000255s ]
INFO: [ view_filter ] --END-- [ RunTime:0.000995s ]
INFO: [ view_end ] --START--
INFO: ShowPageTrace Behavior ::run [ RunTime:0.000356s ]
INFO: [ view_end ] --END-- [ RunTime:0.000398s ]

[ 2015-03-17T13:04:02+08:00 ] 0.0.0.0 /wish/index.php/Admin/Index/index
INFO: [ route_check ] --START--
INFO: CheckRoute Behavior ::run [ RunTime:0.000477s ]
INFO: [ route_check ] --END-- [ RunTime:0.000543s ]
INFO: [ app_begin ] --START--
INFO: ReadHtmlCache Behavior ::run [ RunTime:0.000322s ]
INFO: [ app_begin ] --END-- [ RunTime:0.000372s ]
INFO: [ view_parse ] --START--
INFO: ParseTemplate Behavior ::run [ RunTime:0.005047s ]
INFO: [ view_parse ] --END-- [ RunTime:0.005107s ]
INFO: [ view_filter ] --START--
INFO: ContentReplace Behavior ::run [ RunTime:0.000205s ]
INFO: TokenBuild Behavior ::run [ RunTime:0.000188s ]
INFO: WriteHtmlCache Behavior ::run [ RunTime:0.000115s ]
INFO: ShowRuntime Behavior ::run [ RunTime:0.000220s ]
INFO: [ view_filter ] --END-- [ RunTime:0.000837s ]
INFO: [ view_end ] --START--
INFO: ShowPageTrace Behavior ::run [ RunTime:0.000361s ]
INFO: [ view_end ] --END-- [ RunTime:0.000400s ]

[ 2015-03-17T13:04:03+08:00 ] 0.0.0.0 /wish/index.php/Admin/Index/index
INFO: [ route_check ] --START--
INFO: CheckRoute Behavior ::run [ RunTime:0.000794s ]
INFO: [ route_check ] --END-- [ RunTime:0.000889s ]
INFO: [ app_begin ] --START--
INFO: ReadHtmlCache Behavior ::run [ RunTime:0.000484s ]
INFO: [ app_begin ] --END-- [ RunTime:0.000561s ]
INFO: [ view_parse ] --START--
INFO: ParseTemplate Behavior ::run [ RunTime:0.007785s ]
INFO: [ view_parse ] --END-- [ RunTime:0.007857s ]
INFO: [ view_filter ] --START--
INFO: ContentReplace Behavior ::run [ RunTime:0.000221s ]
INFO: TokenBuild Behavior ::run [ RunTime:0.000203s ]
INFO: WriteHtmlCache Behavior ::run [ RunTime:0.000116s ]
INFO: ShowRuntime Behavior ::run [ RunTime:0.000239s ]
INFO: [ view_filter ] --END-- [ RunTime:0.000893s ]
INFO: [ view_end ] --START--
INFO: ShowPageTrace Behavior ::run [ RunTime:0.000319s ]
INFO: [ view_end ] --END-- [ RunTime:0.000358s ]

[ 2015-03-17T13:07:46+08:00 ] 0.0.0.0 /wish/index.php/Admin/Index/index
INFO: [ route_check ] --START--
INFO: CheckRoute Behavior ::run [ RunTime:0.000704s ]
INFO: [ route_check ] --END-- [ RunTime:0.000780s ]
INFO: [ app_begin ] --START--
INFO: ReadHtmlCache Behavior ::run [ RunTime:0.000331s ]
INFO: [ app_begin ] --END-- [ RunTime:0.000382s ]
INFO: [ view_parse ] --START--
INFO: ParseTemplate Behavior ::run [ RunTime:0.005869s ]
INFO: [ view_parse ] --END-- [ RunTime:0.005927s ]
INFO: [ view_filter ] --START--
INFO: ContentReplace Behavior ::run [ RunTime:0.000194s ]
INFO: TokenBuild Behavior ::run [ RunTime:0.000204s ]
INFO: WriteHtmlCache Behavior ::run [ RunTime:0.000145s ]
INFO: ShowRuntime Behavior ::run [ RunTime:0.000385s ]
INFO: [ view_filter ] --END-- [ RunTime:0.001104s ]
INFO: [ view_end ] --START--
INFO: ShowPageTrace Behavior ::run [ RunTime:0.000580s ]
INFO: [ view_end ] --END-- [ RunTime:0.000707s ]

[ 2015-03-17T13:08:33+08:00 ] 0.0.0.0 /wish/index.php/Admin/Rbac/addNode
INFO: [ route_check ] --START--
INFO: CheckRoute Behavior ::run [ RunTime:0.000461s ]
INFO: [ route_check ] --END-- [ RunTime:0.000515s ]
INFO: [ app_begin ] --START--
INFO: ReadHtmlCache Behavior ::run [ RunTime:0.000295s ]
INFO: [ app_begin ] --END-- [ RunTime:0.000340s ]
INFO: [ view_parse ] --START--
INFO: ParseTemplate Behavior ::run [ RunTime:0.004850s ]
INFO: [ view_parse ] --END-- [ RunTime:0.004910s ]
INFO: [ view_filter ] --START--
INFO: ContentReplace Behavior ::run [ RunTime:0.000227s ]
INFO: TokenBuild Behavior ::run [ RunTime:0.000215s ]
INFO: WriteHtmlCache Behavior ::run [ RunTime:0.000141s ]
INFO: ShowRuntime Behavior ::run [ RunTime:0.000333s ]
INFO: [ view_filter ] --END-- [ RunTime:0.001041s ]
INFO: [ view_end ] --START--
INFO: ShowPageTrace Behavior ::run [ RunTime:0.000370s ]
INFO: [ view_end ] --END-- [ RunTime:0.000408s ]

[ 2015-03-17T13:08:33+08:00 ] 0.0.0.0 /wish/index.php/Admin/Rbac/addRole
INFO: [ route_check ] --START--
INFO: CheckRoute Behavior ::run [ RunTime:0.000484s ]
INFO: [ route_check ] --END-- [ RunTime:0.000542s ]
INFO: [ app_begin ] --START--
INFO: ReadHtmlCache Behavior ::run [ RunTime:0.000267s ]
INFO: [ app_begin ] --END-- [ RunTime:0.000310s ]
INFO: [ view_parse ] --START--
NOTIC: [8] Undefined variable: type /Library/WebServer/Documents/wish/Index/Runtime/Cache/Admin/28b5a1f102c9fd0732c4ebc86e2d4e11.php 第 16 行.
NOTIC: [8] Undefined variable: type /Library/WebServer/Documents/wish/Index/Runtime/Cache/Admin/28b5a1f102c9fd0732c4ebc86e2d4e11.php 第 21 行.
NOTIC: [8] Undefined variable: pid /Library/WebServer/Documents/wish/Index/Runtime/Cache/Admin/28b5a1f102c9fd0732c4ebc86e2d4e11.php 第 28 行.
NOTIC: [8] Undefined variable: level /Library/WebServer/Documents/wish/Index/Runtime/Cache/Admin/28b5a1f102c9fd0732c4ebc86e2d4e11.php 第 30 行.
INFO: ParseTemplate Behavior ::run [ RunTime:0.007626s ]
INFO: [ view_parse ] --END-- [ RunTime:0.007675s ]
INFO: [ view_filter ] --START--
INFO: ContentReplace Behavior ::run [ RunTime:0.000207s ]
INFO: TokenBuild Behavior ::run [ RunTime:0.000204s ]
INFO: WriteHtmlCache Behavior ::run [ RunTime:0.000117s ]
INFO: ShowRuntime Behavior ::run [ RunTime:0.000221s ]
INFO: [ view_filter ] --END-- [ RunTime:0.000850s ]
INFO: [ view_end ] --START--
INFO: ShowPageTrace Behavior ::run [ RunTime:0.000317s ]
INFO: [ view_end ] --END-- [ RunTime:0.000351s ]

[ 2015-03-17T13:08:34+08:00 ] 0.0.0.0 /wish/index.php/Admin/Index/%EF%BC%83
INFO: [ route_check ] --START--
INFO: CheckRoute Behavior ::run [ RunTime:0.000435s ]
INFO: [ route_check ] --END-- [ RunTime:0.000490s ]
INFO: [ app_begin ] --START--
INFO: ReadHtmlCache Behavior ::run [ RunTime:0.000268s ]
INFO: [ app_begin ] --END-- [ RunTime:0.000311s ]
ERR: 非法操作:＃

[ 2015-03-17T13:08:35+08:00 ] 0.0.0.0 /wish/index.php/Admin/Rbac/node
INFO: [ route_check ] --START--
INFO: CheckRoute Behavior ::run [ RunTime:0.000457s ]
INFO: [ route_check ] --END-- [ RunTime:0.000515s ]
INFO: [ app_begin ] --START--
INFO: ReadHtmlCache Behavior ::run [ RunTime:0.000298s ]
INFO: [ app_begin ] --END-- [ RunTime:0.000352s ]
SQL: SHOW COLUMNS FROM `hd_node` [ RunTime:0.001315s ]
SQL: SELECT * FROM `hd_node` ORDER BY sort  [ RunTime:0.001436s ]
INFO: [ view_parse ] --START--
INFO: ParseTemplate Behavior ::run [ RunTime:0.017664s ]
INFO: [ view_parse ] --END-- [ RunTime:0.017727s ]
INFO: [ view_filter ] --START--
INFO: ContentReplace Behavior ::run [ RunTime:0.000237s ]
INFO: TokenBuild Behavior ::run [ RunTime:0.000195s ]
INFO: WriteHtmlCache Behavior ::run [ RunTime:0.000121s ]
INFO: ShowRuntime Behavior ::run [ RunTime:0.000238s ]
INFO: [ view_filter ] --END-- [ RunTime:0.000901s ]
INFO: [ view_end ] --START--
INFO: ShowPageTrace Behavior ::run [ RunTime:0.000354s ]
INFO: [ view_end ] --END-- [ RunTime:0.000410s ]

[ 2015-03-17T13:08:35+08:00 ] 0.0.0.0 /wish/index.php/Admin/Rbac/role
INFO: [ route_check ] --START--
INFO: CheckRoute Behavior ::run [ RunTime:0.000417s ]
INFO: [ route_check ] --END-- [ RunTime:0.000475s ]
INFO: [ app_begin ] --START--
INFO: ReadHtmlCache Behavior ::run [ RunTime:0.000286s ]
INFO: [ app_begin ] --END-- [ RunTime:0.000344s ]
SQL: SHOW COLUMNS FROM `hd_role` [ RunTime:0.002914s ]
SQL: SELECT * FROM `hd_role`  [ RunTime:0.000550s ]
INFO: [ view_parse ] --START--
INFO: ParseTemplate Behavior ::run [ RunTime:0.017179s ]
INFO: [ view_parse ] --END-- [ RunTime:0.017249s ]
INFO: [ view_filter ] --START--
INFO: ContentReplace Behavior ::run [ RunTime:0.000237s ]
INFO: TokenBuild Behavior ::run [ RunTime:0.000209s ]
INFO: WriteHtmlCache Behavior ::run [ RunTime:0.000128s ]
INFO: ShowRuntime Behavior ::run [ RunTime:0.000226s ]
INFO: [ view_filter ] --END-- [ RunTime:0.000950s ]
INFO: [ view_end ] --START--
INFO: ShowPageTrace Behavior ::run [ RunTime:0.000466s ]
INFO: [ view_end ] --END-- [ RunTime:0.000513s ]

[ 2015-03-17T13:08:37+08:00 ] 0.0.0.0 /wish/index.php/Admin/Index/index
INFO: [ route_check ] --START--
INFO: CheckRoute Behavior ::run [ RunTime:0.000442s ]
INFO: [ route_check ] --END-- [ RunTime:0.000497s ]
INFO: [ app_begin ] --START--
INFO: ReadHtmlCache Behavior ::run [ RunTime:0.000446s ]
INFO: [ app_begin ] --END-- [ RunTime:0.000520s ]
INFO: [ view_parse ] --START--
INFO: ParseTemplate Behavior ::run [ RunTime:0.005657s ]
INFO: [ view_parse ] --END-- [ RunTime:0.005716s ]
INFO: [ view_filter ] --START--
INFO: ContentReplace Behavior ::run [ RunTime:0.000192s ]
INFO: TokenBuild Behavior ::run [ RunTime:0.000189s ]
INFO: WriteHtmlCache Behavior ::run [ RunTime:0.000116s ]
INFO: ShowRuntime Behavior ::run [ RunTime:0.000219s ]
INFO: [ view_filter ] --END-- [ RunTime:0.000824s ]
INFO: [ view_end ] --START--
INFO: ShowPageTrace Behavior ::run [ RunTime:0.000373s ]
INFO: [ view_end ] --END-- [ RunTime:0.000411s ]

[ 2015-03-17T13:11:42+08:00 ] 0.0.0.0 /wish/index.php/Admin/Index/index
INFO: [ route_check ] --START--
INFO: CheckRoute Behavior ::run [ RunTime:0.000444s ]
INFO: [ route_check ] --END-- [ RunTime:0.000537s ]
INFO: [ app_begin ] --START--
INFO: ReadHtmlCache Behavior ::run [ RunTime:0.000329s ]
INFO: [ app_begin ] --END-- [ RunTime:0.000382s ]
INFO: [ view_parse ] --START--
INFO: ParseTemplate Behavior ::run [ RunTime:0.005234s ]
INFO: [ view_parse ] --END-- [ RunTime:0.005308s ]
INFO: [ view_filter ] --START--
INFO: ContentReplace Behavior ::run [ RunTime:0.000322s ]
INFO: TokenBuild Behavior ::run [ RunTime:0.000393s ]
INFO: WriteHtmlCache Behavior ::run [ RunTime:0.000292s ]
INFO: ShowRuntime Behavior ::run [ RunTime:0.000446s ]
INFO: [ view_filter ] --END-- [ RunTime:0.001695s ]
INFO: [ view_end ] --START--
INFO: ShowPageTrace Behavior ::run [ RunTime:0.000577s ]
INFO: [ view_end ] --END-- [ RunTime:0.000669s ]

[ 2015-03-17T13:11:43+08:00 ] 0.0.0.0 /wish/index.php/Admin/Rbac/addRole
INFO: [ route_check ] --START--
INFO: CheckRoute Behavior ::run [ RunTime:0.000459s ]
INFO: [ route_check ] --END-- [ RunTime:0.000513s ]
INFO: [ app_begin ] --START--
INFO: ReadHtmlCache Behavior ::run [ RunTime:0.000267s ]
INFO: [ app_begin ] --END-- [ RunTime:0.000320s ]
INFO: [ view_parse ] --START--
NOTIC: [8] Undefined variable: type /Library/WebServer/Documents/wish/Index/Runtime/Cache/Admin/28b5a1f102c9fd0732c4ebc86e2d4e11.php 第 16 行.
NOTIC: [8] Undefined variable: type /Library/WebServer/Documents/wish/Index/Runtime/Cache/Admin/28b5a1f102c9fd0732c4ebc86e2d4e11.php 第 21 行.
NOTIC: [8] Undefined variable: pid /Library/WebServer/Documents/wish/Index/Runtime/Cache/Admin/28b5a1f102c9fd0732c4ebc86e2d4e11.php 第 28 行.
NOTIC: [8] Undefined variable: level /Library/WebServer/Documents/wish/Index/Runtime/Cache/Admin/28b5a1f102c9fd0732c4ebc86e2d4e11.php 第 30 行.
INFO: ParseTemplate Behavior ::run [ RunTime:0.004353s ]
INFO: [ view_parse ] --END-- [ RunTime:0.004421s ]
INFO: [ view_filter ] --START--
INFO: ContentReplace Behavior ::run [ RunTime:0.000194s ]
INFO: TokenBuild Behavior ::run [ RunTime:0.000204s ]
INFO: WriteHtmlCache Behavior ::run [ RunTime:0.000133s ]
INFO: ShowRuntime Behavior ::run [ RunTime:0.000241s ]
INFO: [ view_filter ] --END-- [ RunTime:0.000883s ]
INFO: [ view_end ] --START--
INFO: ShowPageTrace Behavior ::run [ RunTime:0.000441s ]
INFO: [ view_end ] --END-- [ RunTime:0.000478s ]

[ 2015-03-17T13:16:42+08:00 ] 0.0.0.0 /wish/index.php/Admin/Index/index
INFO: [ route_check ] --START--
INFO: CheckRoute Behavior ::run [ RunTime:0.000417s ]
INFO: [ route_check ] --END-- [ RunTime:0.000472s ]
INFO: [ app_begin ] --START--
INFO: ReadHtmlCache Behavior ::run [ RunTime:0.000271s ]
INFO: [ app_begin ] --END-- [ RunTime:0.000315s ]
INFO: [ view_parse ] --START--
INFO: ParseTemplate Behavior ::run [ RunTime:0.005880s ]
INFO: [ view_parse ] --END-- [ RunTime:0.005947s ]
INFO: [ view_filter ] --START--
INFO: ContentReplace Behavior ::run [ RunTime:0.000282s ]
INFO: TokenBuild Behavior ::run [ RunTime:0.000201s ]
INFO: WriteHtmlCache Behavior ::run [ RunTime:0.000122s ]
INFO: ShowRuntime Behavior ::run [ RunTime:0.000229s ]
INFO: [ view_filter ] --END-- [ RunTime:0.000944s ]
INFO: [ view_end ] --START--
INFO: ShowPageTrace Behavior ::run [ RunTime:0.000384s ]
INFO: [ view_end ] --END-- [ RunTime:0.000422s ]

[ 2015-03-17T13:16:43+08:00 ] 0.0.0.0 /wish/index.php/Admin/MsgManage/index
INFO: [ route_check ] --START--
INFO: CheckRoute Behavior ::run [ RunTime:0.000414s ]
INFO: [ route_check ] --END-- [ RunTime:0.000471s ]
INFO: [ app_begin ] --START--
INFO: ReadHtmlCache Behavior ::run [ RunTime:0.000274s ]
INFO: [ app_begin ] --END-- [ RunTime:0.000319s ]
SQL: SHOW COLUMNS FROM `hd_wish` [ RunTime:0.001273s ]
SQL: SELECT COUNT(*) AS tp_count FROM `hd_wish` LIMIT 1   [ RunTime:0.001402s ]
SQL: SELECT * FROM `hd_wish` ORDER BY time DESC LIMIT 0,10   [ RunTime:0.000845s ]
INFO: [ view_parse ] --START--
INFO: ParseTemplate Behavior ::run [ RunTime:0.018973s ]
INFO: [ view_parse ] --END-- [ RunTime:0.019061s ]
INFO: [ view_filter ] --START--
INFO: ContentReplace Behavior ::run [ RunTime:0.000301s ]
INFO: TokenBuild Behavior ::run [ RunTime:0.000200s ]
INFO: WriteHtmlCache Behavior ::run [ RunTime:0.000137s ]
INFO: ShowRuntime Behavior ::run [ RunTime:0.000256s ]
INFO: [ view_filter ] --END-- [ RunTime:0.001015s ]
INFO: [ view_end ] --START--
INFO: ShowPageTrace Behavior ::run [ RunTime:0.000389s ]
INFO: [ view_end ] --END-- [ RunTime:0.000429s ]

[ 2015-03-17T13:16:47+08:00 ] 0.0.0.0 /wish/index.php/Admin/MsgManage/delete/id/20
INFO: [ route_check ] --START--
INFO: CheckRoute Behavior ::run [ RunTime:0.000409s ]
INFO: [ route_check ] --END-- [ RunTime:0.000465s ]
INFO: [ app_begin ] --START--
INFO: ReadHtmlCache Behavior ::run [ RunTime:0.000299s ]
INFO: [ app_begin ] --END-- [ RunTime:0.000341s ]
SQL: SHOW COLUMNS FROM `hd_wish` [ RunTime:0.003284s ]
SQL: DELETE FROM `hd_wish` WHERE ( `id` = 20 ) [ RunTime:0.001173s ]
INFO: [ view_parse ] --START--
INFO: ParseTemplate Behavior ::run [ RunTime:0.017082s ]
INFO: [ view_parse ] --END-- [ RunTime:0.017153s ]
INFO: [ view_filter ] --START--
INFO: ContentReplace Behavior ::run [ RunTime:0.000222s ]
INFO: TokenBuild Behavior ::run [ RunTime:0.000198s ]
INFO: WriteHtmlCache Behavior ::run [ RunTime:0.000121s ]
INFO: ShowRuntime Behavior ::run [ RunTime:0.000248s ]
INFO: [ view_filter ] --END-- [ RunTime:0.000898s ]
INFO: [ view_end ] --START--
INFO: ShowPageTrace Behavior ::run [ RunTime:0.000377s ]
INFO: [ view_end ] --END-- [ RunTime:0.000431s ]

[ 2015-03-17T13:16:48+08:00 ] 0.0.0.0 /wish/index.php/Admin/MsgManage/index
INFO: [ route_check ] --START--
INFO: CheckRoute Behavior ::run [ RunTime:0.000441s ]
INFO: [ route_check ] --END-- [ RunTime:0.000508s ]
INFO: [ app_begin ] --START--
INFO: ReadHtmlCache Behavior ::run [ RunTime:0.000317s ]
INFO: [ app_begin ] --END-- [ RunTime:0.000362s ]
SQL: SHOW COLUMNS FROM `hd_wish` [ RunTime:0.003392s ]
SQL: SELECT COUNT(*) AS tp_count FROM `hd_wish` LIMIT 1   [ RunTime:0.000269s ]
SQL: SELECT * FROM `hd_wish` ORDER BY time DESC LIMIT 0,10   [ RunTime:0.000428s ]
INFO: [ view_parse ] --START--
INFO: ParseTemplate Behavior ::run [ RunTime:0.012517s ]
INFO: [ view_parse ] --END-- [ RunTime:0.012602s ]
INFO: [ view_filter ] --START--
INFO: ContentReplace Behavior ::run [ RunTime:0.000380s ]
INFO: TokenBuild Behavior ::run [ RunTime:0.000225s ]
INFO: WriteHtmlCache Behavior ::run [ RunTime:0.000130s ]
INFO: ShowRuntime Behavior ::run [ RunTime:0.000309s ]
INFO: [ view_filter ] --END-- [ RunTime:0.001206s ]
INFO: [ view_end ] --START--
INFO: ShowPageTrace Behavior ::run [ RunTime:0.000516s ]
INFO: [ view_end ] --END-- [ RunTime:0.000580s ]

[ 2015-03-17T13:16:49+08:00 ] 0.0.0.0 /wish/index.php/Admin/Index/index
INFO: [ route_check ] --START--
INFO: CheckRoute Behavior ::run [ RunTime:0.000409s ]
INFO: [ route_check ] --END-- [ RunTime:0.000467s ]
INFO: [ app_begin ] --START--
INFO: ReadHtmlCache Behavior ::run [ RunTime:0.000265s ]
INFO: [ app_begin ] --END-- [ RunTime:0.000308s ]
INFO: [ view_parse ] --START--
INFO: ParseTemplate Behavior ::run [ RunTime:0.004725s ]
INFO: [ view_parse ] --END-- [ RunTime:0.004778s ]
INFO: [ view_filter ] --START--
INFO: ContentReplace Behavior ::run [ RunTime:0.000212s ]
INFO: TokenBuild Behavior ::run [ RunTime:0.000204s ]
INFO: WriteHtmlCache Behavior ::run [ RunTime:0.000115s ]
INFO: ShowRuntime Behavior ::run [ RunTime:0.000219s ]
INFO: [ view_filter ] --END-- [ RunTime:0.000858s ]
INFO: [ view_end ] --START--
INFO: ShowPageTrace Behavior ::run [ RunTime:0.000349s ]
INFO: [ view_end ] --END-- [ RunTime:0.000386s ]

[ 2015-03-17T13:17:08+08:00 ] 0.0.0.0 /wish/index.php/Admin/Index/index
INFO: [ route_check ] --START--
INFO: CheckRoute Behavior ::run [ RunTime:0.000694s ]
INFO: [ route_check ] --END-- [ RunTime:0.000782s ]
INFO: [ app_begin ] --START--
INFO: ReadHtmlCache Behavior ::run [ RunTime:0.000360s ]
INFO: [ app_begin ] --END-- [ RunTime:0.000440s ]
INFO: [ view_parse ] --START--
INFO: ParseTemplate Behavior ::run [ RunTime:0.005980s ]
INFO: [ view_parse ] --END-- [ RunTime:0.006053s ]
INFO: [ view_filter ] --START--
INFO: ContentReplace Behavior ::run [ RunTime:0.000215s ]
INFO: TokenBuild Behavior ::run [ RunTime:0.000195s ]
INFO: WriteHtmlCache Behavior ::run [ RunTime:0.000120s ]
INFO: ShowRuntime Behavior ::run [ RunTime:0.000226s ]
INFO: [ view_filter ] --END-- [ RunTime:0.000861s ]
INFO: [ view_end ] --START--
INFO: ShowPageTrace Behavior ::run [ RunTime:0.000321s ]
INFO: [ view_end ] --END-- [ RunTime:0.000357s ]

[ 2015-03-17T13:25:29+08:00 ] 0.0.0.0 /wish/index.php/Admin/Index/index
INFO: [ route_check ] --START--
INFO: CheckRoute Behavior ::run [ RunTime:0.000789s ]
INFO: [ route_check ] --END-- [ RunTime:0.000853s ]
INFO: [ app_begin ] --START--
INFO: ReadHtmlCache Behavior ::run [ RunTime:0.000499s ]
INFO: [ app_begin ] --END-- [ RunTime:0.000545s ]
INFO: [ view_parse ] --START--
INFO: ParseTemplate Behavior ::run [ RunTime:0.018411s ]
INFO: [ view_parse ] --END-- [ RunTime:0.018480s ]
INFO: [ view_filter ] --START--
INFO: ContentReplace Behavior ::run [ RunTime:0.000460s ]
INFO: TokenBuild Behavior ::run [ RunTime:0.000379s ]
INFO: WriteHtmlCache Behavior ::run [ RunTime:0.000291s ]
INFO: ShowRuntime Behavior ::run [ RunTime:0.000415s ]
INFO: [ view_filter ] --END-- [ RunTime:0.001691s ]
INFO: [ view_end ] --START--
INFO: ShowPageTrace Behavior ::run [ RunTime:0.000521s ]
INFO: [ view_end ] --END-- [ RunTime:0.000563s ]

[ 2015-03-17T13:25:31+08:00 ] 0.0.0.0 /wish/index.php/Admin/Index/index
INFO: [ route_check ] --START--
INFO: CheckRoute Behavior ::run [ RunTime:0.000424s ]
INFO: [ route_check ] --END-- [ RunTime:0.000483s ]
INFO: [ app_begin ] --START--
INFO: ReadHtmlCache Behavior ::run [ RunTime:0.000264s ]
INFO: [ app_begin ] --END-- [ RunTime:0.000308s ]
INFO: [ view_parse ] --START--
INFO: ParseTemplate Behavior ::run [ RunTime:0.005708s ]
INFO: [ view_parse ] --END-- [ RunTime:0.005770s ]
INFO: [ view_filter ] --START--
INFO: ContentReplace Behavior ::run [ RunTime:0.000237s ]
INFO: TokenBuild Behavior ::run [ RunTime:0.000261s ]
INFO: WriteHtmlCache Behavior ::run [ RunTime:0.000195s ]
INFO: ShowRuntime Behavior ::run [ RunTime:0.000271s ]
INFO: [ view_filter ] --END-- [ RunTime:0.001103s ]
INFO: [ view_end ] --START--
INFO: ShowPageTrace Behavior ::run [ RunTime:0.000360s ]
INFO: [ view_end ] --END-- [ RunTime:0.000403s ]

[ 2015-03-17T13:25:33+08:00 ] 0.0.0.0 /wish/index.php/Admin/Rbac/addRole
INFO: [ route_check ] --START--
INFO: CheckRoute Behavior ::run [ RunTime:0.000408s ]
INFO: [ route_check ] --END-- [ RunTime:0.000461s ]
INFO: [ app_begin ] --START--
INFO: ReadHtmlCache Behavior ::run [ RunTime:0.000356s ]
INFO: [ app_begin ] --END-- [ RunTime:0.000403s ]
INFO: [ view_parse ] --START--
NOTIC: [8] Undefined variable: type /Library/WebServer/Documents/wish/Index/Runtime/Cache/Admin/28b5a1f102c9fd0732c4ebc86e2d4e11.php 第 16 行.
NOTIC: [8] Undefined variable: type /Library/WebServer/Documents/wish/Index/Runtime/Cache/Admin/28b5a1f102c9fd0732c4ebc86e2d4e11.php 第 21 行.
NOTIC: [8] Undefined variable: pid /Library/WebServer/Documents/wish/Index/Runtime/Cache/Admin/28b5a1f102c9fd0732c4ebc86e2d4e11.php 第 28 行.
NOTIC: [8] Undefined variable: level /Library/WebServer/Documents/wish/Index/Runtime/Cache/Admin/28b5a1f102c9fd0732c4ebc86e2d4e11.php 第 30 行.
INFO: ParseTemplate Behavior ::run [ RunTime:0.005164s ]
INFO: [ view_parse ] --END-- [ RunTime:0.005216s ]
INFO: [ view_filter ] --START--
INFO: ContentReplace Behavior ::run [ RunTime:0.000203s ]
INFO: TokenBuild Behavior ::run [ RunTime:0.000205s ]
INFO: WriteHtmlCache Behavior ::run [ RunTime:0.000135s ]
INFO: ShowRuntime Behavior ::run [ RunTime:0.000222s ]
INFO: [ view_filter ] --END-- [ RunTime:0.000870s ]
INFO: [ view_end ] --START--
INFO: ShowPageTrace Behavior ::run [ RunTime:0.000378s ]
INFO: [ view_end ] --END-- [ RunTime:0.000433s ]

[ 2015-03-17T13:33:51+08:00 ] 0.0.0.0 /wish/index.php/Admin/Index/index
INFO: [ route_check ] --START--
INFO: CheckRoute Behavior ::run [ RunTime:0.000846s ]
INFO: [ route_check ] --END-- [ RunTime:0.003162s ]
INFO: [ app_begin ] --START--
INFO: ReadHtmlCache Behavior ::run [ RunTime:0.000605s ]
INFO: [ app_begin ] --END-- [ RunTime:0.000697s ]
INFO: [ view_parse ] --START--
INFO: ParseTemplate Behavior ::run [ RunTime:0.018184s ]
INFO: [ view_parse ] --END-- [ RunTime:0.018250s ]
INFO: [ view_filter ] --START--
INFO: ContentReplace Behavior ::run [ RunTime:0.000369s ]
INFO: TokenBuild Behavior ::run [ RunTime:0.000434s ]
INFO: WriteHtmlCache Behavior ::run [ RunTime:0.000301s ]
INFO: ShowRuntime Behavior ::run [ RunTime:0.000408s ]
INFO: [ view_filter ] --END-- [ RunTime:0.001632s ]
INFO: [ view_end ] --START--
INFO: ShowPageTrace Behavior ::run [ RunTime:0.000604s ]
INFO: [ view_end ] --END-- [ RunTime:0.000659s ]

[ 2015-03-17T13:33:54+08:00 ] 0.0.0.0 /wish/index.php/Admin/Index/index
INFO: [ route_check ] --START--
INFO: CheckRoute Behavior ::run [ RunTime:0.000675s ]
INFO: [ route_check ] --END-- [ RunTime:0.000814s ]
INFO: [ app_begin ] --START--
INFO: ReadHtmlCache Behavior ::run [ RunTime:0.000345s ]
INFO: [ app_begin ] --END-- [ RunTime:0.000403s ]
INFO: [ view_parse ] --START--
INFO: ParseTemplate Behavior ::run [ RunTime:0.013515s ]
INFO: [ view_parse ] --END-- [ RunTime:0.013599s ]
INFO: [ view_filter ] --START--
INFO: ContentReplace Behavior ::run [ RunTime:0.000277s ]
INFO: TokenBuild Behavior ::run [ RunTime:0.000240s ]
INFO: WriteHtmlCache Behavior ::run [ RunTime:0.000136s ]
INFO: ShowRuntime Behavior ::run [ RunTime:0.000230s ]
INFO: [ view_filter ] --END-- [ RunTime:0.001001s ]
INFO: [ view_end ] --START--
INFO: ShowPageTrace Behavior ::run [ RunTime:0.000357s ]
INFO: [ view_end ] --END-- [ RunTime:0.000407s ]

[ 2015-03-17T13:33:55+08:00 ] 0.0.0.0 /wish/index.php/Admin/Rbac/role
INFO: [ route_check ] --START--
INFO: CheckRoute Behavior ::run [ RunTime:0.000430s ]
INFO: [ route_check ] --END-- [ RunTime:0.000490s ]
INFO: [ app_begin ] --START--
INFO: ReadHtmlCache Behavior ::run [ RunTime:0.000265s ]
INFO: [ app_begin ] --END-- [ RunTime:0.000308s ]
SQL: SHOW COLUMNS FROM `hd_role` [ RunTime:0.004021s ]
SQL: SELECT * FROM `hd_role`  [ RunTime:0.000518s ]
INFO: [ view_parse ] --START--
INFO: ParseTemplate Behavior ::run [ RunTime:0.036237s ]
INFO: [ view_parse ] --END-- [ RunTime:0.036351s ]
INFO: [ view_filter ] --START--
INFO: ContentReplace Behavior ::run [ RunTime:0.000279s ]
INFO: TokenBuild Behavior ::run [ RunTime:0.000226s ]
INFO: WriteHtmlCache Behavior ::run [ RunTime:0.000160s ]
INFO: ShowRuntime Behavior ::run [ RunTime:0.000425s ]
INFO: [ view_filter ] --END-- [ RunTime:0.001295s ]
INFO: [ view_end ] --START--
INFO: ShowPageTrace Behavior ::run [ RunTime:0.000729s ]
INFO: [ view_end ] --END-- [ RunTime:0.000824s ]

[ 2015-03-17T13:33:56+08:00 ] 0.0.0.0 /wish/index.php/Admin/Rbac/node
INFO: [ route_check ] --START--
INFO: CheckRoute Behavior ::run [ RunTime:0.000410s ]
INFO: [ route_check ] --END-- [ RunTime:0.000467s ]
INFO: [ app_begin ] --START--
INFO: ReadHtmlCache Behavior ::run [ RunTime:0.000266s ]
INFO: [ app_begin ] --END-- [ RunTime:0.000310s ]
SQL: SHOW COLUMNS FROM `hd_node` [ RunTime:0.003209s ]
SQL: SELECT * FROM `hd_node` ORDER BY sort  [ RunTime:0.000765s ]
INFO: [ view_parse ] --START--
INFO: ParseTemplate Behavior ::run [ RunTime:0.020025s ]
INFO: [ view_parse ] --END-- [ RunTime:0.020113s ]
INFO: [ view_filter ] --START--
INFO: ContentReplace Behavior ::run [ RunTime:0.000287s ]
INFO: TokenBuild Behavior ::run [ RunTime:0.000196s ]
INFO: WriteHtmlCache Behavior ::run [ RunTime:0.000119s ]
INFO: ShowRuntime Behavior ::run [ RunTime:0.000226s ]
INFO: [ view_filter ] --END-- [ RunTime:0.000945s ]
INFO: [ view_end ] --START--
INFO: ShowPageTrace Behavior ::run [ RunTime:0.000389s ]
INFO: [ view_end ] --END-- [ RunTime:0.000437s ]

[ 2015-03-17T14:17:07+08:00 ] 0.0.0.0 /wish/
INFO: [ app_begin ] --START--
INFO: ReadHtmlCache Behavior ::run [ RunTime:0.000886s ]
INFO: [ app_begin ] --END-- [ RunTime:0.001040s ]
SQL: SHOW COLUMNS FROM `hd_wish` [ RunTime:0.003108s ]
SQL: SELECT * FROM `hd_wish`  [ RunTime:0.000555s ]
INFO: [ view_parse ] --START--
INFO: ParseTemplate Behavior ::run [ RunTime:0.050242s ]
INFO: [ view_parse ] --END-- [ RunTime:0.050344s ]
INFO: [ view_filter ] --START--
INFO: ContentReplace Behavior ::run [ RunTime:0.000608s ]
INFO: TokenBuild Behavior ::run [ RunTime:0.000399s ]
INFO: WriteHtmlCache Behavior ::run [ RunTime:0.000358s ]
INFO: ShowRuntime Behavior ::run [ RunTime:0.000500s ]
INFO: [ view_filter ] --END-- [ RunTime:0.002035s ]
INFO: [ view_end ] --START--
INFO: ShowPageTrace Behavior ::run [ RunTime:0.000615s ]
INFO: [ view_end ] --END-- [ RunTime:0.000666s ]

[ 2015-03-17T20:26:26+08:00 ] 0.0.0.0 /wish/index.php/Admin/Index/index
INFO: [ route_check ] --START--
INFO: CheckRoute Behavior ::run [ RunTime:0.001210s ]
INFO: [ route_check ] --END-- [ RunTime:0.001399s ]
INFO: [ app_begin ] --START--
INFO: ReadHtmlCache Behavior ::run [ RunTime:0.006996s ]
INFO: [ app_begin ] --END-- [ RunTime:0.007112s ]

[ 2015-03-17T20:26:26+08:00 ] 0.0.0.0 /wish/index.php/Admin/Login/index
INFO: [ route_check ] --START--
INFO: CheckRoute Behavior ::run [ RunTime:0.000784s ]
INFO: [ route_check ] --END-- [ RunTime:0.000895s ]
INFO: [ app_begin ] --START--
INFO: ReadHtmlCache Behavior ::run [ RunTime:0.000536s ]
INFO: [ app_begin ] --END-- [ RunTime:0.000657s ]
INFO: [ view_parse ] --START--
INFO: ParseTemplate Behavior ::run [ RunTime:0.032955s ]
INFO: [ view_parse ] --END-- [ RunTime:0.033055s ]
INFO: [ view_filter ] --START--
INFO: ContentReplace Behavior ::run [ RunTime:0.000637s ]
INFO: TokenBuild Behavior ::run [ RunTime:0.000780s ]
INFO: WriteHtmlCache Behavior ::run [ RunTime:0.000421s ]
INFO: ShowRuntime Behavior ::run [ RunTime:0.000599s ]
INFO: [ view_filter ] --END-- [ RunTime:0.002680s ]
INFO: [ view_end ] --START--
INFO: ShowPageTrace Behavior ::run [ RunTime:0.000896s ]
INFO: [ view_end ] --END-- [ RunTime:0.000993s ]

[ 2015-03-17T20:26:27+08:00 ] 0.0.0.0 /wish/index.php/Admin/Login/verify
INFO: [ route_check ] --START--
INFO: CheckRoute Behavior ::run [ RunTime:0.001943s ]
INFO: [ route_check ] --END-- [ RunTime:0.002177s ]
INFO: [ app_begin ] --START--
INFO: ReadHtmlCache Behavior ::run [ RunTime:0.000892s ]
INFO: [ app_begin ] --END-- [ RunTime:0.001048s ]

[ 2015-03-17T20:26:30+08:00 ] 0.0.0.0 /wish/
INFO: [ app_begin ] --START--
INFO: ReadHtmlCache Behavior ::run [ RunTime:0.000413s ]
INFO: [ app_begin ] --END-- [ RunTime:0.000510s ]
SQL: SHOW COLUMNS FROM `hd_wish` [ RunTime:0.007354s ]
SQL: SELECT * FROM `hd_wish`  [ RunTime:0.001309s ]
INFO: [ view_parse ] --START--
INFO: ParseTemplate Behavior ::run [ RunTime:0.036581s ]
INFO: [ view_parse ] --END-- [ RunTime:0.036666s ]
INFO: [ view_filter ] --START--
INFO: ContentReplace Behavior ::run [ RunTime:0.000314s ]
INFO: TokenBuild Behavior ::run [ RunTime:0.000226s ]
INFO: WriteHtmlCache Behavior ::run [ RunTime:0.000152s ]
INFO: ShowRuntime Behavior ::run [ RunTime:0.000322s ]
INFO: [ view_filter ] --END-- [ RunTime:0.001156s ]
INFO: [ view_end ] --START--
INFO: ShowPageTrace Behavior ::run [ RunTime:0.000402s ]
INFO: [ view_end ] --END-- [ RunTime:0.000455s ]

[ 2015-03-17T20:26:49+08:00 ] 0.0.0.0 /wish/index.php/Index/Index/handle
INFO: [ route_check ] --START--
INFO: CheckRoute Behavior ::run [ RunTime:0.001134s ]
INFO: [ route_check ] --END-- [ RunTime:0.001367s ]
INFO: [ app_begin ] --START--
INFO: ReadHtmlCache Behavior ::run [ RunTime:0.000734s ]
INFO: [ app_begin ] --END-- [ RunTime:0.000827s ]
SQL: SHOW COLUMNS FROM `hd_wish` [ RunTime:0.001358s ]
SQL: INSERT INTO `hd_wish` (`username`,`content`,`time`) VALUES ('真好。','天天高兴啊',1426595209) [ RunTime:0.002603s ]

[ 2015-03-17T20:26:55+08:00 ] 0.0.0.0 /wish/
INFO: [ app_begin ] --START--
INFO: ReadHtmlCache Behavior ::run [ RunTime:0.000374s ]
INFO: [ app_begin ] --END-- [ RunTime:0.000493s ]
SQL: SHOW COLUMNS FROM `hd_wish` [ RunTime:0.001783s ]
SQL: SELECT * FROM `hd_wish`  [ RunTime:0.000472s ]
INFO: [ view_parse ] --START--
INFO: ParseTemplate Behavior ::run [ RunTime:0.049969s ]
INFO: [ view_parse ] --END-- [ RunTime:0.050108s ]
INFO: [ view_filter ] --START--
INFO: ContentReplace Behavior ::run [ RunTime:0.000761s ]
INFO: TokenBuild Behavior ::run [ RunTime:0.000379s ]
INFO: WriteHtmlCache Behavior ::run [ RunTime:0.000298s ]
INFO: ShowRuntime Behavior ::run [ RunTime:0.000523s ]
INFO: [ view_filter ] --END-- [ RunTime:0.002162s ]
INFO: [ view_end ] --START--
INFO: ShowPageTrace Behavior ::run [ RunTime:0.000635s ]
INFO: [ view_end ] --END-- [ RunTime:0.000692s ]

[ 2015-03-17T20:26:56+08:00 ] 0.0.0.0 /wish/
INFO: [ app_begin ] --START--
INFO: ReadHtmlCache Behavior ::run [ RunTime:0.000394s ]
INFO: [ app_begin ] --END-- [ RunTime:0.000468s ]
SQL: SHOW COLUMNS FROM `hd_wish` [ RunTime:0.003085s ]
SQL: SELECT * FROM `hd_wish`  [ RunTime:0.000353s ]
INFO: [ view_parse ] --START--
INFO: ParseTemplate Behavior ::run [ RunTime:0.012824s ]
INFO: [ view_parse ] --END-- [ RunTime:0.012890s ]
INFO: [ view_filter ] --START--
INFO: ContentReplace Behavior ::run [ RunTime:0.000261s ]
INFO: TokenBuild Behavior ::run [ RunTime:0.000188s ]
INFO: WriteHtmlCache Behavior ::run [ RunTime:0.000118s ]
INFO: ShowRuntime Behavior ::run [ RunTime:0.000231s ]
INFO: [ view_filter ] --END-- [ RunTime:0.000921s ]
INFO: [ view_end ] --START--
INFO: ShowPageTrace Behavior ::run [ RunTime:0.000357s ]
INFO: [ view_end ] --END-- [ RunTime:0.000391s ]

[ 2015-03-17T20:54:27+08:00 ] 0.0.0.0 /wish/index.php/Admin/Index/index
INFO: [ route_check ] --START--
INFO: CheckRoute Behavior ::run [ RunTime:0.001261s ]
INFO: [ route_check ] --END-- [ RunTime:0.003292s ]
INFO: [ app_begin ] --START--
INFO: ReadHtmlCache Behavior ::run [ RunTime:0.000741s ]
INFO: [ app_begin ] --END-- [ RunTime:0.000854s ]

[ 2015-03-17T20:54:27+08:00 ] 0.0.0.0 /wish/index.php/Admin/Login/index
INFO: [ route_check ] --START--
INFO: CheckRoute Behavior ::run [ RunTime:0.000644s ]
INFO: [ route_check ] --END-- [ RunTime:0.000736s ]
INFO: [ app_begin ] --START--
INFO: ReadHtmlCache Behavior ::run [ RunTime:0.000450s ]
INFO: [ app_begin ] --END-- [ RunTime:0.000553s ]
INFO: [ view_parse ] --START--
INFO: ParseTemplate Behavior ::run [ RunTime:0.010372s ]
INFO: [ view_parse ] --END-- [ RunTime:0.010488s ]
INFO: [ view_filter ] --START--
INFO: ContentReplace Behavior ::run [ RunTime:0.000604s ]
INFO: TokenBuild Behavior ::run [ RunTime:0.000869s ]
INFO: WriteHtmlCache Behavior ::run [ RunTime:0.000535s ]
INFO: ShowRuntime Behavior ::run [ RunTime:0.000715s ]
INFO: [ view_filter ] --END-- [ RunTime:0.002965s ]
INFO: [ view_end ] --START--
INFO: ShowPageTrace Behavior ::run [ RunTime:0.000700s ]
INFO: [ view_end ] --END-- [ RunTime:0.000769s ]

[ 2015-03-17T20:54:27+08:00 ] 0.0.0.0 /wish/index.php/Admin/Login/verify
INFO: [ route_check ] --START--
INFO: CheckRoute Behavior ::run [ RunTime:0.000722s ]
INFO: [ route_check ] --END-- [ RunTime:0.000902s ]
INFO: [ app_begin ] --START--
INFO: ReadHtmlCache Behavior ::run [ RunTime:0.000385s ]
INFO: [ app_begin ] --END-- [ RunTime:0.000473s ]

[ 2015-03-17T22:19:58+08:00 ] 0.0.0.0 /wish/
INFO: [ app_begin ] --START--
INFO: ReadHtmlCache Behavior ::run [ RunTime:0.001136s ]
INFO: [ app_begin ] --END-- [ RunTime:0.001326s ]
SQL: SHOW COLUMNS FROM `hd_wish` [ RunTime:0.006893s ]
SQL: SELECT * FROM `hd_wish`  [ RunTime:0.001145s ]
INFO: [ view_parse ] --START--
INFO: ParseTemplate Behavior ::run [ RunTime:0.045361s ]
INFO: [ view_parse ] --END-- [ RunTime:0.045492s ]
INFO: [ view_filter ] --START--
INFO: ContentReplace Behavior ::run [ RunTime:0.000731s ]
INFO: TokenBuild Behavior ::run [ RunTime:0.000509s ]
INFO: WriteHtmlCache Behavior ::run [ RunTime:0.000370s ]
INFO: ShowRuntime Behavior ::run [ RunTime:0.000712s ]
INFO: [ view_filter ] --END-- [ RunTime:0.002709s ]
INFO: [ view_end ] --START--
INFO: ShowPageTrace Behavior ::run [ RunTime:0.000887s ]
INFO: [ view_end ] --END-- [ RunTime:0.000949s ]

