[ 2015-05-21T15:50:56+08:00 ] 0.0.0.0 /hello/
INFO: [ app_begin ] --START--
INFO: ReadHtmlCache Behavior ::run [ RunTime:0.001006s ]
INFO: [ app_begin ] --END-- [ RunTime:0.003449s ]
INFO: [ view_parse ] --START--
NOTIC: [2] Missing argument 2 for TagLib::parseXmlAttr(), called in /Library/WebServer/Documents/hello/Index/Modules/Index/TagLib/TagLibYeni.class.php on line 15 and defined /Library/WebServer/Documents/hello/ThinkPHP/Lib/Template/TagLib.class.php 第 80 行.
NOTIC: [8] Undefined variable: tag /Library/WebServer/Documents/hello/ThinkPHP/Lib/Template/TagLib.class.php 第 91 行.
NOTIC: [8] Undefined index:  /Library/WebServer/Documents/hello/ThinkPHP/Lib/Template/TagLib.class.php 第 91 行.
NOTIC: [8] Undefined variable: tag /Library/WebServer/Documents/hello/ThinkPHP/Lib/Template/TagLib.class.php 第 92 行.
SQL: SHOW COLUMNS FROM `hd_cate` [ RunTime:0.013748s ]
SQL: SELECT * FROM `hd_cate` ORDER BY sort ASC  [ RunTime:0.011698s ]
INFO: ParseTemplate Behavior ::run [ RunTime:0.098458s ]
INFO: [ view_parse ] --END-- [ RunTime:0.098548s ]
INFO: [ view_filter ] --START--
INFO: ContentReplace Behavior ::run [ RunTime:0.006659s ]
INFO: TokenBuild Behavior ::run [ RunTime:0.006558s ]
INFO: WriteHtmlCache Behavior ::run [ RunTime:0.000545s ]
INFO: ShowRuntime Behavior ::run [ RunTime:0.000556s ]
INFO: [ view_filter ] --END-- [ RunTime:0.014527s ]
INFO: [ view_end ] --START--
INFO: ShowPageTrace Behavior ::run [ RunTime:0.000664s ]
INFO: [ view_end ] --END-- [ RunTime:0.000719s ]

[ 2015-05-21T15:51:19+08:00 ] 0.0.0.0 /hello/index.php/send
INFO: [ route_check ] --START--
INFO: CheckRoute Behavior ::run [ RunTime:0.006042s ]
INFO: [ route_check ] --END-- [ RunTime:0.006196s ]
INFO: [ app_begin ] --START--
INFO: ReadHtmlCache Behavior ::run [ RunTime:0.000378s ]
INFO: [ app_begin ] --END-- [ RunTime:0.000458s ]
INFO: [ view_parse ] --START--
INFO: ParseTemplate Behavior ::run [ RunTime:0.006934s ]
INFO: [ view_parse ] --END-- [ RunTime:0.007016s ]
INFO: [ view_filter ] --START--
INFO: ContentReplace Behavior ::run [ RunTime:0.000235s ]
INFO: TokenBuild Behavior ::run [ RunTime:0.000247s ]
INFO: WriteHtmlCache Behavior ::run [ RunTime:0.000135s ]
INFO: ShowRuntime Behavior ::run [ RunTime:0.000336s ]
INFO: [ view_filter ] --END-- [ RunTime:0.001088s ]
INFO: [ view_end ] --START--
INFO: ShowPageTrace Behavior ::run [ RunTime:0.000413s ]
INFO: [ view_end ] --END-- [ RunTime:0.000461s ]

[ 2015-05-21T16:09:34+08:00 ] 0.0.0.0 /hello/index.php
INFO: [ app_begin ] --START--
INFO: ReadHtmlCache Behavior ::run [ RunTime:0.000717s ]
INFO: [ app_begin ] --END-- [ RunTime:0.000853s ]
INFO: [ view_parse ] --START--
NOTIC: [2] Missing argument 2 for TagLib::parseXmlAttr(), called in /Library/WebServer/Documents/hello/Index/Modules/Index/TagLib/TagLibYeni.class.php on line 15 and defined /Library/WebServer/Documents/hello/ThinkPHP/Lib/Template/TagLib.class.php 第 80 行.
NOTIC: [8] Undefined variable: tag /Library/WebServer/Documents/hello/ThinkPHP/Lib/Template/TagLib.class.php 第 91 行.
NOTIC: [8] Undefined index:  /Library/WebServer/Documents/hello/ThinkPHP/Lib/Template/TagLib.class.php 第 91 行.
NOTIC: [8] Undefined variable: tag /Library/WebServer/Documents/hello/ThinkPHP/Lib/Template/TagLib.class.php 第 92 行.
SQL: SHOW COLUMNS FROM `hd_cate` [ RunTime:0.001435s ]
SQL: SELECT * FROM `hd_cate` ORDER BY sort ASC  [ RunTime:0.000381s ]
INFO: ParseTemplate Behavior ::run [ RunTime:0.038110s ]
INFO: [ view_parse ] --END-- [ RunTime:0.038195s ]
INFO: [ view_filter ] --START--
INFO: ContentReplace Behavior ::run [ RunTime:0.006597s ]
INFO: TokenBuild Behavior ::run [ RunTime:0.006341s ]
INFO: WriteHtmlCache Behavior ::run [ RunTime:0.000519s ]
INFO: ShowRuntime Behavior ::run [ RunTime:0.000521s ]
INFO: [ view_filter ] --END-- [ RunTime:0.014180s ]
INFO: [ view_end ] --START--
INFO: ShowPageTrace Behavior ::run [ RunTime:0.000634s ]
INFO: [ view_end ] --END-- [ RunTime:0.000687s ]

[ 2015-05-21T16:10:09+08:00 ] 0.0.0.0 /hello/
INFO: [ app_begin ] --START--
INFO: ReadHtmlCache Behavior ::run [ RunTime:0.000631s ]
INFO: [ app_begin ] --END-- [ RunTime:0.000821s ]
INFO: [ view_parse ] --START--
NOTIC: [2] Missing argument 2 for TagLib::parseXmlAttr(), called in /Library/WebServer/Documents/hello/Index/Modules/Index/TagLib/TagLibYeni.class.php on line 15 and defined /Library/WebServer/Documents/hello/ThinkPHP/Lib/Template/TagLib.class.php 第 80 行.
NOTIC: [8] Undefined variable: tag /Library/WebServer/Documents/hello/ThinkPHP/Lib/Template/TagLib.class.php 第 91 行.
NOTIC: [8] Undefined index:  /Library/WebServer/Documents/hello/ThinkPHP/Lib/Template/TagLib.class.php 第 91 行.
NOTIC: [8] Undefined variable: tag /Library/WebServer/Documents/hello/ThinkPHP/Lib/Template/TagLib.class.php 第 92 行.
SQL: SHOW COLUMNS FROM `hd_cate` [ RunTime:0.001102s ]
SQL: SELECT * FROM `hd_cate` ORDER BY sort ASC  [ RunTime:0.000370s ]
INFO: ParseTemplate Behavior ::run [ RunTime:0.019054s ]
INFO: [ view_parse ] --END-- [ RunTime:0.019149s ]
INFO: [ view_filter ] --START--
INFO: ContentReplace Behavior ::run [ RunTime:0.000480s ]
INFO: TokenBuild Behavior ::run [ RunTime:0.000367s ]
INFO: WriteHtmlCache Behavior ::run [ RunTime:0.000226s ]
INFO: ShowRuntime Behavior ::run [ RunTime:0.000521s ]
INFO: [ view_filter ] --END-- [ RunTime:0.001808s ]
INFO: [ view_end ] --START--
INFO: ShowPageTrace Behavior ::run [ RunTime:0.000598s ]
INFO: [ view_end ] --END-- [ RunTime:0.000663s ]

[ 2015-05-21T16:10:16+08:00 ] 0.0.0.0 /hello/
INFO: [ app_begin ] --START--
INFO: ReadHtmlCache Behavior ::run [ RunTime:0.000410s ]
INFO: [ app_begin ] --END-- [ RunTime:0.000537s ]
INFO: [ view_parse ] --START--
NOTIC: [2] Missing argument 2 for TagLib::parseXmlAttr(), called in /Library/WebServer/Documents/hello/Index/Modules/Index/TagLib/TagLibYeni.class.php on line 15 and defined /Library/WebServer/Documents/hello/ThinkPHP/Lib/Template/TagLib.class.php 第 80 行.
NOTIC: [8] Undefined variable: tag /Library/WebServer/Documents/hello/ThinkPHP/Lib/Template/TagLib.class.php 第 91 行.
NOTIC: [8] Undefined index:  /Library/WebServer/Documents/hello/ThinkPHP/Lib/Template/TagLib.class.php 第 91 行.
NOTIC: [8] Undefined variable: tag /Library/WebServer/Documents/hello/ThinkPHP/Lib/Template/TagLib.class.php 第 92 行.
SQL: SHOW COLUMNS FROM `hd_cate` [ RunTime:0.001469s ]
SQL: SELECT * FROM `hd_cate` ORDER BY sort ASC  [ RunTime:0.000422s ]
INFO: ParseTemplate Behavior ::run [ RunTime:0.020063s ]
INFO: [ view_parse ] --END-- [ RunTime:0.020156s ]
INFO: [ view_filter ] --START--
INFO: ContentReplace Behavior ::run [ RunTime:0.000565s ]
INFO: TokenBuild Behavior ::run [ RunTime:0.000270s ]
INFO: WriteHtmlCache Behavior ::run [ RunTime:0.000140s ]
INFO: ShowRuntime Behavior ::run [ RunTime:0.000373s ]
INFO: [ view_filter ] --END-- [ RunTime:0.001515s ]
INFO: [ view_end ] --START--
INFO: ShowPageTrace Behavior ::run [ RunTime:0.000463s ]
INFO: [ view_end ] --END-- [ RunTime:0.000519s ]

[ 2015-05-21T16:10:22+08:00 ] 0.0.0.0 /hello/
INFO: [ app_begin ] --START--
INFO: ReadHtmlCache Behavior ::run [ RunTime:0.000301s ]
INFO: [ app_begin ] --END-- [ RunTime:0.000353s ]
INFO: [ view_parse ] --START--
NOTIC: [2] Missing argument 2 for TagLib::parseXmlAttr(), called in /Library/WebServer/Documents/hello/Index/Modules/Index/TagLib/TagLibYeni.class.php on line 15 and defined /Library/WebServer/Documents/hello/ThinkPHP/Lib/Template/TagLib.class.php 第 80 行.
NOTIC: [8] Undefined variable: tag /Library/WebServer/Documents/hello/ThinkPHP/Lib/Template/TagLib.class.php 第 91 行.
NOTIC: [8] Undefined index:  /Library/WebServer/Documents/hello/ThinkPHP/Lib/Template/TagLib.class.php 第 91 行.
NOTIC: [8] Undefined variable: tag /Library/WebServer/Documents/hello/ThinkPHP/Lib/Template/TagLib.class.php 第 92 行.
SQL: SHOW COLUMNS FROM `hd_cate` [ RunTime:0.001730s ]
SQL: SELECT * FROM `hd_cate` ORDER BY sort ASC  [ RunTime:0.000449s ]
INFO: ParseTemplate Behavior ::run [ RunTime:0.019989s ]
INFO: [ view_parse ] --END-- [ RunTime:0.020130s ]
INFO: [ view_filter ] --START--
INFO: ContentReplace Behavior ::run [ RunTime:0.000358s ]
INFO: TokenBuild Behavior ::run [ RunTime:0.000223s ]
INFO: WriteHtmlCache Behavior ::run [ RunTime:0.000144s ]
INFO: ShowRuntime Behavior ::run [ RunTime:0.000413s ]
INFO: [ view_filter ] --END-- [ RunTime:0.001296s ]
INFO: [ view_end ] --START--
INFO: ShowPageTrace Behavior ::run [ RunTime:0.000634s ]
INFO: [ view_end ] --END-- [ RunTime:0.000704s ]

[ 2015-05-21T16:10:26+08:00 ] 0.0.0.0 /hello/
INFO: [ app_begin ] --START--
INFO: ReadHtmlCache Behavior ::run [ RunTime:0.000438s ]
INFO: [ app_begin ] --END-- [ RunTime:0.000516s ]
INFO: [ view_parse ] --START--
NOTIC: [2] Missing argument 2 for TagLib::parseXmlAttr(), called in /Library/WebServer/Documents/hello/Index/Modules/Index/TagLib/TagLibYeni.class.php on line 15 and defined /Library/WebServer/Documents/hello/ThinkPHP/Lib/Template/TagLib.class.php 第 80 行.
NOTIC: [8] Undefined variable: tag /Library/WebServer/Documents/hello/ThinkPHP/Lib/Template/TagLib.class.php 第 91 行.
NOTIC: [8] Undefined index:  /Library/WebServer/Documents/hello/ThinkPHP/Lib/Template/TagLib.class.php 第 91 行.
NOTIC: [8] Undefined variable: tag /Library/WebServer/Documents/hello/ThinkPHP/Lib/Template/TagLib.class.php 第 92 行.
SQL: SHOW COLUMNS FROM `hd_cate` [ RunTime:0.001133s ]
SQL: SELECT * FROM `hd_cate` ORDER BY sort ASC  [ RunTime:0.000340s ]
INFO: ParseTemplate Behavior ::run [ RunTime:0.019589s ]
INFO: [ view_parse ] --END-- [ RunTime:0.019636s ]
INFO: [ view_filter ] --START--
INFO: ContentReplace Behavior ::run [ RunTime:0.000226s ]
INFO: TokenBuild Behavior ::run [ RunTime:0.000196s ]
INFO: WriteHtmlCache Behavior ::run [ RunTime:0.000126s ]
INFO: ShowRuntime Behavior ::run [ RunTime:0.000231s ]
INFO: [ view_filter ] --END-- [ RunTime:0.000882s ]
INFO: [ view_end ] --START--
INFO: ShowPageTrace Behavior ::run [ RunTime:0.000324s ]
INFO: [ view_end ] --END-- [ RunTime:0.000357s ]

[ 2015-05-21T16:10:34+08:00 ] 0.0.0.0 /hello/
INFO: [ app_begin ] --START--
INFO: ReadHtmlCache Behavior ::run [ RunTime:0.000282s ]
INFO: [ app_begin ] --END-- [ RunTime:0.000335s ]
INFO: [ view_parse ] --START--
NOTIC: [2] Missing argument 2 for TagLib::parseXmlAttr(), called in /Library/WebServer/Documents/hello/Index/Modules/Index/TagLib/TagLibYeni.class.php on line 15 and defined /Library/WebServer/Documents/hello/ThinkPHP/Lib/Template/TagLib.class.php 第 80 行.
NOTIC: [8] Undefined variable: tag /Library/WebServer/Documents/hello/ThinkPHP/Lib/Template/TagLib.class.php 第 91 行.
NOTIC: [8] Undefined index:  /Library/WebServer/Documents/hello/ThinkPHP/Lib/Template/TagLib.class.php 第 91 行.
NOTIC: [8] Undefined variable: tag /Library/WebServer/Documents/hello/ThinkPHP/Lib/Template/TagLib.class.php 第 92 行.
SQL: SHOW COLUMNS FROM `hd_cate` [ RunTime:0.001220s ]
SQL: SELECT * FROM `hd_cate` ORDER BY sort ASC  [ RunTime:0.000376s ]
INFO: ParseTemplate Behavior ::run [ RunTime:0.021523s ]
INFO: [ view_parse ] --END-- [ RunTime:0.021575s ]
INFO: [ view_filter ] --START--
INFO: ContentReplace Behavior ::run [ RunTime:0.000284s ]
INFO: TokenBuild Behavior ::run [ RunTime:0.000223s ]
INFO: WriteHtmlCache Behavior ::run [ RunTime:0.000140s ]
INFO: ShowRuntime Behavior ::run [ RunTime:0.000255s ]
INFO: [ view_filter ] --END-- [ RunTime:0.001013s ]
INFO: [ view_end ] --START--
INFO: ShowPageTrace Behavior ::run [ RunTime:0.000353s ]
INFO: [ view_end ] --END-- [ RunTime:0.000387s ]

[ 2015-05-21T16:10:49+08:00 ] 0.0.0.0 /hello/
INFO: [ app_begin ] --START--
INFO: ReadHtmlCache Behavior ::run [ RunTime:0.000423s ]
INFO: [ app_begin ] --END-- [ RunTime:0.000552s ]
INFO: [ view_parse ] --START--
NOTIC: [2] Missing argument 2 for TagLib::parseXmlAttr(), called in /Library/WebServer/Documents/hello/Index/Modules/Index/TagLib/TagLibYeni.class.php on line 15 and defined /Library/WebServer/Documents/hello/ThinkPHP/Lib/Template/TagLib.class.php 第 80 行.
NOTIC: [8] Undefined variable: tag /Library/WebServer/Documents/hello/ThinkPHP/Lib/Template/TagLib.class.php 第 91 行.
NOTIC: [8] Undefined index:  /Library/WebServer/Documents/hello/ThinkPHP/Lib/Template/TagLib.class.php 第 91 行.
NOTIC: [8] Undefined variable: tag /Library/WebServer/Documents/hello/ThinkPHP/Lib/Template/TagLib.class.php 第 92 行.
SQL: SHOW COLUMNS FROM `hd_cate` [ RunTime:0.001059s ]
SQL: SELECT * FROM `hd_cate` ORDER BY sort ASC  [ RunTime:0.000354s ]
INFO: ParseTemplate Behavior ::run [ RunTime:0.018190s ]
INFO: [ view_parse ] --END-- [ RunTime:0.018257s ]
INFO: [ view_filter ] --START--
INFO: ContentReplace Behavior ::run [ RunTime:0.000328s ]
INFO: TokenBuild Behavior ::run [ RunTime:0.000237s ]
INFO: WriteHtmlCache Behavior ::run [ RunTime:0.000139s ]
INFO: ShowRuntime Behavior ::run [ RunTime:0.000332s ]
INFO: [ view_filter ] --END-- [ RunTime:0.001174s ]
INFO: [ view_end ] --START--
INFO: ShowPageTrace Behavior ::run [ RunTime:0.000725s ]
INFO: [ view_end ] --END-- [ RunTime:0.000863s ]

[ 2015-05-21T16:13:49+08:00 ] 0.0.0.0 /hello/index.php
INFO: [ app_begin ] --START--
INFO: ReadHtmlCache Behavior ::run [ RunTime:0.000599s ]
INFO: [ app_begin ] --END-- [ RunTime:0.000774s ]
INFO: [ view_parse ] --START--
NOTIC: [2] Missing argument 2 for TagLib::parseXmlAttr(), called in /Library/WebServer/Documents/hello/Index/Modules/Index/TagLib/TagLibYeni.class.php on line 15 and defined /Library/WebServer/Documents/hello/ThinkPHP/Lib/Template/TagLib.class.php 第 80 行.
NOTIC: [8] Undefined variable: tag /Library/WebServer/Documents/hello/ThinkPHP/Lib/Template/TagLib.class.php 第 91 行.
NOTIC: [8] Undefined index:  /Library/WebServer/Documents/hello/ThinkPHP/Lib/Template/TagLib.class.php 第 91 行.
NOTIC: [8] Undefined variable: tag /Library/WebServer/Documents/hello/ThinkPHP/Lib/Template/TagLib.class.php 第 92 行.
SQL: SHOW COLUMNS FROM `hd_cate` [ RunTime:0.001072s ]
SQL: SELECT * FROM `hd_cate` ORDER BY sort ASC  [ RunTime:0.000465s ]
INFO: ParseTemplate Behavior ::run [ RunTime:0.019220s ]
INFO: [ view_parse ] --END-- [ RunTime:0.019300s ]
INFO: [ view_filter ] --START--
INFO: ContentReplace Behavior ::run [ RunTime:0.000344s ]
INFO: TokenBuild Behavior ::run [ RunTime:0.000319s ]
INFO: WriteHtmlCache Behavior ::run [ RunTime:0.000156s ]
INFO: ShowRuntime Behavior ::run [ RunTime:0.000308s ]
INFO: [ view_filter ] --END-- [ RunTime:0.001309s ]
INFO: [ view_end ] --START--
INFO: ShowPageTrace Behavior ::run [ RunTime:0.000462s ]
INFO: [ view_end ] --END-- [ RunTime:0.000514s ]

[ 2015-05-21T16:47:47+08:00 ] 0.0.0.0 /hello/index.php/c_6.html
INFO: [ route_check ] --START--
INFO: CheckRoute Behavior ::run [ RunTime:0.007948s ]
INFO: [ route_check ] --END-- [ RunTime:0.008188s ]
INFO: [ app_begin ] --START--
INFO: ReadHtmlCache Behavior ::run [ RunTime:0.000847s ]
INFO: [ app_begin ] --END-- [ RunTime:0.001222s ]
SQL: SHOW COLUMNS FROM `hd_cate` [ RunTime:0.001080s ]
NOTIC: [8] Use of undefined constant sort - assumed 'sort' /Library/WebServer/Documents/hello/Index/Modules/Index/Action/blogAction.class.php 第 10 行.
SQL: SELECT * FROM `hd_cate` ORDER BY sort  [ RunTime:0.000317s ]
SQL: SHOW COLUMNS FROM `hd_blog` [ RunTime:0.001533s ]
SQL: SELECT COUNT(*) AS tp_count FROM `hd_blog` WHERE ( `cid` IN ('9','10','11',6) ) LIMIT 1   [ RunTime:0.008997s ]
SQL: SELECT blog.id AS id,blog.title AS title,blog.time AS time,blog.click AS click,blog.summary AS summary,cate.name AS name FROM hd_blog blog LEFT JOIN hd_cate cate ON blog.cid = cate.id WHERE ( `cid` IN ('9','10','11',6) ) LIMIT 0,6   [ RunTime:0.004301s ]
INFO: [ view_parse ] --START--
NOTIC: [2] Missing argument 2 for TagLib::parseXmlAttr(), called in /Library/WebServer/Documents/hello/Index/Modules/Index/TagLib/TagLibYeni.class.php on line 15 and defined /Library/WebServer/Documents/hello/ThinkPHP/Lib/Template/TagLib.class.php 第 80 行.
NOTIC: [8] Undefined variable: tag /Library/WebServer/Documents/hello/ThinkPHP/Lib/Template/TagLib.class.php 第 91 行.
NOTIC: [8] Undefined index:  /Library/WebServer/Documents/hello/ThinkPHP/Lib/Template/TagLib.class.php 第 91 行.
NOTIC: [8] Undefined variable: tag /Library/WebServer/Documents/hello/ThinkPHP/Lib/Template/TagLib.class.php 第 92 行.
SQL: SELECT * FROM `hd_cate` ORDER BY sort ASC  [ RunTime:0.000740s ]
SQL: SELECT `id`,`title`,`click` FROM `hd_blog` ORDER BY click DESC LIMIT 4   [ RunTime:0.000366s ]
SQL: SELECT `id`,`title`,`click` FROM `hd_blog` ORDER BY time DESC LIMIT 5   [ RunTime:0.000394s ]
INFO: ParseTemplate Behavior ::run [ RunTime:0.036735s ]
INFO: [ view_parse ] --END-- [ RunTime:0.036835s ]
INFO: [ view_filter ] --START--
INFO: ContentReplace Behavior ::run [ RunTime:0.000353s ]
INFO: TokenBuild Behavior ::run [ RunTime:0.000210s ]
INFO: WriteHtmlCache Behavior ::run [ RunTime:0.000145s ]
INFO: ShowRuntime Behavior ::run [ RunTime:0.000306s ]
INFO: [ view_filter ] --END-- [ RunTime:0.001116s ]
INFO: [ view_end ] --START--
INFO: ShowPageTrace Behavior ::run [ RunTime:0.000376s ]
INFO: [ view_end ] --END-- [ RunTime:0.000437s ]

[ 2015-05-21T16:47:47+08:00 ] 0.0.0.0 /hello/index.php/c_6.html
INFO: [ route_check ] --START--
INFO: CheckRoute Behavior ::run [ RunTime:0.000584s ]
INFO: [ route_check ] --END-- [ RunTime:0.000648s ]
INFO: [ app_begin ] --START--
INFO: ReadHtmlCache Behavior ::run [ RunTime:0.000327s ]
INFO: [ app_begin ] --END-- [ RunTime:0.000374s ]
SQL: SHOW COLUMNS FROM `hd_cate` [ RunTime:0.001086s ]
NOTIC: [8] Use of undefined constant sort - assumed 'sort' /Library/WebServer/Documents/hello/Index/Modules/Index/Action/blogAction.class.php 第 10 行.
SQL: SELECT * FROM `hd_cate` ORDER BY sort  [ RunTime:0.000286s ]
SQL: SHOW COLUMNS FROM `hd_blog` [ RunTime:0.001046s ]
SQL: SELECT COUNT(*) AS tp_count FROM `hd_blog` WHERE ( `cid` IN ('9','10','11',6) ) LIMIT 1   [ RunTime:0.000229s ]
SQL: SELECT blog.id AS id,blog.title AS title,blog.time AS time,blog.click AS click,blog.summary AS summary,cate.name AS name FROM hd_blog blog LEFT JOIN hd_cate cate ON blog.cid = cate.id WHERE ( `cid` IN ('9','10','11',6) ) LIMIT 0,6   [ RunTime:0.000374s ]
INFO: [ view_parse ] --START--
NOTIC: [2] Missing argument 2 for TagLib::parseXmlAttr(), called in /Library/WebServer/Documents/hello/Index/Modules/Index/TagLib/TagLibYeni.class.php on line 15 and defined /Library/WebServer/Documents/hello/ThinkPHP/Lib/Template/TagLib.class.php 第 80 行.
NOTIC: [8] Undefined variable: tag /Library/WebServer/Documents/hello/ThinkPHP/Lib/Template/TagLib.class.php 第 91 行.
NOTIC: [8] Undefined index:  /Library/WebServer/Documents/hello/ThinkPHP/Lib/Template/TagLib.class.php 第 91 行.
NOTIC: [8] Undefined variable: tag /Library/WebServer/Documents/hello/ThinkPHP/Lib/Template/TagLib.class.php 第 92 行.
SQL: SELECT * FROM `hd_cate` ORDER BY sort ASC  [ RunTime:0.000399s ]
SQL: SELECT `id`,`title`,`click` FROM `hd_blog` ORDER BY click DESC LIMIT 4   [ RunTime:0.000270s ]
SQL: SELECT `id`,`title`,`click` FROM `hd_blog` ORDER BY time DESC LIMIT 5   [ RunTime:0.000414s ]
INFO: ParseTemplate Behavior ::run [ RunTime:0.032064s ]
INFO: [ view_parse ] --END-- [ RunTime:0.032134s ]
INFO: [ view_filter ] --START--
INFO: ContentReplace Behavior ::run [ RunTime:0.000392s ]
INFO: TokenBuild Behavior ::run [ RunTime:0.000207s ]
INFO: WriteHtmlCache Behavior ::run [ RunTime:0.000126s ]
INFO: ShowRuntime Behavior ::run [ RunTime:0.000272s ]
INFO: [ view_filter ] --END-- [ RunTime:0.001101s ]
INFO: [ view_end ] --START--
INFO: ShowPageTrace Behavior ::run [ RunTime:0.000388s ]
INFO: [ view_end ] --END-- [ RunTime:0.000449s ]

[ 2015-05-21T16:50:45+08:00 ] 0.0.0.0 /hello/index.php/c_6.html
INFO: [ route_check ] --START--
INFO: CheckRoute Behavior ::run [ RunTime:0.000895s ]
INFO: [ route_check ] --END-- [ RunTime:0.000998s ]
INFO: [ app_begin ] --START--
INFO: ReadHtmlCache Behavior ::run [ RunTime:0.000329s ]
INFO: [ app_begin ] --END-- [ RunTime:0.000378s ]
SQL: SHOW COLUMNS FROM `hd_cate` [ RunTime:0.001154s ]
NOTIC: [8] Use of undefined constant sort - assumed 'sort' /Library/WebServer/Documents/hello/Index/Modules/Index/Action/blogAction.class.php 第 10 行.
SQL: SELECT * FROM `hd_cate` ORDER BY sort  [ RunTime:0.000346s ]
SQL: SHOW COLUMNS FROM `hd_blog` [ RunTime:0.001595s ]
SQL: SELECT COUNT(*) AS tp_count FROM `hd_blog` WHERE ( `cid` IN ('9','10','11',6) ) LIMIT 1   [ RunTime:0.000274s ]
SQL: SELECT blog.id AS id,blog.title AS title,blog.time AS time,blog.click AS click,blog.summary AS summary,cate.name AS name FROM hd_blog blog LEFT JOIN hd_cate cate ON blog.cid = cate.id WHERE ( `cid` IN ('9','10','11',6) ) LIMIT 0,6   [ RunTime:0.000433s ]
INFO: [ view_parse ] --START--
NOTIC: [2] Missing argument 2 for TagLib::parseXmlAttr(), called in /Library/WebServer/Documents/hello/Index/Modules/Index/TagLib/TagLibYeni.class.php on line 15 and defined /Library/WebServer/Documents/hello/ThinkPHP/Lib/Template/TagLib.class.php 第 80 行.
NOTIC: [8] Undefined variable: tag /Library/WebServer/Documents/hello/ThinkPHP/Lib/Template/TagLib.class.php 第 91 行.
NOTIC: [8] Undefined index:  /Library/WebServer/Documents/hello/ThinkPHP/Lib/Template/TagLib.class.php 第 91 行.
NOTIC: [8] Undefined variable: tag /Library/WebServer/Documents/hello/ThinkPHP/Lib/Template/TagLib.class.php 第 92 行.
SQL: SELECT * FROM `hd_cate` ORDER BY sort ASC  [ RunTime:0.000409s ]
SQL: SELECT `id`,`title`,`click` FROM `hd_blog` ORDER BY click DESC LIMIT 4   [ RunTime:0.000272s ]
SQL: SELECT `id`,`title`,`click` FROM `hd_blog` ORDER BY time DESC LIMIT 5   [ RunTime:0.000407s ]
INFO: ParseTemplate Behavior ::run [ RunTime:0.025381s ]
INFO: [ view_parse ] --END-- [ RunTime:0.025435s ]
INFO: [ view_filter ] --START--
INFO: ContentReplace Behavior ::run [ RunTime:0.000282s ]
INFO: TokenBuild Behavior ::run [ RunTime:0.000202s ]
INFO: WriteHtmlCache Behavior ::run [ RunTime:0.000123s ]
INFO: ShowRuntime Behavior ::run [ RunTime:0.000247s ]
INFO: [ view_filter ] --END-- [ RunTime:0.000954s ]
INFO: [ view_end ] --START--
INFO: ShowPageTrace Behavior ::run [ RunTime:0.000516s ]
INFO: [ view_end ] --END-- [ RunTime:0.000589s ]

[ 2015-05-21T16:50:51+08:00 ] 0.0.0.0 /hello/index.php/24.html
INFO: [ route_check ] --START--
INFO: CheckRoute Behavior ::run [ RunTime:0.000979s ]
INFO: [ route_check ] --END-- [ RunTime:0.001079s ]
INFO: [ app_begin ] --START--
INFO: ReadHtmlCache Behavior ::run [ RunTime:0.000543s ]
INFO: [ app_begin ] --END-- [ RunTime:0.000627s ]
SQL: SHOW COLUMNS FROM `hd_blog` [ RunTime:0.002400s ]
SQL: SELECT `title`,`time`,`content`,`cid` FROM `hd_blog` WHERE ( `id` = 24 ) LIMIT 1   [ RunTime:0.001813s ]
INFO: [ view_parse ] --START--
NOTIC: [2] Missing argument 2 for TagLib::parseXmlAttr(), called in /Library/WebServer/Documents/hello/Index/Modules/Index/TagLib/TagLibYeni.class.php on line 15 and defined /Library/WebServer/Documents/hello/ThinkPHP/Lib/Template/TagLib.class.php 第 80 行.
NOTIC: [8] Undefined variable: tag /Library/WebServer/Documents/hello/ThinkPHP/Lib/Template/TagLib.class.php 第 91 行.
NOTIC: [8] Undefined index:  /Library/WebServer/Documents/hello/ThinkPHP/Lib/Template/TagLib.class.php 第 91 行.
NOTIC: [8] Undefined variable: tag /Library/WebServer/Documents/hello/ThinkPHP/Lib/Template/TagLib.class.php 第 92 行.
SQL: SHOW COLUMNS FROM `hd_cate` [ RunTime:0.001412s ]
SQL: SELECT * FROM `hd_cate` ORDER BY sort ASC  [ RunTime:0.000315s ]
NOTIC: [8] Undefined index: id /Library/WebServer/Documents/hello/Index/Runtime/Cache/Index/0cf5e6e53a3d17af19ad892a59c1fe31.php 第 112 行.
NOTIC: [8] Undefined index: title /Library/WebServer/Documents/hello/Index/Runtime/Cache/Index/0cf5e6e53a3d17af19ad892a59c1fe31.php 第 112 行.
SQL: SELECT `id`,`title`,`click` FROM `hd_blog` ORDER BY click DESC LIMIT 4   [ RunTime:0.000369s ]
SQL: SELECT `id`,`title`,`click` FROM `hd_blog` ORDER BY time DESC LIMIT 5   [ RunTime:0.000449s ]
INFO: ParseTemplate Behavior ::run [ RunTime:0.050065s ]
INFO: [ view_parse ] --END-- [ RunTime:0.050127s ]
INFO: [ view_filter ] --START--
INFO: ContentReplace Behavior ::run [ RunTime:0.000740s ]
INFO: TokenBuild Behavior ::run [ RunTime:0.000277s ]
INFO: WriteHtmlCache Behavior ::run [ RunTime:0.000149s ]
INFO: ShowRuntime Behavior ::run [ RunTime:0.000295s ]
INFO: [ view_filter ] --END-- [ RunTime:0.001578s ]
INFO: [ view_end ] --START--
INFO: ShowPageTrace Behavior ::run [ RunTime:0.000604s ]
INFO: [ view_end ] --END-- [ RunTime:0.000691s ]

[ 2015-05-21T16:52:10+08:00 ] 0.0.0.0 /hello/index.php/c_6.html
INFO: [ route_check ] --START--
INFO: CheckRoute Behavior ::run [ RunTime:0.000538s ]
INFO: [ route_check ] --END-- [ RunTime:0.000594s ]
INFO: [ app_begin ] --START--
INFO: ReadHtmlCache Behavior ::run [ RunTime:0.000275s ]
INFO: [ app_begin ] --END-- [ RunTime:0.000317s ]
SQL: SHOW COLUMNS FROM `hd_cate` [ RunTime:0.001052s ]
NOTIC: [8] Use of undefined constant sort - assumed 'sort' /Library/WebServer/Documents/hello/Index/Modules/Index/Action/blogAction.class.php 第 10 行.
SQL: SELECT * FROM `hd_cate` ORDER BY sort  [ RunTime:0.000299s ]
SQL: SHOW COLUMNS FROM `hd_blog` [ RunTime:0.000998s ]
SQL: SELECT COUNT(*) AS tp_count FROM `hd_blog` WHERE ( `cid` IN ('9','10','11',6) ) LIMIT 1   [ RunTime:0.000242s ]
SQL: SELECT blog.id AS id,blog.title AS title,blog.time AS time,blog.click AS click,blog.summary AS summary,cate.name AS name FROM hd_blog blog LEFT JOIN hd_cate cate ON blog.cid = cate.id WHERE ( `cid` IN ('9','10','11',6) ) LIMIT 0,6   [ RunTime:0.000367s ]
INFO: [ view_parse ] --START--
NOTIC: [2] Missing argument 2 for TagLib::parseXmlAttr(), called in /Library/WebServer/Documents/hello/Index/Modules/Index/TagLib/TagLibYeni.class.php on line 15 and defined /Library/WebServer/Documents/hello/ThinkPHP/Lib/Template/TagLib.class.php 第 80 行.
NOTIC: [8] Undefined variable: tag /Library/WebServer/Documents/hello/ThinkPHP/Lib/Template/TagLib.class.php 第 91 行.
NOTIC: [8] Undefined index:  /Library/WebServer/Documents/hello/ThinkPHP/Lib/Template/TagLib.class.php 第 91 行.
NOTIC: [8] Undefined variable: tag /Library/WebServer/Documents/hello/ThinkPHP/Lib/Template/TagLib.class.php 第 92 行.
SQL: SELECT * FROM `hd_cate` ORDER BY sort ASC  [ RunTime:0.000417s ]
SQL: SELECT `id`,`title`,`click` FROM `hd_blog` ORDER BY click DESC LIMIT 4   [ RunTime:0.000299s ]
SQL: SELECT `id`,`title`,`click` FROM `hd_blog` ORDER BY time DESC LIMIT 5   [ RunTime:0.000320s ]
INFO: ParseTemplate Behavior ::run [ RunTime:0.033179s ]
INFO: [ view_parse ] --END-- [ RunTime:0.033227s ]
INFO: [ view_filter ] --START--
INFO: ContentReplace Behavior ::run [ RunTime:0.000296s ]
INFO: TokenBuild Behavior ::run [ RunTime:0.000199s ]
INFO: WriteHtmlCache Behavior ::run [ RunTime:0.000123s ]
INFO: ShowRuntime Behavior ::run [ RunTime:0.000244s ]
INFO: [ view_filter ] --END-- [ RunTime:0.000962s ]
INFO: [ view_end ] --START--
INFO: ShowPageTrace Behavior ::run [ RunTime:0.000389s ]
INFO: [ view_end ] --END-- [ RunTime:0.000473s ]

[ 2015-05-21T16:52:14+08:00 ] 0.0.0.0 /hello/index.php/24.html
INFO: [ route_check ] --START--
INFO: CheckRoute Behavior ::run [ RunTime:0.001632s ]
INFO: [ route_check ] --END-- [ RunTime:0.001736s ]
INFO: [ app_begin ] --START--
INFO: ReadHtmlCache Behavior ::run [ RunTime:0.000455s ]
INFO: [ app_begin ] --END-- [ RunTime:0.000523s ]
SQL: SHOW COLUMNS FROM `hd_blog` [ RunTime:0.002078s ]
SQL: SELECT `title`,`time`,`content`,`cid` FROM `hd_blog` WHERE ( `id` = 24 ) LIMIT 1   [ RunTime:0.000512s ]
INFO: [ view_parse ] --START--
NOTIC: [2] Missing argument 2 for TagLib::parseXmlAttr(), called in /Library/WebServer/Documents/hello/Index/Modules/Index/TagLib/TagLibYeni.class.php on line 15 and defined /Library/WebServer/Documents/hello/ThinkPHP/Lib/Template/TagLib.class.php 第 80 行.
NOTIC: [8] Undefined variable: tag /Library/WebServer/Documents/hello/ThinkPHP/Lib/Template/TagLib.class.php 第 91 行.
NOTIC: [8] Undefined index:  /Library/WebServer/Documents/hello/ThinkPHP/Lib/Template/TagLib.class.php 第 91 行.
NOTIC: [8] Undefined variable: tag /Library/WebServer/Documents/hello/ThinkPHP/Lib/Template/TagLib.class.php 第 92 行.
SQL: SHOW COLUMNS FROM `hd_cate` [ RunTime:0.001285s ]
SQL: SELECT * FROM `hd_cate` ORDER BY sort ASC  [ RunTime:0.000303s ]
NOTIC: [8] Undefined index: id /Library/WebServer/Documents/hello/Index/Runtime/Cache/Index/0cf5e6e53a3d17af19ad892a59c1fe31.php 第 108 行.
NOTIC: [8] Undefined index: title /Library/WebServer/Documents/hello/Index/Runtime/Cache/Index/0cf5e6e53a3d17af19ad892a59c1fe31.php 第 108 行.
SQL: SELECT `id`,`title`,`click` FROM `hd_blog` ORDER BY click DESC LIMIT 4   [ RunTime:0.000277s ]
SQL: SELECT `id`,`title`,`click` FROM `hd_blog` ORDER BY time DESC LIMIT 5   [ RunTime:0.000402s ]
INFO: ParseTemplate Behavior ::run [ RunTime:0.034537s ]
INFO: [ view_parse ] --END-- [ RunTime:0.034608s ]
INFO: [ view_filter ] --START--
INFO: ContentReplace Behavior ::run [ RunTime:0.000509s ]
INFO: TokenBuild Behavior ::run [ RunTime:0.000252s ]
INFO: WriteHtmlCache Behavior ::run [ RunTime:0.000136s ]
INFO: ShowRuntime Behavior ::run [ RunTime:0.000267s ]
INFO: [ view_filter ] --END-- [ RunTime:0.001277s ]
INFO: [ view_end ] --START--
INFO: ShowPageTrace Behavior ::run [ RunTime:0.000499s ]
INFO: [ view_end ] --END-- [ RunTime:0.000586s ]

[ 2015-05-21T16:52:18+08:00 ] 0.0.0.0 /hello/index.php
INFO: [ app_begin ] --START--
INFO: ReadHtmlCache Behavior ::run [ RunTime:0.000282s ]
INFO: [ app_begin ] --END-- [ RunTime:0.000336s ]
INFO: [ view_parse ] --START--
NOTIC: [2] Missing argument 2 for TagLib::parseXmlAttr(), called in /Library/WebServer/Documents/hello/Index/Modules/Index/TagLib/TagLibYeni.class.php on line 15 and defined /Library/WebServer/Documents/hello/ThinkPHP/Lib/Template/TagLib.class.php 第 80 行.
NOTIC: [8] Undefined variable: tag /Library/WebServer/Documents/hello/ThinkPHP/Lib/Template/TagLib.class.php 第 91 行.
NOTIC: [8] Undefined index:  /Library/WebServer/Documents/hello/ThinkPHP/Lib/Template/TagLib.class.php 第 91 行.
NOTIC: [8] Undefined variable: tag /Library/WebServer/Documents/hello/ThinkPHP/Lib/Template/TagLib.class.php 第 92 行.
SQL: SHOW COLUMNS FROM `hd_cate` [ RunTime:0.001023s ]
SQL: SELECT * FROM `hd_cate` ORDER BY sort ASC  [ RunTime:0.000269s ]
INFO: ParseTemplate Behavior ::run [ RunTime:0.020748s ]
INFO: [ view_parse ] --END-- [ RunTime:0.020816s ]
INFO: [ view_filter ] --START--
INFO: ContentReplace Behavior ::run [ RunTime:0.000221s ]
INFO: TokenBuild Behavior ::run [ RunTime:0.000194s ]
INFO: WriteHtmlCache Behavior ::run [ RunTime:0.000125s ]
INFO: ShowRuntime Behavior ::run [ RunTime:0.000229s ]
INFO: [ view_filter ] --END-- [ RunTime:0.000869s ]
INFO: [ view_end ] --START--
INFO: ShowPageTrace Behavior ::run [ RunTime:0.000364s ]
INFO: [ view_end ] --END-- [ RunTime:0.000400s ]

[ 2015-05-21T16:53:09+08:00 ] 0.0.0.0 /hello/index.php/c_6.html
INFO: [ route_check ] --START--
INFO: CheckRoute Behavior ::run [ RunTime:0.000508s ]
INFO: [ route_check ] --END-- [ RunTime:0.000567s ]
INFO: [ app_begin ] --START--
INFO: ReadHtmlCache Behavior ::run [ RunTime:0.000283s ]
INFO: [ app_begin ] --END-- [ RunTime:0.000325s ]
SQL: SHOW COLUMNS FROM `hd_cate` [ RunTime:0.001099s ]
NOTIC: [8] Use of undefined constant sort - assumed 'sort' /Library/WebServer/Documents/hello/Index/Modules/Index/Action/blogAction.class.php 第 10 行.
SQL: SELECT * FROM `hd_cate` ORDER BY sort  [ RunTime:0.000669s ]
SQL: SHOW COLUMNS FROM `hd_blog` [ RunTime:0.001311s ]
SQL: SELECT COUNT(*) AS tp_count FROM `hd_blog` WHERE ( `cid` IN ('9','10','11',6) ) LIMIT 1   [ RunTime:0.000283s ]
SQL: SELECT blog.id AS id,blog.title AS title,blog.time AS time,blog.click AS click,blog.summary AS summary,cate.name AS name FROM hd_blog blog LEFT JOIN hd_cate cate ON blog.cid = cate.id WHERE ( `cid` IN ('9','10','11',6) ) LIMIT 0,6   [ RunTime:0.000460s ]
INFO: [ view_parse ] --START--
NOTIC: [2] Missing argument 2 for TagLib::parseXmlAttr(), called in /Library/WebServer/Documents/hello/Index/Modules/Index/TagLib/TagLibYeni.class.php on line 15 and defined /Library/WebServer/Documents/hello/ThinkPHP/Lib/Template/TagLib.class.php 第 80 行.
NOTIC: [8] Undefined variable: tag /Library/WebServer/Documents/hello/ThinkPHP/Lib/Template/TagLib.class.php 第 91 行.
NOTIC: [8] Undefined index:  /Library/WebServer/Documents/hello/ThinkPHP/Lib/Template/TagLib.class.php 第 91 行.
NOTIC: [8] Undefined variable: tag /Library/WebServer/Documents/hello/ThinkPHP/Lib/Template/TagLib.class.php 第 92 行.
SQL: SELECT * FROM `hd_cate` ORDER BY sort ASC  [ RunTime:0.000428s ]
SQL: SELECT `id`,`title`,`click` FROM `hd_blog` ORDER BY click DESC LIMIT 4   [ RunTime:0.000314s ]
SQL: SELECT `id`,`title`,`click` FROM `hd_blog` ORDER BY time DESC LIMIT 5   [ RunTime:0.000406s ]
INFO: ParseTemplate Behavior ::run [ RunTime:0.026064s ]
INFO: [ view_parse ] --END-- [ RunTime:0.026116s ]
INFO: [ view_filter ] --START--
INFO: ContentReplace Behavior ::run [ RunTime:0.000245s ]
INFO: TokenBuild Behavior ::run [ RunTime:0.000209s ]
INFO: WriteHtmlCache Behavior ::run [ RunTime:0.000131s ]
INFO: ShowRuntime Behavior ::run [ RunTime:0.000241s ]
INFO: [ view_filter ] --END-- [ RunTime:0.000924s ]
INFO: [ view_end ] --START--
INFO: ShowPageTrace Behavior ::run [ RunTime:0.000539s ]
INFO: [ view_end ] --END-- [ RunTime:0.000620s ]

[ 2015-05-21T17:02:31+08:00 ] 0.0.0.0 /hello/index.php/contact
INFO: [ route_check ] --START--
INFO: CheckRoute Behavior ::run [ RunTime:0.000775s ]
INFO: [ route_check ] --END-- [ RunTime:0.000842s ]
INFO: [ app_begin ] --START--
INFO: ReadHtmlCache Behavior ::run [ RunTime:0.000582s ]
INFO: [ app_begin ] --END-- [ RunTime:0.000625s ]
INFO: [ view_parse ] --START--
INFO: ParseTemplate Behavior ::run [ RunTime:0.008967s ]
INFO: [ view_parse ] --END-- [ RunTime:0.009024s ]
INFO: [ view_filter ] --START--
INFO: ContentReplace Behavior ::run [ RunTime:0.000426s ]
INFO: TokenBuild Behavior ::run [ RunTime:0.000385s ]
INFO: WriteHtmlCache Behavior ::run [ RunTime:0.000316s ]
INFO: ShowRuntime Behavior ::run [ RunTime:0.000395s ]
INFO: [ view_filter ] --END-- [ RunTime:0.001642s ]
INFO: [ view_end ] --START--
INFO: ShowPageTrace Behavior ::run [ RunTime:0.000621s ]
INFO: [ view_end ] --END-- [ RunTime:0.000674s ]

