[ 2015-05-19T15:35:20+08:00 ] 0.0.0.0 /hello/index.php/c_6.html
INFO: [ route_check ] --START--
INFO: CheckRoute Behavior ::run [ RunTime:0.001166s ]
INFO: [ route_check ] --END-- [ RunTime:0.003526s ]
INFO: [ app_begin ] --START--
INFO: ReadHtmlCache Behavior ::run [ RunTime:0.000755s ]
INFO: [ app_begin ] --END-- [ RunTime:0.000846s ]
SQL: SHOW COLUMNS FROM `hd_cate` [ RunTime:0.017813s ]
NOTIC: [8] Use of undefined constant sort - assumed 'sort' /Library/WebServer/Documents/hello/Index/Modules/Index/Action/blogAction.class.php 第 10 行.
SQL: SELECT * FROM `hd_cate` ORDER BY sort  [ RunTime:0.010662s ]
SQL: SHOW COLUMNS FROM `hd_blog` [ RunTime:0.001556s ]
SQL: SELECT COUNT(*) AS tp_count FROM `hd_blog` WHERE ( `cid` IN ('9','10','11',6) ) LIMIT 1   [ RunTime:0.003742s ]
SQL: SELECT blog.id AS id,blog.title AS title,blog.time AS time,blog.click AS click,blog.summary AS summary,cate.name AS name FROM hd_blog blog LEFT JOIN hd_cate cate ON blog.cid = cate.id WHERE ( `cid` IN ('9','10','11',6) ) LIMIT 0,6   [ RunTime:0.000900s ]
INFO: [ view_parse ] --START--
NOTIC: [2] Missing argument 2 for TagLib::parseXmlAttr(), called in /Library/WebServer/Documents/hello/Index/Modules/Index/TagLib/TagLibYeni.class.php on line 15 and defined /Library/WebServer/Documents/hello/ThinkPHP/Lib/Template/TagLib.class.php 第 80 行.
NOTIC: [8] Undefined variable: tag /Library/WebServer/Documents/hello/ThinkPHP/Lib/Template/TagLib.class.php 第 91 行.
NOTIC: [8] Undefined index:  /Library/WebServer/Documents/hello/ThinkPHP/Lib/Template/TagLib.class.php 第 91 行.
NOTIC: [8] Undefined variable: tag /Library/WebServer/Documents/hello/ThinkPHP/Lib/Template/TagLib.class.php 第 92 行.
SQL: SELECT * FROM `hd_cate` ORDER BY sort ASC  [ RunTime:0.000427s ]
SQL: SELECT `id`,`title`,`click` FROM `hd_blog` ORDER BY click DESC LIMIT 4   [ RunTime:0.000377s ]
SQL: SELECT `id`,`title`,`click` FROM `hd_blog` ORDER BY time DESC LIMIT 5   [ RunTime:0.000374s ]
INFO: ParseTemplate Behavior ::run [ RunTime:0.024019s ]
INFO: [ view_parse ] --END-- [ RunTime:0.024091s ]
INFO: [ view_filter ] --START--
INFO: ContentReplace Behavior ::run [ RunTime:0.000564s ]
INFO: TokenBuild Behavior ::run [ RunTime:0.000420s ]
INFO: WriteHtmlCache Behavior ::run [ RunTime:0.000357s ]
INFO: ShowRuntime Behavior ::run [ RunTime:0.000582s ]
INFO: [ view_filter ] --END-- [ RunTime:0.002050s ]
INFO: [ view_end ] --START--
INFO: ShowPageTrace Behavior ::run [ RunTime:0.000662s ]
INFO: [ view_end ] --END-- [ RunTime:0.000735s ]

[ 2015-05-19T15:35:29+08:00 ] 0.0.0.0 /hello/
INFO: [ app_begin ] --START--
INFO: ReadHtmlCache Behavior ::run [ RunTime:0.000393s ]
INFO: [ app_begin ] --END-- [ RunTime:0.000536s ]
INFO: [ view_parse ] --START--
NOTIC: [2] Missing argument 2 for TagLib::parseXmlAttr(), called in /Library/WebServer/Documents/hello/Index/Modules/Index/TagLib/TagLibYeni.class.php on line 15 and defined /Library/WebServer/Documents/hello/ThinkPHP/Lib/Template/TagLib.class.php 第 80 行.
NOTIC: [8] Undefined variable: tag /Library/WebServer/Documents/hello/ThinkPHP/Lib/Template/TagLib.class.php 第 91 行.
NOTIC: [8] Undefined index:  /Library/WebServer/Documents/hello/ThinkPHP/Lib/Template/TagLib.class.php 第 91 行.
NOTIC: [8] Undefined variable: tag /Library/WebServer/Documents/hello/ThinkPHP/Lib/Template/TagLib.class.php 第 92 行.
SQL: SHOW COLUMNS FROM `hd_cate` [ RunTime:0.001172s ]
SQL: SELECT * FROM `hd_cate` ORDER BY sort ASC  [ RunTime:0.000381s ]
INFO: ParseTemplate Behavior ::run [ RunTime:0.019772s ]
INFO: [ view_parse ] --END-- [ RunTime:0.019865s ]
INFO: [ view_filter ] --START--
INFO: ContentReplace Behavior ::run [ RunTime:0.000300s ]
INFO: TokenBuild Behavior ::run [ RunTime:0.000202s ]
INFO: WriteHtmlCache Behavior ::run [ RunTime:0.000126s ]
INFO: ShowRuntime Behavior ::run [ RunTime:0.000320s ]
INFO: [ view_filter ] --END-- [ RunTime:0.001084s ]
INFO: [ view_end ] --START--
INFO: ShowPageTrace Behavior ::run [ RunTime:0.000405s ]
INFO: [ view_end ] --END-- [ RunTime:0.000449s ]

[ 2015-05-19T15:35:54+08:00 ] 0.0.0.0 /hello/index.php
INFO: [ app_begin ] --START--
INFO: ReadHtmlCache Behavior ::run [ RunTime:0.000514s ]
INFO: [ app_begin ] --END-- [ RunTime:0.000697s ]
INFO: [ view_parse ] --START--
NOTIC: [2] Missing argument 2 for TagLib::parseXmlAttr(), called in /Library/WebServer/Documents/hello/Index/Modules/Index/TagLib/TagLibYeni.class.php on line 15 and defined /Library/WebServer/Documents/hello/ThinkPHP/Lib/Template/TagLib.class.php 第 80 行.
NOTIC: [8] Undefined variable: tag /Library/WebServer/Documents/hello/ThinkPHP/Lib/Template/TagLib.class.php 第 91 行.
NOTIC: [8] Undefined index:  /Library/WebServer/Documents/hello/ThinkPHP/Lib/Template/TagLib.class.php 第 91 行.
NOTIC: [8] Undefined variable: tag /Library/WebServer/Documents/hello/ThinkPHP/Lib/Template/TagLib.class.php 第 92 行.
SQL: SHOW COLUMNS FROM `hd_cate` [ RunTime:0.001667s ]
SQL: SELECT * FROM `hd_cate` ORDER BY sort ASC  [ RunTime:0.000513s ]
INFO: ParseTemplate Behavior ::run [ RunTime:0.037863s ]
INFO: [ view_parse ] --END-- [ RunTime:0.037981s ]
INFO: [ view_filter ] --START--
INFO: ContentReplace Behavior ::run [ RunTime:0.000473s ]
INFO: TokenBuild Behavior ::run [ RunTime:0.000365s ]
INFO: WriteHtmlCache Behavior ::run [ RunTime:0.000217s ]
INFO: ShowRuntime Behavior ::run [ RunTime:0.000522s ]
INFO: [ view_filter ] --END-- [ RunTime:0.001806s ]
INFO: [ view_end ] --START--
INFO: ShowPageTrace Behavior ::run [ RunTime:0.000730s ]
INFO: [ view_end ] --END-- [ RunTime:0.000829s ]

[ 2015-05-19T15:35:56+08:00 ] 0.0.0.0 /hello/index.php/c_6.html
INFO: [ route_check ] --START--
INFO: CheckRoute Behavior ::run [ RunTime:0.000949s ]
INFO: [ route_check ] --END-- [ RunTime:0.001062s ]
INFO: [ app_begin ] --START--
INFO: ReadHtmlCache Behavior ::run [ RunTime:0.000497s ]
INFO: [ app_begin ] --END-- [ RunTime:0.000579s ]
SQL: SHOW COLUMNS FROM `hd_cate` [ RunTime:0.002834s ]
NOTIC: [8] Use of undefined constant sort - assumed 'sort' /Library/WebServer/Documents/hello/Index/Modules/Index/Action/blogAction.class.php 第 10 行.
SQL: SELECT * FROM `hd_cate` ORDER BY sort  [ RunTime:0.000495s ]
SQL: SHOW COLUMNS FROM `hd_blog` [ RunTime:0.003572s ]
SQL: SELECT COUNT(*) AS tp_count FROM `hd_blog` WHERE ( `cid` IN ('9','10','11',6) ) LIMIT 1   [ RunTime:0.000420s ]
SQL: SELECT blog.id AS id,blog.title AS title,blog.time AS time,blog.click AS click,blog.summary AS summary,cate.name AS name FROM hd_blog blog LEFT JOIN hd_cate cate ON blog.cid = cate.id WHERE ( `cid` IN ('9','10','11',6) ) LIMIT 0,6   [ RunTime:0.000458s ]
INFO: [ view_parse ] --START--
NOTIC: [2] Missing argument 2 for TagLib::parseXmlAttr(), called in /Library/WebServer/Documents/hello/Index/Modules/Index/TagLib/TagLibYeni.class.php on line 15 and defined /Library/WebServer/Documents/hello/ThinkPHP/Lib/Template/TagLib.class.php 第 80 行.
NOTIC: [8] Undefined variable: tag /Library/WebServer/Documents/hello/ThinkPHP/Lib/Template/TagLib.class.php 第 91 行.
NOTIC: [8] Undefined index:  /Library/WebServer/Documents/hello/ThinkPHP/Lib/Template/TagLib.class.php 第 91 行.
NOTIC: [8] Undefined variable: tag /Library/WebServer/Documents/hello/ThinkPHP/Lib/Template/TagLib.class.php 第 92 行.
SQL: SELECT * FROM `hd_cate` ORDER BY sort ASC  [ RunTime:0.000397s ]
SQL: SELECT `id`,`title`,`click` FROM `hd_blog` ORDER BY click DESC LIMIT 4   [ RunTime:0.000310s ]
SQL: SELECT `id`,`title`,`click` FROM `hd_blog` ORDER BY time DESC LIMIT 5   [ RunTime:0.000412s ]
INFO: ParseTemplate Behavior ::run [ RunTime:0.024513s ]
INFO: [ view_parse ] --END-- [ RunTime:0.024565s ]
INFO: [ view_filter ] --START--
INFO: ContentReplace Behavior ::run [ RunTime:0.000268s ]
INFO: TokenBuild Behavior ::run [ RunTime:0.000201s ]
INFO: WriteHtmlCache Behavior ::run [ RunTime:0.000126s ]
INFO: ShowRuntime Behavior ::run [ RunTime:0.000233s ]
INFO: [ view_filter ] --END-- [ RunTime:0.000926s ]
INFO: [ view_end ] --START--
INFO: ShowPageTrace Behavior ::run [ RunTime:0.000492s ]
INFO: [ view_end ] --END-- [ RunTime:0.000553s ]

[ 2015-05-19T15:35:58+08:00 ] 0.0.0.0 /hello/index.php
INFO: [ app_begin ] --START--
INFO: ReadHtmlCache Behavior ::run [ RunTime:0.000288s ]
INFO: [ app_begin ] --END-- [ RunTime:0.000341s ]
INFO: [ view_parse ] --START--
NOTIC: [2] Missing argument 2 for TagLib::parseXmlAttr(), called in /Library/WebServer/Documents/hello/Index/Modules/Index/TagLib/TagLibYeni.class.php on line 15 and defined /Library/WebServer/Documents/hello/ThinkPHP/Lib/Template/TagLib.class.php 第 80 行.
NOTIC: [8] Undefined variable: tag /Library/WebServer/Documents/hello/ThinkPHP/Lib/Template/TagLib.class.php 第 91 行.
NOTIC: [8] Undefined index:  /Library/WebServer/Documents/hello/ThinkPHP/Lib/Template/TagLib.class.php 第 91 行.
NOTIC: [8] Undefined variable: tag /Library/WebServer/Documents/hello/ThinkPHP/Lib/Template/TagLib.class.php 第 92 行.
SQL: SHOW COLUMNS FROM `hd_cate` [ RunTime:0.000997s ]
SQL: SELECT * FROM `hd_cate` ORDER BY sort ASC  [ RunTime:0.000276s ]
INFO: ParseTemplate Behavior ::run [ RunTime:0.013215s ]
INFO: [ view_parse ] --END-- [ RunTime:0.013259s ]
INFO: [ view_filter ] --START--
INFO: ContentReplace Behavior ::run [ RunTime:0.000241s ]
INFO: TokenBuild Behavior ::run [ RunTime:0.000196s ]
INFO: WriteHtmlCache Behavior ::run [ RunTime:0.000127s ]
INFO: ShowRuntime Behavior ::run [ RunTime:0.000232s ]
INFO: [ view_filter ] --END-- [ RunTime:0.000898s ]
INFO: [ view_end ] --START--
INFO: ShowPageTrace Behavior ::run [ RunTime:0.000324s ]
INFO: [ view_end ] --END-- [ RunTime:0.000356s ]

[ 2015-05-19T15:35:59+08:00 ] 0.0.0.0 /hello/index.php/c_6.html
INFO: [ route_check ] --START--
INFO: CheckRoute Behavior ::run [ RunTime:0.000574s ]
INFO: [ route_check ] --END-- [ RunTime:0.000662s ]
INFO: [ app_begin ] --START--
INFO: ReadHtmlCache Behavior ::run [ RunTime:0.000356s ]
INFO: [ app_begin ] --END-- [ RunTime:0.000406s ]
SQL: SHOW COLUMNS FROM `hd_cate` [ RunTime:0.002609s ]
NOTIC: [8] Use of undefined constant sort - assumed 'sort' /Library/WebServer/Documents/hello/Index/Modules/Index/Action/blogAction.class.php 第 10 行.
SQL: SELECT * FROM `hd_cate` ORDER BY sort  [ RunTime:0.000326s ]
SQL: SHOW COLUMNS FROM `hd_blog` [ RunTime:0.001222s ]
SQL: SELECT COUNT(*) AS tp_count FROM `hd_blog` WHERE ( `cid` IN ('9','10','11',6) ) LIMIT 1   [ RunTime:0.000335s ]
SQL: SELECT blog.id AS id,blog.title AS title,blog.time AS time,blog.click AS click,blog.summary AS summary,cate.name AS name FROM hd_blog blog LEFT JOIN hd_cate cate ON blog.cid = cate.id WHERE ( `cid` IN ('9','10','11',6) ) LIMIT 0,6   [ RunTime:0.000720s ]
INFO: [ view_parse ] --START--
NOTIC: [2] Missing argument 2 for TagLib::parseXmlAttr(), called in /Library/WebServer/Documents/hello/Index/Modules/Index/TagLib/TagLibYeni.class.php on line 15 and defined /Library/WebServer/Documents/hello/ThinkPHP/Lib/Template/TagLib.class.php 第 80 行.
NOTIC: [8] Undefined variable: tag /Library/WebServer/Documents/hello/ThinkPHP/Lib/Template/TagLib.class.php 第 91 行.
NOTIC: [8] Undefined index:  /Library/WebServer/Documents/hello/ThinkPHP/Lib/Template/TagLib.class.php 第 91 行.
NOTIC: [8] Undefined variable: tag /Library/WebServer/Documents/hello/ThinkPHP/Lib/Template/TagLib.class.php 第 92 行.
SQL: SELECT * FROM `hd_cate` ORDER BY sort ASC  [ RunTime:0.000470s ]
SQL: SELECT `id`,`title`,`click` FROM `hd_blog` ORDER BY click DESC LIMIT 4   [ RunTime:0.000446s ]
SQL: SELECT `id`,`title`,`click` FROM `hd_blog` ORDER BY time DESC LIMIT 5   [ RunTime:0.000357s ]
INFO: ParseTemplate Behavior ::run [ RunTime:0.025605s ]
INFO: [ view_parse ] --END-- [ RunTime:0.025678s ]
INFO: [ view_filter ] --START--
INFO: ContentReplace Behavior ::run [ RunTime:0.000229s ]
INFO: TokenBuild Behavior ::run [ RunTime:0.000198s ]
INFO: WriteHtmlCache Behavior ::run [ RunTime:0.000125s ]
INFO: ShowRuntime Behavior ::run [ RunTime:0.000230s ]
INFO: [ view_filter ] --END-- [ RunTime:0.000879s ]
INFO: [ view_end ] --START--
INFO: ShowPageTrace Behavior ::run [ RunTime:0.000489s ]
INFO: [ view_end ] --END-- [ RunTime:0.000561s ]

[ 2015-05-19T15:36:02+08:00 ] 0.0.0.0 /hello/index.php
INFO: [ app_begin ] --START--
INFO: ReadHtmlCache Behavior ::run [ RunTime:0.000288s ]
INFO: [ app_begin ] --END-- [ RunTime:0.000343s ]
INFO: [ view_parse ] --START--
NOTIC: [2] Missing argument 2 for TagLib::parseXmlAttr(), called in /Library/WebServer/Documents/hello/Index/Modules/Index/TagLib/TagLibYeni.class.php on line 15 and defined /Library/WebServer/Documents/hello/ThinkPHP/Lib/Template/TagLib.class.php 第 80 行.
NOTIC: [8] Undefined variable: tag /Library/WebServer/Documents/hello/ThinkPHP/Lib/Template/TagLib.class.php 第 91 行.
NOTIC: [8] Undefined index:  /Library/WebServer/Documents/hello/ThinkPHP/Lib/Template/TagLib.class.php 第 91 行.
NOTIC: [8] Undefined variable: tag /Library/WebServer/Documents/hello/ThinkPHP/Lib/Template/TagLib.class.php 第 92 行.
SQL: SHOW COLUMNS FROM `hd_cate` [ RunTime:0.089609s ]
SQL: SELECT * FROM `hd_cate` ORDER BY sort ASC  [ RunTime:0.000402s ]
INFO: ParseTemplate Behavior ::run [ RunTime:0.106130s ]
INFO: [ view_parse ] --END-- [ RunTime:0.106193s ]
INFO: [ view_filter ] --START--
INFO: ContentReplace Behavior ::run [ RunTime:0.000350s ]
INFO: TokenBuild Behavior ::run [ RunTime:0.000322s ]
INFO: WriteHtmlCache Behavior ::run [ RunTime:0.000227s ]
INFO: ShowRuntime Behavior ::run [ RunTime:0.000423s ]
INFO: [ view_filter ] --END-- [ RunTime:0.001494s ]
INFO: [ view_end ] --START--
INFO: ShowPageTrace Behavior ::run [ RunTime:0.000632s ]
INFO: [ view_end ] --END-- [ RunTime:0.000709s ]

[ 2015-05-19T16:37:38+08:00 ] 0.0.0.0 /hello/index.php/c_5.html
INFO: [ route_check ] --START--
INFO: CheckRoute Behavior ::run [ RunTime:0.000541s ]
INFO: [ route_check ] --END-- [ RunTime:0.000597s ]
INFO: [ app_begin ] --START--
INFO: ReadHtmlCache Behavior ::run [ RunTime:0.000297s ]
INFO: [ app_begin ] --END-- [ RunTime:0.000339s ]
SQL: SHOW COLUMNS FROM `hd_cate` [ RunTime:0.002081s ]
NOTIC: [8] Use of undefined constant sort - assumed 'sort' /Library/WebServer/Documents/hello/Index/Modules/Index/Action/blogAction.class.php 第 10 行.
SQL: SELECT * FROM `hd_cate` ORDER BY sort  [ RunTime:0.000326s ]
SQL: SHOW COLUMNS FROM `hd_blog` [ RunTime:0.001035s ]
SQL: SELECT COUNT(*) AS tp_count FROM `hd_blog` WHERE ( `cid` IN ('15','17','18','19',5) ) LIMIT 1   [ RunTime:0.000263s ]
SQL: SELECT blog.id AS id,blog.title AS title,blog.time AS time,blog.click AS click,blog.summary AS summary,cate.name AS name FROM hd_blog blog LEFT JOIN hd_cate cate ON blog.cid = cate.id WHERE ( `cid` IN ('15','17','18','19',5) ) LIMIT 0,6   [ RunTime:0.000440s ]
INFO: [ view_parse ] --START--
NOTIC: [2] Missing argument 2 for TagLib::parseXmlAttr(), called in /Library/WebServer/Documents/hello/Index/Modules/Index/TagLib/TagLibYeni.class.php on line 15 and defined /Library/WebServer/Documents/hello/ThinkPHP/Lib/Template/TagLib.class.php 第 80 行.
NOTIC: [8] Undefined variable: tag /Library/WebServer/Documents/hello/ThinkPHP/Lib/Template/TagLib.class.php 第 91 行.
NOTIC: [8] Undefined index:  /Library/WebServer/Documents/hello/ThinkPHP/Lib/Template/TagLib.class.php 第 91 行.
NOTIC: [8] Undefined variable: tag /Library/WebServer/Documents/hello/ThinkPHP/Lib/Template/TagLib.class.php 第 92 行.
SQL: SELECT * FROM `hd_cate` ORDER BY sort ASC  [ RunTime:0.000714s ]
SQL: SELECT `id`,`title`,`click` FROM `hd_blog` ORDER BY click DESC LIMIT 4   [ RunTime:0.000389s ]
SQL: SELECT `id`,`title`,`click` FROM `hd_blog` ORDER BY time DESC LIMIT 5   [ RunTime:0.000391s ]
INFO: ParseTemplate Behavior ::run [ RunTime:0.028369s ]
INFO: [ view_parse ] --END-- [ RunTime:0.028427s ]
INFO: [ view_filter ] --START--
INFO: ContentReplace Behavior ::run [ RunTime:0.000336s ]
INFO: TokenBuild Behavior ::run [ RunTime:0.000207s ]
INFO: WriteHtmlCache Behavior ::run [ RunTime:0.000129s ]
INFO: ShowRuntime Behavior ::run [ RunTime:0.000250s ]
INFO: [ view_filter ] --END-- [ RunTime:0.001021s ]
INFO: [ view_end ] --START--
INFO: ShowPageTrace Behavior ::run [ RunTime:0.001622s ]
INFO: [ view_end ] --END-- [ RunTime:0.001737s ]

[ 2015-05-19T16:37:41+08:00 ] 0.0.0.0 /hello/index.php/send
INFO: [ route_check ] --START--
INFO: CheckRoute Behavior ::run [ RunTime:0.000454s ]
INFO: [ route_check ] --END-- [ RunTime:0.000521s ]
INFO: [ app_begin ] --START--
INFO: ReadHtmlCache Behavior ::run [ RunTime:0.000272s ]
INFO: [ app_begin ] --END-- [ RunTime:0.000314s ]
INFO: [ view_parse ] --START--
INFO: ParseTemplate Behavior ::run [ RunTime:0.013787s ]
INFO: [ view_parse ] --END-- [ RunTime:0.013866s ]
INFO: [ view_filter ] --START--
INFO: ContentReplace Behavior ::run [ RunTime:0.000245s ]
INFO: TokenBuild Behavior ::run [ RunTime:0.000210s ]
INFO: WriteHtmlCache Behavior ::run [ RunTime:0.000135s ]
INFO: ShowRuntime Behavior ::run [ RunTime:0.000239s ]
INFO: [ view_filter ] --END-- [ RunTime:0.000937s ]
INFO: [ view_end ] --START--
INFO: ShowPageTrace Behavior ::run [ RunTime:0.000324s ]
INFO: [ view_end ] --END-- [ RunTime:0.000357s ]

[ 2015-05-19T16:37:58+08:00 ] 0.0.0.0 /hello/index.php/c_6.html
INFO: [ route_check ] --START--
INFO: CheckRoute Behavior ::run [ RunTime:0.000719s ]
INFO: [ route_check ] --END-- [ RunTime:0.000843s ]
INFO: [ app_begin ] --START--
INFO: ReadHtmlCache Behavior ::run [ RunTime:0.000363s ]
INFO: [ app_begin ] --END-- [ RunTime:0.000439s ]
SQL: SHOW COLUMNS FROM `hd_cate` [ RunTime:0.001190s ]
NOTIC: [8] Use of undefined constant sort - assumed 'sort' /Library/WebServer/Documents/hello/Index/Modules/Index/Action/blogAction.class.php 第 10 行.
SQL: SELECT * FROM `hd_cate` ORDER BY sort  [ RunTime:0.000311s ]
SQL: SHOW COLUMNS FROM `hd_blog` [ RunTime:0.001314s ]
SQL: SELECT COUNT(*) AS tp_count FROM `hd_blog` WHERE ( `cid` IN ('9','10','11',6) ) LIMIT 1   [ RunTime:0.000281s ]
SQL: SELECT blog.id AS id,blog.title AS title,blog.time AS time,blog.click AS click,blog.summary AS summary,cate.name AS name FROM hd_blog blog LEFT JOIN hd_cate cate ON blog.cid = cate.id WHERE ( `cid` IN ('9','10','11',6) ) LIMIT 0,6   [ RunTime:0.000425s ]
INFO: [ view_parse ] --START--
NOTIC: [2] Missing argument 2 for TagLib::parseXmlAttr(), called in /Library/WebServer/Documents/hello/Index/Modules/Index/TagLib/TagLibYeni.class.php on line 15 and defined /Library/WebServer/Documents/hello/ThinkPHP/Lib/Template/TagLib.class.php 第 80 行.
NOTIC: [8] Undefined variable: tag /Library/WebServer/Documents/hello/ThinkPHP/Lib/Template/TagLib.class.php 第 91 行.
NOTIC: [8] Undefined index:  /Library/WebServer/Documents/hello/ThinkPHP/Lib/Template/TagLib.class.php 第 91 行.
NOTIC: [8] Undefined variable: tag /Library/WebServer/Documents/hello/ThinkPHP/Lib/Template/TagLib.class.php 第 92 行.
SQL: SELECT * FROM `hd_cate` ORDER BY sort ASC  [ RunTime:0.000496s ]
SQL: SELECT `id`,`title`,`click` FROM `hd_blog` ORDER BY click DESC LIMIT 4   [ RunTime:0.000294s ]
SQL: SELECT `id`,`title`,`click` FROM `hd_blog` ORDER BY time DESC LIMIT 5   [ RunTime:0.001751s ]
INFO: ParseTemplate Behavior ::run [ RunTime:0.033304s ]
INFO: [ view_parse ] --END-- [ RunTime:0.033384s ]
INFO: [ view_filter ] --START--
INFO: ContentReplace Behavior ::run [ RunTime:0.000388s ]
INFO: TokenBuild Behavior ::run [ RunTime:0.000206s ]
INFO: WriteHtmlCache Behavior ::run [ RunTime:0.000125s ]
INFO: ShowRuntime Behavior ::run [ RunTime:0.000289s ]
INFO: [ view_filter ] --END-- [ RunTime:0.001116s ]
INFO: [ view_end ] --START--
INFO: ShowPageTrace Behavior ::run [ RunTime:0.000539s ]
INFO: [ view_end ] --END-- [ RunTime:0.000622s ]

[ 2015-05-19T16:38:06+08:00 ] 0.0.0.0 /hello/index.php/c_5.html
INFO: [ route_check ] --START--
INFO: CheckRoute Behavior ::run [ RunTime:0.000525s ]
INFO: [ route_check ] --END-- [ RunTime:0.000593s ]
INFO: [ app_begin ] --START--
INFO: ReadHtmlCache Behavior ::run [ RunTime:0.000278s ]
INFO: [ app_begin ] --END-- [ RunTime:0.000321s ]
SQL: SHOW COLUMNS FROM `hd_cate` [ RunTime:0.001057s ]
NOTIC: [8] Use of undefined constant sort - assumed 'sort' /Library/WebServer/Documents/hello/Index/Modules/Index/Action/blogAction.class.php 第 10 行.
SQL: SELECT * FROM `hd_cate` ORDER BY sort  [ RunTime:0.000320s ]
SQL: SHOW COLUMNS FROM `hd_blog` [ RunTime:0.001067s ]
SQL: SELECT COUNT(*) AS tp_count FROM `hd_blog` WHERE ( `cid` IN ('15','17','18','19',5) ) LIMIT 1   [ RunTime:0.000236s ]
SQL: SELECT blog.id AS id,blog.title AS title,blog.time AS time,blog.click AS click,blog.summary AS summary,cate.name AS name FROM hd_blog blog LEFT JOIN hd_cate cate ON blog.cid = cate.id WHERE ( `cid` IN ('15','17','18','19',5) ) LIMIT 0,6   [ RunTime:0.000431s ]
INFO: [ view_parse ] --START--
NOTIC: [2] Missing argument 2 for TagLib::parseXmlAttr(), called in /Library/WebServer/Documents/hello/Index/Modules/Index/TagLib/TagLibYeni.class.php on line 15 and defined /Library/WebServer/Documents/hello/ThinkPHP/Lib/Template/TagLib.class.php 第 80 行.
NOTIC: [8] Undefined variable: tag /Library/WebServer/Documents/hello/ThinkPHP/Lib/Template/TagLib.class.php 第 91 行.
NOTIC: [8] Undefined index:  /Library/WebServer/Documents/hello/ThinkPHP/Lib/Template/TagLib.class.php 第 91 行.
NOTIC: [8] Undefined variable: tag /Library/WebServer/Documents/hello/ThinkPHP/Lib/Template/TagLib.class.php 第 92 行.
SQL: SELECT * FROM `hd_cate` ORDER BY sort ASC  [ RunTime:0.000732s ]
SQL: SELECT `id`,`title`,`click` FROM `hd_blog` ORDER BY click DESC LIMIT 4   [ RunTime:0.000302s ]
SQL: SELECT `id`,`title`,`click` FROM `hd_blog` ORDER BY time DESC LIMIT 5   [ RunTime:0.000408s ]
INFO: ParseTemplate Behavior ::run [ RunTime:0.026245s ]
INFO: [ view_parse ] --END-- [ RunTime:0.026292s ]
INFO: [ view_filter ] --START--
INFO: ContentReplace Behavior ::run [ RunTime:0.000297s ]
INFO: TokenBuild Behavior ::run [ RunTime:0.000202s ]
INFO: WriteHtmlCache Behavior ::run [ RunTime:0.000124s ]
INFO: ShowRuntime Behavior ::run [ RunTime:0.000269s ]
INFO: [ view_filter ] --END-- [ RunTime:0.000993s ]
INFO: [ view_end ] --START--
INFO: ShowPageTrace Behavior ::run [ RunTime:0.000406s ]
INFO: [ view_end ] --END-- [ RunTime:0.000468s ]

[ 2015-05-19T16:38:09+08:00 ] 0.0.0.0 /hello/index.php/27.html
INFO: [ route_check ] --START--
INFO: CheckRoute Behavior ::run [ RunTime:0.001569s ]
INFO: [ route_check ] --END-- [ RunTime:0.001695s ]
INFO: [ app_begin ] --START--
INFO: ReadHtmlCache Behavior ::run [ RunTime:0.000474s ]
INFO: [ app_begin ] --END-- [ RunTime:0.000545s ]
SQL: SHOW COLUMNS FROM `hd_blog` [ RunTime:0.001560s ]
SQL: SELECT `title`,`time`,`content`,`cid` FROM `hd_blog` WHERE ( `id` = 27 ) LIMIT 1   [ RunTime:0.006168s ]
INFO: [ view_parse ] --START--
NOTIC: [2] Missing argument 2 for TagLib::parseXmlAttr(), called in /Library/WebServer/Documents/hello/Index/Modules/Index/TagLib/TagLibYeni.class.php on line 15 and defined /Library/WebServer/Documents/hello/ThinkPHP/Lib/Template/TagLib.class.php 第 80 行.
NOTIC: [8] Undefined variable: tag /Library/WebServer/Documents/hello/ThinkPHP/Lib/Template/TagLib.class.php 第 91 行.
NOTIC: [8] Undefined index:  /Library/WebServer/Documents/hello/ThinkPHP/Lib/Template/TagLib.class.php 第 91 行.
NOTIC: [8] Undefined variable: tag /Library/WebServer/Documents/hello/ThinkPHP/Lib/Template/TagLib.class.php 第 92 行.
SQL: SHOW COLUMNS FROM `hd_cate` [ RunTime:0.001318s ]
SQL: SELECT * FROM `hd_cate` ORDER BY sort ASC  [ RunTime:0.000436s ]
NOTIC: [8] Undefined index: id /Library/WebServer/Documents/hello/Index/Runtime/Cache/Index/0cf5e6e53a3d17af19ad892a59c1fe31.php 第 112 行.
NOTIC: [8] Undefined index: title /Library/WebServer/Documents/hello/Index/Runtime/Cache/Index/0cf5e6e53a3d17af19ad892a59c1fe31.php 第 112 行.
SQL: SELECT `id`,`title`,`click` FROM `hd_blog` ORDER BY click DESC LIMIT 4   [ RunTime:0.000335s ]
SQL: SELECT `id`,`title`,`click` FROM `hd_blog` ORDER BY time DESC LIMIT 5   [ RunTime:0.000394s ]
INFO: ParseTemplate Behavior ::run [ RunTime:0.040719s ]
INFO: [ view_parse ] --END-- [ RunTime:0.040795s ]
INFO: [ view_filter ] --START--
INFO: ContentReplace Behavior ::run [ RunTime:0.000281s ]
INFO: TokenBuild Behavior ::run [ RunTime:0.000225s ]
INFO: WriteHtmlCache Behavior ::run [ RunTime:0.000125s ]
INFO: ShowRuntime Behavior ::run [ RunTime:0.000234s ]
INFO: [ view_filter ] --END-- [ RunTime:0.000965s ]
INFO: [ view_end ] --START--
INFO: ShowPageTrace Behavior ::run [ RunTime:0.000355s ]
INFO: [ view_end ] --END-- [ RunTime:0.000395s ]

[ 2015-05-19T16:38:14+08:00 ] 0.0.0.0 /hello/index.php/contact
INFO: [ route_check ] --START--
INFO: CheckRoute Behavior ::run [ RunTime:0.000701s ]
INFO: [ route_check ] --END-- [ RunTime:0.000832s ]
INFO: [ app_begin ] --START--
INFO: ReadHtmlCache Behavior ::run [ RunTime:0.001783s ]
INFO: [ app_begin ] --END-- [ RunTime:0.001881s ]
INFO: [ view_parse ] --START--
INFO: ParseTemplate Behavior ::run [ RunTime:0.007191s ]
INFO: [ view_parse ] --END-- [ RunTime:0.007278s ]
INFO: [ view_filter ] --START--
INFO: ContentReplace Behavior ::run [ RunTime:0.000234s ]
INFO: TokenBuild Behavior ::run [ RunTime:0.000225s ]
INFO: WriteHtmlCache Behavior ::run [ RunTime:0.000142s ]
INFO: ShowRuntime Behavior ::run [ RunTime:0.000310s ]
INFO: [ view_filter ] --END-- [ RunTime:0.001035s ]
INFO: [ view_end ] --START--
INFO: ShowPageTrace Behavior ::run [ RunTime:0.000449s ]
INFO: [ view_end ] --END-- [ RunTime:0.000498s ]

[ 2015-05-19T16:38:33+08:00 ] 0.0.0.0 /hello/index.php/Admin/login
INFO: [ route_check ] --START--
INFO: CheckRoute Behavior ::run [ RunTime:0.000833s ]
INFO: [ route_check ] --END-- [ RunTime:0.000937s ]
INFO: [ app_begin ] --START--
INFO: ReadHtmlCache Behavior ::run [ RunTime:0.000420s ]
INFO: [ app_begin ] --END-- [ RunTime:0.000492s ]
INFO: [ view_parse ] --START--
INFO: ParseTemplate Behavior ::run [ RunTime:0.005201s ]
INFO: [ view_parse ] --END-- [ RunTime:0.005265s ]
INFO: [ view_filter ] --START--
INFO: ContentReplace Behavior ::run [ RunTime:0.000232s ]
INFO: TokenBuild Behavior ::run [ RunTime:0.000243s ]
INFO: WriteHtmlCache Behavior ::run [ RunTime:0.000136s ]
INFO: ShowRuntime Behavior ::run [ RunTime:0.000259s ]
INFO: [ view_filter ] --END-- [ RunTime:0.000979s ]
INFO: [ view_end ] --START--
INFO: ShowPageTrace Behavior ::run [ RunTime:0.000343s ]
INFO: [ view_end ] --END-- [ RunTime:0.000379s ]

[ 2015-05-19T16:38:33+08:00 ] 0.0.0.0 /hello/index.php/Admin/Login/verify
INFO: [ route_check ] --START--
INFO: CheckRoute Behavior ::run [ RunTime:0.000735s ]
INFO: [ route_check ] --END-- [ RunTime:0.000816s ]
INFO: [ app_begin ] --START--
INFO: ReadHtmlCache Behavior ::run [ RunTime:0.000582s ]
INFO: [ app_begin ] --END-- [ RunTime:0.000661s ]

[ 2015-05-19T16:38:37+08:00 ] 0.0.0.0 /hello/index.php/Admin/Login/login
INFO: [ route_check ] --START--
INFO: CheckRoute Behavior ::run [ RunTime:0.000473s ]
INFO: [ route_check ] --END-- [ RunTime:0.000530s ]
INFO: [ app_begin ] --START--
INFO: ReadHtmlCache Behavior ::run [ RunTime:0.000305s ]
INFO: [ app_begin ] --END-- [ RunTime:0.000350s ]
SQL: SHOW COLUMNS FROM `hd_users` [ RunTime:0.001105s ]
SQL: SELECT * FROM `hd_users` WHERE ( `username` = 'admin' ) LIMIT 1   [ RunTime:0.000529s ]
SQL: UPDATE `hd_users` SET `logintime`=1432024717,`loginip`='0.0.0.0' WHERE ( `id` = 1 ) [ RunTime:0.001393s ]

[ 2015-05-19T16:38:37+08:00 ] 0.0.0.0 /hello/index.php/Admin/Index/index
INFO: [ route_check ] --START--
INFO: CheckRoute Behavior ::run [ RunTime:0.000436s ]
INFO: [ route_check ] --END-- [ RunTime:0.000488s ]
INFO: [ app_begin ] --START--
INFO: ReadHtmlCache Behavior ::run [ RunTime:0.000274s ]
INFO: [ app_begin ] --END-- [ RunTime:0.000315s ]
INFO: [ view_parse ] --START--
INFO: ParseTemplate Behavior ::run [ RunTime:0.010418s ]
INFO: [ view_parse ] --END-- [ RunTime:0.010482s ]
INFO: [ view_filter ] --START--
INFO: ContentReplace Behavior ::run [ RunTime:0.000198s ]
INFO: TokenBuild Behavior ::run [ RunTime:0.000191s ]
INFO: WriteHtmlCache Behavior ::run [ RunTime:0.000125s ]
INFO: ShowRuntime Behavior ::run [ RunTime:0.000226s ]
INFO: [ view_filter ] --END-- [ RunTime:0.000837s ]
INFO: [ view_end ] --START--
INFO: ShowPageTrace Behavior ::run [ RunTime:0.000330s ]
INFO: [ view_end ] --END-- [ RunTime:0.000364s ]

[ 2015-05-19T16:38:53+08:00 ] 0.0.0.0 /hello/index.php/Admin/MsgManage/index
INFO: [ route_check ] --START--
INFO: CheckRoute Behavior ::run [ RunTime:0.000440s ]
INFO: [ route_check ] --END-- [ RunTime:0.000491s ]
INFO: [ app_begin ] --START--
INFO: ReadHtmlCache Behavior ::run [ RunTime:0.000274s ]
INFO: [ app_begin ] --END-- [ RunTime:0.000317s ]
SQL: SHOW COLUMNS FROM `hd_blog` [ RunTime:0.001214s ]
NOTIC: [8] Undefined variable: field /Library/WebServer/Documents/hello/Index/Lib/Model/BlogRelationModel.class.php 第 23 行.
NOTIC: [8] Undefined variable: field /Library/WebServer/Documents/hello/Index/Lib/Model/BlogRelationModel.class.php 第 25 行.
NOTIC: [2] array_diff(): Argument #2 is not an array /Library/WebServer/Documents/hello/ThinkPHP/Lib/Core/Model.class.php 第 1432 行.
SQL: SELECT * FROM `hd_blog` WHERE ( `del` = 0 )  [ RunTime:0.012683s ]
SQL: SHOW COLUMNS FROM `hd_attr` [ RunTime:0.001609s ]
NOTIC: [8] Undefined index: mapping_order /Library/WebServer/Documents/hello/ThinkPHP/Extend/Model/RelationModel.class.php 第 188 行.
NOTIC: [8] Undefined index: mapping_limit /Library/WebServer/Documents/hello/ThinkPHP/Extend/Model/RelationModel.class.php 第 189 行.
SQL: SELECT b.* FROM hd_blog_attr AS a, hd_attr AS b WHERE a.aid = b.id AND a. bid='7' [ RunTime:0.000507s ]
SQL: SHOW COLUMNS FROM `hd_cate` [ RunTime:0.001037s ]
SQL: SELECT `name` FROM `hd_cate` WHERE ( 1=1 AND id='11' ) LIMIT 1   [ RunTime:0.000314s ]
NOTIC: [8] Undefined index: mapping_order /Library/WebServer/Documents/hello/ThinkPHP/Extend/Model/RelationModel.class.php 第 188 行.
NOTIC: [8] Undefined index: mapping_limit /Library/WebServer/Documents/hello/ThinkPHP/Extend/Model/RelationModel.class.php 第 189 行.
SQL: SELECT b.* FROM hd_blog_attr AS a, hd_attr AS b WHERE a.aid = b.id AND a. bid='24' [ RunTime:0.000260s ]
SQL: SELECT `name` FROM `hd_cate` WHERE ( 1=1 AND id='10' ) LIMIT 1   [ RunTime:0.000187s ]
NOTIC: [8] Undefined index: mapping_order /Library/WebServer/Documents/hello/ThinkPHP/Extend/Model/RelationModel.class.php 第 188 行.
NOTIC: [8] Undefined index: mapping_limit /Library/WebServer/Documents/hello/ThinkPHP/Extend/Model/RelationModel.class.php 第 189 行.
SQL: SELECT b.* FROM hd_blog_attr AS a, hd_attr AS b WHERE a.aid = b.id AND a. bid='26' [ RunTime:0.000239s ]
SQL: SELECT `name` FROM `hd_cate` WHERE ( 1=1 AND id='19' ) LIMIT 1   [ RunTime:0.000164s ]
NOTIC: [8] Undefined index: mapping_order /Library/WebServer/Documents/hello/ThinkPHP/Extend/Model/RelationModel.class.php 第 188 行.
NOTIC: [8] Undefined index: mapping_limit /Library/WebServer/Documents/hello/ThinkPHP/Extend/Model/RelationModel.class.php 第 189 行.
SQL: SELECT b.* FROM hd_blog_attr AS a, hd_attr AS b WHERE a.aid = b.id AND a. bid='27' [ RunTime:0.000231s ]
SQL: SELECT `name` FROM `hd_cate` WHERE ( 1=1 AND id='15' ) LIMIT 1   [ RunTime:0.000202s ]
NOTIC: [8] Undefined index: mapping_order /Library/WebServer/Documents/hello/ThinkPHP/Extend/Model/RelationModel.class.php 第 188 行.
NOTIC: [8] Undefined index: mapping_limit /Library/WebServer/Documents/hello/ThinkPHP/Extend/Model/RelationModel.class.php 第 189 行.
SQL: SELECT b.* FROM hd_blog_attr AS a, hd_attr AS b WHERE a.aid = b.id AND a. bid='30' [ RunTime:0.000216s ]
SQL: SELECT `name` FROM `hd_cate` WHERE ( 1=1 AND id='9' ) LIMIT 1   [ RunTime:0.000184s ]
SQL: SHOW COLUMNS FROM `hd_userblogs` [ RunTime:0.001082s ]
SQL: SELECT COUNT(*) AS tp_count FROM `hd_userblogs` LIMIT 1   [ RunTime:0.000238s ]
SQL: SELECT * FROM `hd_userblogs` ORDER BY time DESC LIMIT 0,1   [ RunTime:0.000235s ]
INFO: [ view_parse ] --START--
INFO: ParseTemplate Behavior ::run [ RunTime:0.018781s ]
INFO: [ view_parse ] --END-- [ RunTime:0.018916s ]
INFO: [ view_filter ] --START--
INFO: ContentReplace Behavior ::run [ RunTime:0.000601s ]
INFO: TokenBuild Behavior ::run [ RunTime:0.000432s ]
INFO: WriteHtmlCache Behavior ::run [ RunTime:0.000261s ]
INFO: ShowRuntime Behavior ::run [ RunTime:0.000453s ]
INFO: [ view_filter ] --END-- [ RunTime:0.002013s ]
INFO: [ view_end ] --START--
INFO: ShowPageTrace Behavior ::run [ RunTime:0.000653s ]
INFO: [ view_end ] --END-- [ RunTime:0.000745s ]

[ 2015-05-19T16:38:54+08:00 ] 0.0.0.0 /hello/index.php/Admin/Blog/index
INFO: [ route_check ] --START--
INFO: CheckRoute Behavior ::run [ RunTime:0.000520s ]
INFO: [ route_check ] --END-- [ RunTime:0.000578s ]
INFO: [ app_begin ] --START--
INFO: ReadHtmlCache Behavior ::run [ RunTime:0.000275s ]
INFO: [ app_begin ] --END-- [ RunTime:0.000317s ]
SQL: SHOW COLUMNS FROM `hd_blog` [ RunTime:0.001249s ]
NOTIC: [8] Undefined variable: field /Library/WebServer/Documents/hello/Index/Lib/Model/BlogRelationModel.class.php 第 23 行.
NOTIC: [8] Undefined variable: field /Library/WebServer/Documents/hello/Index/Lib/Model/BlogRelationModel.class.php 第 25 行.
NOTIC: [2] array_diff(): Argument #2 is not an array /Library/WebServer/Documents/hello/ThinkPHP/Lib/Core/Model.class.php 第 1432 行.
SQL: SELECT * FROM `hd_blog` WHERE ( `del` = 0 )  [ RunTime:0.000514s ]
SQL: SHOW COLUMNS FROM `hd_attr` [ RunTime:0.000997s ]
NOTIC: [8] Undefined index: mapping_order /Library/WebServer/Documents/hello/ThinkPHP/Extend/Model/RelationModel.class.php 第 188 行.
NOTIC: [8] Undefined index: mapping_limit /Library/WebServer/Documents/hello/ThinkPHP/Extend/Model/RelationModel.class.php 第 189 行.
SQL: SELECT b.* FROM hd_blog_attr AS a, hd_attr AS b WHERE a.aid = b.id AND a. bid='7' [ RunTime:0.000278s ]
SQL: SHOW COLUMNS FROM `hd_cate` [ RunTime:0.000920s ]
SQL: SELECT `name` FROM `hd_cate` WHERE ( 1=1 AND id='11' ) LIMIT 1   [ RunTime:0.000237s ]
NOTIC: [8] Undefined index: mapping_order /Library/WebServer/Documents/hello/ThinkPHP/Extend/Model/RelationModel.class.php 第 188 行.
NOTIC: [8] Undefined index: mapping_limit /Library/WebServer/Documents/hello/ThinkPHP/Extend/Model/RelationModel.class.php 第 189 行.
SQL: SELECT b.* FROM hd_blog_attr AS a, hd_attr AS b WHERE a.aid = b.id AND a. bid='24' [ RunTime:0.000240s ]
SQL: SELECT `name` FROM `hd_cate` WHERE ( 1=1 AND id='10' ) LIMIT 1   [ RunTime:0.000190s ]
NOTIC: [8] Undefined index: mapping_order /Library/WebServer/Documents/hello/ThinkPHP/Extend/Model/RelationModel.class.php 第 188 行.
NOTIC: [8] Undefined index: mapping_limit /Library/WebServer/Documents/hello/ThinkPHP/Extend/Model/RelationModel.class.php 第 189 行.
SQL: SELECT b.* FROM hd_blog_attr AS a, hd_attr AS b WHERE a.aid = b.id AND a. bid='26' [ RunTime:0.000195s ]
SQL: SELECT `name` FROM `hd_cate` WHERE ( 1=1 AND id='19' ) LIMIT 1   [ RunTime:0.000159s ]
NOTIC: [8] Undefined index: mapping_order /Library/WebServer/Documents/hello/ThinkPHP/Extend/Model/RelationModel.class.php 第 188 行.
NOTIC: [8] Undefined index: mapping_limit /Library/WebServer/Documents/hello/ThinkPHP/Extend/Model/RelationModel.class.php 第 189 行.
SQL: SELECT b.* FROM hd_blog_attr AS a, hd_attr AS b WHERE a.aid = b.id AND a. bid='27' [ RunTime:0.000216s ]
SQL: SELECT `name` FROM `hd_cate` WHERE ( 1=1 AND id='15' ) LIMIT 1   [ RunTime:0.000171s ]
NOTIC: [8] Undefined index: mapping_order /Library/WebServer/Documents/hello/ThinkPHP/Extend/Model/RelationModel.class.php 第 188 行.
NOTIC: [8] Undefined index: mapping_limit /Library/WebServer/Documents/hello/ThinkPHP/Extend/Model/RelationModel.class.php 第 189 行.
SQL: SELECT b.* FROM hd_blog_attr AS a, hd_attr AS b WHERE a.aid = b.id AND a. bid='30' [ RunTime:0.000191s ]
SQL: SELECT `name` FROM `hd_cate` WHERE ( 1=1 AND id='9' ) LIMIT 1   [ RunTime:0.000192s ]
INFO: [ view_parse ] --START--
INFO: ParseTemplate Behavior ::run [ RunTime:0.018790s ]
INFO: [ view_parse ] --END-- [ RunTime:0.018865s ]
INFO: [ view_filter ] --START--
INFO: ContentReplace Behavior ::run [ RunTime:0.000267s ]
INFO: TokenBuild Behavior ::run [ RunTime:0.000198s ]
INFO: WriteHtmlCache Behavior ::run [ RunTime:0.000124s ]
INFO: ShowRuntime Behavior ::run [ RunTime:0.000276s ]
INFO: [ view_filter ] --END-- [ RunTime:0.005646s ]
INFO: [ view_end ] --START--
INFO: ShowPageTrace Behavior ::run [ RunTime:0.000576s ]
INFO: [ view_end ] --END-- [ RunTime:0.000629s ]

[ 2015-05-19T16:39:34+08:00 ] 0.0.0.0 /hello/index.php
INFO: [ app_begin ] --START--
INFO: ReadHtmlCache Behavior ::run [ RunTime:0.000408s ]
INFO: [ app_begin ] --END-- [ RunTime:0.000549s ]
INFO: [ view_parse ] --START--
NOTIC: [2] Missing argument 2 for TagLib::parseXmlAttr(), called in /Library/WebServer/Documents/hello/Index/Modules/Index/TagLib/TagLibYeni.class.php on line 15 and defined /Library/WebServer/Documents/hello/ThinkPHP/Lib/Template/TagLib.class.php 第 80 行.
NOTIC: [8] Undefined variable: tag /Library/WebServer/Documents/hello/ThinkPHP/Lib/Template/TagLib.class.php 第 91 行.
NOTIC: [8] Undefined index:  /Library/WebServer/Documents/hello/ThinkPHP/Lib/Template/TagLib.class.php 第 91 行.
NOTIC: [8] Undefined variable: tag /Library/WebServer/Documents/hello/ThinkPHP/Lib/Template/TagLib.class.php 第 92 行.
SQL: SHOW COLUMNS FROM `hd_cate` [ RunTime:0.001083s ]
SQL: SELECT * FROM `hd_cate` ORDER BY sort ASC  [ RunTime:0.000296s ]
INFO: ParseTemplate Behavior ::run [ RunTime:0.118140s ]
INFO: [ view_parse ] --END-- [ RunTime:0.118208s ]
INFO: [ view_filter ] --START--
INFO: ContentReplace Behavior ::run [ RunTime:0.000298s ]
INFO: TokenBuild Behavior ::run [ RunTime:0.000200s ]
INFO: WriteHtmlCache Behavior ::run [ RunTime:0.000126s ]
INFO: ShowRuntime Behavior ::run [ RunTime:0.000300s ]
INFO: [ view_filter ] --END-- [ RunTime:0.001050s ]
INFO: [ view_end ] --START--
INFO: ShowPageTrace Behavior ::run [ RunTime:0.000380s ]
INFO: [ view_end ] --END-- [ RunTime:0.000428s ]

[ 2015-05-19T17:25:38+08:00 ] 0.0.0.0 /hello/index.php
INFO: [ app_begin ] --START--
INFO: ReadHtmlCache Behavior ::run [ RunTime:0.000342s ]
INFO: [ app_begin ] --END-- [ RunTime:0.000402s ]
INFO: [ view_parse ] --START--
NOTIC: [2] Missing argument 2 for TagLib::parseXmlAttr(), called in /Library/WebServer/Documents/hello/Index/Modules/Index/TagLib/TagLibYeni.class.php on line 15 and defined /Library/WebServer/Documents/hello/ThinkPHP/Lib/Template/TagLib.class.php 第 80 行.
NOTIC: [8] Undefined variable: tag /Library/WebServer/Documents/hello/ThinkPHP/Lib/Template/TagLib.class.php 第 91 行.
NOTIC: [8] Undefined index:  /Library/WebServer/Documents/hello/ThinkPHP/Lib/Template/TagLib.class.php 第 91 行.
NOTIC: [8] Undefined variable: tag /Library/WebServer/Documents/hello/ThinkPHP/Lib/Template/TagLib.class.php 第 92 行.
SQL: SHOW COLUMNS FROM `hd_cate` [ RunTime:0.001034s ]
SQL: SELECT * FROM `hd_cate` ORDER BY sort ASC  [ RunTime:0.000353s ]
INFO: ParseTemplate Behavior ::run [ RunTime:0.014871s ]
INFO: [ view_parse ] --END-- [ RunTime:0.014933s ]
INFO: [ view_filter ] --START--
INFO: ContentReplace Behavior ::run [ RunTime:0.000393s ]
INFO: TokenBuild Behavior ::run [ RunTime:0.000376s ]
INFO: WriteHtmlCache Behavior ::run [ RunTime:0.000229s ]
INFO: ShowRuntime Behavior ::run [ RunTime:0.000377s ]
INFO: [ view_filter ] --END-- [ RunTime:0.001535s ]
INFO: [ view_end ] --START--
INFO: ShowPageTrace Behavior ::run [ RunTime:0.000385s ]
INFO: [ view_end ] --END-- [ RunTime:0.000419s ]

[ 2015-05-19T17:25:38+08:00 ] 0.0.0.0 /hello/index.php
INFO: [ app_begin ] --START--
INFO: ReadHtmlCache Behavior ::run [ RunTime:0.000449s ]
INFO: [ app_begin ] --END-- [ RunTime:0.000571s ]
INFO: [ view_parse ] --START--
NOTIC: [2] Missing argument 2 for TagLib::parseXmlAttr(), called in /Library/WebServer/Documents/hello/Index/Modules/Index/TagLib/TagLibYeni.class.php on line 15 and defined /Library/WebServer/Documents/hello/ThinkPHP/Lib/Template/TagLib.class.php 第 80 行.
NOTIC: [8] Undefined variable: tag /Library/WebServer/Documents/hello/ThinkPHP/Lib/Template/TagLib.class.php 第 91 行.
NOTIC: [8] Undefined index:  /Library/WebServer/Documents/hello/ThinkPHP/Lib/Template/TagLib.class.php 第 91 行.
NOTIC: [8] Undefined variable: tag /Library/WebServer/Documents/hello/ThinkPHP/Lib/Template/TagLib.class.php 第 92 行.
SQL: SHOW COLUMNS FROM `hd_cate` [ RunTime:0.001067s ]
SQL: SELECT * FROM `hd_cate` ORDER BY sort ASC  [ RunTime:0.000325s ]
INFO: ParseTemplate Behavior ::run [ RunTime:0.018054s ]
INFO: [ view_parse ] --END-- [ RunTime:0.018141s ]
INFO: [ view_filter ] --START--
INFO: ContentReplace Behavior ::run [ RunTime:0.000297s ]
INFO: TokenBuild Behavior ::run [ RunTime:0.000202s ]
INFO: WriteHtmlCache Behavior ::run [ RunTime:0.000127s ]
INFO: ShowRuntime Behavior ::run [ RunTime:0.000297s ]
INFO: [ view_filter ] --END-- [ RunTime:0.001035s ]
INFO: [ view_end ] --START--
INFO: ShowPageTrace Behavior ::run [ RunTime:0.006943s ]
INFO: [ view_end ] --END-- [ RunTime:0.007055s ]

[ 2015-05-19T17:25:40+08:00 ] 0.0.0.0 /hello/index.php/c_6.html
INFO: [ route_check ] --START--
INFO: CheckRoute Behavior ::run [ RunTime:0.000510s ]
INFO: [ route_check ] --END-- [ RunTime:0.000567s ]
INFO: [ app_begin ] --START--
INFO: ReadHtmlCache Behavior ::run [ RunTime:0.000271s ]
INFO: [ app_begin ] --END-- [ RunTime:0.000313s ]
SQL: SHOW COLUMNS FROM `hd_cate` [ RunTime:0.003313s ]
NOTIC: [8] Use of undefined constant sort - assumed 'sort' /Library/WebServer/Documents/hello/Index/Modules/Index/Action/blogAction.class.php 第 10 行.
SQL: SELECT * FROM `hd_cate` ORDER BY sort  [ RunTime:0.000381s ]
SQL: SHOW COLUMNS FROM `hd_blog` [ RunTime:0.001321s ]
SQL: SELECT COUNT(*) AS tp_count FROM `hd_blog` WHERE ( `cid` IN ('9','10','11',6) ) LIMIT 1   [ RunTime:0.000317s ]
SQL: SELECT blog.id AS id,blog.title AS title,blog.time AS time,blog.click AS click,blog.summary AS summary,cate.name AS name FROM hd_blog blog LEFT JOIN hd_cate cate ON blog.cid = cate.id WHERE ( `cid` IN ('9','10','11',6) ) LIMIT 0,6   [ RunTime:0.000405s ]
INFO: [ view_parse ] --START--
NOTIC: [2] Missing argument 2 for TagLib::parseXmlAttr(), called in /Library/WebServer/Documents/hello/Index/Modules/Index/TagLib/TagLibYeni.class.php on line 15 and defined /Library/WebServer/Documents/hello/ThinkPHP/Lib/Template/TagLib.class.php 第 80 行.
NOTIC: [8] Undefined variable: tag /Library/WebServer/Documents/hello/ThinkPHP/Lib/Template/TagLib.class.php 第 91 行.
NOTIC: [8] Undefined index:  /Library/WebServer/Documents/hello/ThinkPHP/Lib/Template/TagLib.class.php 第 91 行.
NOTIC: [8] Undefined variable: tag /Library/WebServer/Documents/hello/ThinkPHP/Lib/Template/TagLib.class.php 第 92 行.
SQL: SELECT * FROM `hd_cate` ORDER BY sort ASC  [ RunTime:0.000429s ]
SQL: SELECT `id`,`title`,`click` FROM `hd_blog` ORDER BY click DESC LIMIT 4   [ RunTime:0.000305s ]
SQL: SELECT `id`,`title`,`click` FROM `hd_blog` ORDER BY time DESC LIMIT 5   [ RunTime:0.000344s ]
INFO: ParseTemplate Behavior ::run [ RunTime:0.027159s ]
INFO: [ view_parse ] --END-- [ RunTime:0.027208s ]
INFO: [ view_filter ] --START--
INFO: ContentReplace Behavior ::run [ RunTime:0.000317s ]
INFO: TokenBuild Behavior ::run [ RunTime:0.000213s ]
INFO: WriteHtmlCache Behavior ::run [ RunTime:0.000135s ]
INFO: ShowRuntime Behavior ::run [ RunTime:0.000314s ]
INFO: [ view_filter ] --END-- [ RunTime:0.001088s ]
INFO: [ view_end ] --START--
INFO: ShowPageTrace Behavior ::run [ RunTime:0.001190s ]
INFO: [ view_end ] --END-- [ RunTime:0.001313s ]

[ 2015-05-19T17:25:42+08:00 ] 0.0.0.0 /hello/index.php/24.html
INFO: [ route_check ] --START--
INFO: CheckRoute Behavior ::run [ RunTime:0.000871s ]
INFO: [ route_check ] --END-- [ RunTime:0.000970s ]
INFO: [ app_begin ] --START--
INFO: ReadHtmlCache Behavior ::run [ RunTime:0.000481s ]
INFO: [ app_begin ] --END-- [ RunTime:0.000564s ]
SQL: SHOW COLUMNS FROM `hd_blog` [ RunTime:0.001389s ]
SQL: SELECT `title`,`time`,`content`,`cid` FROM `hd_blog` WHERE ( `id` = 24 ) LIMIT 1   [ RunTime:0.000356s ]
INFO: [ view_parse ] --START--
NOTIC: [2] Missing argument 2 for TagLib::parseXmlAttr(), called in /Library/WebServer/Documents/hello/Index/Modules/Index/TagLib/TagLibYeni.class.php on line 15 and defined /Library/WebServer/Documents/hello/ThinkPHP/Lib/Template/TagLib.class.php 第 80 行.
NOTIC: [8] Undefined variable: tag /Library/WebServer/Documents/hello/ThinkPHP/Lib/Template/TagLib.class.php 第 91 行.
NOTIC: [8] Undefined index:  /Library/WebServer/Documents/hello/ThinkPHP/Lib/Template/TagLib.class.php 第 91 行.
NOTIC: [8] Undefined variable: tag /Library/WebServer/Documents/hello/ThinkPHP/Lib/Template/TagLib.class.php 第 92 行.
SQL: SHOW COLUMNS FROM `hd_cate` [ RunTime:0.001393s ]
SQL: SELECT * FROM `hd_cate` ORDER BY sort ASC  [ RunTime:0.000377s ]
NOTIC: [8] Undefined index: id /Library/WebServer/Documents/hello/Index/Runtime/Cache/Index/0cf5e6e53a3d17af19ad892a59c1fe31.php 第 112 行.
NOTIC: [8] Undefined index: title /Library/WebServer/Documents/hello/Index/Runtime/Cache/Index/0cf5e6e53a3d17af19ad892a59c1fe31.php 第 112 行.
SQL: SELECT `id`,`title`,`click` FROM `hd_blog` ORDER BY click DESC LIMIT 4   [ RunTime:0.000317s ]
SQL: SELECT `id`,`title`,`click` FROM `hd_blog` ORDER BY time DESC LIMIT 5   [ RunTime:0.000398s ]
INFO: ParseTemplate Behavior ::run [ RunTime:0.034972s ]
INFO: [ view_parse ] --END-- [ RunTime:0.035036s ]
INFO: [ view_filter ] --START--
INFO: ContentReplace Behavior ::run [ RunTime:0.006431s ]
INFO: TokenBuild Behavior ::run [ RunTime:0.000381s ]
INFO: WriteHtmlCache Behavior ::run [ RunTime:0.000151s ]
INFO: ShowRuntime Behavior ::run [ RunTime:0.000249s ]
INFO: [ view_filter ] --END-- [ RunTime:0.007363s ]
INFO: [ view_end ] --START--
INFO: ShowPageTrace Behavior ::run [ RunTime:0.000360s ]
INFO: [ view_end ] --END-- [ RunTime:0.000402s ]

[ 2015-05-19T17:25:44+08:00 ] 0.0.0.0 /hello/index.php
INFO: [ app_begin ] --START--
INFO: ReadHtmlCache Behavior ::run [ RunTime:0.000297s ]
INFO: [ app_begin ] --END-- [ RunTime:0.000361s ]
INFO: [ view_parse ] --START--
NOTIC: [2] Missing argument 2 for TagLib::parseXmlAttr(), called in /Library/WebServer/Documents/hello/Index/Modules/Index/TagLib/TagLibYeni.class.php on line 15 and defined /Library/WebServer/Documents/hello/ThinkPHP/Lib/Template/TagLib.class.php 第 80 行.
NOTIC: [8] Undefined variable: tag /Library/WebServer/Documents/hello/ThinkPHP/Lib/Template/TagLib.class.php 第 91 行.
NOTIC: [8] Undefined index:  /Library/WebServer/Documents/hello/ThinkPHP/Lib/Template/TagLib.class.php 第 91 行.
NOTIC: [8] Undefined variable: tag /Library/WebServer/Documents/hello/ThinkPHP/Lib/Template/TagLib.class.php 第 92 行.
SQL: SHOW COLUMNS FROM `hd_cate` [ RunTime:0.001058s ]
SQL: SELECT * FROM `hd_cate` ORDER BY sort ASC  [ RunTime:0.000316s ]
INFO: ParseTemplate Behavior ::run [ RunTime:0.013508s ]
INFO: [ view_parse ] --END-- [ RunTime:0.013553s ]
INFO: [ view_filter ] --START--
INFO: ContentReplace Behavior ::run [ RunTime:0.000241s ]
INFO: TokenBuild Behavior ::run [ RunTime:0.000197s ]
INFO: WriteHtmlCache Behavior ::run [ RunTime:0.000126s ]
INFO: ShowRuntime Behavior ::run [ RunTime:0.000229s ]
INFO: [ view_filter ] --END-- [ RunTime:0.000895s ]
INFO: [ view_end ] --START--
INFO: ShowPageTrace Behavior ::run [ RunTime:0.000323s ]
INFO: [ view_end ] --END-- [ RunTime:0.000357s ]

