[ 2015-04-21T10:44:59+08:00 ] 0.0.0.0 /hello/index.php/blog
INFO: [ route_check ] --START--
INFO: CheckRoute Behavior ::run [ RunTime:0.003461s ]
INFO: [ route_check ] --END-- [ RunTime:0.005499s ]
INFO: [ app_begin ] --START--
INFO: ReadHtmlCache Behavior ::run [ RunTime:0.000752s ]
INFO: [ app_begin ] --END-- [ RunTime:0.000845s ]
NOTIC: [8] Undefined index: id /Library/WebServer/Documents/hello/Index/Modules/Index/Action/blogAction.class.php 第 9 行.
SQL: SHOW COLUMNS FROM `hd_cate` [ RunTime:0.015645s ]
SQL: SELECT * FROM `hd_cate` ORDER BY sort  [ RunTime:0.008616s ]
SQL: SHOW COLUMNS FROM `hd_blog` [ RunTime:0.001769s ]
SQL: SELECT COUNT(*) AS tp_count FROM `hd_blog` WHERE ( `cid` IN ('5','12','13','14','6','9','10','11',0) ) LIMIT 1   [ RunTime:0.003027s ]
SQL: SELECT blog.id AS id,blog.title AS title,blog.time AS time,blog.click AS click,blog.summary AS summary,cate.name AS name FROM hd_blog blog LEFT JOIN hd_cate cate ON blog.cid = cate.id WHERE ( `cid` IN ('5','12','13','14','6','9','10','11',0) ) LIMIT 0,6   [ RunTime:0.001855s ]
INFO: [ view_parse ] --START--
NOTIC: [2] Missing argument 2 for TagLib::parseXmlAttr(), called in /Library/WebServer/Documents/hello/Index/Modules/Index/TagLib/TagLibYeni.class.php on line 15 and defined /Library/WebServer/Documents/hello/ThinkPHP/Lib/Template/TagLib.class.php 第 80 行.
NOTIC: [8] Undefined variable: tag /Library/WebServer/Documents/hello/ThinkPHP/Lib/Template/TagLib.class.php 第 91 行.
NOTIC: [8] Undefined index:  /Library/WebServer/Documents/hello/ThinkPHP/Lib/Template/TagLib.class.php 第 91 行.
NOTIC: [8] Undefined variable: tag /Library/WebServer/Documents/hello/ThinkPHP/Lib/Template/TagLib.class.php 第 92 行.
SQL: SELECT * FROM `hd_cate` ORDER BY sort ASC  [ RunTime:0.000712s ]
SQL: SELECT `id`,`title`,`click` FROM `hd_blog` ORDER BY click DESC LIMIT 4   [ RunTime:0.001770s ]
SQL: SELECT `id`,`title`,`click` FROM `hd_blog` ORDER BY time DESC LIMIT 5   [ RunTime:0.002098s ]
INFO: ParseTemplate Behavior ::run [ RunTime:0.109089s ]
INFO: [ view_parse ] --END-- [ RunTime:0.109189s ]
INFO: [ view_filter ] --START--
INFO: ContentReplace Behavior ::run [ RunTime:0.004961s ]
INFO: TokenBuild Behavior ::run [ RunTime:0.000706s ]
INFO: WriteHtmlCache Behavior ::run [ RunTime:0.000521s ]
INFO: ShowRuntime Behavior ::run [ RunTime:0.000637s ]
INFO: [ view_filter ] --END-- [ RunTime:0.007083s ]
INFO: [ view_end ] --START--
INFO: ShowPageTrace Behavior ::run [ RunTime:0.000871s ]
INFO: [ view_end ] --END-- [ RunTime:0.002175s ]

[ 2015-04-21T10:45:03+08:00 ] 0.0.0.0 /hello/index.php/7.html
INFO: [ route_check ] --START--
INFO: CheckRoute Behavior ::run [ RunTime:0.000830s ]
INFO: [ route_check ] --END-- [ RunTime:0.000924s ]
INFO: [ app_begin ] --START--
INFO: ReadHtmlCache Behavior ::run [ RunTime:0.000462s ]
INFO: [ app_begin ] --END-- [ RunTime:0.000533s ]
SQL: SHOW COLUMNS FROM `hd_blog` [ RunTime:0.001642s ]
SQL: SELECT `title`,`time`,`content`,`cid` FROM `hd_blog` WHERE ( `id` = 7 ) LIMIT 1   [ RunTime:0.000838s ]
INFO: [ view_parse ] --START--
NOTIC: [2] Missing argument 2 for TagLib::parseXmlAttr(), called in /Library/WebServer/Documents/hello/Index/Modules/Index/TagLib/TagLibYeni.class.php on line 15 and defined /Library/WebServer/Documents/hello/ThinkPHP/Lib/Template/TagLib.class.php 第 80 行.
NOTIC: [8] Undefined variable: tag /Library/WebServer/Documents/hello/ThinkPHP/Lib/Template/TagLib.class.php 第 91 行.
NOTIC: [8] Undefined index:  /Library/WebServer/Documents/hello/ThinkPHP/Lib/Template/TagLib.class.php 第 91 行.
NOTIC: [8] Undefined variable: tag /Library/WebServer/Documents/hello/ThinkPHP/Lib/Template/TagLib.class.php 第 92 行.
SQL: SHOW COLUMNS FROM `hd_cate` [ RunTime:0.001327s ]
SQL: SELECT * FROM `hd_cate` ORDER BY sort ASC  [ RunTime:0.000326s ]
NOTIC: [8] Undefined index: id /Library/WebServer/Documents/hello/Index/Runtime/Cache/Index/0cf5e6e53a3d17af19ad892a59c1fe31.php 第 112 行.
NOTIC: [8] Undefined index: title /Library/WebServer/Documents/hello/Index/Runtime/Cache/Index/0cf5e6e53a3d17af19ad892a59c1fe31.php 第 112 行.
SQL: SELECT `id`,`title`,`click` FROM `hd_blog` ORDER BY click DESC LIMIT 4   [ RunTime:0.001543s ]
SQL: SELECT `id`,`title`,`click` FROM `hd_blog` ORDER BY time DESC LIMIT 5   [ RunTime:0.000511s ]
INFO: ParseTemplate Behavior ::run [ RunTime:0.049953s ]
INFO: [ view_parse ] --END-- [ RunTime:0.050049s ]
INFO: [ view_filter ] --START--
INFO: ContentReplace Behavior ::run [ RunTime:0.000333s ]
INFO: TokenBuild Behavior ::run [ RunTime:0.000251s ]
INFO: WriteHtmlCache Behavior ::run [ RunTime:0.000133s ]
INFO: ShowRuntime Behavior ::run [ RunTime:0.000227s ]
INFO: [ view_filter ] --END-- [ RunTime:0.001062s ]
INFO: [ view_end ] --START--
INFO: ShowPageTrace Behavior ::run [ RunTime:0.000510s ]
INFO: [ view_end ] --END-- [ RunTime:0.000589s ]

[ 2015-04-21T10:46:05+08:00 ] 0.0.0.0 /hello/index.php
INFO: [ app_begin ] --START--
INFO: ReadHtmlCache Behavior ::run [ RunTime:0.000743s ]
INFO: [ app_begin ] --END-- [ RunTime:0.000889s ]
INFO: [ view_parse ] --START--
NOTIC: [2] Missing argument 2 for TagLib::parseXmlAttr(), called in /Library/WebServer/Documents/hello/Index/Modules/Index/TagLib/TagLibYeni.class.php on line 15 and defined /Library/WebServer/Documents/hello/ThinkPHP/Lib/Template/TagLib.class.php 第 80 行.
NOTIC: [8] Undefined variable: tag /Library/WebServer/Documents/hello/ThinkPHP/Lib/Template/TagLib.class.php 第 91 行.
NOTIC: [8] Undefined index:  /Library/WebServer/Documents/hello/ThinkPHP/Lib/Template/TagLib.class.php 第 91 行.
NOTIC: [8] Undefined variable: tag /Library/WebServer/Documents/hello/ThinkPHP/Lib/Template/TagLib.class.php 第 92 行.
SQL: SHOW COLUMNS FROM `hd_cate` [ RunTime:0.001561s ]
SQL: SELECT * FROM `hd_cate` ORDER BY sort ASC  [ RunTime:0.000366s ]
INFO: ParseTemplate Behavior ::run [ RunTime:0.031016s ]
INFO: [ view_parse ] --END-- [ RunTime:0.031113s ]
INFO: [ view_filter ] --START--
INFO: ContentReplace Behavior ::run [ RunTime:0.006418s ]
INFO: TokenBuild Behavior ::run [ RunTime:0.006475s ]
INFO: WriteHtmlCache Behavior ::run [ RunTime:0.005153s ]
INFO: ShowRuntime Behavior ::run [ RunTime:0.000829s ]
INFO: [ view_filter ] --END-- [ RunTime:0.019154s ]
INFO: [ view_end ] --START--
INFO: ShowPageTrace Behavior ::run [ RunTime:0.000655s ]
INFO: [ view_end ] --END-- [ RunTime:0.000710s ]

[ 2015-04-21T13:49:44+08:00 ] 0.0.0.0 /hello/index.php/Admin/login
INFO: [ route_check ] --START--
INFO: CheckRoute Behavior ::run [ RunTime:0.003936s ]
INFO: [ route_check ] --END-- [ RunTime:0.006827s ]
INFO: [ app_begin ] --START--
INFO: ReadHtmlCache Behavior ::run [ RunTime:0.000759s ]
INFO: [ app_begin ] --END-- [ RunTime:0.000872s ]
INFO: [ view_parse ] --START--
INFO: ParseTemplate Behavior ::run [ RunTime:0.011264s ]
INFO: [ view_parse ] --END-- [ RunTime:0.011378s ]
INFO: [ view_filter ] --START--
INFO: ContentReplace Behavior ::run [ RunTime:0.000601s ]
INFO: TokenBuild Behavior ::run [ RunTime:0.000485s ]
INFO: WriteHtmlCache Behavior ::run [ RunTime:0.000333s ]
INFO: ShowRuntime Behavior ::run [ RunTime:0.000549s ]
INFO: [ view_filter ] --END-- [ RunTime:0.002167s ]
INFO: [ view_end ] --START--
INFO: ShowPageTrace Behavior ::run [ RunTime:0.000676s ]
INFO: [ view_end ] --END-- [ RunTime:0.000734s ]

[ 2015-04-21T13:49:44+08:00 ] 0.0.0.0 /hello/index.php/Admin/Login/verify
INFO: [ route_check ] --START--
INFO: CheckRoute Behavior ::run [ RunTime:0.000480s ]
INFO: [ route_check ] --END-- [ RunTime:0.000540s ]
INFO: [ app_begin ] --START--
INFO: ReadHtmlCache Behavior ::run [ RunTime:0.000293s ]
INFO: [ app_begin ] --END-- [ RunTime:0.000338s ]

[ 2015-04-21T14:32:25+08:00 ] 0.0.0.0 /hello/index.php/Admin/Login/login
INFO: [ route_check ] --START--
INFO: CheckRoute Behavior ::run [ RunTime:0.005613s ]
INFO: [ route_check ] --END-- [ RunTime:0.007776s ]
INFO: [ app_begin ] --START--
INFO: ReadHtmlCache Behavior ::run [ RunTime:0.000818s ]
INFO: [ app_begin ] --END-- [ RunTime:0.000910s ]
SQL: SHOW COLUMNS FROM `hd_users` [ RunTime:0.011351s ]
SQL: SELECT * FROM `hd_users` WHERE ( `username` = 'admin' ) LIMIT 1   [ RunTime:0.003064s ]
SQL: UPDATE `hd_users` SET `logintime`=1429597945,`loginip`='0.0.0.0' WHERE ( `id` = 1 ) [ RunTime:0.002681s ]

[ 2015-04-21T14:32:25+08:00 ] 0.0.0.0 /hello/index.php/Admin/Index/index
INFO: [ route_check ] --START--
INFO: CheckRoute Behavior ::run [ RunTime:0.000440s ]
INFO: [ route_check ] --END-- [ RunTime:0.000506s ]
INFO: [ app_begin ] --START--
INFO: ReadHtmlCache Behavior ::run [ RunTime:0.000422s ]
INFO: [ app_begin ] --END-- [ RunTime:0.000584s ]
INFO: [ view_parse ] --START--
INFO: ParseTemplate Behavior ::run [ RunTime:0.010059s ]
INFO: [ view_parse ] --END-- [ RunTime:0.010122s ]
INFO: [ view_filter ] --START--
INFO: ContentReplace Behavior ::run [ RunTime:0.000420s ]
INFO: TokenBuild Behavior ::run [ RunTime:0.000338s ]
INFO: WriteHtmlCache Behavior ::run [ RunTime:0.000277s ]
INFO: ShowRuntime Behavior ::run [ RunTime:0.000509s ]
INFO: [ view_filter ] --END-- [ RunTime:0.001692s ]
INFO: [ view_end ] --START--
INFO: ShowPageTrace Behavior ::run [ RunTime:0.005978s ]
INFO: [ view_end ] --END-- [ RunTime:0.006045s ]

[ 2015-04-21T14:32:31+08:00 ] 0.0.0.0 /hello/index.php/Admin/MsgManage/index
INFO: [ route_check ] --START--
INFO: CheckRoute Behavior ::run [ RunTime:0.000715s ]
INFO: [ route_check ] --END-- [ RunTime:0.000847s ]
INFO: [ app_begin ] --START--
INFO: ReadHtmlCache Behavior ::run [ RunTime:0.000366s ]
INFO: [ app_begin ] --END-- [ RunTime:0.000442s ]
SQL: SHOW COLUMNS FROM `hd_blog` [ RunTime:0.002366s ]
NOTIC: [8] Undefined variable: field /Library/WebServer/Documents/hello/Index/Lib/Model/BlogRelationModel.class.php 第 23 行.
NOTIC: [8] Undefined variable: field /Library/WebServer/Documents/hello/Index/Lib/Model/BlogRelationModel.class.php 第 25 行.
NOTIC: [2] array_diff(): Argument #2 is not an array /Library/WebServer/Documents/hello/ThinkPHP/Lib/Core/Model.class.php 第 1432 行.
SQL: SELECT * FROM `hd_blog` WHERE ( `del` = 0 )  [ RunTime:0.007274s ]
SQL: SHOW COLUMNS FROM `hd_attr` [ RunTime:0.001054s ]
NOTIC: [8] Undefined index: mapping_order /Library/WebServer/Documents/hello/ThinkPHP/Extend/Model/RelationModel.class.php 第 188 行.
NOTIC: [8] Undefined index: mapping_limit /Library/WebServer/Documents/hello/ThinkPHP/Extend/Model/RelationModel.class.php 第 189 行.
SQL: SELECT b.* FROM hd_blog_attr AS a, hd_attr AS b WHERE a.aid = b.id AND a. bid='7' [ RunTime:0.004174s ]
SQL: SHOW COLUMNS FROM `hd_cate` [ RunTime:0.001124s ]
SQL: SELECT `name` FROM `hd_cate` WHERE ( 1=1 AND id='11' ) LIMIT 1   [ RunTime:0.000967s ]
NOTIC: [8] Undefined index: mapping_order /Library/WebServer/Documents/hello/ThinkPHP/Extend/Model/RelationModel.class.php 第 188 行.
NOTIC: [8] Undefined index: mapping_limit /Library/WebServer/Documents/hello/ThinkPHP/Extend/Model/RelationModel.class.php 第 189 行.
SQL: SELECT b.* FROM hd_blog_attr AS a, hd_attr AS b WHERE a.aid = b.id AND a. bid='20' [ RunTime:0.000376s ]
SQL: SELECT `name` FROM `hd_cate` WHERE ( 1=1 AND id='10' ) LIMIT 1   [ RunTime:0.000331s ]
SQL: SHOW COLUMNS FROM `hd_userblogs` [ RunTime:0.001298s ]
SQL: SELECT COUNT(*) AS tp_count FROM `hd_userblogs` LIMIT 1   [ RunTime:0.002109s ]
SQL: SELECT * FROM `hd_userblogs` ORDER BY time DESC LIMIT 0,1   [ RunTime:0.001656s ]
INFO: [ view_parse ] --START--
INFO: ParseTemplate Behavior ::run [ RunTime:0.031201s ]
INFO: [ view_parse ] --END-- [ RunTime:0.031273s ]
INFO: [ view_filter ] --START--
INFO: ContentReplace Behavior ::run [ RunTime:0.000279s ]
INFO: TokenBuild Behavior ::run [ RunTime:0.000196s ]
INFO: WriteHtmlCache Behavior ::run [ RunTime:0.000121s ]
INFO: ShowRuntime Behavior ::run [ RunTime:0.000346s ]
INFO: [ view_filter ] --END-- [ RunTime:0.001072s ]
INFO: [ view_end ] --START--
INFO: ShowPageTrace Behavior ::run [ RunTime:0.000390s ]
INFO: [ view_end ] --END-- [ RunTime:0.000436s ]

[ 2015-04-21T14:32:33+08:00 ] 0.0.0.0 /hello/index.php/Admin/Blog/index
INFO: [ route_check ] --START--
INFO: CheckRoute Behavior ::run [ RunTime:0.000514s ]
INFO: [ route_check ] --END-- [ RunTime:0.000573s ]
INFO: [ app_begin ] --START--
INFO: ReadHtmlCache Behavior ::run [ RunTime:0.000507s ]
INFO: [ app_begin ] --END-- [ RunTime:0.000611s ]
SQL: SHOW COLUMNS FROM `hd_blog` [ RunTime:0.001449s ]
NOTIC: [8] Undefined variable: field /Library/WebServer/Documents/hello/Index/Lib/Model/BlogRelationModel.class.php 第 23 行.
NOTIC: [8] Undefined variable: field /Library/WebServer/Documents/hello/Index/Lib/Model/BlogRelationModel.class.php 第 25 行.
NOTIC: [2] array_diff(): Argument #2 is not an array /Library/WebServer/Documents/hello/ThinkPHP/Lib/Core/Model.class.php 第 1432 行.
SQL: SELECT * FROM `hd_blog` WHERE ( `del` = 0 )  [ RunTime:0.005956s ]
SQL: SHOW COLUMNS FROM `hd_attr` [ RunTime:0.001201s ]
NOTIC: [8] Undefined index: mapping_order /Library/WebServer/Documents/hello/ThinkPHP/Extend/Model/RelationModel.class.php 第 188 行.
NOTIC: [8] Undefined index: mapping_limit /Library/WebServer/Documents/hello/ThinkPHP/Extend/Model/RelationModel.class.php 第 189 行.
SQL: SELECT b.* FROM hd_blog_attr AS a, hd_attr AS b WHERE a.aid = b.id AND a. bid='7' [ RunTime:0.000329s ]
SQL: SHOW COLUMNS FROM `hd_cate` [ RunTime:0.001169s ]
SQL: SELECT `name` FROM `hd_cate` WHERE ( 1=1 AND id='11' ) LIMIT 1   [ RunTime:0.000235s ]
NOTIC: [8] Undefined index: mapping_order /Library/WebServer/Documents/hello/ThinkPHP/Extend/Model/RelationModel.class.php 第 188 行.
NOTIC: [8] Undefined index: mapping_limit /Library/WebServer/Documents/hello/ThinkPHP/Extend/Model/RelationModel.class.php 第 189 行.
SQL: SELECT b.* FROM hd_blog_attr AS a, hd_attr AS b WHERE a.aid = b.id AND a. bid='20' [ RunTime:0.000241s ]
SQL: SELECT `name` FROM `hd_cate` WHERE ( 1=1 AND id='10' ) LIMIT 1   [ RunTime:0.000169s ]
INFO: [ view_parse ] --START--
INFO: ParseTemplate Behavior ::run [ RunTime:0.024165s ]
INFO: [ view_parse ] --END-- [ RunTime:0.024229s ]
INFO: [ view_filter ] --START--
INFO: ContentReplace Behavior ::run [ RunTime:0.000236s ]
INFO: TokenBuild Behavior ::run [ RunTime:0.000206s ]
INFO: WriteHtmlCache Behavior ::run [ RunTime:0.000128s ]
INFO: ShowRuntime Behavior ::run [ RunTime:0.000347s ]
INFO: [ view_filter ] --END-- [ RunTime:0.001066s ]
INFO: [ view_end ] --START--
INFO: ShowPageTrace Behavior ::run [ RunTime:0.000402s ]
INFO: [ view_end ] --END-- [ RunTime:0.000452s ]

